<html>
<head>
<title>TestNG:  DeliveryTest</title>
<link href="../testng.css" rel="stylesheet" type="text/css" />
<link href="../my-testng.css" rel="stylesheet" type="text/css" />

<style type="text/css">
.log { display: none;} 
.stack-trace { display: none;} 
</style>
<script type="text/javascript">
<!--
function flip(e) {
  current = e.style.display;
  if (current == 'block') {
    e.style.display = 'none';
    return 0;
  }
  else {
    e.style.display = 'block';
    return 1;
  }
}

function toggleBox(szDivId, elem, msg1, msg2)
{
  var res = -1;  if (document.getElementById) {
    res = flip(document.getElementById(szDivId));
  }
  else if (document.all) {
    // this is the way old msie versions work
    res = flip(document.all[szDivId]);
  }
  if(elem) {
    if(res == 0) elem.innerHTML = msg1; else elem.innerHTML = msg2;
  }

}

function toggleAllBoxes() {
  if (document.getElementsByTagName) {
    d = document.getElementsByTagName('div');
    for (i = 0; i < d.length; i++) {
      if (d[i].className == 'log') {
        flip(d[i]);
      }
    }
  }
}

// -->
</script>

</head>
<body>
<h2 align='center'>DeliveryTest</h2><table border='1' align="center">
<tr>
<td>Tests passed/Failed/Skipped:</td><td>10/2/0</td>
</tr><tr>
<td>Started on:</td><td>Tue Oct 27 23:30:07 ART 2020</td>
</tr>
<tr><td>Total time:</td><td>594 seconds (594393 ms)</td>
</tr><tr>
<td>Included groups:</td><td>chppe </td>
</tr><tr>
<td>Excluded groups:</td><td></td>
</tr>
</table><p/>
<small><i>(Hover the method name to see the test class name)</i></small><p/>
<table width='100%' border='1' class='invocation-failed'>
<tr><td colspan='4' align='center'><b>FAILED TESTS</b></td></tr>
<tr><td><b>Test method</b></td>
<td width="30%"><b>Exception</b></td>
<td width="10%"><b>Time (seconds)</b></td>
<td><b>Instance</b></td>
</tr>
<tr>
<td title='com.trgr.quality.maf.tests.DeliveryTest.ResultListcancelDeliveryByEmail()'><b>ResultListcancelDeliveryByEmail</b><br>Test class: com.trgr.quality.maf.tests.DeliveryTest<br>Test method: MAFQABANG-135</td>
<td><div><pre>java.lang.AssertionError: The following asserts failed:
	verify page navigates back to result list page after clicking on cancel in email option:MAFQABANG-135 expected [true] but found [false]
	at com.trgr.quality.maf.tests.DeliveryTest.ResultListcancelDeliveryByEmail(DeliveryTest.java:310)
... Removed 25 stack frames</pre></div><a href='#' onClick='toggleBox("stack-trace527247308", this, "Click to show all stack frames", "Click to hide stack frames")'>Click to show all stack frames</a>
<div class='stack-trace' id='stack-trace527247308'><pre>java.lang.AssertionError: The following asserts failed:
	verify page navigates back to result list page after clicking on cancel in email option:MAFQABANG-135 expected [true] but found [false]
	at org.testng.asserts.SoftAssert.assertAll(SoftAssert.java:43)
	at com.trgr.quality.maf.tests.DeliveryTest.ResultListcancelDeliveryByEmail(DeliveryTest.java:310)
	at java.base/jdk.internal.reflect.NativeMethodAccessorImpl.invoke0(Native Method)
	at java.base/jdk.internal.reflect.NativeMethodAccessorImpl.invoke(NativeMethodAccessorImpl.java:62)
	at java.base/jdk.internal.reflect.DelegatingMethodAccessorImpl.invoke(DelegatingMethodAccessorImpl.java:43)
	at java.base/java.lang.reflect.Method.invoke(Method.java:564)
	at org.testng.internal.MethodInvocationHelper.invokeMethod(MethodInvocationHelper.java:86)
	at org.testng.internal.Invoker.invokeMethod(Invoker.java:643)
	at org.testng.internal.Invoker.invokeTestMethod(Invoker.java:820)
	at org.testng.internal.Invoker.invokeTestMethods(Invoker.java:1128)
	at org.testng.internal.TestMethodWorker.invokeTestMethods(TestMethodWorker.java:129)
	at org.testng.internal.TestMethodWorker.run(TestMethodWorker.java:112)
	at org.testng.TestRunner.privateRun(TestRunner.java:782)
	at org.testng.TestRunner.run(TestRunner.java:632)
	at org.testng.SuiteRunner.runTest(SuiteRunner.java:366)
	at org.testng.SuiteRunner.runSequentially(SuiteRunner.java:361)
	at org.testng.SuiteRunner.privateRun(SuiteRunner.java:319)
	at org.testng.SuiteRunner.run(SuiteRunner.java:268)
	at org.testng.SuiteRunnerWorker.runSuite(SuiteRunnerWorker.java:52)
	at org.testng.SuiteRunnerWorker.run(SuiteRunnerWorker.java:86)
	at org.testng.TestNG.runSuitesSequentially(TestNG.java:1244)
	at org.testng.TestNG.runSuitesLocally(TestNG.java:1169)
	at org.testng.TestNG.run(TestNG.java:1064)
	at org.testng.remote.AbstractRemoteTestNG.run(AbstractRemoteTestNG.java:115)
	at org.testng.remote.RemoteTestNG.initAndRun(RemoteTestNG.java:251)
	at org.testng.remote.RemoteTestNG.main(RemoteTestNG.java:77)
</pre></div></td>
<td>37</td>
<td>com.trgr.quality.maf.tests.DeliveryTest@1224144a</td></tr>
<tr>
<td title='com.trgr.quality.maf.tests.DeliveryTest.exportDocumentsFromResultList()'><b>exportDocumentsFromResultList</b><br>Test class: com.trgr.quality.maf.tests.DeliveryTest<br>Test method: MAFQABANG-143</td>
<td><div><pre>java.lang.AssertionError: The following asserts failed:
	 Verify Result List is displayedMAFQABANG-143 expected [true] but found [false],
	Verify Export Document from result list page:MAFQABANG-143 expected [true] but found [false]
	at com.trgr.quality.maf.tests.DeliveryTest.exportDocumentsFromResultList(DeliveryTest.java:619)
... Removed 25 stack frames</pre></div><a href='#' onClick='toggleBox("stack-trace1359603919", this, "Click to show all stack frames", "Click to hide stack frames")'>Click to show all stack frames</a>
<div class='stack-trace' id='stack-trace1359603919'><pre>java.lang.AssertionError: The following asserts failed:
	 Verify Result List is displayedMAFQABANG-143 expected [true] but found [false],
	Verify Export Document from result list page:MAFQABANG-143 expected [true] but found [false]
	at org.testng.asserts.SoftAssert.assertAll(SoftAssert.java:43)
	at com.trgr.quality.maf.tests.DeliveryTest.exportDocumentsFromResultList(DeliveryTest.java:619)
	at java.base/jdk.internal.reflect.NativeMethodAccessorImpl.invoke0(Native Method)
	at java.base/jdk.internal.reflect.NativeMethodAccessorImpl.invoke(NativeMethodAccessorImpl.java:62)
	at java.base/jdk.internal.reflect.DelegatingMethodAccessorImpl.invoke(DelegatingMethodAccessorImpl.java:43)
	at java.base/java.lang.reflect.Method.invoke(Method.java:564)
	at org.testng.internal.MethodInvocationHelper.invokeMethod(MethodInvocationHelper.java:86)
	at org.testng.internal.Invoker.invokeMethod(Invoker.java:643)
	at org.testng.internal.Invoker.invokeTestMethod(Invoker.java:820)
	at org.testng.internal.Invoker.invokeTestMethods(Invoker.java:1128)
	at org.testng.internal.TestMethodWorker.invokeTestMethods(TestMethodWorker.java:129)
	at org.testng.internal.TestMethodWorker.run(TestMethodWorker.java:112)
	at org.testng.TestRunner.privateRun(TestRunner.java:782)
	at org.testng.TestRunner.run(TestRunner.java:632)
	at org.testng.SuiteRunner.runTest(SuiteRunner.java:366)
	at org.testng.SuiteRunner.runSequentially(SuiteRunner.java:361)
	at org.testng.SuiteRunner.privateRun(SuiteRunner.java:319)
	at org.testng.SuiteRunner.run(SuiteRunner.java:268)
	at org.testng.SuiteRunnerWorker.runSuite(SuiteRunnerWorker.java:52)
	at org.testng.SuiteRunnerWorker.run(SuiteRunnerWorker.java:86)
	at org.testng.TestNG.runSuitesSequentially(TestNG.java:1244)
	at org.testng.TestNG.runSuitesLocally(TestNG.java:1169)
	at org.testng.TestNG.run(TestNG.java:1064)
	at org.testng.remote.AbstractRemoteTestNG.run(AbstractRemoteTestNG.java:115)
	at org.testng.remote.RemoteTestNG.initAndRun(RemoteTestNG.java:251)
	at org.testng.remote.RemoteTestNG.main(RemoteTestNG.java:77)
</pre></div></td>
<td>119</td>
<td>com.trgr.quality.maf.tests.DeliveryTest@1224144a</td></tr>
</table><p>
<table width='100%' border='1' class='invocation-passed'>
<tr><td colspan='4' align='center'><b>PASSED TESTS</b></td></tr>
<tr><td><b>Test method</b></td>
<td width="30%"><b>Exception</b></td>
<td width="10%"><b>Time (seconds)</b></td>
<td><b>Instance</b></td>
</tr>
<tr>
<td title='com.trgr.quality.maf.tests.DeliveryTest.DeliveryWithInvalidEmailFormat()'><b>DeliveryWithInvalidEmailFormat</b><br>Test class: com.trgr.quality.maf.tests.DeliveryTest<br>Test method: MAFQABANG-136</td>
<td></td>
<td>38</td>
<td>com.trgr.quality.maf.tests.DeliveryTest@1224144a</td></tr>
<tr>
<td title='com.trgr.quality.maf.tests.DeliveryTest.SingleDocumentDelivery()'><b>SingleDocumentDelivery</b><br>Test class: com.trgr.quality.maf.tests.DeliveryTest<br>Test method: MAFQABANG-134</td>
<td></td>
<td>56</td>
<td>com.trgr.quality.maf.tests.DeliveryTest@1224144a</td></tr>
<tr>
<td title='com.trgr.quality.maf.tests.DeliveryTest.deliverDocumentFromDocumentDisplayUsingPrint()'><b>deliverDocumentFromDocumentDisplayUsingPrint</b><br>Test class: com.trgr.quality.maf.tests.DeliveryTest<br>Test method: MAFQABANG-141</td>
<td></td>
<td>35</td>
<td>com.trgr.quality.maf.tests.DeliveryTest@1224144a</td></tr>
<tr>
<td title='com.trgr.quality.maf.tests.DeliveryTest.deliveryOfResultListUsingEmailWithWordAndPDF()'><b>deliveryOfResultListUsingEmailWithWordAndPDF</b><br>Test class: com.trgr.quality.maf.tests.DeliveryTest<br>Test method: MAFQABANG-133</td>
<td></td>
<td>57</td>
<td>com.trgr.quality.maf.tests.DeliveryTest@1224144a</td></tr>
<tr>
<td title='com.trgr.quality.maf.tests.DeliveryTest.docDisplayEmailDeliveryWithPDFFormat()'><b>docDisplayEmailDeliveryWithPDFFormat</b><br>Test class: com.trgr.quality.maf.tests.DeliveryTest<br>Test method: MAFQABANG-138</td>
<td></td>
<td>34</td>
<td>com.trgr.quality.maf.tests.DeliveryTest@1224144a</td></tr>
<tr>
<td title='com.trgr.quality.maf.tests.DeliveryTest.docDisplayPageEmailDeliveryWithRTFFormat()'><b>docDisplayPageEmailDeliveryWithRTFFormat</b><br>Test class: com.trgr.quality.maf.tests.DeliveryTest<br>Test method: MAFQABANG-137</td>
<td></td>
<td>36</td>
<td>com.trgr.quality.maf.tests.DeliveryTest@1224144a</td></tr>
<tr>
<td title='com.trgr.quality.maf.tests.DeliveryTest.documentDislplayDeliveryByPrint()'><b>documentDislplayDeliveryByPrint</b><br>Test class: com.trgr.quality.maf.tests.DeliveryTest<br>Test method: MAFQABANG-142</td>
<td></td>
<td>31</td>
<td>com.trgr.quality.maf.tests.DeliveryTest@1224144a</td></tr>
<tr>
<td title='com.trgr.quality.maf.tests.DeliveryTest.documentDisplayDeliveryWithInvalidEmail()'><b>documentDisplayDeliveryWithInvalidEmail</b><br>Test class: com.trgr.quality.maf.tests.DeliveryTest<br>Test method: MAFQABANG-139</td>
<td></td>
<td>30</td>
<td>com.trgr.quality.maf.tests.DeliveryTest@1224144a</td></tr>
<tr>
<td title='com.trgr.quality.maf.tests.DeliveryTest.exportSingleDocumentFromDocumentDisplay()'><b>exportSingleDocumentFromDocumentDisplay</b><br>Test class: com.trgr.quality.maf.tests.DeliveryTest<br>Test method: MAFQABANG-144</td>
<td></td>
<td>61</td>
<td>com.trgr.quality.maf.tests.DeliveryTest@1224144a</td></tr>
<tr>
<td title='com.trgr.quality.maf.tests.DeliveryTest.resultListDocDeliveryByPrint()'><b>resultListDocDeliveryByPrint</b><br>Test class: com.trgr.quality.maf.tests.DeliveryTest<br>Test method: MAFQABANG-140</td>
<td></td>
<td>28</td>
<td>com.trgr.quality.maf.tests.DeliveryTest@1224144a</td></tr>
</table><p>
</body>
</html>