<?xml version="1.0" encoding="UTF-8"?>
<!-- Generated by org.testng.reporters.JUnitXMLReporter -->
<testsuite hostname="TR-JDGMXY2" failures="2" tests="12" name="DeliveryTest" time="594.393" errors="0" timestamp="28 Oct 2020 02:40:02 GMT">
  <testcase classname="com.trgr.quality.maf.tests.DeliveryTest" name="deliveryOfResultListUsingEmailWithWordAndPDF" time="57.811"/>
  <testcase classname="com.trgr.quality.maf.tests.DeliveryTest" name="ResultListcancelDeliveryByEmail" time="37.45">
    <failure type="java.lang.AssertionError" message="The following asserts failed:
	verify page navigates back to result list page after clicking on cancel in email option:MAFQABANG-135 expected [true] but found [false]">
      <![CDATA[java.lang.AssertionError: The following asserts failed:
	verify page navigates back to result list page after clicking on cancel in email option:MAFQABANG-135 expected [true] but found [false]
	at com.trgr.quality.maf.tests.DeliveryTest.ResultListcancelDeliveryByEmail(DeliveryTest.java:310)
... Removed 25 stack frames]]>
    </failure>
  </testcase> <!-- ResultListcancelDeliveryByEmail -->
  <testcase classname="com.trgr.quality.maf.tests.DeliveryTest" name="DeliveryWithInvalidEmailFormat" time="38.482"/>
  <testcase classname="com.trgr.quality.maf.tests.DeliveryTest" name="exportSingleDocumentFromDocumentDisplay" time="61.796"/>
  <testcase classname="com.trgr.quality.maf.tests.DeliveryTest" name="docDisplayPageEmailDeliveryWithRTFFormat" time="36.611"/>
  <testcase classname="com.trgr.quality.maf.tests.DeliveryTest" name="docDisplayEmailDeliveryWithPDFFormat" time="34.459"/>
  <testcase classname="com.trgr.quality.maf.tests.DeliveryTest" name="documentDisplayDeliveryWithInvalidEmail" time="30.481"/>
  <testcase classname="com.trgr.quality.maf.tests.DeliveryTest" name="resultListDocDeliveryByPrint" time="28.473"/>
  <testcase classname="com.trgr.quality.maf.tests.DeliveryTest" name="documentDislplayDeliveryByPrint" time="31.511"/>
  <testcase classname="com.trgr.quality.maf.tests.DeliveryTest" name="deliverDocumentFromDocumentDisplayUsingPrint" time="35.582"/>
  <testcase classname="com.trgr.quality.maf.tests.DeliveryTest" name="SingleDocumentDelivery" time="56.47"/>
  <testcase classname="com.trgr.quality.maf.tests.DeliveryTest" name="exportDocumentsFromResultList" time="119.469">
    <failure type="java.lang.AssertionError" message="The following asserts failed:
	 Verify Result List is displayedMAFQABANG-143 expected [true] but found [false],
	Verify Export Document from result list page:MAFQABANG-143 expected [true] but found [false]">
      <![CDATA[java.lang.AssertionError: The following asserts failed:
	 Verify Result List is displayedMAFQABANG-143 expected [true] but found [false],
	Verify Export Document from result list page:MAFQABANG-143 expected [true] but found [false]
	at com.trgr.quality.maf.tests.DeliveryTest.exportDocumentsFromResultList(DeliveryTest.java:619)
... Removed 25 stack frames]]>
    </failure>
  </testcase> <!-- exportDocumentsFromResultList -->
</testsuite> <!-- DeliveryTest -->
