<?xml version="1.0" encoding="UTF-8"?>
<!-- Generated by org.testng.reporters.JUnitXMLReporter -->
<testsuite hostname="TR-JDGMXY2" failures="1" tests="9" name="LoginTest" time="347.453" errors="0" timestamp="28 Oct 2020 01:42:26 GMT">
  <testcase classname="com.trgr.quality.maf.tests.LoginTest" name="loginWithClientID" time="16.034"/>
  <testcase classname="com.trgr.quality.maf.tests.LoginTest" name="loginWithValidAndInvalidCredentials" time="90.231"/>
  <testcase classname="com.trgr.quality.maf.tests.LoginTest" name="loginUsingSaveUserNameAndPwd" time="46.452"/>
  <testcase classname="com.trgr.quality.maf.tests.LoginTest" name="KnowtheServiceLink" time="20.789"/>
  <testcase classname="com.trgr.quality.maf.tests.LoginTest" name="InteractiveDemoLink" time="42.076">
    <failure type="java.lang.AssertionError" message="The following asserts failed:
	MAFQABANG-38:Verification of Interactive Demo Link expected [true] but found [false]">
      <![CDATA[java.lang.AssertionError: The following asserts failed:
	MAFQABANG-38:Verification of Interactive Demo Link expected [true] but found [false]
	at com.trgr.quality.maf.tests.LoginTest.InteractiveDemoLink(LoginTest.java:280)
... Removed 25 stack frames]]>
    </failure>
  </testcase> <!-- InteractiveDemoLink -->
  <testcase classname="com.trgr.quality.maf.tests.LoginTest" name="FrequentQuestionsLink" time="23.816"/>
  <testcase classname="com.trgr.quality.maf.tests.LoginTest" name="onepassSignInlinks" time="23.411"/>
  <testcase classname="com.trgr.quality.maf.tests.LoginTest" name="CustomerServicePortlet" time="21.102"/>
  <testcase classname="com.trgr.quality.maf.tests.LoginTest" name="ForgotPasswordLinks" time="23.421"/>
</testsuite> <!-- LoginTest -->
