<?xml version="1.0" encoding="UTF-8"?>
<!-- Generated by org.testng.reporters.JUnitXMLReporter -->
<testsuite ignored="8" hostname="TR-JDGMXY2" failures="11" tests="11" name="DeliveryTest" time="0.273" errors="0" timestamp="2021-02-23T16:08:09 ART">
  <testcase classname="com.trgr.quality.maf.tests.DeliveryTest" name="deliveryOfResultListUsingEmailWithWordAndPDF" time="0.015">
    <failure type="java.lang.AssertionError" message="The following asserts failed:
	Exception in Test expected [true] but found [false]">
      <![CDATA[java.lang.AssertionError: The following asserts failed:
Exception in Test expected [true] but found [false]
at com.trgr.quality.maf.tests.DeliveryTest.deliveryOfResultListUsingEmailWithWordAndPDF(DeliveryTest.java:245)
at java.base/java.util.ArrayList.forEach(ArrayList.java:1511)
... Removed 29 stack frames]]>
    </failure>
  </testcase> <!-- deliveryOfResultListUsingEmailWithWordAndPDF -->
  <testcase classname="com.trgr.quality.maf.tests.DeliveryTest" name="ResultListcancelDeliveryByEmail" time="0.014">
    <failure type="java.lang.AssertionError" message="The following asserts failed:
	Exception in Test expected [true] but found [false]">
      <![CDATA[java.lang.AssertionError: The following asserts failed:
Exception in Test expected [true] but found [false]
at com.trgr.quality.maf.tests.DeliveryTest.ResultListcancelDeliveryByEmail(DeliveryTest.java:310)
at java.base/java.util.ArrayList.forEach(ArrayList.java:1511)
... Removed 29 stack frames]]>
    </failure>
  </testcase> <!-- ResultListcancelDeliveryByEmail -->
  <testcase classname="com.trgr.quality.maf.tests.DeliveryTest" name="DeliveryWithInvalidEmailFormat" time="0.013">
    <failure type="java.lang.AssertionError" message="The following asserts failed:
	Exception in Test expected [true] but found [false]">
      <![CDATA[java.lang.AssertionError: The following asserts failed:
Exception in Test expected [true] but found [false]
at com.trgr.quality.maf.tests.DeliveryTest.DeliveryWithInvalidEmailFormat(DeliveryTest.java:406)
at java.base/java.util.ArrayList.forEach(ArrayList.java:1511)
... Removed 29 stack frames]]>
    </failure>
  </testcase> <!-- DeliveryWithInvalidEmailFormat -->
  <testcase classname="com.trgr.quality.maf.tests.DeliveryTest" name="exportSingleDocumentFromDocumentDisplay" time="0.015">
    <failure type="java.lang.AssertionError" message="The following asserts failed:
	Exception in Test expected [true] but found [false]">
      <![CDATA[java.lang.AssertionError: The following asserts failed:
Exception in Test expected [true] but found [false]
at com.trgr.quality.maf.tests.DeliveryTest.exportSingleDocumentFromDocumentDisplay(DeliveryTest.java:707)
at java.base/java.util.ArrayList.forEach(ArrayList.java:1511)
... Removed 29 stack frames]]>
    </failure>
  </testcase> <!-- exportSingleDocumentFromDocumentDisplay -->
  <testcase classname="com.trgr.quality.maf.tests.DeliveryTest" name="docDisplayPageEmailDeliveryWithRTFFormat" time="0.026">
    <failure type="java.lang.AssertionError" message="The following asserts failed:
	Exception in Test expected [true] but found [false]">
      <![CDATA[java.lang.AssertionError: The following asserts failed:
Exception in Test expected [true] but found [false]
at com.trgr.quality.maf.tests.DeliveryTest.docDisplayPageEmailDeliveryWithRTFFormat(DeliveryTest.java:1004)
at java.base/java.util.ArrayList.forEach(ArrayList.java:1511)
... Removed 29 stack frames]]>
    </failure>
  </testcase> <!-- docDisplayPageEmailDeliveryWithRTFFormat -->
  <testcase classname="com.trgr.quality.maf.tests.DeliveryTest" name="docDisplayEmailDeliveryWithPDFFormat" time="0.012">
    <failure type="java.lang.AssertionError" message="The following asserts failed:
	Exception in Test expected [true] but found [false]">
      <![CDATA[java.lang.AssertionError: The following asserts failed:
Exception in Test expected [true] but found [false]
at com.trgr.quality.maf.tests.DeliveryTest.docDisplayEmailDeliveryWithPDFFormat(DeliveryTest.java:1067)
at java.base/java.util.ArrayList.forEach(ArrayList.java:1511)
... Removed 29 stack frames]]>
    </failure>
  </testcase> <!-- docDisplayEmailDeliveryWithPDFFormat -->
  <testcase classname="com.trgr.quality.maf.tests.DeliveryTest" name="documentDisplayDeliveryWithInvalidEmail" time="0.016">
    <failure type="java.lang.AssertionError" message="The following asserts failed:
	Exception in Test expected [true] but found [false]">
      <![CDATA[java.lang.AssertionError: The following asserts failed:
Exception in Test expected [true] but found [false]
at com.trgr.quality.maf.tests.DeliveryTest.documentDisplayDeliveryWithInvalidEmail(DeliveryTest.java:1130)
at java.base/java.util.ArrayList.forEach(ArrayList.java:1511)
... Removed 29 stack frames]]>
    </failure>
  </testcase> <!-- documentDisplayDeliveryWithInvalidEmail -->
  <testcase classname="com.trgr.quality.maf.tests.DeliveryTest" name="resultListDocDeliveryByPrint" time="0.012">
    <failure type="java.lang.AssertionError" message="The following asserts failed:
	Exception in Test expected [true] but found [false]">
      <![CDATA[java.lang.AssertionError: The following asserts failed:
Exception in Test expected [true] but found [false]
at com.trgr.quality.maf.tests.DeliveryTest.resultListDocDeliveryByPrint(DeliveryTest.java:1175)
at java.base/java.util.ArrayList.forEach(ArrayList.java:1511)
... Removed 29 stack frames]]>
    </failure>
  </testcase> <!-- resultListDocDeliveryByPrint -->
  <testcase classname="com.trgr.quality.maf.tests.DeliveryTest" name="documentDislplayDeliveryByPrint" time="0.015">
    <failure type="java.lang.AssertionError" message="The following asserts failed:
	Exception in Test expected [true] but found [false]">
      <![CDATA[java.lang.AssertionError: The following asserts failed:
Exception in Test expected [true] but found [false]
at com.trgr.quality.maf.tests.DeliveryTest.documentDislplayDeliveryByPrint(DeliveryTest.java:1242)
at java.base/java.util.ArrayList.forEach(ArrayList.java:1511)
... Removed 29 stack frames]]>
    </failure>
  </testcase> <!-- documentDislplayDeliveryByPrint -->
  <testcase classname="com.trgr.quality.maf.tests.DeliveryTest" name="SingleDocumentDelivery" time="0.015">
    <failure type="java.lang.AssertionError" message="The following asserts failed:
	Exception in Test expected [true] but found [false]">
      <![CDATA[java.lang.AssertionError: The following asserts failed:
Exception in Test expected [true] but found [false]
at com.trgr.quality.maf.tests.DeliveryTest.SingleDocumentDelivery(DeliveryTest.java:522)
at java.base/java.util.ArrayList.forEach(ArrayList.java:1511)
... Removed 29 stack frames]]>
    </failure>
  </testcase> <!-- SingleDocumentDelivery -->
  <testcase classname="com.trgr.quality.maf.tests.DeliveryTest" name="exportDocumentsFromResultList" time="0.013">
    <failure type="java.lang.AssertionError" message="The following asserts failed:
	Exception in Test expected [true] but found [false]">
      <![CDATA[java.lang.AssertionError: The following asserts failed:
Exception in Test expected [true] but found [false]
at com.trgr.quality.maf.tests.DeliveryTest.exportDocumentsFromResultList(DeliveryTest.java:619)
at java.base/java.util.ArrayList.forEach(ArrayList.java:1511)
... Removed 29 stack frames]]>
    </failure>
  </testcase> <!-- exportDocumentsFromResultList -->
  <testcase classname="com.trgr.quality.maf.tests.DeliveryTest" name="LegislationDeliveryByPrint" time="0.0">
    <ignored/>
  </testcase> <!-- LegislationDeliveryByPrint -->
  <testcase classname="com.trgr.quality.maf.tests.DeliveryTest" name="deliverQuickSearchReportUsingPrint" time="0.0">
    <ignored/>
  </testcase> <!-- deliverQuickSearchReportUsingPrint -->
  <testcase classname="com.trgr.quality.maf.tests.DeliveryTest" name="deliverDocumentFromDocumentDisplayUsingPrint" time="0.0">
    <ignored/>
  </testcase> <!-- deliverDocumentFromDocumentDisplayUsingPrint -->
  <testcase classname="com.trgr.quality.maf.tests.DeliveryTest" name="JurisprudencePageDelivery" time="0.0">
    <ignored/>
  </testcase> <!-- JurisprudencePageDelivery -->
  <testcase classname="com.trgr.quality.maf.tests.DeliveryTest" name="deliverGlobalSearchReportUsingPrint" time="0.0">
    <ignored/>
  </testcase> <!-- deliverGlobalSearchReportUsingPrint -->
  <testcase classname="com.trgr.quality.maf.tests.DeliveryTest" name="resultListDeliveryOptions" time="0.0">
    <ignored/>
  </testcase> <!-- resultListDeliveryOptions -->
  <testcase classname="com.trgr.quality.maf.tests.DeliveryTest" name="ExportSelectedWord" time="0.0">
    <ignored/>
  </testcase> <!-- ExportSelectedWord -->
  <testcase classname="com.trgr.quality.maf.tests.DeliveryTest" name="exportEmailandPrintforSingleDocument" time="0.0">
    <ignored/>
  </testcase> <!-- exportEmailandPrintforSingleDocument -->
</testsuite> <!-- DeliveryTest -->
