<?xml version="1.0" encoding="UTF-8"?>
<!-- Generated by org.testng.reporters.JUnitXMLReporter -->
<testsuite ignored="2" hostname="TR-JDGMXY2" failures="1" tests="1" name="FavouritesTest" time="0.06" errors="0" timestamp="2021-02-23T16:08:10 ART">
  <testcase classname="com.trgr.quality.maf.tests.FavouritesTest" name="addToFavorites" time="0.01">
    <failure type="java.lang.AssertionError" message="The following asserts failed:
	Exception in Test expected [true] but found [false]">
      <![CDATA[java.lang.AssertionError: The following asserts failed:
Exception in Test expected [true] but found [false]
at com.trgr.quality.maf.tests.FavouritesTest.addToFavorites(FavouritesTest.java:248)
at java.base/java.util.ArrayList.forEach(ArrayList.java:1511)
... Removed 29 stack frames]]>
    </failure>
  </testcase> <!-- addToFavorites -->
  <testcase classname="com.trgr.quality.maf.tests.FavouritesTest" name="addDocumentsToFavorites" time="0.0">
    <ignored/>
  </testcase> <!-- addDocumentsToFavorites -->
  <testcase classname="com.trgr.quality.maf.tests.FavouritesTest" name="addToFavoritesInMexico" time="0.0">
    <ignored/>
  </testcase> <!-- addToFavoritesInMexico -->
</testsuite> <!-- FavouritesTest -->
