<?xml version="1.0" encoding="UTF-8"?>
<!-- Generated by org.testng.reporters.JUnitXMLReporter -->
<testsuite ignored="2" hostname="TR-JDGMXY2" failures="5" tests="5" name="HeaderSectionTest" time="3.116" errors="0" timestamp="2021-02-23T16:08:15 ART">
  <testcase classname="com.trgr.quality.maf.tests.HeaderSectionTest" name="headerSectionLinks" time="0.008">
    <failure type="java.lang.AssertionError" message="The following asserts failed:
	Exception in Test expected [true] but found [false]">
      <![CDATA[java.lang.AssertionError: The following asserts failed:
Exception in Test expected [true] but found [false]
at com.trgr.quality.maf.tests.HeaderSectionTest.headerSectionLinks(HeaderSectionTest.java:93)
at java.base/java.util.ArrayList.forEach(ArrayList.java:1511)
... Removed 29 stack frames]]>
    </failure>
  </testcase> <!-- headerSectionLinks -->
  <testcase classname="com.trgr.quality.maf.tests.HeaderSectionTest" name="loggedinUserDetails" time="3.021">
    <failure type="java.lang.AssertionError" message="The following asserts failed:
	Exception in Test expected [true] but found [false]">
      <![CDATA[java.lang.AssertionError: The following asserts failed:
Exception in Test expected [true] but found [false]
at com.trgr.quality.maf.tests.HeaderSectionTest.loggedinUserDetails(HeaderSectionTest.java:127)
at java.base/java.util.ArrayList.forEach(ArrayList.java:1511)
... Removed 29 stack frames]]>
    </failure>
  </testcase> <!-- loggedinUserDetails -->
  <testcase classname="com.trgr.quality.maf.tests.HeaderSectionTest" name="goToCheckpointWorld" time="0.013">
    <failure type="java.lang.AssertionError" message="The following asserts failed:
	Exception in Test expected [true] but found [false]">
      <![CDATA[java.lang.AssertionError: The following asserts failed:
Exception in Test expected [true] but found [false]
at com.trgr.quality.maf.tests.HeaderSectionTest.goToCheckpointWorld(HeaderSectionTest.java:203)
at java.base/java.util.ArrayList.forEach(ArrayList.java:1511)
... Removed 29 stack frames]]>
    </failure>
  </testcase> <!-- goToCheckpointWorld -->
  <testcase classname="com.trgr.quality.maf.tests.HeaderSectionTest" name="headerSectionUniqueUrls" time="0.015">
    <failure type="java.lang.AssertionError" message="The following asserts failed:
	Exception in Test expected [true] but found [false]">
      <![CDATA[java.lang.AssertionError: The following asserts failed:
Exception in Test expected [true] but found [false]
at com.trgr.quality.maf.tests.HeaderSectionTest.headerSectionUniqueUrls(HeaderSectionTest.java:291)
at java.base/java.util.ArrayList.forEach(ArrayList.java:1511)
... Removed 29 stack frames]]>
    </failure>
  </testcase> <!-- headerSectionUniqueUrls -->
  <testcase classname="com.trgr.quality.maf.tests.HeaderSectionTest" name="goToCheckpointUSA" time="0.014">
    <failure type="java.lang.AssertionError" message="The following asserts failed:
	Exception in Test expected [true] but found [false]">
      <![CDATA[java.lang.AssertionError: The following asserts failed:
Exception in Test expected [true] but found [false]
at com.trgr.quality.maf.tests.HeaderSectionTest.goToCheckpointUSA(HeaderSectionTest.java:166)
at java.base/java.util.ArrayList.forEach(ArrayList.java:1511)
... Removed 29 stack frames]]>
    </failure>
  </testcase> <!-- goToCheckpointUSA -->
  <testcase classname="com.trgr.quality.maf.tests.HeaderSectionTest" name="goToLegalArea" time="0.0">
    <ignored/>
  </testcase> <!-- goToLegalArea -->
  <testcase classname="com.trgr.quality.maf.tests.HeaderSectionTest" name="FAQ" time="0.0">
    <ignored/>
  </testcase> <!-- FAQ -->
</testsuite> <!-- HeaderSectionTest -->
