<?xml version="1.0" encoding="UTF-8"?>
<!-- Generated by org.testng.reporters.JUnitXMLReporter -->
<testsuite ignored="14" hostname="TR-JDGMXY2" failures="3" tests="3" name="LoginTest" time="411.07" errors="0" timestamp="2021-02-23T16:08:08 ART">
  <testcase classname="com.trgr.quality.maf.tests.LoginTest" name="loginWithValidAndInvalidCredentials" time="410.819">
    <failure type="java.lang.AssertionError" message="The following asserts failed:
	MAFQABANG-32:Login with valid and invalid credentails : Validated Login with invalid username expected [true] but found [false],
	MAFQABANG-32:Login with valid and invalid credentails : Validated Login with invalid password expected [true] but found [false],
	Exception in Test expected [true] but found [false]">
      <![CDATA[java.lang.AssertionError: The following asserts failed:
MAFQABANG-32:Login with valid and invalid credentails : Validated Login with invalid username expected [true] but found [false],
MAFQABANG-32:Login with valid and invalid credentails : Validated Login with invalid password expected [true] but found [false],
Exception in Test expected [true] but found [false]
at com.trgr.quality.maf.tests.LoginTest.loginWithValidAndInvalidCredentials(LoginTest.java:123)
at java.base/java.util.ArrayList.forEach(ArrayList.java:1511)
... Removed 29 stack frames]]>
    </failure>
  </testcase> <!-- loginWithValidAndInvalidCredentials -->
  <testcase classname="com.trgr.quality.maf.tests.LoginTest" name="loginUsingSaveUserNameAndPwd" time="0.065">
    <failure type="java.lang.AssertionError" message="The following asserts failed:
	Exception in Test expected [true] but found [false]">
      <![CDATA[java.lang.AssertionError: The following asserts failed:
Exception in Test expected [true] but found [false]
at com.trgr.quality.maf.tests.LoginTest.loginUsingSaveUserNameAndPwd(LoginTest.java:218)
at java.base/java.util.ArrayList.forEach(ArrayList.java:1511)
... Removed 29 stack frames]]>
    </failure>
  </testcase> <!-- loginUsingSaveUserNameAndPwd -->
  <testcase classname="com.trgr.quality.maf.tests.LoginTest" name="loginUsingSaveUserName" time="0.088">
    <failure type="java.lang.AssertionError" message="The following asserts failed:
	Exception in Test expected [true] but found [false]">
      <![CDATA[java.lang.AssertionError: The following asserts failed:
Exception in Test expected [true] but found [false]
at com.trgr.quality.maf.tests.LoginTest.loginUsingSaveUserName(LoginTest.java:432)
at java.base/java.util.ArrayList.forEach(ArrayList.java:1511)
... Removed 29 stack frames]]>
    </failure>
  </testcase> <!-- loginUsingSaveUserName -->
  <testcase classname="com.trgr.quality.maf.tests.LoginTest" name="CustomerServicePortlet" time="0.0">
    <ignored/>
  </testcase> <!-- CustomerServicePortlet -->
  <testcase classname="com.trgr.quality.maf.tests.LoginTest" name="onepassSignInlinks" time="0.0">
    <ignored/>
  </testcase> <!-- onepassSignInlinks -->
  <testcase classname="com.trgr.quality.maf.tests.LoginTest" name="FrequentQuestionsLink" time="0.0">
    <ignored/>
  </testcase> <!-- FrequentQuestionsLink -->
  <testcase classname="com.trgr.quality.maf.tests.LoginTest" name="loginWithClientID" time="0.0">
    <ignored/>
  </testcase> <!-- loginWithClientID -->
  <testcase classname="com.trgr.quality.maf.tests.LoginTest" name="GoToHomeFromServicesPage" time="0.0">
    <ignored/>
  </testcase> <!-- GoToHomeFromServicesPage -->
  <testcase classname="com.trgr.quality.maf.tests.LoginTest" name="onepasspageprofilelinks" time="0.0">
    <ignored/>
  </testcase> <!-- onepasspageprofilelinks -->
  <testcase classname="com.trgr.quality.maf.tests.LoginTest" name="InteractiveDemoLink" time="0.0">
    <ignored/>
  </testcase> <!-- InteractiveDemoLink -->
  <testcase classname="com.trgr.quality.maf.tests.LoginTest" name="LoginwithSaveUnamePwdUnchecked" time="0.0">
    <ignored/>
  </testcase> <!-- LoginwithSaveUnamePwdUnchecked -->
  <testcase classname="com.trgr.quality.maf.tests.LoginTest" name="ForgotUsernamePasswordLinks" time="0.0">
    <ignored/>
  </testcase> <!-- ForgotUsernamePasswordLinks -->
  <testcase classname="com.trgr.quality.maf.tests.LoginTest" name="ForgotPasswordLinks" time="0.0">
    <ignored/>
  </testcase> <!-- ForgotPasswordLinks -->
  <testcase classname="com.trgr.quality.maf.tests.LoginTest" name="LoginScreenDesignForAnyUser" time="0.0">
    <ignored/>
  </testcase> <!-- LoginScreenDesignForAnyUser -->
  <testcase classname="com.trgr.quality.maf.tests.LoginTest" name="LoginScreenDesignForFirstTimeUser" time="0.0">
    <ignored/>
  </testcase> <!-- LoginScreenDesignForFirstTimeUser -->
  <testcase classname="com.trgr.quality.maf.tests.LoginTest" name="LoginBranding" time="0.0">
    <ignored/>
  </testcase> <!-- LoginBranding -->
  <testcase classname="com.trgr.quality.maf.tests.LoginTest" name="KnowtheServiceLink" time="0.0">
    <ignored/>
  </testcase> <!-- KnowtheServiceLink -->
</testsuite> <!-- LoginTest -->
