<?xml version="1.0" encoding="UTF-8"?>
<!-- Generated by org.testng.reporters.JUnitXMLReporter -->
<testsuite ignored="3" hostname="TR-JDGMXY2" failures="1" tests="1" name="PreferenceTest" time="0.051" errors="0" timestamp="2021-02-23T16:08:10 ART">
  <testcase classname="com.trgr.quality.maf.tests.PreferenceTest" name="UpdatesToPreferencesPageAllProducts" time="0.005">
    <failure type="java.lang.AssertionError" message="The following asserts failed:
	Exception in Test expected [true] but found [false]">
      <![CDATA[java.lang.AssertionError: The following asserts failed:
Exception in Test expected [true] but found [false]
at com.trgr.quality.maf.tests.PreferenceTest.UpdatesToPreferencesPageAllProducts(PreferenceTest.java:240)
at java.base/java.util.ArrayList.forEach(ArrayList.java:1511)
... Removed 29 stack frames]]>
    </failure>
  </testcase> <!-- UpdatesToPreferencesPageAllProducts -->
  <testcase classname="com.trgr.quality.maf.tests.PreferenceTest" name="UpdatesToPreferencesPage" time="0.0">
    <ignored/>
  </testcase> <!-- UpdatesToPreferencesPage -->
  <testcase classname="com.trgr.quality.maf.tests.PreferenceTest" name="MyDocumentsPageValidation" time="0.0">
    <ignored/>
  </testcase> <!-- MyDocumentsPageValidation -->
  <testcase classname="com.trgr.quality.maf.tests.PreferenceTest" name="updatesSpecificFieldsofPreferencesPage" time="0.0">
    <ignored/>
  </testcase> <!-- updatesSpecificFieldsofPreferencesPage -->
</testsuite> <!-- PreferenceTest -->
