<?xml version="1.0" encoding="UTF-8"?>
<!-- Generated by org.testng.reporters.JUnitXMLReporter -->
<testsuite ignored="1" hostname="TR-JDGMXY2" failures="2" tests="2" name="SignoffTest" time="0.099" errors="0" timestamp="2021-02-23T16:08:12 ART">
  <testcase classname="com.trgr.quality.maf.tests.SignoffTest" name="Signoff" time="0.005">
    <failure type="java.lang.AssertionError" message="The following asserts failed:
	Exception in Test expected [true] but found [false]">
      <![CDATA[java.lang.AssertionError: The following asserts failed:
Exception in Test expected [true] but found [false]
at com.trgr.quality.maf.tests.SignoffTest.Signoff(SignoffTest.java:104)
at java.base/java.util.ArrayList.forEach(ArrayList.java:1511)
... Removed 29 stack frames]]>
    </failure>
  </testcase> <!-- Signoff -->
  <testcase classname="com.trgr.quality.maf.tests.SignoffTest" name="NavigationfromSignofftologinPage" time="0.032">
    <failure type="java.lang.AssertionError" message="The following asserts failed:
	Exception in Test expected [true] but found [false]">
      <![CDATA[java.lang.AssertionError: The following asserts failed:
Exception in Test expected [true] but found [false]
at com.trgr.quality.maf.tests.SignoffTest.NavigationfromSignofftologinPage(SignoffTest.java:187)
at java.base/java.util.ArrayList.forEach(ArrayList.java:1511)
... Removed 29 stack frames]]>
    </failure>
  </testcase> <!-- NavigationfromSignofftologinPage -->
  <testcase classname="com.trgr.quality.maf.tests.SignoffTest" name="displayOfSignOffSummary" time="0.0">
    <ignored/>
  </testcase> <!-- displayOfSignOffSummary -->
</testsuite> <!-- SignoffTest -->
