<?xml version="1.0" encoding="UTF-8"?>
<!-- Generated by org.testng.reporters.JUnitXMLReporter -->
<testsuite ignored="5" hostname="TR-JDGMXY2" failures="3" tests="9" name="ToolsTest" time="881.662" errors="0" timestamp="2020-12-16T13:51:16 ART">
  <testcase classname="com.trgr.quality.maf.tests.ToolsTest" name="DisplayToolsTab" time="0.504"/>
  <testcase classname="com.trgr.quality.maf.tests.ToolsTest" name="WidgetsInToolstab" time="28.762">
    <failure type="java.lang.AssertionError" message="The following asserts failed:
	MAFQABANG-147:Verify the Tools tab in menu bar - Verify tools widgets expected [true] but found [false]">
      <![CDATA[java.lang.AssertionError: The following asserts failed:
MAFQABANG-147:Verify the Tools tab in menu bar - Verify tools widgets expected [true] but found [false]
at com.trgr.quality.maf.tests.ToolsTest.WidgetsInToolstab(ToolsTest.java:137)
at java.base/java.util.ArrayList.forEach(ArrayList.java:1511)
... Removed 29 stack frames]]>
    </failure>
  </testcase> <!-- WidgetsInToolstab -->
  <testcase classname="com.trgr.quality.maf.tests.ToolsTest" name="CollapseAllWidgets" time="33.173">
    <failure type="java.lang.AssertionError" message="The following asserts failed:
	MAFQABANG-149:Verify the Collapse (-symbol) in the tool page : Collapse All widgets expected [true] but found [false]">
      <![CDATA[java.lang.AssertionError: The following asserts failed:
MAFQABANG-149:Verify the Collapse (-symbol) in the tool page : Collapse All widgets expected [true] but found [false]
at com.trgr.quality.maf.tests.ToolsTest.CollapseAllWidgets(ToolsTest.java:168)
at java.base/java.util.ArrayList.forEach(ArrayList.java:1511)
... Removed 29 stack frames]]>
    </failure>
  </testcase> <!-- CollapseAllWidgets -->
  <testcase classname="com.trgr.quality.maf.tests.ToolsTest" name="ExpandAllWidgets" time="61.804">
    <failure type="java.lang.AssertionError" message="The following asserts failed:
	MAFQABANG-148:Verify the expand (+ symbol) in the tool page : Expand All widgets expected [true] but found [false]">
      <![CDATA[java.lang.AssertionError: The following asserts failed:
MAFQABANG-148:Verify the expand (+ symbol) in the tool page : Expand All widgets expected [true] but found [false]
at com.trgr.quality.maf.tests.ToolsTest.ExpandAllWidgets(ToolsTest.java:197)
at java.base/java.util.ArrayList.forEach(ArrayList.java:1511)
... Removed 29 stack frames]]>
    </failure>
  </testcase> <!-- ExpandAllWidgets -->
  <testcase classname="com.trgr.quality.maf.tests.ToolsTest" name="recommendWithInputInFiscalNode" time="139.365"/>
  <testcase classname="com.trgr.quality.maf.tests.ToolsTest" name="recommendWithNoInputInFiscalNode" time="83.507"/>
  <testcase classname="com.trgr.quality.maf.tests.ToolsTest" name="recommendWithNoInputInLabourNode" time="167.286"/>
  <testcase classname="com.trgr.quality.maf.tests.ToolsTest" name="recommendWithInputInLabourNode" time="281.555"/>
  <testcase classname="com.trgr.quality.maf.tests.ToolsTest" name="linkNotClickableInFiscalNode" time="45.99"/>
  <testcase classname="com.trgr.quality.maf.tests.ToolsTest" name="Obligationsofsocialsecuritycontributions" time="0.0">
    <ignored/>
  </testcase> <!-- Obligationsofsocialsecuritycontributions -->
  <testcase classname="com.trgr.quality.maf.tests.ToolsTest" name="DailyExpirationTool" time="0.0">
    <ignored/>
  </testcase> <!-- DailyExpirationTool -->
  <testcase classname="com.trgr.quality.maf.tests.ToolsTest" name="ObligationsOfFederalContribution" time="0.0">
    <ignored/>
  </testcase> <!-- ObligationsOfFederalContribution -->
  <testcase classname="com.trgr.quality.maf.tests.ToolsTest" name="CreateShortcut" time="0.0">
    <ignored/>
  </testcase> <!-- CreateShortcut -->
  <testcase classname="com.trgr.quality.maf.tests.ToolsTest" name="ObligationsOfForeignTrade" time="0.0">
    <ignored/>
  </testcase> <!-- ObligationsOfForeignTrade -->
</testsuite> <!-- ToolsTest -->
