<html>
<head>
<title>TestNG:  ToolsTest</title>
<link href="../testng.css" rel="stylesheet" type="text/css" />
<link href="../my-testng.css" rel="stylesheet" type="text/css" />

<style type="text/css">
.log { display: none;} 
.stack-trace { display: none;} 
</style>
<script type="text/javascript">
<!--
function flip(e) {
  current = e.style.display;
  if (current == 'block') {
    e.style.display = 'none';
    return 0;
  }
  else {
    e.style.display = 'block';
    return 1;
  }
}

function toggleBox(szDivId, elem, msg1, msg2)
{
  var res = -1;  if (document.getElementById) {
    res = flip(document.getElementById(szDivId));
  }
  else if (document.all) {
    // this is the way old msie versions work
    res = flip(document.all[szDivId]);
  }
  if(elem) {
    if(res == 0) elem.innerHTML = msg1; else elem.innerHTML = msg2;
  }

}

function toggleAllBoxes() {
  if (document.getElementsByTagName) {
    d = document.getElementsByTagName('div');
    for (i = 0; i < d.length; i++) {
      if (d[i].className == 'log') {
        flip(d[i]);
      }
    }
  }
}

// -->
</script>

</head>
<body>
<h2 align='center'>ToolsTest</h2><table border='1' align="center">
<tr>
<td>Tests passed/Failed/Skipped:</td><td>6/3/0</td>
</tr><tr>
<td>Started on:</td><td>Wed Dec 16 13:36:34 ART 2020</td>
</tr>
<tr><td>Total time:</td><td>881 seconds (881662 ms)</td>
</tr><tr>
<td>Included groups:</td><td>chparg </td>
</tr><tr>
<td>Excluded groups:</td><td></td>
</tr>
</table><p/>
<small><i>(Hover the method name to see the test class name)</i></small><p/>
<table width='100%' border='1' class='invocation-failed'>
<tr><td colspan='4' align='center'><b>FAILED TESTS</b></td></tr>
<tr><td><b>Test method</b></td>
<td width="30%"><b>Exception</b></td>
<td width="10%"><b>Time (seconds)</b></td>
<td><b>Instance</b></td>
</tr>
<tr>
<td title='com.trgr.quality.maf.tests.ToolsTest.CollapseAllWidgets()'><b>CollapseAllWidgets</b><br>Test class: com.trgr.quality.maf.tests.ToolsTest<br>Test method: MAFQABANG-149</td>
<td><div><pre>java.lang.AssertionError: The following asserts failed:
	MAFQABANG-149:Verify the Collapse (-symbol) in the tool page : Collapse All widgets expected [true] but found [false]
	at com.trgr.quality.maf.tests.ToolsTest.CollapseAllWidgets(ToolsTest.java:168)
	at java.base/java.util.ArrayList.forEach(ArrayList.java:1511)
... Removed 29 stack frames</pre></div><a href='#' onClick='toggleBox("stack-trace1688226308", this, "Click to show all stack frames", "Click to hide stack frames")'>Click to show all stack frames</a>
<div class='stack-trace' id='stack-trace1688226308'><pre>java.lang.AssertionError: The following asserts failed:
	MAFQABANG-149:Verify the Collapse (-symbol) in the tool page : Collapse All widgets expected [true] but found [false]
	at org.testng.asserts.SoftAssert.assertAll(SoftAssert.java:47)
	at org.testng.asserts.SoftAssert.assertAll(SoftAssert.java:31)
	at com.trgr.quality.maf.tests.ToolsTest.CollapseAllWidgets(ToolsTest.java:168)
	at java.base/jdk.internal.reflect.NativeMethodAccessorImpl.invoke0(Native Method)
	at java.base/jdk.internal.reflect.NativeMethodAccessorImpl.invoke(NativeMethodAccessorImpl.java:62)
	at java.base/jdk.internal.reflect.DelegatingMethodAccessorImpl.invoke(DelegatingMethodAccessorImpl.java:43)
	at java.base/java.lang.reflect.Method.invoke(Method.java:564)
	at org.testng.internal.MethodInvocationHelper.invokeMethod(MethodInvocationHelper.java:132)
	at org.testng.internal.TestInvoker.invokeMethod(TestInvoker.java:599)
	at org.testng.internal.TestInvoker.invokeTestMethod(TestInvoker.java:174)
	at org.testng.internal.MethodRunner.runInSequence(MethodRunner.java:46)
	at org.testng.internal.TestInvoker$MethodInvocationAgent.invoke(TestInvoker.java:822)
	at org.testng.internal.TestInvoker.invokeTestMethods(TestInvoker.java:147)
	at org.testng.internal.TestMethodWorker.invokeTestMethods(TestMethodWorker.java:146)
	at org.testng.internal.TestMethodWorker.run(TestMethodWorker.java:128)
	at java.base/java.util.ArrayList.forEach(ArrayList.java:1511)
	at org.testng.TestRunner.privateRun(TestRunner.java:764)
	at org.testng.TestRunner.run(TestRunner.java:585)
	at org.testng.SuiteRunner.runTest(SuiteRunner.java:384)
	at org.testng.SuiteRunner.runSequentially(SuiteRunner.java:378)
	at org.testng.SuiteRunner.privateRun(SuiteRunner.java:337)
	at org.testng.SuiteRunner.run(SuiteRunner.java:286)
	at org.testng.SuiteRunnerWorker.runSuite(SuiteRunnerWorker.java:53)
	at org.testng.SuiteRunnerWorker.run(SuiteRunnerWorker.java:96)
	at org.testng.TestNG.runSuitesSequentially(TestNG.java:1218)
	at org.testng.TestNG.runSuitesLocally(TestNG.java:1140)
	at org.testng.TestNG.runSuites(TestNG.java:1069)
	at org.testng.TestNG.run(TestNG.java:1037)
	at org.testng.remote.AbstractRemoteTestNG.run(AbstractRemoteTestNG.java:115)
	at org.testng.remote.RemoteTestNG.initAndRun(RemoteTestNG.java:251)
	at org.testng.remote.RemoteTestNG.main(RemoteTestNG.java:77)
</pre></div></td>
<td>33</td>
<td>com.trgr.quality.maf.tests.ToolsTest@782859e</td></tr>
<tr>
<td title='com.trgr.quality.maf.tests.ToolsTest.ExpandAllWidgets()'><b>ExpandAllWidgets</b><br>Test class: com.trgr.quality.maf.tests.ToolsTest<br>Test method: MAFQABANG-148</td>
<td><div><pre>java.lang.AssertionError: The following asserts failed:
	MAFQABANG-148:Verify the expand (+ symbol) in the tool page : Expand All widgets expected [true] but found [false]
	at com.trgr.quality.maf.tests.ToolsTest.ExpandAllWidgets(ToolsTest.java:197)
	at java.base/java.util.ArrayList.forEach(ArrayList.java:1511)
... Removed 29 stack frames</pre></div><a href='#' onClick='toggleBox("stack-trace829974931", this, "Click to show all stack frames", "Click to hide stack frames")'>Click to show all stack frames</a>
<div class='stack-trace' id='stack-trace829974931'><pre>java.lang.AssertionError: The following asserts failed:
	MAFQABANG-148:Verify the expand (+ symbol) in the tool page : Expand All widgets expected [true] but found [false]
	at org.testng.asserts.SoftAssert.assertAll(SoftAssert.java:47)
	at org.testng.asserts.SoftAssert.assertAll(SoftAssert.java:31)
	at com.trgr.quality.maf.tests.ToolsTest.ExpandAllWidgets(ToolsTest.java:197)
	at java.base/jdk.internal.reflect.NativeMethodAccessorImpl.invoke0(Native Method)
	at java.base/jdk.internal.reflect.NativeMethodAccessorImpl.invoke(NativeMethodAccessorImpl.java:62)
	at java.base/jdk.internal.reflect.DelegatingMethodAccessorImpl.invoke(DelegatingMethodAccessorImpl.java:43)
	at java.base/java.lang.reflect.Method.invoke(Method.java:564)
	at org.testng.internal.MethodInvocationHelper.invokeMethod(MethodInvocationHelper.java:132)
	at org.testng.internal.TestInvoker.invokeMethod(TestInvoker.java:599)
	at org.testng.internal.TestInvoker.invokeTestMethod(TestInvoker.java:174)
	at org.testng.internal.MethodRunner.runInSequence(MethodRunner.java:46)
	at org.testng.internal.TestInvoker$MethodInvocationAgent.invoke(TestInvoker.java:822)
	at org.testng.internal.TestInvoker.invokeTestMethods(TestInvoker.java:147)
	at org.testng.internal.TestMethodWorker.invokeTestMethods(TestMethodWorker.java:146)
	at org.testng.internal.TestMethodWorker.run(TestMethodWorker.java:128)
	at java.base/java.util.ArrayList.forEach(ArrayList.java:1511)
	at org.testng.TestRunner.privateRun(TestRunner.java:764)
	at org.testng.TestRunner.run(TestRunner.java:585)
	at org.testng.SuiteRunner.runTest(SuiteRunner.java:384)
	at org.testng.SuiteRunner.runSequentially(SuiteRunner.java:378)
	at org.testng.SuiteRunner.privateRun(SuiteRunner.java:337)
	at org.testng.SuiteRunner.run(SuiteRunner.java:286)
	at org.testng.SuiteRunnerWorker.runSuite(SuiteRunnerWorker.java:53)
	at org.testng.SuiteRunnerWorker.run(SuiteRunnerWorker.java:96)
	at org.testng.TestNG.runSuitesSequentially(TestNG.java:1218)
	at org.testng.TestNG.runSuitesLocally(TestNG.java:1140)
	at org.testng.TestNG.runSuites(TestNG.java:1069)
	at org.testng.TestNG.run(TestNG.java:1037)
	at org.testng.remote.AbstractRemoteTestNG.run(AbstractRemoteTestNG.java:115)
	at org.testng.remote.RemoteTestNG.initAndRun(RemoteTestNG.java:251)
	at org.testng.remote.RemoteTestNG.main(RemoteTestNG.java:77)
</pre></div></td>
<td>61</td>
<td>com.trgr.quality.maf.tests.ToolsTest@782859e</td></tr>
<tr>
<td title='com.trgr.quality.maf.tests.ToolsTest.WidgetsInToolstab()'><b>WidgetsInToolstab</b><br>Test class: com.trgr.quality.maf.tests.ToolsTest<br>Test method: MAFQABANG-147</td>
<td><div><pre>java.lang.AssertionError: The following asserts failed:
	MAFQABANG-147:Verify the Tools tab in menu bar - Verify tools widgets expected [true] but found [false]
	at com.trgr.quality.maf.tests.ToolsTest.WidgetsInToolstab(ToolsTest.java:137)
	at java.base/java.util.ArrayList.forEach(ArrayList.java:1511)
... Removed 29 stack frames</pre></div><a href='#' onClick='toggleBox("stack-trace702830321", this, "Click to show all stack frames", "Click to hide stack frames")'>Click to show all stack frames</a>
<div class='stack-trace' id='stack-trace702830321'><pre>java.lang.AssertionError: The following asserts failed:
	MAFQABANG-147:Verify the Tools tab in menu bar - Verify tools widgets expected [true] but found [false]
	at org.testng.asserts.SoftAssert.assertAll(SoftAssert.java:47)
	at org.testng.asserts.SoftAssert.assertAll(SoftAssert.java:31)
	at com.trgr.quality.maf.tests.ToolsTest.WidgetsInToolstab(ToolsTest.java:137)
	at java.base/jdk.internal.reflect.NativeMethodAccessorImpl.invoke0(Native Method)
	at java.base/jdk.internal.reflect.NativeMethodAccessorImpl.invoke(NativeMethodAccessorImpl.java:62)
	at java.base/jdk.internal.reflect.DelegatingMethodAccessorImpl.invoke(DelegatingMethodAccessorImpl.java:43)
	at java.base/java.lang.reflect.Method.invoke(Method.java:564)
	at org.testng.internal.MethodInvocationHelper.invokeMethod(MethodInvocationHelper.java:132)
	at org.testng.internal.TestInvoker.invokeMethod(TestInvoker.java:599)
	at org.testng.internal.TestInvoker.invokeTestMethod(TestInvoker.java:174)
	at org.testng.internal.MethodRunner.runInSequence(MethodRunner.java:46)
	at org.testng.internal.TestInvoker$MethodInvocationAgent.invoke(TestInvoker.java:822)
	at org.testng.internal.TestInvoker.invokeTestMethods(TestInvoker.java:147)
	at org.testng.internal.TestMethodWorker.invokeTestMethods(TestMethodWorker.java:146)
	at org.testng.internal.TestMethodWorker.run(TestMethodWorker.java:128)
	at java.base/java.util.ArrayList.forEach(ArrayList.java:1511)
	at org.testng.TestRunner.privateRun(TestRunner.java:764)
	at org.testng.TestRunner.run(TestRunner.java:585)
	at org.testng.SuiteRunner.runTest(SuiteRunner.java:384)
	at org.testng.SuiteRunner.runSequentially(SuiteRunner.java:378)
	at org.testng.SuiteRunner.privateRun(SuiteRunner.java:337)
	at org.testng.SuiteRunner.run(SuiteRunner.java:286)
	at org.testng.SuiteRunnerWorker.runSuite(SuiteRunnerWorker.java:53)
	at org.testng.SuiteRunnerWorker.run(SuiteRunnerWorker.java:96)
	at org.testng.TestNG.runSuitesSequentially(TestNG.java:1218)
	at org.testng.TestNG.runSuitesLocally(TestNG.java:1140)
	at org.testng.TestNG.runSuites(TestNG.java:1069)
	at org.testng.TestNG.run(TestNG.java:1037)
	at org.testng.remote.AbstractRemoteTestNG.run(AbstractRemoteTestNG.java:115)
	at org.testng.remote.RemoteTestNG.initAndRun(RemoteTestNG.java:251)
	at org.testng.remote.RemoteTestNG.main(RemoteTestNG.java:77)
</pre></div></td>
<td>28</td>
<td>com.trgr.quality.maf.tests.ToolsTest@782859e</td></tr>
</table><p>
<table width='100%' border='1' class='invocation-passed'>
<tr><td colspan='4' align='center'><b>PASSED TESTS</b></td></tr>
<tr><td><b>Test method</b></td>
<td width="30%"><b>Exception</b></td>
<td width="10%"><b>Time (seconds)</b></td>
<td><b>Instance</b></td>
</tr>
<tr>
<td title='com.trgr.quality.maf.tests.ToolsTest.DisplayToolsTab()'><b>DisplayToolsTab</b><br>Test class: com.trgr.quality.maf.tests.ToolsTest<br>Test method: MAFQABANG-146</td>
<td></td>
<td>0</td>
<td>com.trgr.quality.maf.tests.ToolsTest@782859e</td></tr>
<tr>
<td title='com.trgr.quality.maf.tests.ToolsTest.linkNotClickableInFiscalNode()'><b>linkNotClickableInFiscalNode</b><br>Test class: com.trgr.quality.maf.tests.ToolsTest<br>Test method: MAFQABANG-614</td>
<td></td>
<td>45</td>
<td>com.trgr.quality.maf.tests.ToolsTest@782859e</td></tr>
<tr>
<td title='com.trgr.quality.maf.tests.ToolsTest.recommendWithInputInFiscalNode()'><b>recommendWithInputInFiscalNode</b><br>Test class: com.trgr.quality.maf.tests.ToolsTest<br>Test method: MAFQABANG-611</td>
<td></td>
<td>139</td>
<td>com.trgr.quality.maf.tests.ToolsTest@782859e</td></tr>
<tr>
<td title='com.trgr.quality.maf.tests.ToolsTest.recommendWithInputInLabourNode()'><b>recommendWithInputInLabourNode</b><br>Test class: com.trgr.quality.maf.tests.ToolsTest<br>Test method: MAFQABANG-613</td>
<td></td>
<td>281</td>
<td>com.trgr.quality.maf.tests.ToolsTest@782859e</td></tr>
<tr>
<td title='com.trgr.quality.maf.tests.ToolsTest.recommendWithNoInputInFiscalNode()'><b>recommendWithNoInputInFiscalNode</b><br>Test class: com.trgr.quality.maf.tests.ToolsTest<br>Test method: MAFQABANG-610</td>
<td></td>
<td>83</td>
<td>com.trgr.quality.maf.tests.ToolsTest@782859e</td></tr>
<tr>
<td title='com.trgr.quality.maf.tests.ToolsTest.recommendWithNoInputInLabourNode()'><b>recommendWithNoInputInLabourNode</b><br>Test class: com.trgr.quality.maf.tests.ToolsTest<br>Test method: MAFQABANG-612</td>
<td></td>
<td>167</td>
<td>com.trgr.quality.maf.tests.ToolsTest@782859e</td></tr>
</table><p>
</body>
</html>