<?xml version="1.0" encoding="UTF-8"?>
<!-- Generated by org.testng.reporters.JUnitXMLReporter -->
<testsuite hostname="TR-JDGMXY2" failures="6" tests="12" name="AlertTest" time="865.312" errors="0" timestamp="7 Oct 2020 23:56:46 GMT">
  <testcase classname="com.trgr.quality.maf.tests.AlertTest" name="cancelBtnOnAlertCreatePage" time="51.058"/>
  <testcase classname="com.trgr.quality.maf.tests.AlertTest" name="predesignAlertsOnAlertCreatePage" time="58.17"/>
  <testcase classname="com.trgr.quality.maf.tests.AlertTest" name="createAnAlert" time="170.351">
    <failure type="java.lang.AssertionError" message="The following asserts failed:
	Verify Create Alert:MAFQABANG-110 expected [true] but found [false]">
      <![CDATA[java.lang.AssertionError: The following asserts failed:
	Verify Create Alert:MAFQABANG-110 expected [true] but found [false]
	at com.trgr.quality.maf.tests.AlertTest.createAnAlert(AlertTest.java:234)
... Removed 25 stack frames]]>
    </failure>
  </testcase> <!-- createAnAlert -->
  <testcase classname="com.trgr.quality.maf.tests.AlertTest" name="suspendAnExistingAlert" time="59.851"/>
  <testcase classname="com.trgr.quality.maf.tests.AlertTest" name="emptyFieldsValidation" time="64.835">
    <failure type="java.lang.AssertionError" message="The following asserts failed:
	Verify Error Message creating an alert for missing mandatory fields:MAFQABANG-114 expected [true] but found [false]">
      <![CDATA[java.lang.AssertionError: The following asserts failed:
	Verify Error Message creating an alert for missing mandatory fields:MAFQABANG-114 expected [true] but found [false]
	at com.trgr.quality.maf.tests.AlertTest.emptyFieldsValidation(AlertTest.java:445)
... Removed 25 stack frames]]>
    </failure>
  </testcase> <!-- emptyFieldsValidation -->
  <testcase classname="com.trgr.quality.maf.tests.AlertTest" name="createAlertFromSearchResultsOnLegislation" time="102.185">
    <failure type="java.lang.AssertionError" message="The following asserts failed:
	Alert created for search :freeword  &amp;apos;establecimiento permanente régimen simplificado&amp;apos; expected [true] but found [false]">
      <![CDATA[java.lang.AssertionError: The following asserts failed:
	Alert created for search :freeword  'establecimiento permanente régimen simplificado' expected [true] but found [false]
	at com.trgr.quality.maf.tests.AlertTest.createAlertFromSearchResultsOnLegislation(AlertTest.java:637)
... Removed 25 stack frames]]>
    </failure>
  </testcase> <!-- createAlertFromSearchResultsOnLegislation -->
  <testcase classname="com.trgr.quality.maf.tests.AlertTest" name="createAlertFromSearchResultsOnJurisprudence" time="114.943">
    <failure type="java.lang.AssertionError" message="The following asserts failed:
	Alert created for search :freeword  &amp;apos;CUANTIFICACIÓN DE QUINQUENIOS&amp;apos; expected [true] but found [false]">
      <![CDATA[java.lang.AssertionError: The following asserts failed:
	Alert created for search :freeword  'CUANTIFICACIÓN DE QUINQUENIOS' expected [true] but found [false]
	at com.trgr.quality.maf.tests.AlertTest.createAlertFromSearchResultsOnJurisprudence(AlertTest.java:828)
... Removed 25 stack frames]]>
    </failure>
  </testcase> <!-- createAlertFromSearchResultsOnJurisprudence -->
  <testcase classname="com.trgr.quality.maf.tests.AlertTest" name="CreateAlertFromSearchResultsFromDoctrine" time="118.408">
    <failure type="java.lang.AssertionError" message="The following asserts failed:
	Alert created for search :freeword  &amp;apos;declaración provisional&amp;apos; expected [true] but found [false]">
      <![CDATA[java.lang.AssertionError: The following asserts failed:
	Alert created for search :freeword  'declaración provisional' expected [true] but found [false]
	at com.trgr.quality.maf.tests.AlertTest.CreateAlertFromSearchResultsFromDoctrine(AlertTest.java:933)
... Removed 25 stack frames]]>
    </failure>
  </testcase> <!-- CreateAlertFromSearchResultsFromDoctrine -->
  <testcase classname="com.trgr.quality.maf.tests.AlertTest" name="CreateAlertForSearchfreeword_globalnotapplicable" time="48.52">
    <failure type="java.lang.AssertionError" message="The following asserts failed:
	Exception in Test expected [true] but found [false]">
      <![CDATA[java.lang.AssertionError: The following asserts failed:
	Exception in Test expected [true] but found [false]
	at com.trgr.quality.maf.tests.AlertTest.CreateAlertForSearchfreeword_globalnotapplicable(AlertTest.java:1043)
... Removed 25 stack frames]]>
    </failure>
  </testcase> <!-- CreateAlertForSearchfreeword_globalnotapplicable -->
  <testcase classname="com.trgr.quality.maf.tests.AlertTest" name="modifyAnExistingAlert" time="0.001">
    <skipped/>
  </testcase> <!-- modifyAnExistingAlert -->
  <testcase classname="com.trgr.quality.maf.tests.AlertTest" name="reactivateAnExistingAlert" time="0.0">
    <skipped/>
  </testcase> <!-- reactivateAnExistingAlert -->
  <testcase classname="com.trgr.quality.maf.tests.AlertTest" name="deleteExistingAlert" time="0.0">
    <skipped/>
  </testcase> <!-- deleteExistingAlert -->
</testsuite> <!-- AlertTest -->
