<?xml version="1.0" encoding="UTF-8"?>
<!-- Generated by org.testng.reporters.JUnitXMLReporter -->
<testsuite hostname="TR-JDGMXY2" failures="18" tests="18" name="DeliveryTest" time="2496.335" errors="0" timestamp="8 Oct 2020 00:38:22 GMT">
  <testcase classname="com.trgr.quality.maf.tests.DeliveryTest" name="deliveryOfResultListUsingEmailWithWordAndPDF" time="73.778">
    <failure type="java.lang.AssertionError" message="The following asserts failed:
	Exception in Test expected [true] but found [false]">
      <![CDATA[java.lang.AssertionError: The following asserts failed:
	Exception in Test expected [true] but found [false]
	at com.trgr.quality.maf.tests.DeliveryTest.deliveryOfResultListUsingEmailWithWordAndPDF(DeliveryTest.java:245)
... Removed 25 stack frames]]>
    </failure>
  </testcase> <!-- deliveryOfResultListUsingEmailWithWordAndPDF -->
  <testcase classname="com.trgr.quality.maf.tests.DeliveryTest" name="ResultListcancelDeliveryByEmail" time="2186.072">
    <failure type="java.lang.AssertionError" message="The following asserts failed:
	Exception in Test expected [true] but found [false]">
      <![CDATA[java.lang.AssertionError: The following asserts failed:
	Exception in Test expected [true] but found [false]
	at com.trgr.quality.maf.tests.DeliveryTest.ResultListcancelDeliveryByEmail(DeliveryTest.java:310)
... Removed 25 stack frames]]>
    </failure>
  </testcase> <!-- ResultListcancelDeliveryByEmail -->
  <testcase classname="com.trgr.quality.maf.tests.DeliveryTest" name="DeliveryWithInvalidEmailFormat" time="83.797">
    <failure type="java.lang.AssertionError" message="The following asserts failed:
	Exception in Test expected [true] but found [false]">
      <![CDATA[java.lang.AssertionError: The following asserts failed:
	Exception in Test expected [true] but found [false]
	at com.trgr.quality.maf.tests.DeliveryTest.DeliveryWithInvalidEmailFormat(DeliveryTest.java:406)
... Removed 25 stack frames]]>
    </failure>
  </testcase> <!-- DeliveryWithInvalidEmailFormat -->
  <testcase classname="com.trgr.quality.maf.tests.DeliveryTest" name="resultListDeliveryOptions" time="20.59">
    <failure type="java.lang.AssertionError" message="The following asserts failed:
	Exception in Test expected [true] but found [false]">
      <![CDATA[java.lang.AssertionError: The following asserts failed:
	Exception in Test expected [true] but found [false]
	at com.trgr.quality.maf.tests.DeliveryTest.resultListDeliveryOptions(DeliveryTest.java:1771)
... Removed 25 stack frames]]>
    </failure>
  </testcase> <!-- resultListDeliveryOptions -->
  <testcase classname="com.trgr.quality.maf.tests.DeliveryTest" name="exportSingleDocumentFromDocumentDisplay" time="20.485">
    <failure type="java.lang.AssertionError" message="The following asserts failed:
	Exception in Test expected [true] but found [false]">
      <![CDATA[java.lang.AssertionError: The following asserts failed:
	Exception in Test expected [true] but found [false]
	at com.trgr.quality.maf.tests.DeliveryTest.exportSingleDocumentFromDocumentDisplay(DeliveryTest.java:707)
... Removed 25 stack frames]]>
    </failure>
  </testcase> <!-- exportSingleDocumentFromDocumentDisplay -->
  <testcase classname="com.trgr.quality.maf.tests.DeliveryTest" name="docDisplayPageEmailDeliveryWithRTFFormat" time="20.454">
    <failure type="java.lang.AssertionError" message="The following asserts failed:
	Exception in Test expected [true] but found [false]">
      <![CDATA[java.lang.AssertionError: The following asserts failed:
	Exception in Test expected [true] but found [false]
	at com.trgr.quality.maf.tests.DeliveryTest.docDisplayPageEmailDeliveryWithRTFFormat(DeliveryTest.java:1004)
... Removed 25 stack frames]]>
    </failure>
  </testcase> <!-- docDisplayPageEmailDeliveryWithRTFFormat -->
  <testcase classname="com.trgr.quality.maf.tests.DeliveryTest" name="exportEmailandPrintforSingleDocument" time="20.33">
    <failure type="java.lang.AssertionError" message="The following asserts failed:
	Exception in Test expected [true] but found [false]">
      <![CDATA[java.lang.AssertionError: The following asserts failed:
	Exception in Test expected [true] but found [false]
	at com.trgr.quality.maf.tests.DeliveryTest.exportEmailandPrintforSingleDocument(DeliveryTest.java:823)
... Removed 25 stack frames]]>
    </failure>
  </testcase> <!-- exportEmailandPrintforSingleDocument -->
  <testcase classname="com.trgr.quality.maf.tests.DeliveryTest" name="docDisplayEmailDeliveryWithPDFFormat" time="0.308">
    <failure type="java.lang.AssertionError" message="The following asserts failed:
	Exception in Test expected [true] but found [false]">
      <![CDATA[java.lang.AssertionError: The following asserts failed:
	Exception in Test expected [true] but found [false]
	at com.trgr.quality.maf.tests.DeliveryTest.docDisplayEmailDeliveryWithPDFFormat(DeliveryTest.java:1067)
... Removed 25 stack frames]]>
    </failure>
  </testcase> <!-- docDisplayEmailDeliveryWithPDFFormat -->
  <testcase classname="com.trgr.quality.maf.tests.DeliveryTest" name="documentDisplayDeliveryWithInvalidEmail" time="0.317">
    <failure type="java.lang.AssertionError" message="The following asserts failed:
	Exception in Test expected [true] but found [false]">
      <![CDATA[java.lang.AssertionError: The following asserts failed:
	Exception in Test expected [true] but found [false]
	at com.trgr.quality.maf.tests.DeliveryTest.documentDisplayDeliveryWithInvalidEmail(DeliveryTest.java:1130)
... Removed 25 stack frames]]>
    </failure>
  </testcase> <!-- documentDisplayDeliveryWithInvalidEmail -->
  <testcase classname="com.trgr.quality.maf.tests.DeliveryTest" name="documentDislplayDeliveryByPrint" time="0.316">
    <failure type="java.lang.AssertionError" message="The following asserts failed:
	Exception in Test expected [true] but found [false]">
      <![CDATA[java.lang.AssertionError: The following asserts failed:
	Exception in Test expected [true] but found [false]
	at com.trgr.quality.maf.tests.DeliveryTest.documentDislplayDeliveryByPrint(DeliveryTest.java:1242)
... Removed 25 stack frames]]>
    </failure>
  </testcase> <!-- documentDislplayDeliveryByPrint -->
  <testcase classname="com.trgr.quality.maf.tests.DeliveryTest" name="deliverDocumentFromDocumentDisplayUsingPrint" time="0.324">
    <failure type="java.lang.AssertionError" message="The following asserts failed:
	Exception in Test expected [true] but found [false]">
      <![CDATA[java.lang.AssertionError: The following asserts failed:
	Exception in Test expected [true] but found [false]
	at com.trgr.quality.maf.tests.DeliveryTest.deliverDocumentFromDocumentDisplayUsingPrint(DeliveryTest.java:1321)
... Removed 25 stack frames]]>
    </failure>
  </testcase> <!-- deliverDocumentFromDocumentDisplayUsingPrint -->
  <testcase classname="com.trgr.quality.maf.tests.DeliveryTest" name="JurisprudencePageDelivery" time="0.303">
    <failure type="java.lang.AssertionError" message="The following asserts failed:
	Exception in Test expected [true] but found [false]">
      <![CDATA[java.lang.AssertionError: The following asserts failed:
	Exception in Test expected [true] but found [false]
	at com.trgr.quality.maf.tests.DeliveryTest.JurisprudencePageDelivery(DeliveryTest.java:1380)
... Removed 25 stack frames]]>
    </failure>
  </testcase> <!-- JurisprudencePageDelivery -->
  <testcase classname="com.trgr.quality.maf.tests.DeliveryTest" name="LegislationDeliveryByPrint" time="0.342">
    <failure type="java.lang.AssertionError" message="The following asserts failed:
	Exception in Test expected [true] but found [false]">
      <![CDATA[java.lang.AssertionError: The following asserts failed:
	Exception in Test expected [true] but found [false]
	at com.trgr.quality.maf.tests.DeliveryTest.LegislationDeliveryByPrint(DeliveryTest.java:1469)
... Removed 25 stack frames]]>
    </failure>
  </testcase> <!-- LegislationDeliveryByPrint -->
  <testcase classname="com.trgr.quality.maf.tests.DeliveryTest" name="deliverGlobalSearchReportUsingPrint" time="0.317">
    <failure type="java.lang.AssertionError" message="The following asserts failed:
	Exception in Test expected [true] but found [false]">
      <![CDATA[java.lang.AssertionError: The following asserts failed:
	Exception in Test expected [true] but found [false]
	at com.trgr.quality.maf.tests.DeliveryTest.deliverGlobalSearchReportUsingPrint(DeliveryTest.java:1556)
... Removed 25 stack frames]]>
    </failure>
  </testcase> <!-- deliverGlobalSearchReportUsingPrint -->
  <testcase classname="com.trgr.quality.maf.tests.DeliveryTest" name="deliverQuickSearchReportUsingPrint" time="0.331">
    <failure type="java.lang.AssertionError" message="The following asserts failed:
	Exception in Test expected [true] but found [false]">
      <![CDATA[java.lang.AssertionError: The following asserts failed:
	Exception in Test expected [true] but found [false]
	at com.trgr.quality.maf.tests.DeliveryTest.deliverQuickSearchReportUsingPrint(DeliveryTest.java:1621)
... Removed 25 stack frames]]>
    </failure>
  </testcase> <!-- deliverQuickSearchReportUsingPrint -->
  <testcase classname="com.trgr.quality.maf.tests.DeliveryTest" name="ExportSelectedWord" time="0.327">
    <failure type="java.lang.AssertionError" message="The following asserts failed:
	Exception in Test expected [true] but found [false]">
      <![CDATA[java.lang.AssertionError: The following asserts failed:
	Exception in Test expected [true] but found [false]
	at com.trgr.quality.maf.tests.DeliveryTest.ExportSelectedWord(DeliveryTest.java:938)
... Removed 25 stack frames]]>
    </failure>
  </testcase> <!-- ExportSelectedWord -->
  <testcase classname="com.trgr.quality.maf.tests.DeliveryTest" name="SingleDocumentDelivery" time="0.316">
    <failure type="java.lang.AssertionError" message="The following asserts failed:
	Exception in Test expected [true] but found [false]">
      <![CDATA[java.lang.AssertionError: The following asserts failed:
	Exception in Test expected [true] but found [false]
	at com.trgr.quality.maf.tests.DeliveryTest.SingleDocumentDelivery(DeliveryTest.java:522)
... Removed 25 stack frames]]>
    </failure>
  </testcase> <!-- SingleDocumentDelivery -->
  <testcase classname="com.trgr.quality.maf.tests.DeliveryTest" name="exportDocumentsFromResultList" time="0.316">
    <failure type="java.lang.AssertionError" message="The following asserts failed:
	Exception in Test expected [true] but found [false]">
      <![CDATA[java.lang.AssertionError: The following asserts failed:
	Exception in Test expected [true] but found [false]
	at com.trgr.quality.maf.tests.DeliveryTest.exportDocumentsFromResultList(DeliveryTest.java:619)
... Removed 25 stack frames]]>
    </failure>
  </testcase> <!-- exportDocumentsFromResultList -->
</testsuite> <!-- DeliveryTest -->
