<?xml version="1.0" encoding="UTF-8"?>
<!-- Generated by org.testng.reporters.JUnitXMLReporter -->
<testsuite hostname="TR-JDGMXY2" failures="10" tests="10" name="DoctrineSearchTest" time="575.961" errors="0" timestamp="7 Oct 2020 22:34:34 GMT">
  <testcase classname="com.trgr.quality.maf.tests.DoctrineSearchTest" name="collapseResultsToLevelOneWithSearchOnDoctrine" time="48.094">
    <failure type="java.lang.AssertionError" message="The following asserts failed:
	Exception in Test expected [true] but found [false]">
      <![CDATA[java.lang.AssertionError: The following asserts failed:
	Exception in Test expected [true] but found [false]
	at com.trgr.quality.maf.tests.DoctrineSearchTest.collapseResultsToLevelOneWithSearchOnDoctrine(DoctrineSearchTest.java:638)
... Removed 25 stack frames]]>
    </failure>
  </testcase> <!-- collapseResultsToLevelOneWithSearchOnDoctrine -->
  <testcase classname="com.trgr.quality.maf.tests.DoctrineSearchTest" name="filterByYearAndReturnToResultListWithSearchOnDoctrine" time="48.148">
    <failure type="java.lang.AssertionError" message="The following asserts failed:
	Exception in Test expected [true] but found [false]">
      <![CDATA[java.lang.AssertionError: The following asserts failed:
	Exception in Test expected [true] but found [false]
	at com.trgr.quality.maf.tests.DoctrineSearchTest.filterByYearAndReturnToResultListWithSearchOnDoctrine(DoctrineSearchTest.java:721)
... Removed 25 stack frames]]>
    </failure>
  </testcase> <!-- filterByYearAndReturnToResultListWithSearchOnDoctrine -->
  <testcase classname="com.trgr.quality.maf.tests.DoctrineSearchTest" name="filterSearchResultsforAdvSearchDoctrine" time="86.212">
    <failure type="java.lang.AssertionError" message="The following asserts failed:
	Exception in Test expected [true] but found [false]">
      <![CDATA[java.lang.AssertionError: The following asserts failed:
	Exception in Test expected [true] but found [false]
	at com.trgr.quality.maf.tests.DoctrineSearchTest.filterSearchResultsforAdvSearchDoctrine(DoctrineSearchTest.java:809)
... Removed 25 stack frames]]>
    </failure>
  </testcase> <!-- filterSearchResultsforAdvSearchDoctrine -->
  <testcase classname="com.trgr.quality.maf.tests.DoctrineSearchTest" name="itemizedListForMaquilaOperationOnDoctrineDoc" time="50.124">
    <failure type="java.lang.AssertionError" message="The following asserts failed:
	Exception in Test expected [true] but found [false]">
      <![CDATA[java.lang.AssertionError: The following asserts failed:
	Exception in Test expected [true] but found [false]
	at com.trgr.quality.maf.tests.DoctrineSearchTest.itemizedListForMaquilaOperationOnDoctrineDoc(DoctrineSearchTest.java:944)
... Removed 25 stack frames]]>
    </failure>
  </testcase> <!-- itemizedListForMaquilaOperationOnDoctrineDoc -->
  <testcase classname="com.trgr.quality.maf.tests.DoctrineSearchTest" name="removeResultsFacet" time="48.845">
    <failure type="java.lang.AssertionError" message="The following asserts failed:
	Exception in Test expected [true] but found [false]">
      <![CDATA[java.lang.AssertionError: The following asserts failed:
	Exception in Test expected [true] but found [false]
	at com.trgr.quality.maf.tests.DoctrineSearchTest.removeResultsFacet(DoctrineSearchTest.java:874)
... Removed 25 stack frames]]>
    </failure>
  </testcase> <!-- removeResultsFacet -->
  <testcase classname="com.trgr.quality.maf.tests.DoctrineSearchTest" name="searchDoctrineAndVerifySearchwithin" time="70.211">
    <failure type="java.lang.AssertionError" message="The following asserts failed:
	Exception in Test expected [true] but found [false]">
      <![CDATA[java.lang.AssertionError: The following asserts failed:
	Exception in Test expected [true] but found [false]
	at com.trgr.quality.maf.tests.DoctrineSearchTest.searchDoctrineAndVerifySearchwithin(DoctrineSearchTest.java:359)
... Removed 25 stack frames]]>
    </failure>
  </testcase> <!-- searchDoctrineAndVerifySearchwithin -->
  <testcase classname="com.trgr.quality.maf.tests.DoctrineSearchTest" name="searchDoctrineUsingAuthorAndFreeword" time="48.188">
    <failure type="java.lang.AssertionError" message="The following asserts failed:
	Exception in Test expected [true] but found [false]">
      <![CDATA[java.lang.AssertionError: The following asserts failed:
	Exception in Test expected [true] but found [false]
	at com.trgr.quality.maf.tests.DoctrineSearchTest.searchDoctrineUsingAuthorAndFreeword(DoctrineSearchTest.java:145)
... Removed 25 stack frames]]>
    </failure>
  </testcase> <!-- searchDoctrineUsingAuthorAndFreeword -->
  <testcase classname="com.trgr.quality.maf.tests.DoctrineSearchTest" name="searchDoctrineUsingFilterbyYear" time="48.629">
    <failure type="java.lang.AssertionError" message="The following asserts failed:
	Exception in Test expected [true] but found [false]">
      <![CDATA[java.lang.AssertionError: The following asserts failed:
	Exception in Test expected [true] but found [false]
	at com.trgr.quality.maf.tests.DoctrineSearchTest.searchDoctrineUsingFilterbyYear(DoctrineSearchTest.java:210)
... Removed 25 stack frames]]>
    </failure>
  </testcase> <!-- searchDoctrineUsingFilterbyYear -->
  <testcase classname="com.trgr.quality.maf.tests.DoctrineSearchTest" name="searchDoctrineUsingMonthYear" time="50.151">
    <failure type="java.lang.AssertionError" message="The following asserts failed:
	Exception in Test expected [true] but found [false]">
      <![CDATA[java.lang.AssertionError: The following asserts failed:
	Exception in Test expected [true] but found [false]
	at com.trgr.quality.maf.tests.DoctrineSearchTest.searchDoctrineUsingMonthYear(DoctrineSearchTest.java:268)
... Removed 25 stack frames]]>
    </failure>
  </testcase> <!-- searchDoctrineUsingMonthYear -->
  <testcase classname="com.trgr.quality.maf.tests.DoctrineSearchTest" name="searchDoctrineusingAuthor" time="48.097">
    <failure type="java.lang.AssertionError" message="The following asserts failed:
	Exception in Test expected [true] but found [false]">
      <![CDATA[java.lang.AssertionError: The following asserts failed:
	Exception in Test expected [true] but found [false]
	at com.trgr.quality.maf.tests.DoctrineSearchTest.searchDoctrineusingAuthor(DoctrineSearchTest.java:415)
... Removed 25 stack frames]]>
    </failure>
  </testcase> <!-- searchDoctrineusingAuthor -->
</testsuite> <!-- DoctrineSearchTest -->
