<html>
<head>
<title>TestNG:  DocumentDisplayTest</title>
<link href="../testng.css" rel="stylesheet" type="text/css" />
<link href="../my-testng.css" rel="stylesheet" type="text/css" />

<style type="text/css">
.log { display: none;} 
.stack-trace { display: none;} 
</style>
<script type="text/javascript">
<!--
function flip(e) {
  current = e.style.display;
  if (current == 'block') {
    e.style.display = 'none';
    return 0;
  }
  else {
    e.style.display = 'block';
    return 1;
  }
}

function toggleBox(szDivId, elem, msg1, msg2)
{
  var res = -1;  if (document.getElementById) {
    res = flip(document.getElementById(szDivId));
  }
  else if (document.all) {
    // this is the way old msie versions work
    res = flip(document.all[szDivId]);
  }
  if(elem) {
    if(res == 0) elem.innerHTML = msg1; else elem.innerHTML = msg2;
  }

}

function toggleAllBoxes() {
  if (document.getElementsByTagName) {
    d = document.getElementsByTagName('div');
    for (i = 0; i < d.length; i++) {
      if (d[i].className == 'log') {
        flip(d[i]);
      }
    }
  }
}

// -->
</script>

</head>
<body>
<h2 align='center'>DocumentDisplayTest</h2><table border='1' align="center">
<tr>
<td>Tests passed/Failed/Skipped:</td><td>12/25/0</td>
</tr><tr>
<td>Started on:</td><td>Wed Oct 07 17:44:58 ART 2020</td>
</tr>
<tr><td>Total time:</td><td>6000 seconds (6000663 ms)</td>
</tr><tr>
<td>Included groups:</td><td>chpmex </td>
</tr><tr>
<td>Excluded groups:</td><td></td>
</tr>
</table><p/>
<small><i>(Hover the method name to see the test class name)</i></small><p/>
<table width='100%' border='1' class='invocation-failed'>
<tr><td colspan='4' align='center'><b>FAILED TESTS</b></td></tr>
<tr><td><b>Test method</b></td>
<td width="30%"><b>Exception</b></td>
<td width="10%"><b>Time (seconds)</b></td>
<td><b>Instance</b></td>
</tr>
<tr>
<td title='com.trgr.quality.maf.tests.DocumentDisplayTest.LegislationReformsAndContentTree()'><b>LegislationReformsAndContentTree</b><br>Test class: com.trgr.quality.maf.tests.DocumentDisplayTest<br>Test method: MAFAUTO-126</td>
<td><div><pre>java.lang.AssertionError: The following asserts failed:
	MAFAUTO-126:Fetching Document from tree view expected [true] but found [false],
	MAFAUTO-126:Legislation - Document Display - Legislation Versions (Combo Histórico Legislativo) : Latest Reform option is available with Tootip message expected [true] but found [false],
	MAFAUTO-126:Legislation - Document Display - Legislation Versions (Combo Histórico Legislativo) : Left panel displays History and Date  expected [true] but found [false],
	MAFAUTO-126:Legislation - Document Display - Legislation Versions (Combo Histórico Legislativo) : Left panel displays related documents expected [true] but found [false],
	MAFAUTO-126:Legislation - Document Display - Legislation Versions (Combo Histórico Legislativo) : First Item in related Document is not a link expected [true] but found [false],
	MAFAUTO-126:Legislation - Document Display - Legislation Versions (Combo Histórico Legislativo) : Second Item in related Document is a link expected [true] but found [false]
	at com.trgr.quality.maf.tests.DocumentDisplayTest.LegislationReformsAndContentTree(DocumentDisplayTest.java:2843)
... Removed 25 stack frames</pre></div><a href='#' onClick='toggleBox("stack-trace1652393238", this, "Click to show all stack frames", "Click to hide stack frames")'>Click to show all stack frames</a>
<div class='stack-trace' id='stack-trace1652393238'><pre>java.lang.AssertionError: The following asserts failed:
	MAFAUTO-126:Fetching Document from tree view expected [true] but found [false],
	MAFAUTO-126:Legislation - Document Display - Legislation Versions (Combo Histórico Legislativo) : Latest Reform option is available with Tootip message expected [true] but found [false],
	MAFAUTO-126:Legislation - Document Display - Legislation Versions (Combo Histórico Legislativo) : Left panel displays History and Date  expected [true] but found [false],
	MAFAUTO-126:Legislation - Document Display - Legislation Versions (Combo Histórico Legislativo) : Left panel displays related documents expected [true] but found [false],
	MAFAUTO-126:Legislation - Document Display - Legislation Versions (Combo Histórico Legislativo) : First Item in related Document is not a link expected [true] but found [false],
	MAFAUTO-126:Legislation - Document Display - Legislation Versions (Combo Histórico Legislativo) : Second Item in related Document is a link expected [true] but found [false]
	at org.testng.asserts.SoftAssert.assertAll(SoftAssert.java:43)
	at com.trgr.quality.maf.tests.DocumentDisplayTest.LegislationReformsAndContentTree(DocumentDisplayTest.java:2843)
	at java.base/jdk.internal.reflect.NativeMethodAccessorImpl.invoke0(Native Method)
	at java.base/jdk.internal.reflect.NativeMethodAccessorImpl.invoke(NativeMethodAccessorImpl.java:62)
	at java.base/jdk.internal.reflect.DelegatingMethodAccessorImpl.invoke(DelegatingMethodAccessorImpl.java:43)
	at java.base/java.lang.reflect.Method.invoke(Method.java:564)
	at org.testng.internal.MethodInvocationHelper.invokeMethod(MethodInvocationHelper.java:86)
	at org.testng.internal.Invoker.invokeMethod(Invoker.java:643)
	at org.testng.internal.Invoker.invokeTestMethod(Invoker.java:820)
	at org.testng.internal.Invoker.invokeTestMethods(Invoker.java:1128)
	at org.testng.internal.TestMethodWorker.invokeTestMethods(TestMethodWorker.java:129)
	at org.testng.internal.TestMethodWorker.run(TestMethodWorker.java:112)
	at org.testng.TestRunner.privateRun(TestRunner.java:782)
	at org.testng.TestRunner.run(TestRunner.java:632)
	at org.testng.SuiteRunner.runTest(SuiteRunner.java:366)
	at org.testng.SuiteRunner.runSequentially(SuiteRunner.java:361)
	at org.testng.SuiteRunner.privateRun(SuiteRunner.java:319)
	at org.testng.SuiteRunner.run(SuiteRunner.java:268)
	at org.testng.SuiteRunnerWorker.runSuite(SuiteRunnerWorker.java:52)
	at org.testng.SuiteRunnerWorker.run(SuiteRunnerWorker.java:86)
	at org.testng.TestNG.runSuitesSequentially(TestNG.java:1244)
	at org.testng.TestNG.runSuitesLocally(TestNG.java:1169)
	at org.testng.TestNG.run(TestNG.java:1064)
	at org.testng.remote.AbstractRemoteTestNG.run(AbstractRemoteTestNG.java:115)
	at org.testng.remote.RemoteTestNG.initAndRun(RemoteTestNG.java:251)
	at org.testng.remote.RemoteTestNG.main(RemoteTestNG.java:77)
</pre></div></td>
<td>552</td>
<td>com.trgr.quality.maf.tests.DocumentDisplayTest@53fe15ff</td></tr>
<tr>
<td title='com.trgr.quality.maf.tests.DocumentDisplayTest.corelationVersionPopupComparison()'><b>corelationVersionPopupComparison</b><br>Test class: com.trgr.quality.maf.tests.DocumentDisplayTest<br>Test method: MAFAUTO-252</td>
<td><div><pre>java.lang.AssertionError: The following asserts failed:
	MAFAUTO-252 : Legislation - Tooltip - Add Help icon when versions of articles are compared : Document Display expected [true] but found [false],
	MAFAUTO-252 : Legislation - Tooltip - Add Help icon when versions of articles are compared expected [true] but found [false]
	at com.trgr.quality.maf.tests.DocumentDisplayTest.corelationVersionPopupComparison(DocumentDisplayTest.java:3837)
... Removed 25 stack frames</pre></div><a href='#' onClick='toggleBox("stack-trace1618180899", this, "Click to show all stack frames", "Click to hide stack frames")'>Click to show all stack frames</a>
<div class='stack-trace' id='stack-trace1618180899'><pre>java.lang.AssertionError: The following asserts failed:
	MAFAUTO-252 : Legislation - Tooltip - Add Help icon when versions of articles are compared : Document Display expected [true] but found [false],
	MAFAUTO-252 : Legislation - Tooltip - Add Help icon when versions of articles are compared expected [true] but found [false]
	at org.testng.asserts.SoftAssert.assertAll(SoftAssert.java:43)
	at com.trgr.quality.maf.tests.DocumentDisplayTest.corelationVersionPopupComparison(DocumentDisplayTest.java:3837)
	at java.base/jdk.internal.reflect.NativeMethodAccessorImpl.invoke0(Native Method)
	at java.base/jdk.internal.reflect.NativeMethodAccessorImpl.invoke(NativeMethodAccessorImpl.java:62)
	at java.base/jdk.internal.reflect.DelegatingMethodAccessorImpl.invoke(DelegatingMethodAccessorImpl.java:43)
	at java.base/java.lang.reflect.Method.invoke(Method.java:564)
	at org.testng.internal.MethodInvocationHelper.invokeMethod(MethodInvocationHelper.java:86)
	at org.testng.internal.Invoker.invokeMethod(Invoker.java:643)
	at org.testng.internal.Invoker.invokeTestMethod(Invoker.java:820)
	at org.testng.internal.Invoker.invokeTestMethods(Invoker.java:1128)
	at org.testng.internal.TestMethodWorker.invokeTestMethods(TestMethodWorker.java:129)
	at org.testng.internal.TestMethodWorker.run(TestMethodWorker.java:112)
	at org.testng.TestRunner.privateRun(TestRunner.java:782)
	at org.testng.TestRunner.run(TestRunner.java:632)
	at org.testng.SuiteRunner.runTest(SuiteRunner.java:366)
	at org.testng.SuiteRunner.runSequentially(SuiteRunner.java:361)
	at org.testng.SuiteRunner.privateRun(SuiteRunner.java:319)
	at org.testng.SuiteRunner.run(SuiteRunner.java:268)
	at org.testng.SuiteRunnerWorker.runSuite(SuiteRunnerWorker.java:52)
	at org.testng.SuiteRunnerWorker.run(SuiteRunnerWorker.java:86)
	at org.testng.TestNG.runSuitesSequentially(TestNG.java:1244)
	at org.testng.TestNG.runSuitesLocally(TestNG.java:1169)
	at org.testng.TestNG.run(TestNG.java:1064)
	at org.testng.remote.AbstractRemoteTestNG.run(AbstractRemoteTestNG.java:115)
	at org.testng.remote.RemoteTestNG.initAndRun(RemoteTestNG.java:251)
	at org.testng.remote.RemoteTestNG.main(RemoteTestNG.java:77)
</pre></div></td>
<td>494</td>
<td>com.trgr.quality.maf.tests.DocumentDisplayTest@53fe15ff</td></tr>
<tr>
<td title='com.trgr.quality.maf.tests.DocumentDisplayTest.deliveryOfJurisprudenceDocument()'><b>deliveryOfJurisprudenceDocument</b><br>Test class: com.trgr.quality.maf.tests.DocumentDisplayTest<br>Test method: MAFAUTO-113</td>
<td><div><pre>java.lang.AssertionError: The following asserts failed:
	MAFAUTO-113Document Display - Delivery for Jurisprudence document expected [true] but found [false],
	Exception in Test expected [true] but found [false]
	at com.trgr.quality.maf.tests.DocumentDisplayTest.deliveryOfJurisprudenceDocument(DocumentDisplayTest.java:2642)
... Removed 25 stack frames</pre></div><a href='#' onClick='toggleBox("stack-trace1996556848", this, "Click to show all stack frames", "Click to hide stack frames")'>Click to show all stack frames</a>
<div class='stack-trace' id='stack-trace1996556848'><pre>java.lang.AssertionError: The following asserts failed:
	MAFAUTO-113Document Display - Delivery for Jurisprudence document expected [true] but found [false],
	Exception in Test expected [true] but found [false]
	at org.testng.asserts.SoftAssert.assertAll(SoftAssert.java:43)
	at com.trgr.quality.maf.tests.DocumentDisplayTest.deliveryOfJurisprudenceDocument(DocumentDisplayTest.java:2642)
	at java.base/jdk.internal.reflect.NativeMethodAccessorImpl.invoke0(Native Method)
	at java.base/jdk.internal.reflect.NativeMethodAccessorImpl.invoke(NativeMethodAccessorImpl.java:62)
	at java.base/jdk.internal.reflect.DelegatingMethodAccessorImpl.invoke(DelegatingMethodAccessorImpl.java:43)
	at java.base/java.lang.reflect.Method.invoke(Method.java:564)
	at org.testng.internal.MethodInvocationHelper.invokeMethod(MethodInvocationHelper.java:86)
	at org.testng.internal.Invoker.invokeMethod(Invoker.java:643)
	at org.testng.internal.Invoker.invokeTestMethod(Invoker.java:820)
	at org.testng.internal.Invoker.invokeTestMethods(Invoker.java:1128)
	at org.testng.internal.TestMethodWorker.invokeTestMethods(TestMethodWorker.java:129)
	at org.testng.internal.TestMethodWorker.run(TestMethodWorker.java:112)
	at org.testng.TestRunner.privateRun(TestRunner.java:782)
	at org.testng.TestRunner.run(TestRunner.java:632)
	at org.testng.SuiteRunner.runTest(SuiteRunner.java:366)
	at org.testng.SuiteRunner.runSequentially(SuiteRunner.java:361)
	at org.testng.SuiteRunner.privateRun(SuiteRunner.java:319)
	at org.testng.SuiteRunner.run(SuiteRunner.java:268)
	at org.testng.SuiteRunnerWorker.runSuite(SuiteRunnerWorker.java:52)
	at org.testng.SuiteRunnerWorker.run(SuiteRunnerWorker.java:86)
	at org.testng.TestNG.runSuitesSequentially(TestNG.java:1244)
	at org.testng.TestNG.runSuitesLocally(TestNG.java:1169)
	at org.testng.TestNG.run(TestNG.java:1064)
	at org.testng.remote.AbstractRemoteTestNG.run(AbstractRemoteTestNG.java:115)
	at org.testng.remote.RemoteTestNG.initAndRun(RemoteTestNG.java:251)
	at org.testng.remote.RemoteTestNG.main(RemoteTestNG.java:77)
</pre></div></td>
<td>299</td>
<td>com.trgr.quality.maf.tests.DocumentDisplayTest@53fe15ff</td></tr>
<tr>
<td title='com.trgr.quality.maf.tests.DocumentDisplayTest.deliveryUsingPrintAndExportOnDocDisplay()'><b>deliveryUsingPrintAndExportOnDocDisplay</b><br>Test class: com.trgr.quality.maf.tests.DocumentDisplayTest<br>Test method: MAFAUTO-118</td>
<td><div><pre>java.lang.AssertionError: The following asserts failed:
	Exception in Test expected [true] but found [false]
	at com.trgr.quality.maf.tests.DocumentDisplayTest.deliveryUsingPrintAndExportOnDocDisplay(DocumentDisplayTest.java:2522)
... Removed 25 stack frames</pre></div><a href='#' onClick='toggleBox("stack-trace847839957", this, "Click to show all stack frames", "Click to hide stack frames")'>Click to show all stack frames</a>
<div class='stack-trace' id='stack-trace847839957'><pre>java.lang.AssertionError: The following asserts failed:
	Exception in Test expected [true] but found [false]
	at org.testng.asserts.SoftAssert.assertAll(SoftAssert.java:43)
	at com.trgr.quality.maf.tests.DocumentDisplayTest.deliveryUsingPrintAndExportOnDocDisplay(DocumentDisplayTest.java:2522)
	at java.base/jdk.internal.reflect.NativeMethodAccessorImpl.invoke0(Native Method)
	at java.base/jdk.internal.reflect.NativeMethodAccessorImpl.invoke(NativeMethodAccessorImpl.java:62)
	at java.base/jdk.internal.reflect.DelegatingMethodAccessorImpl.invoke(DelegatingMethodAccessorImpl.java:43)
	at java.base/java.lang.reflect.Method.invoke(Method.java:564)
	at org.testng.internal.MethodInvocationHelper.invokeMethod(MethodInvocationHelper.java:86)
	at org.testng.internal.Invoker.invokeMethod(Invoker.java:643)
	at org.testng.internal.Invoker.invokeTestMethod(Invoker.java:820)
	at org.testng.internal.Invoker.invokeTestMethods(Invoker.java:1128)
	at org.testng.internal.TestMethodWorker.invokeTestMethods(TestMethodWorker.java:129)
	at org.testng.internal.TestMethodWorker.run(TestMethodWorker.java:112)
	at org.testng.TestRunner.privateRun(TestRunner.java:782)
	at org.testng.TestRunner.run(TestRunner.java:632)
	at org.testng.SuiteRunner.runTest(SuiteRunner.java:366)
	at org.testng.SuiteRunner.runSequentially(SuiteRunner.java:361)
	at org.testng.SuiteRunner.privateRun(SuiteRunner.java:319)
	at org.testng.SuiteRunner.run(SuiteRunner.java:268)
	at org.testng.SuiteRunnerWorker.runSuite(SuiteRunnerWorker.java:52)
	at org.testng.SuiteRunnerWorker.run(SuiteRunnerWorker.java:86)
	at org.testng.TestNG.runSuitesSequentially(TestNG.java:1244)
	at org.testng.TestNG.runSuitesLocally(TestNG.java:1169)
	at org.testng.TestNG.run(TestNG.java:1064)
	at org.testng.remote.AbstractRemoteTestNG.run(AbstractRemoteTestNG.java:115)
	at org.testng.remote.RemoteTestNG.initAndRun(RemoteTestNG.java:251)
	at org.testng.remote.RemoteTestNG.main(RemoteTestNG.java:77)
</pre></div></td>
<td>53</td>
<td>com.trgr.quality.maf.tests.DocumentDisplayTest@53fe15ff</td></tr>
<tr>
<td title='com.trgr.quality.maf.tests.DocumentDisplayTest.displayDocumentForDoctrine()'><b>displayDocumentForDoctrine</b><br>Test class: com.trgr.quality.maf.tests.DocumentDisplayTest<br>Test method: MAFAUTO-117</td>
<td><div><pre>java.lang.AssertionError: The following asserts failed:
	Exception in Test expected [true] but found [false]
	at com.trgr.quality.maf.tests.DocumentDisplayTest.displayDocumentForDoctrine(DocumentDisplayTest.java:2444)
... Removed 25 stack frames</pre></div><a href='#' onClick='toggleBox("stack-trace1311884268", this, "Click to show all stack frames", "Click to hide stack frames")'>Click to show all stack frames</a>
<div class='stack-trace' id='stack-trace1311884268'><pre>java.lang.AssertionError: The following asserts failed:
	Exception in Test expected [true] but found [false]
	at org.testng.asserts.SoftAssert.assertAll(SoftAssert.java:43)
	at com.trgr.quality.maf.tests.DocumentDisplayTest.displayDocumentForDoctrine(DocumentDisplayTest.java:2444)
	at java.base/jdk.internal.reflect.NativeMethodAccessorImpl.invoke0(Native Method)
	at java.base/jdk.internal.reflect.NativeMethodAccessorImpl.invoke(NativeMethodAccessorImpl.java:62)
	at java.base/jdk.internal.reflect.DelegatingMethodAccessorImpl.invoke(DelegatingMethodAccessorImpl.java:43)
	at java.base/java.lang.reflect.Method.invoke(Method.java:564)
	at org.testng.internal.MethodInvocationHelper.invokeMethod(MethodInvocationHelper.java:86)
	at org.testng.internal.Invoker.invokeMethod(Invoker.java:643)
	at org.testng.internal.Invoker.invokeTestMethod(Invoker.java:820)
	at org.testng.internal.Invoker.invokeTestMethods(Invoker.java:1128)
	at org.testng.internal.TestMethodWorker.invokeTestMethods(TestMethodWorker.java:129)
	at org.testng.internal.TestMethodWorker.run(TestMethodWorker.java:112)
	at org.testng.TestRunner.privateRun(TestRunner.java:782)
	at org.testng.TestRunner.run(TestRunner.java:632)
	at org.testng.SuiteRunner.runTest(SuiteRunner.java:366)
	at org.testng.SuiteRunner.runSequentially(SuiteRunner.java:361)
	at org.testng.SuiteRunner.privateRun(SuiteRunner.java:319)
	at org.testng.SuiteRunner.run(SuiteRunner.java:268)
	at org.testng.SuiteRunnerWorker.runSuite(SuiteRunnerWorker.java:52)
	at org.testng.SuiteRunnerWorker.run(SuiteRunnerWorker.java:86)
	at org.testng.TestNG.runSuitesSequentially(TestNG.java:1244)
	at org.testng.TestNG.runSuitesLocally(TestNG.java:1169)
	at org.testng.TestNG.run(TestNG.java:1064)
	at org.testng.remote.AbstractRemoteTestNG.run(AbstractRemoteTestNG.java:115)
	at org.testng.remote.RemoteTestNG.initAndRun(RemoteTestNG.java:251)
	at org.testng.remote.RemoteTestNG.main(RemoteTestNG.java:77)
</pre></div></td>
<td>52</td>
<td>com.trgr.quality.maf.tests.DocumentDisplayTest@53fe15ff</td></tr>
<tr>
<td title='com.trgr.quality.maf.tests.DocumentDisplayTest.displayOfDocumentDisplayPage()'><b>displayOfDocumentDisplayPage</b><br>Test class: com.trgr.quality.maf.tests.DocumentDisplayTest<br>Test method: MAFAUTO-181</td>
<td><div><pre>java.lang.AssertionError: The following asserts failed:
	MAFAUTO-181:Search failed : expected [true] but found [false]
	at com.trgr.quality.maf.tests.DocumentDisplayTest.displayOfDocumentDisplayPage(DocumentDisplayTest.java:1963)
... Removed 25 stack frames</pre></div><a href='#' onClick='toggleBox("stack-trace607526140", this, "Click to show all stack frames", "Click to hide stack frames")'>Click to show all stack frames</a>
<div class='stack-trace' id='stack-trace607526140'><pre>java.lang.AssertionError: The following asserts failed:
	MAFAUTO-181:Search failed : expected [true] but found [false]
	at org.testng.asserts.SoftAssert.assertAll(SoftAssert.java:43)
	at com.trgr.quality.maf.tests.DocumentDisplayTest.displayOfDocumentDisplayPage(DocumentDisplayTest.java:1963)
	at java.base/jdk.internal.reflect.NativeMethodAccessorImpl.invoke0(Native Method)
	at java.base/jdk.internal.reflect.NativeMethodAccessorImpl.invoke(NativeMethodAccessorImpl.java:62)
	at java.base/jdk.internal.reflect.DelegatingMethodAccessorImpl.invoke(DelegatingMethodAccessorImpl.java:43)
	at java.base/java.lang.reflect.Method.invoke(Method.java:564)
	at org.testng.internal.MethodInvocationHelper.invokeMethod(MethodInvocationHelper.java:86)
	at org.testng.internal.Invoker.invokeMethod(Invoker.java:643)
	at org.testng.internal.Invoker.invokeTestMethod(Invoker.java:820)
	at org.testng.internal.Invoker.invokeTestMethods(Invoker.java:1128)
	at org.testng.internal.TestMethodWorker.invokeTestMethods(TestMethodWorker.java:129)
	at org.testng.internal.TestMethodWorker.run(TestMethodWorker.java:112)
	at org.testng.TestRunner.privateRun(TestRunner.java:782)
	at org.testng.TestRunner.run(TestRunner.java:632)
	at org.testng.SuiteRunner.runTest(SuiteRunner.java:366)
	at org.testng.SuiteRunner.runSequentially(SuiteRunner.java:361)
	at org.testng.SuiteRunner.privateRun(SuiteRunner.java:319)
	at org.testng.SuiteRunner.run(SuiteRunner.java:268)
	at org.testng.SuiteRunnerWorker.runSuite(SuiteRunnerWorker.java:52)
	at org.testng.SuiteRunnerWorker.run(SuiteRunnerWorker.java:86)
	at org.testng.TestNG.runSuitesSequentially(TestNG.java:1244)
	at org.testng.TestNG.runSuitesLocally(TestNG.java:1169)
	at org.testng.TestNG.run(TestNG.java:1064)
	at org.testng.remote.AbstractRemoteTestNG.run(AbstractRemoteTestNG.java:115)
	at org.testng.remote.RemoteTestNG.initAndRun(RemoteTestNG.java:251)
	at org.testng.remote.RemoteTestNG.main(RemoteTestNG.java:77)
</pre></div></td>
<td>81</td>
<td>com.trgr.quality.maf.tests.DocumentDisplayTest@53fe15ff</td></tr>
<tr>
<td title='com.trgr.quality.maf.tests.DocumentDisplayTest.displayOfTabOnFormsSearch()'><b>displayOfTabOnFormsSearch</b><br>Test class: com.trgr.quality.maf.tests.DocumentDisplayTest<br>Test method: MAFAUTO-214</td>
<td><div><pre>java.lang.AssertionError: Exception in Test expected [true] but found [false]
	at com.trgr.quality.maf.tests.DocumentDisplayTest.displayOfTabOnFormsSearch(DocumentDisplayTest.java:3093)
... Removed 27 stack frames</pre></div><a href='#' onClick='toggleBox("stack-trace1261257916", this, "Click to show all stack frames", "Click to hide stack frames")'>Click to show all stack frames</a>
<div class='stack-trace' id='stack-trace1261257916'><pre>java.lang.AssertionError: Exception in Test expected [true] but found [false]
	at org.testng.Assert.fail(Assert.java:94)
	at org.testng.Assert.failNotEquals(Assert.java:513)
	at org.testng.Assert.assertTrue(Assert.java:42)
	at com.trgr.quality.maf.tests.DocumentDisplayTest.displayOfTabOnFormsSearch(DocumentDisplayTest.java:3093)
	at java.base/jdk.internal.reflect.NativeMethodAccessorImpl.invoke0(Native Method)
	at java.base/jdk.internal.reflect.NativeMethodAccessorImpl.invoke(NativeMethodAccessorImpl.java:62)
	at java.base/jdk.internal.reflect.DelegatingMethodAccessorImpl.invoke(DelegatingMethodAccessorImpl.java:43)
	at java.base/java.lang.reflect.Method.invoke(Method.java:564)
	at org.testng.internal.MethodInvocationHelper.invokeMethod(MethodInvocationHelper.java:86)
	at org.testng.internal.Invoker.invokeMethod(Invoker.java:643)
	at org.testng.internal.Invoker.invokeTestMethod(Invoker.java:820)
	at org.testng.internal.Invoker.invokeTestMethods(Invoker.java:1128)
	at org.testng.internal.TestMethodWorker.invokeTestMethods(TestMethodWorker.java:129)
	at org.testng.internal.TestMethodWorker.run(TestMethodWorker.java:112)
	at org.testng.TestRunner.privateRun(TestRunner.java:782)
	at org.testng.TestRunner.run(TestRunner.java:632)
	at org.testng.SuiteRunner.runTest(SuiteRunner.java:366)
	at org.testng.SuiteRunner.runSequentially(SuiteRunner.java:361)
	at org.testng.SuiteRunner.privateRun(SuiteRunner.java:319)
	at org.testng.SuiteRunner.run(SuiteRunner.java:268)
	at org.testng.SuiteRunnerWorker.runSuite(SuiteRunnerWorker.java:52)
	at org.testng.SuiteRunnerWorker.run(SuiteRunnerWorker.java:86)
	at org.testng.TestNG.runSuitesSequentially(TestNG.java:1244)
	at org.testng.TestNG.runSuitesLocally(TestNG.java:1169)
	at org.testng.TestNG.run(TestNG.java:1064)
	at org.testng.remote.AbstractRemoteTestNG.run(AbstractRemoteTestNG.java:115)
	at org.testng.remote.RemoteTestNG.initAndRun(RemoteTestNG.java:251)
	at org.testng.remote.RemoteTestNG.main(RemoteTestNG.java:77)
</pre></div></td>
<td>50</td>
<td>com.trgr.quality.maf.tests.DocumentDisplayTest@53fe15ff</td></tr>
<tr>
<td title='com.trgr.quality.maf.tests.DocumentDisplayTest.documentDisplayForDoctrinaAndJurisprudence()'><b>documentDisplayForDoctrinaAndJurisprudence</b><br>Test class: com.trgr.quality.maf.tests.DocumentDisplayTest<br>Test method: MAFQABANG-77</td>
<td><div><pre>java.lang.AssertionError: The following asserts failed:
	Exception in Test expected [true] but found [false]
	at com.trgr.quality.maf.tests.DocumentDisplayTest.documentDisplayForDoctrinaAndJurisprudence(DocumentDisplayTest.java:360)
... Removed 25 stack frames</pre></div><a href='#' onClick='toggleBox("stack-trace1022251996", this, "Click to show all stack frames", "Click to hide stack frames")'>Click to show all stack frames</a>
<div class='stack-trace' id='stack-trace1022251996'><pre>java.lang.AssertionError: The following asserts failed:
	Exception in Test expected [true] but found [false]
	at org.testng.asserts.SoftAssert.assertAll(SoftAssert.java:43)
	at com.trgr.quality.maf.tests.DocumentDisplayTest.documentDisplayForDoctrinaAndJurisprudence(DocumentDisplayTest.java:360)
	at java.base/jdk.internal.reflect.NativeMethodAccessorImpl.invoke0(Native Method)
	at java.base/jdk.internal.reflect.NativeMethodAccessorImpl.invoke(NativeMethodAccessorImpl.java:62)
	at java.base/jdk.internal.reflect.DelegatingMethodAccessorImpl.invoke(DelegatingMethodAccessorImpl.java:43)
	at java.base/java.lang.reflect.Method.invoke(Method.java:564)
	at org.testng.internal.MethodInvocationHelper.invokeMethod(MethodInvocationHelper.java:86)
	at org.testng.internal.Invoker.invokeMethod(Invoker.java:643)
	at org.testng.internal.Invoker.invokeTestMethod(Invoker.java:820)
	at org.testng.internal.Invoker.invokeTestMethods(Invoker.java:1128)
	at org.testng.internal.TestMethodWorker.invokeTestMethods(TestMethodWorker.java:129)
	at org.testng.internal.TestMethodWorker.run(TestMethodWorker.java:112)
	at org.testng.TestRunner.privateRun(TestRunner.java:782)
	at org.testng.TestRunner.run(TestRunner.java:632)
	at org.testng.SuiteRunner.runTest(SuiteRunner.java:366)
	at org.testng.SuiteRunner.runSequentially(SuiteRunner.java:361)
	at org.testng.SuiteRunner.privateRun(SuiteRunner.java:319)
	at org.testng.SuiteRunner.run(SuiteRunner.java:268)
	at org.testng.SuiteRunnerWorker.runSuite(SuiteRunnerWorker.java:52)
	at org.testng.SuiteRunnerWorker.run(SuiteRunnerWorker.java:86)
	at org.testng.TestNG.runSuitesSequentially(TestNG.java:1244)
	at org.testng.TestNG.runSuitesLocally(TestNG.java:1169)
	at org.testng.TestNG.run(TestNG.java:1064)
	at org.testng.remote.AbstractRemoteTestNG.run(AbstractRemoteTestNG.java:115)
	at org.testng.remote.RemoteTestNG.initAndRun(RemoteTestNG.java:251)
	at org.testng.remote.RemoteTestNG.main(RemoteTestNG.java:77)
</pre></div></td>
<td>48</td>
<td>com.trgr.quality.maf.tests.DocumentDisplayTest@53fe15ff</td></tr>
<tr>
<td title='com.trgr.quality.maf.tests.DocumentDisplayTest.documentDisplayNavigationOptions()'><b>documentDisplayNavigationOptions</b><br>Test class: com.trgr.quality.maf.tests.DocumentDisplayTest<br>Test method: MAFQABANG-80</td>
<td><div><pre>java.lang.AssertionError: The following asserts failed:
	Document Dispaly Navigation Links:MAFQABANG-80 expected [true] but found [false],
	Document Dispaly Navigation Links:MAFQABANG-80 expected [true] but found [false],
	Document Dispaly Navigation Links:MAFQABANG-80 expected [true] but found [false],
	Document Dispaly Navigation Links:MAFQABANG-80 expected [true] but found [false]
	at com.trgr.quality.maf.tests.DocumentDisplayTest.documentDisplayNavigationOptions(DocumentDisplayTest.java:477)
... Removed 25 stack frames</pre></div><a href='#' onClick='toggleBox("stack-trace2041611826", this, "Click to show all stack frames", "Click to hide stack frames")'>Click to show all stack frames</a>
<div class='stack-trace' id='stack-trace2041611826'><pre>java.lang.AssertionError: The following asserts failed:
	Document Dispaly Navigation Links:MAFQABANG-80 expected [true] but found [false],
	Document Dispaly Navigation Links:MAFQABANG-80 expected [true] but found [false],
	Document Dispaly Navigation Links:MAFQABANG-80 expected [true] but found [false],
	Document Dispaly Navigation Links:MAFQABANG-80 expected [true] but found [false]
	at org.testng.asserts.SoftAssert.assertAll(SoftAssert.java:43)
	at com.trgr.quality.maf.tests.DocumentDisplayTest.documentDisplayNavigationOptions(DocumentDisplayTest.java:477)
	at java.base/jdk.internal.reflect.NativeMethodAccessorImpl.invoke0(Native Method)
	at java.base/jdk.internal.reflect.NativeMethodAccessorImpl.invoke(NativeMethodAccessorImpl.java:62)
	at java.base/jdk.internal.reflect.DelegatingMethodAccessorImpl.invoke(DelegatingMethodAccessorImpl.java:43)
	at java.base/java.lang.reflect.Method.invoke(Method.java:564)
	at org.testng.internal.MethodInvocationHelper.invokeMethod(MethodInvocationHelper.java:86)
	at org.testng.internal.Invoker.invokeMethod(Invoker.java:643)
	at org.testng.internal.Invoker.invokeTestMethod(Invoker.java:820)
	at org.testng.internal.Invoker.invokeTestMethods(Invoker.java:1128)
	at org.testng.internal.TestMethodWorker.invokeTestMethods(TestMethodWorker.java:129)
	at org.testng.internal.TestMethodWorker.run(TestMethodWorker.java:112)
	at org.testng.TestRunner.privateRun(TestRunner.java:782)
	at org.testng.TestRunner.run(TestRunner.java:632)
	at org.testng.SuiteRunner.runTest(SuiteRunner.java:366)
	at org.testng.SuiteRunner.runSequentially(SuiteRunner.java:361)
	at org.testng.SuiteRunner.privateRun(SuiteRunner.java:319)
	at org.testng.SuiteRunner.run(SuiteRunner.java:268)
	at org.testng.SuiteRunnerWorker.runSuite(SuiteRunnerWorker.java:52)
	at org.testng.SuiteRunnerWorker.run(SuiteRunnerWorker.java:86)
	at org.testng.TestNG.runSuitesSequentially(TestNG.java:1244)
	at org.testng.TestNG.runSuitesLocally(TestNG.java:1169)
	at org.testng.TestNG.run(TestNG.java:1064)
	at org.testng.remote.AbstractRemoteTestNG.run(AbstractRemoteTestNG.java:115)
	at org.testng.remote.RemoteTestNG.initAndRun(RemoteTestNG.java:251)
	at org.testng.remote.RemoteTestNG.main(RemoteTestNG.java:77)
</pre></div></td>
<td>196</td>
<td>com.trgr.quality.maf.tests.DocumentDisplayTest@53fe15ff</td></tr>
<tr>
<td title='com.trgr.quality.maf.tests.DocumentDisplayTest.enlargeAndReduceFontOnDocument()'><b>enlargeAndReduceFontOnDocument</b><br>Test class: com.trgr.quality.maf.tests.DocumentDisplayTest<br>Test method: MAFAUTO-180</td>
<td><div><pre>java.lang.AssertionError: The following asserts failed:
	MAFAUTO-180 : Document Display Change Font Size : Tree Content expected [true] but found [false],
	Exception in Test expected [true] but found [false]
	at com.trgr.quality.maf.tests.DocumentDisplayTest.enlargeAndReduceFontOnDocument(DocumentDisplayTest.java:267)
... Removed 25 stack frames</pre></div><a href='#' onClick='toggleBox("stack-trace397822273", this, "Click to show all stack frames", "Click to hide stack frames")'>Click to show all stack frames</a>
<div class='stack-trace' id='stack-trace397822273'><pre>java.lang.AssertionError: The following asserts failed:
	MAFAUTO-180 : Document Display Change Font Size : Tree Content expected [true] but found [false],
	Exception in Test expected [true] but found [false]
	at org.testng.asserts.SoftAssert.assertAll(SoftAssert.java:43)
	at com.trgr.quality.maf.tests.DocumentDisplayTest.enlargeAndReduceFontOnDocument(DocumentDisplayTest.java:267)
	at java.base/jdk.internal.reflect.NativeMethodAccessorImpl.invoke0(Native Method)
	at java.base/jdk.internal.reflect.NativeMethodAccessorImpl.invoke(NativeMethodAccessorImpl.java:62)
	at java.base/jdk.internal.reflect.DelegatingMethodAccessorImpl.invoke(DelegatingMethodAccessorImpl.java:43)
	at java.base/java.lang.reflect.Method.invoke(Method.java:564)
	at org.testng.internal.MethodInvocationHelper.invokeMethod(MethodInvocationHelper.java:86)
	at org.testng.internal.Invoker.invokeMethod(Invoker.java:643)
	at org.testng.internal.Invoker.invokeTestMethod(Invoker.java:820)
	at org.testng.internal.Invoker.invokeTestMethods(Invoker.java:1128)
	at org.testng.internal.TestMethodWorker.invokeTestMethods(TestMethodWorker.java:129)
	at org.testng.internal.TestMethodWorker.run(TestMethodWorker.java:112)
	at org.testng.TestRunner.privateRun(TestRunner.java:782)
	at org.testng.TestRunner.run(TestRunner.java:632)
	at org.testng.SuiteRunner.runTest(SuiteRunner.java:366)
	at org.testng.SuiteRunner.runSequentially(SuiteRunner.java:361)
	at org.testng.SuiteRunner.privateRun(SuiteRunner.java:319)
	at org.testng.SuiteRunner.run(SuiteRunner.java:268)
	at org.testng.SuiteRunnerWorker.runSuite(SuiteRunnerWorker.java:52)
	at org.testng.SuiteRunnerWorker.run(SuiteRunnerWorker.java:86)
	at org.testng.TestNG.runSuitesSequentially(TestNG.java:1244)
	at org.testng.TestNG.runSuitesLocally(TestNG.java:1169)
	at org.testng.TestNG.run(TestNG.java:1064)
	at org.testng.remote.AbstractRemoteTestNG.run(AbstractRemoteTestNG.java:115)
	at org.testng.remote.RemoteTestNG.initAndRun(RemoteTestNG.java:251)
	at org.testng.remote.RemoteTestNG.main(RemoteTestNG.java:77)
</pre></div></td>
<td>290</td>
<td>com.trgr.quality.maf.tests.DocumentDisplayTest@53fe15ff</td></tr>
<tr>
<td title='com.trgr.quality.maf.tests.DocumentDisplayTest.facteingOnResultList()'><b>facteingOnResultList</b><br>Test class: com.trgr.quality.maf.tests.DocumentDisplayTest<br>Test method: MAFQABANG-100</td>
<td><div><pre>java.lang.AssertionError: The following asserts failed:
	MAFQABANG-100:Search failed : expected [true] but found [false]
	at com.trgr.quality.maf.tests.DocumentDisplayTest.facteingOnResultList(DocumentDisplayTest.java:2386)
... Removed 25 stack frames</pre></div><a href='#' onClick='toggleBox("stack-trace1642319693", this, "Click to show all stack frames", "Click to hide stack frames")'>Click to show all stack frames</a>
<div class='stack-trace' id='stack-trace1642319693'><pre>java.lang.AssertionError: The following asserts failed:
	MAFQABANG-100:Search failed : expected [true] but found [false]
	at org.testng.asserts.SoftAssert.assertAll(SoftAssert.java:43)
	at com.trgr.quality.maf.tests.DocumentDisplayTest.facteingOnResultList(DocumentDisplayTest.java:2386)
	at java.base/jdk.internal.reflect.NativeMethodAccessorImpl.invoke0(Native Method)
	at java.base/jdk.internal.reflect.NativeMethodAccessorImpl.invoke(NativeMethodAccessorImpl.java:62)
	at java.base/jdk.internal.reflect.DelegatingMethodAccessorImpl.invoke(DelegatingMethodAccessorImpl.java:43)
	at java.base/java.lang.reflect.Method.invoke(Method.java:564)
	at org.testng.internal.MethodInvocationHelper.invokeMethod(MethodInvocationHelper.java:86)
	at org.testng.internal.Invoker.invokeMethod(Invoker.java:643)
	at org.testng.internal.Invoker.invokeTestMethod(Invoker.java:820)
	at org.testng.internal.Invoker.invokeTestMethods(Invoker.java:1128)
	at org.testng.internal.TestMethodWorker.invokeTestMethods(TestMethodWorker.java:129)
	at org.testng.internal.TestMethodWorker.run(TestMethodWorker.java:112)
	at org.testng.TestRunner.privateRun(TestRunner.java:782)
	at org.testng.TestRunner.run(TestRunner.java:632)
	at org.testng.SuiteRunner.runTest(SuiteRunner.java:366)
	at org.testng.SuiteRunner.runSequentially(SuiteRunner.java:361)
	at org.testng.SuiteRunner.privateRun(SuiteRunner.java:319)
	at org.testng.SuiteRunner.run(SuiteRunner.java:268)
	at org.testng.SuiteRunnerWorker.runSuite(SuiteRunnerWorker.java:52)
	at org.testng.SuiteRunnerWorker.run(SuiteRunnerWorker.java:86)
	at org.testng.TestNG.runSuitesSequentially(TestNG.java:1244)
	at org.testng.TestNG.runSuitesLocally(TestNG.java:1169)
	at org.testng.TestNG.run(TestNG.java:1064)
	at org.testng.remote.AbstractRemoteTestNG.run(AbstractRemoteTestNG.java:115)
	at org.testng.remote.RemoteTestNG.initAndRun(RemoteTestNG.java:251)
	at org.testng.remote.RemoteTestNG.main(RemoteTestNG.java:77)
</pre></div></td>
<td>79</td>
<td>com.trgr.quality.maf.tests.DocumentDisplayTest@53fe15ff</td></tr>
<tr>
<td title='com.trgr.quality.maf.tests.DocumentDisplayTest.followDocumentAlert()'><b>followDocumentAlert</b><br>Test class: com.trgr.quality.maf.tests.DocumentDisplayTest<br>Test method: MAFAUTO-186</td>
<td><div><pre>java.lang.AssertionError: The following asserts failed:
	Legislation - Document Display - Trackit:MAFAUTO-186 expected [true] but found [false],
	Exception in Test expected [true] but found [false]
	at com.trgr.quality.maf.tests.DocumentDisplayTest.followDocumentAlert(DocumentDisplayTest.java:840)
... Removed 25 stack frames</pre></div><a href='#' onClick='toggleBox("stack-trace1133730108", this, "Click to show all stack frames", "Click to hide stack frames")'>Click to show all stack frames</a>
<div class='stack-trace' id='stack-trace1133730108'><pre>java.lang.AssertionError: The following asserts failed:
	Legislation - Document Display - Trackit:MAFAUTO-186 expected [true] but found [false],
	Exception in Test expected [true] but found [false]
	at org.testng.asserts.SoftAssert.assertAll(SoftAssert.java:43)
	at com.trgr.quality.maf.tests.DocumentDisplayTest.followDocumentAlert(DocumentDisplayTest.java:840)
	at java.base/jdk.internal.reflect.NativeMethodAccessorImpl.invoke0(Native Method)
	at java.base/jdk.internal.reflect.NativeMethodAccessorImpl.invoke(NativeMethodAccessorImpl.java:62)
	at java.base/jdk.internal.reflect.DelegatingMethodAccessorImpl.invoke(DelegatingMethodAccessorImpl.java:43)
	at java.base/java.lang.reflect.Method.invoke(Method.java:564)
	at org.testng.internal.MethodInvocationHelper.invokeMethod(MethodInvocationHelper.java:86)
	at org.testng.internal.Invoker.invokeMethod(Invoker.java:643)
	at org.testng.internal.Invoker.invokeTestMethod(Invoker.java:820)
	at org.testng.internal.Invoker.invokeTestMethods(Invoker.java:1128)
	at org.testng.internal.TestMethodWorker.invokeTestMethods(TestMethodWorker.java:129)
	at org.testng.internal.TestMethodWorker.run(TestMethodWorker.java:112)
	at org.testng.TestRunner.privateRun(TestRunner.java:782)
	at org.testng.TestRunner.run(TestRunner.java:632)
	at org.testng.SuiteRunner.runTest(SuiteRunner.java:366)
	at org.testng.SuiteRunner.runSequentially(SuiteRunner.java:361)
	at org.testng.SuiteRunner.privateRun(SuiteRunner.java:319)
	at org.testng.SuiteRunner.run(SuiteRunner.java:268)
	at org.testng.SuiteRunnerWorker.runSuite(SuiteRunnerWorker.java:52)
	at org.testng.SuiteRunnerWorker.run(SuiteRunnerWorker.java:86)
	at org.testng.TestNG.runSuitesSequentially(TestNG.java:1244)
	at org.testng.TestNG.runSuitesLocally(TestNG.java:1169)
	at org.testng.TestNG.run(TestNG.java:1064)
	at org.testng.remote.AbstractRemoteTestNG.run(AbstractRemoteTestNG.java:115)
	at org.testng.remote.RemoteTestNG.initAndRun(RemoteTestNG.java:251)
	at org.testng.remote.RemoteTestNG.main(RemoteTestNG.java:77)
</pre></div></td>
<td>120</td>
<td>com.trgr.quality.maf.tests.DocumentDisplayTest@53fe15ff</td></tr>
<tr>
<td title='com.trgr.quality.maf.tests.DocumentDisplayTest.followDocumentWidget()'><b>followDocumentWidget</b><br>Test class: com.trgr.quality.maf.tests.DocumentDisplayTest<br>Test method: MAFAUTO-100</td>
<td><div><pre>java.lang.AssertionError: The following asserts failed:
	MAFAUTO-100 : Validate Content Tree and Corelation POP UP  : Document Display expected [true] but found [false],
	Exception in Test expected [true] but found [false]
	at com.trgr.quality.maf.tests.DocumentDisplayTest.followDocumentWidget(DocumentDisplayTest.java:2081)
... Removed 25 stack frames</pre></div><a href='#' onClick='toggleBox("stack-trace1857562888", this, "Click to show all stack frames", "Click to hide stack frames")'>Click to show all stack frames</a>
<div class='stack-trace' id='stack-trace1857562888'><pre>java.lang.AssertionError: The following asserts failed:
	MAFAUTO-100 : Validate Content Tree and Corelation POP UP  : Document Display expected [true] but found [false],
	Exception in Test expected [true] but found [false]
	at org.testng.asserts.SoftAssert.assertAll(SoftAssert.java:43)
	at com.trgr.quality.maf.tests.DocumentDisplayTest.followDocumentWidget(DocumentDisplayTest.java:2081)
	at java.base/jdk.internal.reflect.NativeMethodAccessorImpl.invoke0(Native Method)
	at java.base/jdk.internal.reflect.NativeMethodAccessorImpl.invoke(NativeMethodAccessorImpl.java:62)
	at java.base/jdk.internal.reflect.DelegatingMethodAccessorImpl.invoke(DelegatingMethodAccessorImpl.java:43)
	at java.base/java.lang.reflect.Method.invoke(Method.java:564)
	at org.testng.internal.MethodInvocationHelper.invokeMethod(MethodInvocationHelper.java:86)
	at org.testng.internal.Invoker.invokeMethod(Invoker.java:643)
	at org.testng.internal.Invoker.invokeTestMethod(Invoker.java:820)
	at org.testng.internal.Invoker.invokeTestMethods(Invoker.java:1128)
	at org.testng.internal.TestMethodWorker.invokeTestMethods(TestMethodWorker.java:129)
	at org.testng.internal.TestMethodWorker.run(TestMethodWorker.java:112)
	at org.testng.TestRunner.privateRun(TestRunner.java:782)
	at org.testng.TestRunner.run(TestRunner.java:632)
	at org.testng.SuiteRunner.runTest(SuiteRunner.java:366)
	at org.testng.SuiteRunner.runSequentially(SuiteRunner.java:361)
	at org.testng.SuiteRunner.privateRun(SuiteRunner.java:319)
	at org.testng.SuiteRunner.run(SuiteRunner.java:268)
	at org.testng.SuiteRunnerWorker.runSuite(SuiteRunnerWorker.java:52)
	at org.testng.SuiteRunnerWorker.run(SuiteRunnerWorker.java:86)
	at org.testng.TestNG.runSuitesSequentially(TestNG.java:1244)
	at org.testng.TestNG.runSuitesLocally(TestNG.java:1169)
	at org.testng.TestNG.run(TestNG.java:1064)
	at org.testng.remote.AbstractRemoteTestNG.run(AbstractRemoteTestNG.java:115)
	at org.testng.remote.RemoteTestNG.initAndRun(RemoteTestNG.java:251)
	at org.testng.remote.RemoteTestNG.main(RemoteTestNG.java:77)
</pre></div></td>
<td>335</td>
<td>com.trgr.quality.maf.tests.DocumentDisplayTest@53fe15ff</td></tr>
<tr>
<td title='com.trgr.quality.maf.tests.DocumentDisplayTest.footNotesInDocDisplay()'><b>footNotesInDocDisplay</b><br>Test class: com.trgr.quality.maf.tests.DocumentDisplayTest<br>Test method: MAFAUTO-243</td>
<td><div><pre>java.lang.AssertionError: The following asserts failed:
	MAFAUTO-243:Search failed : expected [true] but found [false]
	at com.trgr.quality.maf.tests.DocumentDisplayTest.footNotesInDocDisplay(DocumentDisplayTest.java:3924)
... Removed 25 stack frames</pre></div><a href='#' onClick='toggleBox("stack-trace42158278", this, "Click to show all stack frames", "Click to hide stack frames")'>Click to show all stack frames</a>
<div class='stack-trace' id='stack-trace42158278'><pre>java.lang.AssertionError: The following asserts failed:
	MAFAUTO-243:Search failed : expected [true] but found [false]
	at org.testng.asserts.SoftAssert.assertAll(SoftAssert.java:43)
	at com.trgr.quality.maf.tests.DocumentDisplayTest.footNotesInDocDisplay(DocumentDisplayTest.java:3924)
	at java.base/jdk.internal.reflect.NativeMethodAccessorImpl.invoke0(Native Method)
	at java.base/jdk.internal.reflect.NativeMethodAccessorImpl.invoke(NativeMethodAccessorImpl.java:62)
	at java.base/jdk.internal.reflect.DelegatingMethodAccessorImpl.invoke(DelegatingMethodAccessorImpl.java:43)
	at java.base/java.lang.reflect.Method.invoke(Method.java:564)
	at org.testng.internal.MethodInvocationHelper.invokeMethod(MethodInvocationHelper.java:86)
	at org.testng.internal.Invoker.invokeMethod(Invoker.java:643)
	at org.testng.internal.Invoker.invokeTestMethod(Invoker.java:820)
	at org.testng.internal.Invoker.invokeTestMethods(Invoker.java:1128)
	at org.testng.internal.TestMethodWorker.invokeTestMethods(TestMethodWorker.java:129)
	at org.testng.internal.TestMethodWorker.run(TestMethodWorker.java:112)
	at org.testng.TestRunner.privateRun(TestRunner.java:782)
	at org.testng.TestRunner.run(TestRunner.java:632)
	at org.testng.SuiteRunner.runTest(SuiteRunner.java:366)
	at org.testng.SuiteRunner.runSequentially(SuiteRunner.java:361)
	at org.testng.SuiteRunner.privateRun(SuiteRunner.java:319)
	at org.testng.SuiteRunner.run(SuiteRunner.java:268)
	at org.testng.SuiteRunnerWorker.runSuite(SuiteRunnerWorker.java:52)
	at org.testng.SuiteRunnerWorker.run(SuiteRunnerWorker.java:86)
	at org.testng.TestNG.runSuitesSequentially(TestNG.java:1244)
	at org.testng.TestNG.runSuitesLocally(TestNG.java:1169)
	at org.testng.TestNG.run(TestNG.java:1064)
	at org.testng.remote.AbstractRemoteTestNG.run(AbstractRemoteTestNG.java:115)
	at org.testng.remote.RemoteTestNG.initAndRun(RemoteTestNG.java:251)
	at org.testng.remote.RemoteTestNG.main(RemoteTestNG.java:77)
</pre></div></td>
<td>84</td>
<td>com.trgr.quality.maf.tests.DocumentDisplayTest@53fe15ff</td></tr>
<tr>
<td title='com.trgr.quality.maf.tests.DocumentDisplayTest.headerDisplayOnDocument()'><b>headerDisplayOnDocument</b><br>Test class: com.trgr.quality.maf.tests.DocumentDisplayTest<br>Test method: MAFAUTO-211</td>
<td><div><pre>java.lang.AssertionError: The following asserts failed:
	MAFAUTO-211:Search failed : expected [true] but found [false]
	at com.trgr.quality.maf.tests.DocumentDisplayTest.headerDisplayOnDocument(DocumentDisplayTest.java:1896)
... Removed 25 stack frames</pre></div><a href='#' onClick='toggleBox("stack-trace595663369", this, "Click to show all stack frames", "Click to hide stack frames")'>Click to show all stack frames</a>
<div class='stack-trace' id='stack-trace595663369'><pre>java.lang.AssertionError: The following asserts failed:
	MAFAUTO-211:Search failed : expected [true] but found [false]
	at org.testng.asserts.SoftAssert.assertAll(SoftAssert.java:43)
	at com.trgr.quality.maf.tests.DocumentDisplayTest.headerDisplayOnDocument(DocumentDisplayTest.java:1896)
	at java.base/jdk.internal.reflect.NativeMethodAccessorImpl.invoke0(Native Method)
	at java.base/jdk.internal.reflect.NativeMethodAccessorImpl.invoke(NativeMethodAccessorImpl.java:62)
	at java.base/jdk.internal.reflect.DelegatingMethodAccessorImpl.invoke(DelegatingMethodAccessorImpl.java:43)
	at java.base/java.lang.reflect.Method.invoke(Method.java:564)
	at org.testng.internal.MethodInvocationHelper.invokeMethod(MethodInvocationHelper.java:86)
	at org.testng.internal.Invoker.invokeMethod(Invoker.java:643)
	at org.testng.internal.Invoker.invokeTestMethod(Invoker.java:820)
	at org.testng.internal.Invoker.invokeTestMethods(Invoker.java:1128)
	at org.testng.internal.TestMethodWorker.invokeTestMethods(TestMethodWorker.java:129)
	at org.testng.internal.TestMethodWorker.run(TestMethodWorker.java:112)
	at org.testng.TestRunner.privateRun(TestRunner.java:782)
	at org.testng.TestRunner.run(TestRunner.java:632)
	at org.testng.SuiteRunner.runTest(SuiteRunner.java:366)
	at org.testng.SuiteRunner.runSequentially(SuiteRunner.java:361)
	at org.testng.SuiteRunner.privateRun(SuiteRunner.java:319)
	at org.testng.SuiteRunner.run(SuiteRunner.java:268)
	at org.testng.SuiteRunnerWorker.runSuite(SuiteRunnerWorker.java:52)
	at org.testng.SuiteRunnerWorker.run(SuiteRunnerWorker.java:86)
	at org.testng.TestNG.runSuitesSequentially(TestNG.java:1244)
	at org.testng.TestNG.runSuitesLocally(TestNG.java:1169)
	at org.testng.TestNG.run(TestNG.java:1064)
	at org.testng.remote.AbstractRemoteTestNG.run(AbstractRemoteTestNG.java:115)
	at org.testng.remote.RemoteTestNG.initAndRun(RemoteTestNG.java:251)
	at org.testng.remote.RemoteTestNG.main(RemoteTestNG.java:77)
</pre></div></td>
<td>79</td>
<td>com.trgr.quality.maf.tests.DocumentDisplayTest@53fe15ff</td></tr>
<tr>
<td title='com.trgr.quality.maf.tests.DocumentDisplayTest.keywordsOnDocumentDisplay()'><b>keywordsOnDocumentDisplay</b><br>Test class: com.trgr.quality.maf.tests.DocumentDisplayTest<br>Test method: MAFQABANG-88</td>
<td><div><pre>java.lang.AssertionError: The following asserts failed:
	MAFQABANG-88:Search failed : expected [true] but found [false]
	at com.trgr.quality.maf.tests.DocumentDisplayTest.keywordsOnDocumentDisplay(DocumentDisplayTest.java:2324)
... Removed 25 stack frames</pre></div><a href='#' onClick='toggleBox("stack-trace110296358", this, "Click to show all stack frames", "Click to hide stack frames")'>Click to show all stack frames</a>
<div class='stack-trace' id='stack-trace110296358'><pre>java.lang.AssertionError: The following asserts failed:
	MAFQABANG-88:Search failed : expected [true] but found [false]
	at org.testng.asserts.SoftAssert.assertAll(SoftAssert.java:43)
	at com.trgr.quality.maf.tests.DocumentDisplayTest.keywordsOnDocumentDisplay(DocumentDisplayTest.java:2324)
	at java.base/jdk.internal.reflect.NativeMethodAccessorImpl.invoke0(Native Method)
	at java.base/jdk.internal.reflect.NativeMethodAccessorImpl.invoke(NativeMethodAccessorImpl.java:62)
	at java.base/jdk.internal.reflect.DelegatingMethodAccessorImpl.invoke(DelegatingMethodAccessorImpl.java:43)
	at java.base/java.lang.reflect.Method.invoke(Method.java:564)
	at org.testng.internal.MethodInvocationHelper.invokeMethod(MethodInvocationHelper.java:86)
	at org.testng.internal.Invoker.invokeMethod(Invoker.java:643)
	at org.testng.internal.Invoker.invokeTestMethod(Invoker.java:820)
	at org.testng.internal.Invoker.invokeTestMethods(Invoker.java:1128)
	at org.testng.internal.TestMethodWorker.invokeTestMethods(TestMethodWorker.java:129)
	at org.testng.internal.TestMethodWorker.run(TestMethodWorker.java:112)
	at org.testng.TestRunner.privateRun(TestRunner.java:782)
	at org.testng.TestRunner.run(TestRunner.java:632)
	at org.testng.SuiteRunner.runTest(SuiteRunner.java:366)
	at org.testng.SuiteRunner.runSequentially(SuiteRunner.java:361)
	at org.testng.SuiteRunner.privateRun(SuiteRunner.java:319)
	at org.testng.SuiteRunner.run(SuiteRunner.java:268)
	at org.testng.SuiteRunnerWorker.runSuite(SuiteRunnerWorker.java:52)
	at org.testng.SuiteRunnerWorker.run(SuiteRunnerWorker.java:86)
	at org.testng.TestNG.runSuitesSequentially(TestNG.java:1244)
	at org.testng.TestNG.runSuitesLocally(TestNG.java:1169)
	at org.testng.TestNG.run(TestNG.java:1064)
	at org.testng.remote.AbstractRemoteTestNG.run(AbstractRemoteTestNG.java:115)
	at org.testng.remote.RemoteTestNG.initAndRun(RemoteTestNG.java:251)
	at org.testng.remote.RemoteTestNG.main(RemoteTestNG.java:77)
</pre></div></td>
<td>80</td>
<td>com.trgr.quality.maf.tests.DocumentDisplayTest@53fe15ff</td></tr>
<tr>
<td title='com.trgr.quality.maf.tests.DocumentDisplayTest.navigationUsingcontentTreeOnDocumentDisplay()'><b>navigationUsingcontentTreeOnDocumentDisplay</b><br>Test class: com.trgr.quality.maf.tests.DocumentDisplayTest<br>Test method: MAFQABANG-86</td>
<td><div><pre>java.lang.AssertionError: The following asserts failed:
	MAFQABANG-86:Search failed : expected [true] but found [false]
	at com.trgr.quality.maf.tests.DocumentDisplayTest.navigationUsingcontentTreeOnDocumentDisplay(DocumentDisplayTest.java:1497)
... Removed 25 stack frames</pre></div><a href='#' onClick='toggleBox("stack-trace1210600718", this, "Click to show all stack frames", "Click to hide stack frames")'>Click to show all stack frames</a>
<div class='stack-trace' id='stack-trace1210600718'><pre>java.lang.AssertionError: The following asserts failed:
	MAFQABANG-86:Search failed : expected [true] but found [false]
	at org.testng.asserts.SoftAssert.assertAll(SoftAssert.java:43)
	at com.trgr.quality.maf.tests.DocumentDisplayTest.navigationUsingcontentTreeOnDocumentDisplay(DocumentDisplayTest.java:1497)
	at java.base/jdk.internal.reflect.NativeMethodAccessorImpl.invoke0(Native Method)
	at java.base/jdk.internal.reflect.NativeMethodAccessorImpl.invoke(NativeMethodAccessorImpl.java:62)
	at java.base/jdk.internal.reflect.DelegatingMethodAccessorImpl.invoke(DelegatingMethodAccessorImpl.java:43)
	at java.base/java.lang.reflect.Method.invoke(Method.java:564)
	at org.testng.internal.MethodInvocationHelper.invokeMethod(MethodInvocationHelper.java:86)
	at org.testng.internal.Invoker.invokeMethod(Invoker.java:643)
	at org.testng.internal.Invoker.invokeTestMethod(Invoker.java:820)
	at org.testng.internal.Invoker.invokeTestMethods(Invoker.java:1128)
	at org.testng.internal.TestMethodWorker.invokeTestMethods(TestMethodWorker.java:129)
	at org.testng.internal.TestMethodWorker.run(TestMethodWorker.java:112)
	at org.testng.TestRunner.privateRun(TestRunner.java:782)
	at org.testng.TestRunner.run(TestRunner.java:632)
	at org.testng.SuiteRunner.runTest(SuiteRunner.java:366)
	at org.testng.SuiteRunner.runSequentially(SuiteRunner.java:361)
	at org.testng.SuiteRunner.privateRun(SuiteRunner.java:319)
	at org.testng.SuiteRunner.run(SuiteRunner.java:268)
	at org.testng.SuiteRunnerWorker.runSuite(SuiteRunnerWorker.java:52)
	at org.testng.SuiteRunnerWorker.run(SuiteRunnerWorker.java:86)
	at org.testng.TestNG.runSuitesSequentially(TestNG.java:1244)
	at org.testng.TestNG.runSuitesLocally(TestNG.java:1169)
	at org.testng.TestNG.run(TestNG.java:1064)
	at org.testng.remote.AbstractRemoteTestNG.run(AbstractRemoteTestNG.java:115)
	at org.testng.remote.RemoteTestNG.initAndRun(RemoteTestNG.java:251)
	at org.testng.remote.RemoteTestNG.main(RemoteTestNG.java:77)
</pre></div></td>
<td>97</td>
<td>com.trgr.quality.maf.tests.DocumentDisplayTest@53fe15ff</td></tr>
<tr>
<td title='com.trgr.quality.maf.tests.DocumentDisplayTest.pageNavigationOnResultList()'><b>pageNavigationOnResultList</b><br>Test class: com.trgr.quality.maf.tests.DocumentDisplayTest<br>Test method: MAFAUTO-150</td>
<td><div><pre>java.lang.AssertionError: The following asserts failed:
	MAFAUTO-150:Search failed : expected [true] but found [false]
	at com.trgr.quality.maf.tests.DocumentDisplayTest.pageNavigationOnResultList(DocumentDisplayTest.java:1840)
... Removed 25 stack frames</pre></div><a href='#' onClick='toggleBox("stack-trace1409978427", this, "Click to show all stack frames", "Click to hide stack frames")'>Click to show all stack frames</a>
<div class='stack-trace' id='stack-trace1409978427'><pre>java.lang.AssertionError: The following asserts failed:
	MAFAUTO-150:Search failed : expected [true] but found [false]
	at org.testng.asserts.SoftAssert.assertAll(SoftAssert.java:43)
	at com.trgr.quality.maf.tests.DocumentDisplayTest.pageNavigationOnResultList(DocumentDisplayTest.java:1840)
	at java.base/jdk.internal.reflect.NativeMethodAccessorImpl.invoke0(Native Method)
	at java.base/jdk.internal.reflect.NativeMethodAccessorImpl.invoke(NativeMethodAccessorImpl.java:62)
	at java.base/jdk.internal.reflect.DelegatingMethodAccessorImpl.invoke(DelegatingMethodAccessorImpl.java:43)
	at java.base/java.lang.reflect.Method.invoke(Method.java:564)
	at org.testng.internal.MethodInvocationHelper.invokeMethod(MethodInvocationHelper.java:86)
	at org.testng.internal.Invoker.invokeMethod(Invoker.java:643)
	at org.testng.internal.Invoker.invokeTestMethod(Invoker.java:820)
	at org.testng.internal.Invoker.invokeTestMethods(Invoker.java:1128)
	at org.testng.internal.TestMethodWorker.invokeTestMethods(TestMethodWorker.java:129)
	at org.testng.internal.TestMethodWorker.run(TestMethodWorker.java:112)
	at org.testng.TestRunner.privateRun(TestRunner.java:782)
	at org.testng.TestRunner.run(TestRunner.java:632)
	at org.testng.SuiteRunner.runTest(SuiteRunner.java:366)
	at org.testng.SuiteRunner.runSequentially(SuiteRunner.java:361)
	at org.testng.SuiteRunner.privateRun(SuiteRunner.java:319)
	at org.testng.SuiteRunner.run(SuiteRunner.java:268)
	at org.testng.SuiteRunnerWorker.runSuite(SuiteRunnerWorker.java:52)
	at org.testng.SuiteRunnerWorker.run(SuiteRunnerWorker.java:86)
	at org.testng.TestNG.runSuitesSequentially(TestNG.java:1244)
	at org.testng.TestNG.runSuitesLocally(TestNG.java:1169)
	at org.testng.TestNG.run(TestNG.java:1064)
	at org.testng.remote.AbstractRemoteTestNG.run(AbstractRemoteTestNG.java:115)
	at org.testng.remote.RemoteTestNG.initAndRun(RemoteTestNG.java:251)
	at org.testng.remote.RemoteTestNG.main(RemoteTestNG.java:77)
</pre></div></td>
<td>80</td>
<td>com.trgr.quality.maf.tests.DocumentDisplayTest@53fe15ff</td></tr>
<tr>
<td title='com.trgr.quality.maf.tests.DocumentDisplayTest.popUpRelationOfCorelation()'><b>popUpRelationOfCorelation</b><br>Test class: com.trgr.quality.maf.tests.DocumentDisplayTest<br>Test method: MAFAUTO-235</td>
<td><div><pre>java.lang.AssertionError: The following asserts failed:
	MAFAUTO-235 : Validate Content Tree and Corelation POP UP  : Document Display expected [true] but found [false],
	MAFAUTO-235 : Validate Content Tree and Corelation POP UP  expected [true] but found [false],
	Exception in Test expected [true] but found [false]
	at com.trgr.quality.maf.tests.DocumentDisplayTest.popUpRelationOfCorelation(DocumentDisplayTest.java:3752)
... Removed 25 stack frames</pre></div><a href='#' onClick='toggleBox("stack-trace1818592781", this, "Click to show all stack frames", "Click to hide stack frames")'>Click to show all stack frames</a>
<div class='stack-trace' id='stack-trace1818592781'><pre>java.lang.AssertionError: The following asserts failed:
	MAFAUTO-235 : Validate Content Tree and Corelation POP UP  : Document Display expected [true] but found [false],
	MAFAUTO-235 : Validate Content Tree and Corelation POP UP  expected [true] but found [false],
	Exception in Test expected [true] but found [false]
	at org.testng.asserts.SoftAssert.assertAll(SoftAssert.java:43)
	at com.trgr.quality.maf.tests.DocumentDisplayTest.popUpRelationOfCorelation(DocumentDisplayTest.java:3752)
	at java.base/jdk.internal.reflect.NativeMethodAccessorImpl.invoke0(Native Method)
	at java.base/jdk.internal.reflect.NativeMethodAccessorImpl.invoke(NativeMethodAccessorImpl.java:62)
	at java.base/jdk.internal.reflect.DelegatingMethodAccessorImpl.invoke(DelegatingMethodAccessorImpl.java:43)
	at java.base/java.lang.reflect.Method.invoke(Method.java:564)
	at org.testng.internal.MethodInvocationHelper.invokeMethod(MethodInvocationHelper.java:86)
	at org.testng.internal.Invoker.invokeMethod(Invoker.java:643)
	at org.testng.internal.Invoker.invokeTestMethod(Invoker.java:820)
	at org.testng.internal.Invoker.invokeTestMethods(Invoker.java:1128)
	at org.testng.internal.TestMethodWorker.invokeTestMethods(TestMethodWorker.java:129)
	at org.testng.internal.TestMethodWorker.run(TestMethodWorker.java:112)
	at org.testng.TestRunner.privateRun(TestRunner.java:782)
	at org.testng.TestRunner.run(TestRunner.java:632)
	at org.testng.SuiteRunner.runTest(SuiteRunner.java:366)
	at org.testng.SuiteRunner.runSequentially(SuiteRunner.java:361)
	at org.testng.SuiteRunner.privateRun(SuiteRunner.java:319)
	at org.testng.SuiteRunner.run(SuiteRunner.java:268)
	at org.testng.SuiteRunnerWorker.runSuite(SuiteRunnerWorker.java:52)
	at org.testng.SuiteRunnerWorker.run(SuiteRunnerWorker.java:86)
	at org.testng.TestNG.runSuitesSequentially(TestNG.java:1244)
	at org.testng.TestNG.runSuitesLocally(TestNG.java:1169)
	at org.testng.TestNG.run(TestNG.java:1064)
	at org.testng.remote.AbstractRemoteTestNG.run(AbstractRemoteTestNG.java:115)
	at org.testng.remote.RemoteTestNG.initAndRun(RemoteTestNG.java:251)
	at org.testng.remote.RemoteTestNG.main(RemoteTestNG.java:77)
</pre></div></td>
<td>450</td>
<td>com.trgr.quality.maf.tests.DocumentDisplayTest@53fe15ff</td></tr>
<tr>
<td title='com.trgr.quality.maf.tests.DocumentDisplayTest.reformsAnalysisForLegislation()'><b>reformsAnalysisForLegislation</b><br>Test class: com.trgr.quality.maf.tests.DocumentDisplayTest<br>Test method: MAFAUTO-229</td>
<td><div><pre>java.lang.AssertionError: The following asserts failed:
	Document fetched from tree content expected [true] but found [false],
	Exception in Test expected [true] but found [false]
	at com.trgr.quality.maf.tests.DocumentDisplayTest.reformsAnalysisForLegislation(DocumentDisplayTest.java:3181)
... Removed 25 stack frames</pre></div><a href='#' onClick='toggleBox("stack-trace653774328", this, "Click to show all stack frames", "Click to hide stack frames")'>Click to show all stack frames</a>
<div class='stack-trace' id='stack-trace653774328'><pre>java.lang.AssertionError: The following asserts failed:
	Document fetched from tree content expected [true] but found [false],
	Exception in Test expected [true] but found [false]
	at org.testng.asserts.SoftAssert.assertAll(SoftAssert.java:43)
	at com.trgr.quality.maf.tests.DocumentDisplayTest.reformsAnalysisForLegislation(DocumentDisplayTest.java:3181)
	at java.base/jdk.internal.reflect.NativeMethodAccessorImpl.invoke0(Native Method)
	at java.base/jdk.internal.reflect.NativeMethodAccessorImpl.invoke(NativeMethodAccessorImpl.java:62)
	at java.base/jdk.internal.reflect.DelegatingMethodAccessorImpl.invoke(DelegatingMethodAccessorImpl.java:43)
	at java.base/java.lang.reflect.Method.invoke(Method.java:564)
	at org.testng.internal.MethodInvocationHelper.invokeMethod(MethodInvocationHelper.java:86)
	at org.testng.internal.Invoker.invokeMethod(Invoker.java:643)
	at org.testng.internal.Invoker.invokeTestMethod(Invoker.java:820)
	at org.testng.internal.Invoker.invokeTestMethods(Invoker.java:1128)
	at org.testng.internal.TestMethodWorker.invokeTestMethods(TestMethodWorker.java:129)
	at org.testng.internal.TestMethodWorker.run(TestMethodWorker.java:112)
	at org.testng.TestRunner.privateRun(TestRunner.java:782)
	at org.testng.TestRunner.run(TestRunner.java:632)
	at org.testng.SuiteRunner.runTest(SuiteRunner.java:366)
	at org.testng.SuiteRunner.runSequentially(SuiteRunner.java:361)
	at org.testng.SuiteRunner.privateRun(SuiteRunner.java:319)
	at org.testng.SuiteRunner.run(SuiteRunner.java:268)
	at org.testng.SuiteRunnerWorker.runSuite(SuiteRunnerWorker.java:52)
	at org.testng.SuiteRunnerWorker.run(SuiteRunnerWorker.java:86)
	at org.testng.TestNG.runSuitesSequentially(TestNG.java:1244)
	at org.testng.TestNG.runSuitesLocally(TestNG.java:1169)
	at org.testng.TestNG.run(TestNG.java:1064)
	at org.testng.remote.AbstractRemoteTestNG.run(AbstractRemoteTestNG.java:115)
	at org.testng.remote.RemoteTestNG.initAndRun(RemoteTestNG.java:251)
	at org.testng.remote.RemoteTestNG.main(RemoteTestNG.java:77)
</pre></div></td>
<td>269</td>
<td>com.trgr.quality.maf.tests.DocumentDisplayTest@53fe15ff</td></tr>
<tr>
<td title='com.trgr.quality.maf.tests.DocumentDisplayTest.relatedDocsForLegislation()'><b>relatedDocsForLegislation</b><br>Test class: com.trgr.quality.maf.tests.DocumentDisplayTest<br>Test method: MAFAUTO-230</td>
<td><div><pre>java.lang.AssertionError: The following asserts failed:
	Document fetched from tree content expected [true] but found [false],
	Verify links for all Related Legislations in page One expected [true] but found [false],
	Verify links for all Related Legislations in page Two expected [true] but found [false],
	Legislation - Document Display - Top line link that will display important related docs.: Related document fetched LAMP expected [true] but found [false],
	Exception in Test expected [true] but found [false]
	at com.trgr.quality.maf.tests.DocumentDisplayTest.relatedDocsForLegislation(DocumentDisplayTest.java:3319)
... Removed 25 stack frames</pre></div><a href='#' onClick='toggleBox("stack-trace1746590863", this, "Click to show all stack frames", "Click to hide stack frames")'>Click to show all stack frames</a>
<div class='stack-trace' id='stack-trace1746590863'><pre>java.lang.AssertionError: The following asserts failed:
	Document fetched from tree content expected [true] but found [false],
	Verify links for all Related Legislations in page One expected [true] but found [false],
	Verify links for all Related Legislations in page Two expected [true] but found [false],
	Legislation - Document Display - Top line link that will display important related docs.: Related document fetched LAMP expected [true] but found [false],
	Exception in Test expected [true] but found [false]
	at org.testng.asserts.SoftAssert.assertAll(SoftAssert.java:43)
	at com.trgr.quality.maf.tests.DocumentDisplayTest.relatedDocsForLegislation(DocumentDisplayTest.java:3319)
	at java.base/jdk.internal.reflect.NativeMethodAccessorImpl.invoke0(Native Method)
	at java.base/jdk.internal.reflect.NativeMethodAccessorImpl.invoke(NativeMethodAccessorImpl.java:62)
	at java.base/jdk.internal.reflect.DelegatingMethodAccessorImpl.invoke(DelegatingMethodAccessorImpl.java:43)
	at java.base/java.lang.reflect.Method.invoke(Method.java:564)
	at org.testng.internal.MethodInvocationHelper.invokeMethod(MethodInvocationHelper.java:86)
	at org.testng.internal.Invoker.invokeMethod(Invoker.java:643)
	at org.testng.internal.Invoker.invokeTestMethod(Invoker.java:820)
	at org.testng.internal.Invoker.invokeTestMethods(Invoker.java:1128)
	at org.testng.internal.TestMethodWorker.invokeTestMethods(TestMethodWorker.java:129)
	at org.testng.internal.TestMethodWorker.run(TestMethodWorker.java:112)
	at org.testng.TestRunner.privateRun(TestRunner.java:782)
	at org.testng.TestRunner.run(TestRunner.java:632)
	at org.testng.SuiteRunner.runTest(SuiteRunner.java:366)
	at org.testng.SuiteRunner.runSequentially(SuiteRunner.java:361)
	at org.testng.SuiteRunner.privateRun(SuiteRunner.java:319)
	at org.testng.SuiteRunner.run(SuiteRunner.java:268)
	at org.testng.SuiteRunnerWorker.runSuite(SuiteRunnerWorker.java:52)
	at org.testng.SuiteRunnerWorker.run(SuiteRunnerWorker.java:86)
	at org.testng.TestNG.runSuitesSequentially(TestNG.java:1244)
	at org.testng.TestNG.runSuitesLocally(TestNG.java:1169)
	at org.testng.TestNG.run(TestNG.java:1064)
	at org.testng.remote.AbstractRemoteTestNG.run(AbstractRemoteTestNG.java:115)
	at org.testng.remote.RemoteTestNG.initAndRun(RemoteTestNG.java:251)
	at org.testng.remote.RemoteTestNG.main(RemoteTestNG.java:77)
</pre></div></td>
<td>271</td>
<td>com.trgr.quality.maf.tests.DocumentDisplayTest@53fe15ff</td></tr>
<tr>
<td title='com.trgr.quality.maf.tests.DocumentDisplayTest.relationshipAtParagraphLevel()'><b>relationshipAtParagraphLevel</b><br>Test class: com.trgr.quality.maf.tests.DocumentDisplayTest<br>Test method: MAFAUTO-130</td>
<td><div><pre>java.lang.AssertionError: The following asserts failed:
	MAFAUTO-130:Search failed : expected [true] but found [false]
	at com.trgr.quality.maf.tests.DocumentDisplayTest.relationshipAtParagraphLevel(DocumentDisplayTest.java:3577)
... Removed 25 stack frames</pre></div><a href='#' onClick='toggleBox("stack-trace876881599", this, "Click to show all stack frames", "Click to hide stack frames")'>Click to show all stack frames</a>
<div class='stack-trace' id='stack-trace876881599'><pre>java.lang.AssertionError: The following asserts failed:
	MAFAUTO-130:Search failed : expected [true] but found [false]
	at org.testng.asserts.SoftAssert.assertAll(SoftAssert.java:43)
	at com.trgr.quality.maf.tests.DocumentDisplayTest.relationshipAtParagraphLevel(DocumentDisplayTest.java:3577)
	at java.base/jdk.internal.reflect.NativeMethodAccessorImpl.invoke0(Native Method)
	at java.base/jdk.internal.reflect.NativeMethodAccessorImpl.invoke(NativeMethodAccessorImpl.java:62)
	at java.base/jdk.internal.reflect.DelegatingMethodAccessorImpl.invoke(DelegatingMethodAccessorImpl.java:43)
	at java.base/java.lang.reflect.Method.invoke(Method.java:564)
	at org.testng.internal.MethodInvocationHelper.invokeMethod(MethodInvocationHelper.java:86)
	at org.testng.internal.Invoker.invokeMethod(Invoker.java:643)
	at org.testng.internal.Invoker.invokeTestMethod(Invoker.java:820)
	at org.testng.internal.Invoker.invokeTestMethods(Invoker.java:1128)
	at org.testng.internal.TestMethodWorker.invokeTestMethods(TestMethodWorker.java:129)
	at org.testng.internal.TestMethodWorker.run(TestMethodWorker.java:112)
	at org.testng.TestRunner.privateRun(TestRunner.java:782)
	at org.testng.TestRunner.run(TestRunner.java:632)
	at org.testng.SuiteRunner.runTest(SuiteRunner.java:366)
	at org.testng.SuiteRunner.runSequentially(SuiteRunner.java:361)
	at org.testng.SuiteRunner.privateRun(SuiteRunner.java:319)
	at org.testng.SuiteRunner.run(SuiteRunner.java:268)
	at org.testng.SuiteRunnerWorker.runSuite(SuiteRunnerWorker.java:52)
	at org.testng.SuiteRunnerWorker.run(SuiteRunnerWorker.java:86)
	at org.testng.TestNG.runSuitesSequentially(TestNG.java:1244)
	at org.testng.TestNG.runSuitesLocally(TestNG.java:1169)
	at org.testng.TestNG.run(TestNG.java:1064)
	at org.testng.remote.AbstractRemoteTestNG.run(AbstractRemoteTestNG.java:115)
	at org.testng.remote.RemoteTestNG.initAndRun(RemoteTestNG.java:251)
	at org.testng.remote.RemoteTestNG.main(RemoteTestNG.java:77)
</pre></div></td>
<td>45</td>
<td>com.trgr.quality.maf.tests.DocumentDisplayTest@53fe15ff</td></tr>
<tr>
<td title='com.trgr.quality.maf.tests.DocumentDisplayTest.searchResultsWidget()'><b>searchResultsWidget</b><br>Test class: com.trgr.quality.maf.tests.DocumentDisplayTest<br>Test method: MAFQABANG-102</td>
<td><div><pre>java.lang.AssertionError: The following asserts failed:
	Exception in Test expected [true] but found [false]
	at com.trgr.quality.maf.tests.DocumentDisplayTest.searchResultsWidget(DocumentDisplayTest.java:1567)
... Removed 25 stack frames</pre></div><a href='#' onClick='toggleBox("stack-trace148353618", this, "Click to show all stack frames", "Click to hide stack frames")'>Click to show all stack frames</a>
<div class='stack-trace' id='stack-trace148353618'><pre>java.lang.AssertionError: The following asserts failed:
	Exception in Test expected [true] but found [false]
	at org.testng.asserts.SoftAssert.assertAll(SoftAssert.java:43)
	at com.trgr.quality.maf.tests.DocumentDisplayTest.searchResultsWidget(DocumentDisplayTest.java:1567)
	at java.base/jdk.internal.reflect.NativeMethodAccessorImpl.invoke0(Native Method)
	at java.base/jdk.internal.reflect.NativeMethodAccessorImpl.invoke(NativeMethodAccessorImpl.java:62)
	at java.base/jdk.internal.reflect.DelegatingMethodAccessorImpl.invoke(DelegatingMethodAccessorImpl.java:43)
	at java.base/java.lang.reflect.Method.invoke(Method.java:564)
	at org.testng.internal.MethodInvocationHelper.invokeMethod(MethodInvocationHelper.java:86)
	at org.testng.internal.Invoker.invokeMethod(Invoker.java:643)
	at org.testng.internal.Invoker.invokeTestMethod(Invoker.java:820)
	at org.testng.internal.Invoker.invokeTestMethods(Invoker.java:1128)
	at org.testng.internal.TestMethodWorker.invokeTestMethods(TestMethodWorker.java:129)
	at org.testng.internal.TestMethodWorker.run(TestMethodWorker.java:112)
	at org.testng.TestRunner.privateRun(TestRunner.java:782)
	at org.testng.TestRunner.run(TestRunner.java:632)
	at org.testng.SuiteRunner.runTest(SuiteRunner.java:366)
	at org.testng.SuiteRunner.runSequentially(SuiteRunner.java:361)
	at org.testng.SuiteRunner.privateRun(SuiteRunner.java:319)
	at org.testng.SuiteRunner.run(SuiteRunner.java:268)
	at org.testng.SuiteRunnerWorker.runSuite(SuiteRunnerWorker.java:52)
	at org.testng.SuiteRunnerWorker.run(SuiteRunnerWorker.java:86)
	at org.testng.TestNG.runSuitesSequentially(TestNG.java:1244)
	at org.testng.TestNG.runSuitesLocally(TestNG.java:1169)
	at org.testng.TestNG.run(TestNG.java:1064)
	at org.testng.remote.AbstractRemoteTestNG.run(AbstractRemoteTestNG.java:115)
	at org.testng.remote.RemoteTestNG.initAndRun(RemoteTestNG.java:251)
	at org.testng.remote.RemoteTestNG.main(RemoteTestNG.java:77)
</pre></div></td>
<td>50</td>
<td>com.trgr.quality.maf.tests.DocumentDisplayTest@53fe15ff</td></tr>
<tr>
<td title='com.trgr.quality.maf.tests.DocumentDisplayTest.toolTipsOnDocumentDisplay()'><b>toolTipsOnDocumentDisplay</b><br>Test class: com.trgr.quality.maf.tests.DocumentDisplayTest<br>Test method: MAFAUTO-124</td>
<td><div><pre>java.lang.AssertionError: The following asserts failed:
	MAFAUTO-124 : Document Display ToolTips : Document Display expected [true] but found [false],
	Document Display ToolTips:MAFAUTO-124 expected [true] but found [false],
	Document Display ToolTips:MAFAUTO-124 expected [true] but found [false],
	Document Display ToolTips:MAFAUTO-124 expected [true] but found [false],
	Document Display ToolTips:MAFAUTO-124 expected [true] but found [false],
	Document Display ToolTips:MAFAUTO-124 expected [true] but found [false]
	at com.trgr.quality.maf.tests.DocumentDisplayTest.toolTipsOnDocumentDisplay(DocumentDisplayTest.java:2249)
... Removed 25 stack frames</pre></div><a href='#' onClick='toggleBox("stack-trace146799499", this, "Click to show all stack frames", "Click to hide stack frames")'>Click to show all stack frames</a>
<div class='stack-trace' id='stack-trace146799499'><pre>java.lang.AssertionError: The following asserts failed:
	MAFAUTO-124 : Document Display ToolTips : Document Display expected [true] but found [false],
	Document Display ToolTips:MAFAUTO-124 expected [true] but found [false],
	Document Display ToolTips:MAFAUTO-124 expected [true] but found [false],
	Document Display ToolTips:MAFAUTO-124 expected [true] but found [false],
	Document Display ToolTips:MAFAUTO-124 expected [true] but found [false],
	Document Display ToolTips:MAFAUTO-124 expected [true] but found [false]
	at org.testng.asserts.SoftAssert.assertAll(SoftAssert.java:43)
	at com.trgr.quality.maf.tests.DocumentDisplayTest.toolTipsOnDocumentDisplay(DocumentDisplayTest.java:2249)
	at java.base/jdk.internal.reflect.NativeMethodAccessorImpl.invoke0(Native Method)
	at java.base/jdk.internal.reflect.NativeMethodAccessorImpl.invoke(NativeMethodAccessorImpl.java:62)
	at java.base/jdk.internal.reflect.DelegatingMethodAccessorImpl.invoke(DelegatingMethodAccessorImpl.java:43)
	at java.base/java.lang.reflect.Method.invoke(Method.java:564)
	at org.testng.internal.MethodInvocationHelper.invokeMethod(MethodInvocationHelper.java:86)
	at org.testng.internal.Invoker.invokeMethod(Invoker.java:643)
	at org.testng.internal.Invoker.invokeTestMethod(Invoker.java:820)
	at org.testng.internal.Invoker.invokeTestMethods(Invoker.java:1128)
	at org.testng.internal.TestMethodWorker.invokeTestMethods(TestMethodWorker.java:129)
	at org.testng.internal.TestMethodWorker.run(TestMethodWorker.java:112)
	at org.testng.TestRunner.privateRun(TestRunner.java:782)
	at org.testng.TestRunner.run(TestRunner.java:632)
	at org.testng.SuiteRunner.runTest(SuiteRunner.java:366)
	at org.testng.SuiteRunner.runSequentially(SuiteRunner.java:361)
	at org.testng.SuiteRunner.privateRun(SuiteRunner.java:319)
	at org.testng.SuiteRunner.run(SuiteRunner.java:268)
	at org.testng.SuiteRunnerWorker.runSuite(SuiteRunnerWorker.java:52)
	at org.testng.SuiteRunnerWorker.run(SuiteRunnerWorker.java:86)
	at org.testng.TestNG.runSuitesSequentially(TestNG.java:1244)
	at org.testng.TestNG.runSuitesLocally(TestNG.java:1169)
	at org.testng.TestNG.run(TestNG.java:1064)
	at org.testng.remote.AbstractRemoteTestNG.run(AbstractRemoteTestNG.java:115)
	at org.testng.remote.RemoteTestNG.initAndRun(RemoteTestNG.java:251)
	at org.testng.remote.RemoteTestNG.main(RemoteTestNG.java:77)
</pre></div></td>
<td>376</td>
<td>com.trgr.quality.maf.tests.DocumentDisplayTest@53fe15ff</td></tr>
<tr>
<td title='com.trgr.quality.maf.tests.DocumentDisplayTest.withScrollValdiateHeaderTitle()'><b>withScrollValdiateHeaderTitle</b><br>Test class: com.trgr.quality.maf.tests.DocumentDisplayTest<br>Test method: MAFAUTO-247</td>
<td><div><pre>java.lang.AssertionError: The following asserts failed:
	MAFAUTO-247 : Legislación pop-up views with automatic chunking : Document Display expected [true] but found [false],
	MAFAUTO-247 : all sub links are present in the left section expected [true] but found [false],
	MAFAUTO-247 : heading displayed when pop up opened expected [true] but found [false],
	MAFAUTO-247 : heading displayed when scrolled to particular article number expected [true] but found [false],
	MAFAUTO-247 : Legislación pop-up views with automatic chunking expected [true] but found [false]
	at com.trgr.quality.maf.tests.DocumentDisplayTest.withScrollValdiateHeaderTitle(DocumentDisplayTest.java:4018)
... Removed 25 stack frames</pre></div><a href='#' onClick='toggleBox("stack-trace2139501486", this, "Click to show all stack frames", "Click to hide stack frames")'>Click to show all stack frames</a>
<div class='stack-trace' id='stack-trace2139501486'><pre>java.lang.AssertionError: The following asserts failed:
	MAFAUTO-247 : Legislación pop-up views with automatic chunking : Document Display expected [true] but found [false],
	MAFAUTO-247 : all sub links are present in the left section expected [true] but found [false],
	MAFAUTO-247 : heading displayed when pop up opened expected [true] but found [false],
	MAFAUTO-247 : heading displayed when scrolled to particular article number expected [true] but found [false],
	MAFAUTO-247 : Legislación pop-up views with automatic chunking expected [true] but found [false]
	at org.testng.asserts.SoftAssert.assertAll(SoftAssert.java:43)
	at com.trgr.quality.maf.tests.DocumentDisplayTest.withScrollValdiateHeaderTitle(DocumentDisplayTest.java:4018)
	at java.base/jdk.internal.reflect.NativeMethodAccessorImpl.invoke0(Native Method)
	at java.base/jdk.internal.reflect.NativeMethodAccessorImpl.invoke(NativeMethodAccessorImpl.java:62)
	at java.base/jdk.internal.reflect.DelegatingMethodAccessorImpl.invoke(DelegatingMethodAccessorImpl.java:43)
	at java.base/java.lang.reflect.Method.invoke(Method.java:564)
	at org.testng.internal.MethodInvocationHelper.invokeMethod(MethodInvocationHelper.java:86)
	at org.testng.internal.Invoker.invokeMethod(Invoker.java:643)
	at org.testng.internal.Invoker.invokeTestMethod(Invoker.java:820)
	at org.testng.internal.Invoker.invokeTestMethods(Invoker.java:1128)
	at org.testng.internal.TestMethodWorker.invokeTestMethods(TestMethodWorker.java:129)
	at org.testng.internal.TestMethodWorker.run(TestMethodWorker.java:112)
	at org.testng.TestRunner.privateRun(TestRunner.java:782)
	at org.testng.TestRunner.run(TestRunner.java:632)
	at org.testng.SuiteRunner.runTest(SuiteRunner.java:366)
	at org.testng.SuiteRunner.runSequentially(SuiteRunner.java:361)
	at org.testng.SuiteRunner.privateRun(SuiteRunner.java:319)
	at org.testng.SuiteRunner.run(SuiteRunner.java:268)
	at org.testng.SuiteRunnerWorker.runSuite(SuiteRunnerWorker.java:52)
	at org.testng.SuiteRunnerWorker.run(SuiteRunnerWorker.java:86)
	at org.testng.TestNG.runSuitesSequentially(TestNG.java:1244)
	at org.testng.TestNG.runSuitesLocally(TestNG.java:1169)
	at org.testng.TestNG.run(TestNG.java:1064)
	at org.testng.remote.AbstractRemoteTestNG.run(AbstractRemoteTestNG.java:115)
	at org.testng.remote.RemoteTestNG.initAndRun(RemoteTestNG.java:251)
	at org.testng.remote.RemoteTestNG.main(RemoteTestNG.java:77)
</pre></div></td>
<td>465</td>
<td>com.trgr.quality.maf.tests.DocumentDisplayTest@53fe15ff</td></tr>
</table><p>
<table width='100%' border='1' class='invocation-passed'>
<tr><td colspan='4' align='center'><b>PASSED TESTS</b></td></tr>
<tr><td><b>Test method</b></td>
<td width="30%"><b>Exception</b></td>
<td width="10%"><b>Time (seconds)</b></td>
<td><b>Instance</b></td>
</tr>
<tr>
<td title='com.trgr.quality.maf.tests.DocumentDisplayTest.displayOfDocumentFromGlobalSearch()'><b>displayOfDocumentFromGlobalSearch</b><br>Test class: com.trgr.quality.maf.tests.DocumentDisplayTest<br>Test method: MAFAUTO-176</td>
<td></td>
<td>86</td>
<td>com.trgr.quality.maf.tests.DocumentDisplayTest@53fe15ff</td></tr>
<tr>
<td title='com.trgr.quality.maf.tests.DocumentDisplayTest.documentValidationForArticleAndVoces()'><b>documentValidationForArticleAndVoces</b><br>Test class: com.trgr.quality.maf.tests.DocumentDisplayTest<br>Test method: MAFAUTO-127</td>
<td></td>
<td>299</td>
<td>com.trgr.quality.maf.tests.DocumentDisplayTest@53fe15ff</td></tr>
<tr>
<td title='com.trgr.quality.maf.tests.DocumentDisplayTest.followExistingDocument()'><b>followExistingDocument</b><br>Test class: com.trgr.quality.maf.tests.DocumentDisplayTest<br>Test method: MAFAUTO-139</td>
<td></td>
<td>35</td>
<td>com.trgr.quality.maf.tests.DocumentDisplayTest@53fe15ff</td></tr>
<tr>
<td title='com.trgr.quality.maf.tests.DocumentDisplayTest.followTheDocument()'><b>followTheDocument</b><br>Test class: com.trgr.quality.maf.tests.DocumentDisplayTest<br>Test method: MAFQABANG-99</td>
<td></td>
<td>65</td>
<td>com.trgr.quality.maf.tests.DocumentDisplayTest@53fe15ff</td></tr>
<tr>
<td title='com.trgr.quality.maf.tests.DocumentDisplayTest.highlightOfSearchTextOnDocDisplay()'><b>highlightOfSearchTextOnDocDisplay</b><br>Test class: com.trgr.quality.maf.tests.DocumentDisplayTest<br>Test method: MAFAUTO-182</td>
<td></td>
<td>40</td>
<td>com.trgr.quality.maf.tests.DocumentDisplayTest@53fe15ff</td></tr>
<tr>
<td title='com.trgr.quality.maf.tests.DocumentDisplayTest.navigationWithIndexOnDocDisplay()'><b>navigationWithIndexOnDocDisplay</b><br>Test class: com.trgr.quality.maf.tests.DocumentDisplayTest<br>Test method: MAFQABANG-105</td>
<td></td>
<td>48</td>
<td>com.trgr.quality.maf.tests.DocumentDisplayTest@53fe15ff</td></tr>
<tr>
<td title='com.trgr.quality.maf.tests.DocumentDisplayTest.navigationWithIndexOnDocDisplayforAll()'><b>navigationWithIndexOnDocDisplayforAll</b><br>Test class: com.trgr.quality.maf.tests.DocumentDisplayTest<br>Test method: MAFQABANG-105</td>
<td></td>
<td>46</td>
<td>com.trgr.quality.maf.tests.DocumentDisplayTest@53fe15ff</td></tr>
<tr>
<td title='com.trgr.quality.maf.tests.DocumentDisplayTest.resultListTabNaviagtionOptions()'><b>resultListTabNaviagtionOptions</b><br>Test class: com.trgr.quality.maf.tests.DocumentDisplayTest<br>Test method: MAFQABANG-79</td>
<td></td>
<td>77</td>
<td>com.trgr.quality.maf.tests.DocumentDisplayTest@53fe15ff</td></tr>
<tr>
<td title='com.trgr.quality.maf.tests.DocumentDisplayTest.saveAndScheduleDocDisplay()'><b>saveAndScheduleDocDisplay</b><br>Test class: com.trgr.quality.maf.tests.DocumentDisplayTest<br>Test method: MAFQABANG-83</td>
<td></td>
<td>91</td>
<td>com.trgr.quality.maf.tests.DocumentDisplayTest@53fe15ff</td></tr>
<tr>
<td title='com.trgr.quality.maf.tests.DocumentDisplayTest.saveAndScheduleResultList()'><b>saveAndScheduleResultList</b><br>Test class: com.trgr.quality.maf.tests.DocumentDisplayTest<br>Test method: MAFQABANG-104</td>
<td></td>
<td>77</td>
<td>com.trgr.quality.maf.tests.DocumentDisplayTest@53fe15ff</td></tr>
<tr>
<td title='com.trgr.quality.maf.tests.DocumentDisplayTest.toolTipOnDocumentDisplay()'><b>toolTipOnDocumentDisplay</b><br>Test class: com.trgr.quality.maf.tests.DocumentDisplayTest<br>Test method: MAFAUTO-238</td>
<td></td>
<td>44</td>
<td>com.trgr.quality.maf.tests.DocumentDisplayTest@53fe15ff</td></tr>
<tr>
<td title='com.trgr.quality.maf.tests.DocumentDisplayTest.toolTipOnDocumentDisplayforWithoutEffect()'><b>toolTipOnDocumentDisplayforWithoutEffect</b><br>Test class: com.trgr.quality.maf.tests.DocumentDisplayTest<br>Test method: MAFAUTO-241</td>
<td></td>
<td>48</td>
<td>com.trgr.quality.maf.tests.DocumentDisplayTest@53fe15ff</td></tr>
</table><p>
</body>
</html>