<?xml version="1.0" encoding="UTF-8"?>
<!-- Generated by org.testng.reporters.JUnitXMLReporter -->
<testsuite hostname="TR-JDGMXY2" failures="24" tests="47" name="HomeTest" time="2925.864" errors="0" timestamp="8 Oct 2020 02:14:20 GMT">
  <testcase classname="com.trgr.quality.maf.tests.HomeTest" name="ApplicationVerificationpostlogin" time="15.357"/>
  <testcase classname="com.trgr.quality.maf.tests.HomeTest" name="RemovedThematicAreaOptions" time="14.678"/>
  <testcase classname="com.trgr.quality.maf.tests.HomeTest" name="searchLinksFromAdavnceSearchWidget" time="71.862">
    <failure type="java.lang.AssertionError" message="The following asserts failed:
	Exception in Test expected [true] but found [false]">
      <![CDATA[java.lang.AssertionError: The following asserts failed:
	Exception in Test expected [true] but found [false]
	at com.trgr.quality.maf.tests.HomeTest.searchLinksFromAdavnceSearchWidget(HomeTest.java:2780)
... Removed 25 stack frames]]>
    </failure>
  </testcase> <!-- searchLinksFromAdavnceSearchWidget -->
  <testcase classname="com.trgr.quality.maf.tests.HomeTest" name="verifyThesaurussuggestions" time="57.978">
    <failure type="java.lang.AssertionError" message="The following asserts failed:
	Verifying the suggestion are displyed in home page:MAFQABANG-669 expected [true] but found [false]">
      <![CDATA[java.lang.AssertionError: The following asserts failed:
	Verifying the suggestion are displyed in home page:MAFQABANG-669 expected [true] but found [false]
	at com.trgr.quality.maf.tests.HomeTest.verifyThesaurussuggestions(HomeTest.java:4572)
... Removed 25 stack frames]]>
    </failure>
  </testcase> <!-- verifyThesaurussuggestions -->
  <testcase classname="com.trgr.quality.maf.tests.HomeTest" name="widgetsinhomepage" time="17.612"/>
  <testcase classname="com.trgr.quality.maf.tests.HomeTest" name="SearchByKeyword" time="60.37">
    <failure type="java.lang.AssertionError" message="The following asserts failed:
	Exception in Test expected [true] but found [false]">
      <![CDATA[java.lang.AssertionError: The following asserts failed:
	Exception in Test expected [true] but found [false]
	at com.trgr.quality.maf.tests.HomeTest.SearchByKeyword(HomeTest.java:4937)
... Removed 25 stack frames]]>
    </failure>
  </testcase> <!-- SearchByKeyword -->
  <testcase classname="com.trgr.quality.maf.tests.HomeTest" name="SearchByNonThesaurusSuggestion" time="59.802">
    <failure type="java.lang.AssertionError" message="The following asserts failed:
	Exception in Test expected [true] but found [false]">
      <![CDATA[java.lang.AssertionError: The following asserts failed:
	Exception in Test expected [true] but found [false]
	at com.trgr.quality.maf.tests.HomeTest.SearchByNonThesaurusSuggestion(HomeTest.java:4883)
... Removed 25 stack frames]]>
    </failure>
  </testcase> <!-- SearchByNonThesaurusSuggestion -->
  <testcase classname="com.trgr.quality.maf.tests.HomeTest" name="VerifyTheNumberOfResultsInHome" time="107.372">
    <failure type="java.lang.AssertionError" message="The following asserts failed:
	Verify the number of results displayed for the Ver coincidencias link:MAFQABANG-729 expected [true] but found [false]">
      <![CDATA[java.lang.AssertionError: The following asserts failed:
	Verify the number of results displayed for the Ver coincidencias link:MAFQABANG-729 expected [true] but found [false]
	at com.trgr.quality.maf.tests.HomeTest.VerifyTheNumberOfResultsInHome(HomeTest.java:4625)
... Removed 25 stack frames]]>
    </failure>
  </testcase> <!-- VerifyTheNumberOfResultsInHome -->
  <testcase classname="com.trgr.quality.maf.tests.HomeTest" name="isVerCoincidenciasLinkDisplayedInHome" time="81.397">
    <failure type="java.lang.AssertionError" message="The following asserts failed:
	Verify whether VerCoincidencias link is displayed(Home page):MAFQABANG-722 expected [true] but found [false]">
      <![CDATA[java.lang.AssertionError: The following asserts failed:
	Verify whether VerCoincidencias link is displayed(Home page):MAFQABANG-722 expected [true] but found [false]
	at com.trgr.quality.maf.tests.HomeTest.isVerCoincidenciasLinkDisplayedInHome(HomeTest.java:4675)
... Removed 25 stack frames]]>
    </failure>
  </testcase> <!-- isVerCoincidenciasLinkDisplayedInHome -->
  <testcase classname="com.trgr.quality.maf.tests.HomeTest" name="searchByThesaurusSsuggestion" time="82.561">
    <failure type="java.lang.AssertionError" message="The following asserts failed:
	Exception in Test expected [true] but found [false]">
      <![CDATA[java.lang.AssertionError: The following asserts failed:
	Exception in Test expected [true] but found [false]
	at com.trgr.quality.maf.tests.HomeTest.searchByThesaurusSsuggestion(HomeTest.java:4829)
... Removed 25 stack frames]]>
    </failure>
  </testcase> <!-- searchByThesaurusSsuggestion -->
  <testcase classname="com.trgr.quality.maf.tests.HomeTest" name="thematicSearchAndCleanInHomepage" time="107.796">
    <failure type="java.lang.AssertionError" message="The following asserts failed:
	MAFAUTO-98:declaración mensual : Verified Search by suggestions expected [true] but found [false]">
      <![CDATA[java.lang.AssertionError: The following asserts failed:
	MAFAUTO-98:declaración mensual : Verified Search by suggestions expected [true] but found [false]
	at com.trgr.quality.maf.tests.HomeTest.thematicSearchAndCleanInHomepage(HomeTest.java:346)
... Removed 25 stack frames]]>
    </failure>
  </testcase> <!-- thematicSearchAndCleanInHomepage -->
  <testcase classname="com.trgr.quality.maf.tests.HomeTest" name="verifyCountOfDocumentTypeInHome" time="112.128">
    <failure type="java.lang.AssertionError" message="The following asserts failed:
	MAFQABANG-689:Verify along with filter results the link of each document type found and in paranthesis number of matches from home page :The count of the document type in left panel is equal to the count in right panel expected [true] but found [false],
	MAFQABANG-689:Verify along with filter results the link of each document type found and in paranthesis number of matches from home page :The count of the document type in left panel is equal to the count in right panel expected [true] but found [false]">
      <![CDATA[java.lang.AssertionError: The following asserts failed:
	MAFQABANG-689:Verify along with filter results the link of each document type found and in paranthesis number of matches from home page :The count of the document type in left panel is equal to the count in right panel expected [true] but found [false],
	MAFQABANG-689:Verify along with filter results the link of each document type found and in paranthesis number of matches from home page :The count of the document type in left panel is equal to the count in right panel expected [true] but found [false]
	at com.trgr.quality.maf.tests.HomeTest.verifyCountOfDocumentTypeInHome(HomeTest.java:4415)
... Removed 25 stack frames]]>
    </failure>
  </testcase> <!-- verifyCountOfDocumentTypeInHome -->
  <testcase classname="com.trgr.quality.maf.tests.HomeTest" name="verifyCountOfSeeAllLinkInHome" time="53.508">
    <failure type="java.lang.AssertionError" message="The following asserts failed:
	Exception in Test expected [true] but found [false]">
      <![CDATA[java.lang.AssertionError: The following asserts failed:
	Exception in Test expected [true] but found [false]
	at com.trgr.quality.maf.tests.HomeTest.verifyCountOfSeeAllLinkInHome(HomeTest.java:4350)
... Removed 25 stack frames]]>
    </failure>
  </testcase> <!-- verifyCountOfSeeAllLinkInHome -->
  <testcase classname="com.trgr.quality.maf.tests.HomeTest" name="verifyDocumentSnippetIsDisplayedInHome" time="49.246">
    <failure type="java.lang.AssertionError" message="The following asserts failed:
	Exception in Test expected [true] but found [false]">
      <![CDATA[java.lang.AssertionError: The following asserts failed:
	Exception in Test expected [true] but found [false]
	at com.trgr.quality.maf.tests.HomeTest.verifyDocumentSnippetIsDisplayedInHome(HomeTest.java:5126)
... Removed 25 stack frames]]>
    </failure>
  </testcase> <!-- verifyDocumentSnippetIsDisplayedInHome -->
  <testcase classname="com.trgr.quality.maf.tests.HomeTest" name="verifyErrorMsgForEmptySearchInHome" time="22.559"/>
  <testcase classname="com.trgr.quality.maf.tests.HomeTest" name="verifyErrorMsgInHome" time="18.6"/>
  <testcase classname="com.trgr.quality.maf.tests.HomeTest" name="verifyResultCountForEachDocTypeInHome" time="63.54"/>
  <testcase classname="com.trgr.quality.maf.tests.HomeTest" name="verifyUnitandRubricLink" time="137.841">
    <failure type="java.lang.AssertionError" message="The following asserts failed:
	verify whether unit+rubric is a link:MAFQABANG-732 expected [true] but found [false]">
      <![CDATA[java.lang.AssertionError: The following asserts failed:
	verify whether unit+rubric is a link:MAFQABANG-732 expected [true] but found [false]
	at com.trgr.quality.maf.tests.HomeTest.verifyUnitandRubricLink(HomeTest.java:4776)
... Removed 25 stack frames]]>
    </failure>
  </testcase> <!-- verifyUnitandRubricLink -->
  <testcase classname="com.trgr.quality.maf.tests.HomeTest" name="verifyUnitrubricLinkInHome" time="109.739">
    <failure type="java.lang.AssertionError" message="The following asserts failed:
	Verify the unit+rubric link:MAFQABANG-726 expected [true] but found [false]">
      <![CDATA[java.lang.AssertionError: The following asserts failed:
	Verify the unit+rubric link:MAFQABANG-726 expected [true] but found [false]
	at com.trgr.quality.maf.tests.HomeTest.verifyUnitrubricLinkInHome(HomeTest.java:4725)
... Removed 25 stack frames]]>
    </failure>
  </testcase> <!-- verifyUnitrubricLinkInHome -->
  <testcase classname="com.trgr.quality.maf.tests.HomeTest" name="ValidationOfFilterResultsWidgetInHome" time="105.851">
    <failure type="java.lang.AssertionError" message="The following asserts failed:
	MAFQABANG-690:Validate the filter results widget and the links present inside it from home page :The widget is displayed expected [true] but found [false],
	MAFQABANG-690:Validate the filter results widget and the links present inside it from home page :The Document type is displayed expected [true] but found [false],
	Exception in Test expected [true] but found [false]">
      <![CDATA[java.lang.AssertionError: The following asserts failed:
	MAFQABANG-690:Validate the filter results widget and the links present inside it from home page :The widget is displayed expected [true] but found [false],
	MAFQABANG-690:Validate the filter results widget and the links present inside it from home page :The Document type is displayed expected [true] but found [false],
	Exception in Test expected [true] but found [false]
	at com.trgr.quality.maf.tests.HomeTest.ValidationOfFilterResultsWidgetInHome(HomeTest.java:4176)
... Removed 25 stack frames]]>
    </failure>
  </testcase> <!-- ValidationOfFilterResultsWidgetInHome -->
  <testcase classname="com.trgr.quality.maf.tests.HomeTest" name="ValidationOfGlobalSearchInHome" time="15.921"/>
  <testcase classname="com.trgr.quality.maf.tests.HomeTest" name="ValidationofSeeAllLinkInHome" time="67.28">
    <failure type="java.lang.AssertionError" message="The following asserts failed:
	Exception in Test expected [true] but found [false]">
      <![CDATA[java.lang.AssertionError: The following asserts failed:
	Exception in Test expected [true] but found [false]
	at com.trgr.quality.maf.tests.HomeTest.ValidationofSeeAllLinkInHome(HomeTest.java:4089)
... Removed 25 stack frames]]>
    </failure>
  </testcase> <!-- ValidationofSeeAllLinkInHome -->
  <testcase classname="com.trgr.quality.maf.tests.HomeTest" name="ValidationofThematicAreaDropdownInHome" time="30.649"/>
  <testcase classname="com.trgr.quality.maf.tests.HomeTest" name="smartSearchAndToolTip" time="38.976">
    <failure type="java.lang.AssertionError" message="The following asserts failed:
	MAFAUTO-200:Natural Language - Development : Verified smart search for intelligent search field expected [true] but found [false]">
      <![CDATA[java.lang.AssertionError: The following asserts failed:
	MAFAUTO-200:Natural Language - Development : Verified smart search for intelligent search field expected [true] but found [false]
	at com.trgr.quality.maf.tests.HomeTest.smartSearchAndToolTip(HomeTest.java:474)
... Removed 25 stack frames]]>
    </failure>
  </testcase> <!-- smartSearchAndToolTip -->
  <testcase classname="com.trgr.quality.maf.tests.HomeTest" name="ScheduledSearchWidget" time="38.769"/>
  <testcase classname="com.trgr.quality.maf.tests.HomeTest" name="LatestDocPublished" time="157.801">
    <failure type="java.lang.AssertionError" message="The following asserts failed:
	MAFAUTO-159:Verification of Latest documents published :Verified latest published legislation documents in the widget  expected [true] but found [false],
	MAFAUTO-159:Verification of Latest documents published : Verified latest published Jurisprudence-documents in the widget  expected [true] but found [false],
	MAFAUTO-159:Verification of Latest documents published : Verified latest published Doctrine-documents in the widget  expected [true] but found [false]">
      <![CDATA[java.lang.AssertionError: The following asserts failed:
	MAFAUTO-159:Verification of Latest documents published :Verified latest published legislation documents in the widget  expected [true] but found [false],
	MAFAUTO-159:Verification of Latest documents published : Verified latest published Jurisprudence-documents in the widget  expected [true] but found [false],
	MAFAUTO-159:Verification of Latest documents published : Verified latest published Doctrine-documents in the widget  expected [true] but found [false]
	at com.trgr.quality.maf.tests.HomeTest.LatestDocPublished(HomeTest.java:797)
... Removed 25 stack frames]]>
    </failure>
  </testcase> <!-- LatestDocPublished -->
  <testcase classname="com.trgr.quality.maf.tests.HomeTest" name="SearchByAbbrevation" time="201.603">
    <failure type="java.lang.AssertionError" message="The following asserts failed:
	MAFAUTO-99:Home Page - Widget - One Click - Search by Abbrevation expected [true] but found [false],
	MAFAUTO-99:Home Page - Widget - One Click - Search by Abbrevation expected [true] but found [false]">
      <![CDATA[java.lang.AssertionError: The following asserts failed:
	MAFAUTO-99:Home Page - Widget - One Click - Search by Abbrevation expected [true] but found [false],
	MAFAUTO-99:Home Page - Widget - One Click - Search by Abbrevation expected [true] but found [false]
	at com.trgr.quality.maf.tests.HomeTest.SearchByAbbrevation(HomeTest.java:860)
... Removed 25 stack frames]]>
    </failure>
  </testcase> <!-- SearchByAbbrevation -->
  <testcase classname="com.trgr.quality.maf.tests.HomeTest" name="FrequentAskedQuestionsWidget" time="322.665">
    <failure type="java.lang.AssertionError" message="The following asserts failed:
	MAFAUTO-140:Home Page - Widget - Usual Laws (Frequently Asked Questions) expected [true] but found [false],
	MAFAUTO-140:Home Page - Widget - Usual Laws (Frequently Asked Questions) expected [true] but found [false],
	MAFAUTO-140:Home Page - Widget - Usual Laws (Frequently Asked Questions) expected [true] but found [false],
	MAFAUTO-140:Home Page - Widget - Usual Laws (Frequently Asked Questions) expected [true] but found [false],
	MAFAUTO-140:Home Page - Widget - Usual Laws (Frequently Asked Questions) expected [true] but found [false],
	MAFAUTO-140:Home Page - Widget - Usual Laws (Frequently Asked Questions) expected [true] but found [false],
	MAFAUTO-140:Home Page - Widget - Usual Laws (Frequently Asked Questions) expected [true] but found [false],
	MAFAUTO-140:Home Page - Widget - Usual Laws (Frequently Asked Questions) expected [true] but found [false]">
      <![CDATA[java.lang.AssertionError: The following asserts failed:
	MAFAUTO-140:Home Page - Widget - Usual Laws (Frequently Asked Questions) expected [true] but found [false],
	MAFAUTO-140:Home Page - Widget - Usual Laws (Frequently Asked Questions) expected [true] but found [false],
	MAFAUTO-140:Home Page - Widget - Usual Laws (Frequently Asked Questions) expected [true] but found [false],
	MAFAUTO-140:Home Page - Widget - Usual Laws (Frequently Asked Questions) expected [true] but found [false],
	MAFAUTO-140:Home Page - Widget - Usual Laws (Frequently Asked Questions) expected [true] but found [false],
	MAFAUTO-140:Home Page - Widget - Usual Laws (Frequently Asked Questions) expected [true] but found [false],
	MAFAUTO-140:Home Page - Widget - Usual Laws (Frequently Asked Questions) expected [true] but found [false],
	MAFAUTO-140:Home Page - Widget - Usual Laws (Frequently Asked Questions) expected [true] but found [false]
	at com.trgr.quality.maf.tests.HomeTest.FrequentAskedQuestionsWidget(HomeTest.java:1105)
... Removed 25 stack frames]]>
    </failure>
  </testcase> <!-- FrequentAskedQuestionsWidget -->
  <testcase classname="com.trgr.quality.maf.tests.HomeTest" name="FrequentAskedQuestionsWidgetforAdministrativo" time="29.232">
    <failure type="java.lang.AssertionError" message="The following asserts failed:
	MAFAUTO-192:Home Page Validate Frequently Asked Questions widget for Thematic Area Administrativo expected [true] but found [false]">
      <![CDATA[java.lang.AssertionError: The following asserts failed:
	MAFAUTO-192:Home Page Validate Frequently Asked Questions widget for Thematic Area Administrativo expected [true] but found [false]
	at com.trgr.quality.maf.tests.HomeTest.FrequentAskedQuestionsWidgetforAdministrativo(HomeTest.java:2934)
... Removed 25 stack frames]]>
    </failure>
  </testcase> <!-- FrequentAskedQuestionsWidgetforAdministrativo -->
  <testcase classname="com.trgr.quality.maf.tests.HomeTest" name="FrequentAskedQuestionsWidgetforAmparo" time="28.35"/>
  <testcase classname="com.trgr.quality.maf.tests.HomeTest" name="FrequentAskedQuestionsWidgetforCivil" time="28.268"/>
  <testcase classname="com.trgr.quality.maf.tests.HomeTest" name="FrequentAskedQuestionsWidgetforConstitucional" time="29.34"/>
  <testcase classname="com.trgr.quality.maf.tests.HomeTest" name="FrequentAskedQuestionsWidgetforCorporativo" time="30.204"/>
  <testcase classname="com.trgr.quality.maf.tests.HomeTest" name="FrequentAskedQuestionsWidgetforFinanciero" time="29.041"/>
  <testcase classname="com.trgr.quality.maf.tests.HomeTest" name="FrequentAskedQuestionsWidgetforMercantil" time="28.324"/>
  <testcase classname="com.trgr.quality.maf.tests.HomeTest" name="FrequentAskedQuestionsWidgetforPenal" time="27.741"/>
  <testcase classname="com.trgr.quality.maf.tests.HomeTest" name="footerTermsAndConditions" time="21.36"/>
  <testcase classname="com.trgr.quality.maf.tests.HomeTest" name="ValidationOfIconsInDocumentDisplayPage" time="71.673"/>
  <testcase classname="com.trgr.quality.maf.tests.HomeTest" name="ValidationOfIndicatorWidget" time="19.697">
    <failure type="java.lang.AssertionError" message="The following asserts failed:
	Exception in Test expected [true] but found [false]">
      <![CDATA[java.lang.AssertionError: The following asserts failed:
	Exception in Test expected [true] but found [false]
	at com.trgr.quality.maf.tests.HomeTest.ValidationOfIndicatorWidget(HomeTest.java:3679)
... Removed 25 stack frames]]>
    </failure>
  </testcase> <!-- ValidationOfIndicatorWidget -->
  <testcase classname="com.trgr.quality.maf.tests.HomeTest" name="verifyPlaceHolderValueForAskChpInHome" time="18.722"/>
  <testcase classname="com.trgr.quality.maf.tests.HomeTest" name="validatingResultsForSearchInHome" time="43.346">
    <failure type="java.lang.AssertionError" message="The following asserts failed:
	MAFQABANG-679:Indicators validated in Home Page : Validated the results for search in the Home Page expected [true] but found [false]">
      <![CDATA[java.lang.AssertionError: The following asserts failed:
	MAFQABANG-679:Indicators validated in Home Page : Validated the results for search in the Home Page expected [true] but found [false]
	at com.trgr.quality.maf.tests.HomeTest.validatingResultsForSearchInHome(HomeTest.java:4227)
... Removed 25 stack frames]]>
    </failure>
  </testcase> <!-- validatingResultsForSearchInHome -->
  <testcase classname="com.trgr.quality.maf.tests.HomeTest" name="verifyTextInHelpIconInHome" time="20.058"/>
  <testcase classname="com.trgr.quality.maf.tests.HomeTest" name="validatingListaDeDocumentosInHomePage" time="73.535">
    <failure type="java.lang.AssertionError" message="The following asserts failed:
	Exception in Test expected [true] but found [false]">
      <![CDATA[java.lang.AssertionError: The following asserts failed:
	Exception in Test expected [true] but found [false]
	at com.trgr.quality.maf.tests.HomeTest.validatingListaDeDocumentosInHomePage(HomeTest.java:4469)
... Removed 25 stack frames]]>
    </failure>
  </testcase> <!-- validatingListaDeDocumentosInHomePage -->
  <testcase classname="com.trgr.quality.maf.tests.HomeTest" name="validatingListaDeDocumentosLeftPanelInHomePage" time="74.917">
    <failure type="java.lang.AssertionError" message="The following asserts failed:
	Exception in Test expected [true] but found [false]">
      <![CDATA[java.lang.AssertionError: The following asserts failed:
	Exception in Test expected [true] but found [false]
	at com.trgr.quality.maf.tests.HomeTest.validatingListaDeDocumentosLeftPanelInHomePage(HomeTest.java:4525)
... Removed 25 stack frames]]>
    </failure>
  </testcase> <!-- validatingListaDeDocumentosLeftPanelInHomePage -->
  <testcase classname="com.trgr.quality.maf.tests.HomeTest" name="verifyCleanButtonInHome" time="25.049"/>
  <testcase classname="com.trgr.quality.maf.tests.HomeTest" name="validatingActionsInResultPageFromHome" time="42.207"/>
  <testcase classname="com.trgr.quality.maf.tests.HomeTest" name="ClickHelpButontoOpenHelpPage" time="32.143"/>
</testsuite> <!-- HomeTest -->
