<?xml version="1.0" encoding="UTF-8"?>
<!-- Generated by org.testng.reporters.JUnitXMLReporter -->
<testsuite ignored="5" hostname="TR-JDGMXY2" failures="4" tests="4" name="MyDocumentTest" time="0.072" errors="0" timestamp="2021-02-23T16:08:43 ART">
  <testcase classname="com.trgr.quality.maf.tests.MyDocumentTest" name="displayOfMyDocumentsFolders" time="0.005">
    <failure type="java.lang.AssertionError" message="The following asserts failed:
	Exception in Test expected [true] but found [false]">
      <![CDATA[java.lang.AssertionError: The following asserts failed:
Exception in Test expected [true] but found [false]
at com.trgr.quality.maf.tests.MyDocumentTest.displayOfMyDocumentsFolders(MyDocumentTest.java:132)
at java.base/java.util.ArrayList.forEach(ArrayList.java:1511)
... Removed 29 stack frames]]>
    </failure>
  </testcase> <!-- displayOfMyDocumentsFolders -->
  <testcase classname="com.trgr.quality.maf.tests.MyDocumentTest" name="createNewFolder" time="0.01">
    <failure type="java.lang.AssertionError" message="The following asserts failed:
	Exception in Test expected [true] but found [false]">
      <![CDATA[java.lang.AssertionError: The following asserts failed:
Exception in Test expected [true] but found [false]
at com.trgr.quality.maf.tests.MyDocumentTest.createNewFolder(MyDocumentTest.java:308)
at java.base/java.util.ArrayList.forEach(ArrayList.java:1511)
... Removed 29 stack frames]]>
    </failure>
  </testcase> <!-- createNewFolder -->
  <testcase classname="com.trgr.quality.maf.tests.MyDocumentTest" name="renameAndDeleteNewFolder" time="0.005">
    <failure type="java.lang.AssertionError" message="The following asserts failed:
	Exception in Test expected [true] but found [false]">
      <![CDATA[java.lang.AssertionError: The following asserts failed:
Exception in Test expected [true] but found [false]
at com.trgr.quality.maf.tests.MyDocumentTest.renameAndDeleteNewFolder(MyDocumentTest.java:366)
at java.base/java.util.ArrayList.forEach(ArrayList.java:1511)
... Removed 29 stack frames]]>
    </failure>
  </testcase> <!-- renameAndDeleteNewFolder -->
  <testcase classname="com.trgr.quality.maf.tests.MyDocumentTest" name="expandAndCollapseFolder" time="0.005">
    <failure type="java.lang.AssertionError" message="The following asserts failed:
	Exception in Test expected [true] but found [false]">
      <![CDATA[java.lang.AssertionError: The following asserts failed:
Exception in Test expected [true] but found [false]
at com.trgr.quality.maf.tests.MyDocumentTest.expandAndCollapseFolder(MyDocumentTest.java:186)
at java.base/java.util.ArrayList.forEach(ArrayList.java:1511)
... Removed 29 stack frames]]>
    </failure>
  </testcase> <!-- expandAndCollapseFolder -->
  <testcase classname="com.trgr.quality.maf.tests.MyDocumentTest" name="CreateNewFolder" time="0.0">
    <ignored/>
  </testcase> <!-- CreateNewFolder -->
  <testcase classname="com.trgr.quality.maf.tests.MyDocumentTest" name="ExpandAndCollapseFolders" time="0.0">
    <ignored/>
  </testcase> <!-- ExpandAndCollapseFolders -->
  <testcase classname="com.trgr.quality.maf.tests.MyDocumentTest" name="CreateNewFolderInMydocument" time="0.0">
    <ignored/>
  </testcase> <!-- CreateNewFolderInMydocument -->
  <testcase classname="com.trgr.quality.maf.tests.MyDocumentTest" name="MyDocumentBasicFolders" time="0.0">
    <ignored/>
  </testcase> <!-- MyDocumentBasicFolders -->
  <testcase classname="com.trgr.quality.maf.tests.MyDocumentTest" name="RenameAndDeleteMyDocumentFolder" time="0.0">
    <ignored/>
  </testcase> <!-- RenameAndDeleteMyDocumentFolder -->
</testsuite> <!-- MyDocumentTest -->
