<?xml version="1.0" encoding="UTF-8"?>
<!-- Generated by org.testng.reporters.JUnitXMLReporter -->
<testsuite hostname="TR-JDGMXY2" failures="6" tests="6" name="NewsTest" time="480.812" errors="0" timestamp="7 Oct 2020 19:25:59 GMT">
  <testcase classname="com.trgr.quality.maf.tests.NewsTest" name="SearchNewswithInvalidDateFormat" time="84.113">
    <failure type="java.lang.AssertionError" message="The following asserts failed:
	Exception in Test expected [true] but found [false]">
      <![CDATA[java.lang.AssertionError: The following asserts failed:
	Exception in Test expected [true] but found [false]
	at com.trgr.quality.maf.tests.NewsTest.SearchNewswithInvalidDateFormat(NewsTest.java:135)
... Removed 25 stack frames]]>
    </failure>
  </testcase> <!-- SearchNewswithInvalidDateFormat -->
  <testcase classname="com.trgr.quality.maf.tests.NewsTest" name="NewsResultsWithValidInput" time="84.209">
    <failure type="java.lang.AssertionError" message="The following asserts failed:
	Exception in Test expected [true] but found [false]">
      <![CDATA[java.lang.AssertionError: The following asserts failed:
	Exception in Test expected [true] but found [false]
	at com.trgr.quality.maf.tests.NewsTest.NewsResultsWithValidInput(NewsTest.java:187)
... Removed 25 stack frames]]>
    </failure>
  </testcase> <!-- NewsResultsWithValidInput -->
  <testcase classname="com.trgr.quality.maf.tests.NewsTest" name="ClearButtonInNewsSearch" time="83.866">
    <failure type="java.lang.AssertionError" message="The following asserts failed:
	MAFQABANG-154:Clearing test data Entered for News in the Filter by date expected [true] but found [false]">
      <![CDATA[java.lang.AssertionError: The following asserts failed:
	MAFQABANG-154:Clearing test data Entered for News in the Filter by date expected [true] but found [false]
	at com.trgr.quality.maf.tests.NewsTest.ClearButtonInNewsSearch(NewsTest.java:233)
... Removed 25 stack frames]]>
    </failure>
  </testcase> <!-- ClearButtonInNewsSearch -->
  <testcase classname="com.trgr.quality.maf.tests.NewsTest" name="searchNewsforNoResults" time="90.401">
    <failure type="java.lang.AssertionError" message="The following asserts failed:
	Exception in Test expected [true] but found [false]">
      <![CDATA[java.lang.AssertionError: The following asserts failed:
	Exception in Test expected [true] but found [false]
	at com.trgr.quality.maf.tests.NewsTest.searchNewsforNoResults(NewsTest.java:311)
... Removed 25 stack frames]]>
    </failure>
  </testcase> <!-- searchNewsforNoResults -->
  <testcase classname="com.trgr.quality.maf.tests.NewsTest" name="NewsPageDisplayValidation" time="22.107">
    <failure type="java.lang.AssertionError" message="The following asserts failed:
	MAFQABANG-479:News Page validation - Verify All Expected Fields expected [true] but found [false]">
      <![CDATA[java.lang.AssertionError: The following asserts failed:
	MAFQABANG-479:News Page validation - Verify All Expected Fields expected [true] but found [false]
	at com.trgr.quality.maf.tests.NewsTest.NewsPageDisplayValidation(NewsTest.java:431)
... Removed 25 stack frames]]>
    </failure>
  </testcase> <!-- NewsPageDisplayValidation -->
  <testcase classname="com.trgr.quality.maf.tests.NewsTest" name="SearchNewswithBlankInput" time="88.196">
    <failure type="java.lang.AssertionError" message="The following asserts failed:
	Exception in Test expected [true] but found [false]">
      <![CDATA[java.lang.AssertionError: The following asserts failed:
	Exception in Test expected [true] but found [false]
	at com.trgr.quality.maf.tests.NewsTest.SearchNewswithBlankInput(NewsTest.java:606)
... Removed 25 stack frames]]>
    </failure>
  </testcase> <!-- SearchNewswithBlankInput -->
</testsuite> <!-- NewsTest -->
