<?xml version="1.0" encoding="UTF-8"?>
<!-- Generated by org.testng.reporters.JUnitXMLReporter -->
<testsuite hostname="TR-JDGMXY2" failures="24" tests="38" name="SearchTest" time="3144.394" errors="0" timestamp="7 Oct 2020 20:44:58 GMT">
  <testcase classname="com.trgr.quality.maf.tests.SearchTest" name="displayOfSearchResultsBasedOnContentType" time="84.298">
    <failure type="java.lang.AssertionError" message="The following asserts failed:
	MAFAUTO-102:Search failed : expected [true] but found [false]">
      <![CDATA[java.lang.AssertionError: The following asserts failed:
	MAFAUTO-102:Search failed : expected [true] but found [false]
	at com.trgr.quality.maf.tests.SearchTest.displayOfSearchResultsBasedOnContentType(SearchTest.java:157)
... Removed 25 stack frames]]>
    </failure>
  </testcase> <!-- displayOfSearchResultsBasedOnContentType -->
  <testcase classname="com.trgr.quality.maf.tests.SearchTest" name="VerifyTheNumberOfResultsInSearch" time="128.954">
    <failure type="java.lang.AssertionError" message="The following asserts failed:
	Ver coincidencias link is present:MAFQABANG-692 expected [true] but found [false],
	Verify the number of results displayed for the Ver coincidencias link(search page):MAFQABANG-692 expected [true] but found [false]">
      <![CDATA[java.lang.AssertionError: The following asserts failed:
	Ver coincidencias link is present:MAFQABANG-692 expected [true] but found [false],
	Verify the number of results displayed for the Ver coincidencias link(search page):MAFQABANG-692 expected [true] but found [false]
	at com.trgr.quality.maf.tests.SearchTest.VerifyTheNumberOfResultsInSearch(SearchTest.java:2956)
... Removed 25 stack frames]]>
    </failure>
  </testcase> <!-- VerifyTheNumberOfResultsInSearch -->
  <testcase classname="com.trgr.quality.maf.tests.SearchTest" name="verifyCountOfDocumentTypeInSearch" time="161.161">
    <failure type="java.lang.AssertionError" message="The following asserts failed:
	MAFQABANG-711:Verify list of results after clicking see all and count of documents next to it from home page :The count of the document type in left panel is equal to the count in right panel expected [true] but found [false],
	MAFQABANG-711:Verify list of results after clicking see all and count of documents next to it from home page :The count of the document type in left panel is equal to the count in right panel expected [true] but found [false],
	MAFQABANG-711:Verify list of results after clicking see all and count of documents next to it from home page :The count of the document type in left panel is equal to the count in right panel expected [true] but found [false]">
      <![CDATA[java.lang.AssertionError: The following asserts failed:
	MAFQABANG-711:Verify list of results after clicking see all and count of documents next to it from home page :The count of the document type in left panel is equal to the count in right panel expected [true] but found [false],
	MAFQABANG-711:Verify list of results after clicking see all and count of documents next to it from home page :The count of the document type in left panel is equal to the count in right panel expected [true] but found [false],
	MAFQABANG-711:Verify list of results after clicking see all and count of documents next to it from home page :The count of the document type in left panel is equal to the count in right panel expected [true] but found [false]
	at com.trgr.quality.maf.tests.SearchTest.verifyCountOfDocumentTypeInSearch(SearchTest.java:2335)
... Removed 25 stack frames]]>
    </failure>
  </testcase> <!-- verifyCountOfDocumentTypeInSearch -->
  <testcase classname="com.trgr.quality.maf.tests.SearchTest" name="verifyCountOfSeeAllLinkInSearch" time="58.765">
    <failure type="java.lang.AssertionError" message="The following asserts failed:
	MAFQABANG-712:Verify along with filter results the link of each document type found and in paranthesis number of matches from search page :The Document type is displayed expected [true] but found [false],
	MAFQABANG-712:Verify along with filter results the link of each document type found and in paranthesis number of matches from search page :The Document type is displayed expected [true] but found [false]">
      <![CDATA[java.lang.AssertionError: The following asserts failed:
	MAFQABANG-712:Verify along with filter results the link of each document type found and in paranthesis number of matches from search page :The Document type is displayed expected [true] but found [false],
	MAFQABANG-712:Verify along with filter results the link of each document type found and in paranthesis number of matches from search page :The Document type is displayed expected [true] but found [false]
	at com.trgr.quality.maf.tests.SearchTest.verifyCountOfSeeAllLinkInSearch(SearchTest.java:2272)
... Removed 25 stack frames]]>
    </failure>
  </testcase> <!-- verifyCountOfSeeAllLinkInSearch -->
  <testcase classname="com.trgr.quality.maf.tests.SearchTest" name="verifyDocumentSnippetIsDisplayed" time="38.514">
    <failure type="java.lang.AssertionError" message="The following asserts failed:
	Exception in Test expected [true] but found [false]">
      <![CDATA[java.lang.AssertionError: The following asserts failed:
	Exception in Test expected [true] but found [false]
	at com.trgr.quality.maf.tests.SearchTest.verifyDocumentSnippetIsDisplayed(SearchTest.java:3196)
... Removed 25 stack frames]]>
    </failure>
  </testcase> <!-- verifyDocumentSnippetIsDisplayed -->
  <testcase classname="com.trgr.quality.maf.tests.SearchTest" name="verifyErrorMsgForEmptySearch" time="9.291"/>
  <testcase classname="com.trgr.quality.maf.tests.SearchTest" name="verifyErrorMsgInSearch" time="15.937"/>
  <testcase classname="com.trgr.quality.maf.tests.SearchTest" name="verifyNoDocumentsErrorMsg" time="36.459">
    <failure type="java.lang.AssertionError" message="The following asserts failed:
	Exception in Test expected [true] but found [false]">
      <![CDATA[java.lang.AssertionError: The following asserts failed:
	Exception in Test expected [true] but found [false]
	at com.trgr.quality.maf.tests.SearchTest.verifyNoDocumentsErrorMsg(SearchTest.java:3247)
... Removed 25 stack frames]]>
    </failure>
  </testcase> <!-- verifyNoDocumentsErrorMsg -->
  <testcase classname="com.trgr.quality.maf.tests.SearchTest" name="verifyResultCountForEachDocType" time="68.716"/>
  <testcase classname="com.trgr.quality.maf.tests.SearchTest" name="verifyUnitrubricLinkInSearchPage" time="145.269">
    <failure type="java.lang.AssertionError" message="The following asserts failed:
	verify whether unit+rubric is a link(Search Page):MAFQABANG-693 expected [true] but found [false]">
      <![CDATA[java.lang.AssertionError: The following asserts failed:
	verify whether unit+rubric is a link(Search Page):MAFQABANG-693 expected [true] but found [false]
	at com.trgr.quality.maf.tests.SearchTest.verifyUnitrubricLinkInSearchPage(SearchTest.java:3011)
... Removed 25 stack frames]]>
    </failure>
  </testcase> <!-- verifyUnitrubricLinkInSearchPage -->
  <testcase classname="com.trgr.quality.maf.tests.SearchTest" name="ValidationOfFilterResultsWidgetInSearch" time="113.937">
    <failure type="java.lang.AssertionError" message="The following asserts failed:
	MAFQABANG-691:Verify See all Link next to each documentary from search page :The widget is displayed expected [true] but found [false],
	MAFQABANG-691:Verify See all Link next to each documentary from search page :The Document type is displayed expected [true] but found [false],
	Exception in Test expected [true] but found [false]">
      <![CDATA[java.lang.AssertionError: The following asserts failed:
	MAFQABANG-691:Verify See all Link next to each documentary from search page :The widget is displayed expected [true] but found [false],
	MAFQABANG-691:Verify See all Link next to each documentary from search page :The Document type is displayed expected [true] but found [false],
	Exception in Test expected [true] but found [false]
	at com.trgr.quality.maf.tests.SearchTest.ValidationOfFilterResultsWidgetInSearch(SearchTest.java:2098)
... Removed 25 stack frames]]>
    </failure>
  </testcase> <!-- ValidationOfFilterResultsWidgetInSearch -->
  <testcase classname="com.trgr.quality.maf.tests.SearchTest" name="ValidationOfGlobalSearchInSearch" time="18.139"/>
  <testcase classname="com.trgr.quality.maf.tests.SearchTest" name="ValidationofSeeAllLinkInSearch" time="74.915">
    <failure type="java.lang.AssertionError" message="The following asserts failed:
	Exception in Test expected [true] but found [false]">
      <![CDATA[java.lang.AssertionError: The following asserts failed:
	Exception in Test expected [true] but found [false]
	at com.trgr.quality.maf.tests.SearchTest.ValidationofSeeAllLinkInSearch(SearchTest.java:1888)
... Removed 25 stack frames]]>
    </failure>
  </testcase> <!-- ValidationofSeeAllLinkInSearch -->
  <testcase classname="com.trgr.quality.maf.tests.SearchTest" name="ValidationofThematicAreaDropdownInSearch" time="17.801"/>
  <testcase classname="com.trgr.quality.maf.tests.SearchTest" name="displayOfSearchPage" time="99.41">
    <failure type="java.lang.AssertionError" message="The following asserts failed:
	content tree left pane validated successfully:MAFQABANG-48 expected [true] but found [false],
	content tree Expanded:MAFQABANG-48 expected [true] but found [false],
	content tree Collapsed:MAFQABANG-48 expected [true] but found [false]">
      <![CDATA[java.lang.AssertionError: The following asserts failed:
	content tree left pane validated successfully:MAFQABANG-48 expected [true] but found [false],
	content tree Expanded:MAFQABANG-48 expected [true] but found [false],
	content tree Collapsed:MAFQABANG-48 expected [true] but found [false]
	at com.trgr.quality.maf.tests.SearchTest.displayOfSearchPage(SearchTest.java:365)
... Removed 25 stack frames]]>
    </failure>
  </testcase> <!-- displayOfSearchPage -->
  <testcase classname="com.trgr.quality.maf.tests.SearchTest" name="verifyNIFMappingOnResultsAndDocDisplay" time="64.71">
    <failure type="java.lang.AssertionError" message="The following asserts failed:
	Jurisprudence - Result List - Improve ranking feature:MAFAUTO-233 expected [true] but found [false]">
      <![CDATA[java.lang.AssertionError: The following asserts failed:
	Jurisprudence - Result List - Improve ranking feature:MAFAUTO-233 expected [true] but found [false]
	at com.trgr.quality.maf.tests.SearchTest.verifyNIFMappingOnResultsAndDocDisplay(SearchTest.java:442)
... Removed 25 stack frames]]>
    </failure>
  </testcase> <!-- verifyNIFMappingOnResultsAndDocDisplay -->
  <testcase classname="com.trgr.quality.maf.tests.SearchTest" name="NIFParagraphNumber" time="177.949">
    <failure type="java.lang.AssertionError" message="The following asserts failed:
	Exception in Test expected [true] but found [false]">
      <![CDATA[java.lang.AssertionError: The following asserts failed:
	Exception in Test expected [true] but found [false]
	at com.trgr.quality.maf.tests.SearchTest.NIFParagraphNumber(SearchTest.java:532)
... Removed 25 stack frames]]>
    </failure>
  </testcase> <!-- NIFParagraphNumber -->
  <testcase classname="com.trgr.quality.maf.tests.SearchTest" name="suggestionsDisplayedForAllSearchPages" time="209.793">
    <failure type="java.lang.AssertionError" message="The following asserts failed:
	MAFAUTO-242:Suggestions drop down getting dispalyed for Advance Search expected [true] but found [false],
	MAFAUTO-242:Suggestions drop down getting dispalyed for Advance Search expected [true] but found [false],
	Exception in Test expected [true] but found [false]">
      <![CDATA[java.lang.AssertionError: The following asserts failed:
	MAFAUTO-242:Suggestions drop down getting dispalyed for Advance Search expected [true] but found [false],
	MAFAUTO-242:Suggestions drop down getting dispalyed for Advance Search expected [true] but found [false],
	Exception in Test expected [true] but found [false]
	at com.trgr.quality.maf.tests.SearchTest.suggestionsDisplayedForAllSearchPages(SearchTest.java:657)
... Removed 25 stack frames]]>
    </failure>
  </testcase> <!-- suggestionsDisplayedForAllSearchPages -->
  <testcase classname="com.trgr.quality.maf.tests.SearchTest" name="suggestionsDisplayedTillThirdLevelOnAllSearchPages" time="327.478">
    <failure type="java.lang.AssertionError" message="The following asserts failed:
	Exception in Test expected [true] but found [false]">
      <![CDATA[java.lang.AssertionError: The following asserts failed:
	Exception in Test expected [true] but found [false]
	at com.trgr.quality.maf.tests.SearchTest.suggestionsDisplayedTillThirdLevelOnAllSearchPages(SearchTest.java:774)
... Removed 25 stack frames]]>
    </failure>
  </testcase> <!-- suggestionsDisplayedTillThirdLevelOnAllSearchPages -->
  <testcase classname="com.trgr.quality.maf.tests.SearchTest" name="validateThesaurusRelatedTerms" time="18.121"/>
  <testcase classname="com.trgr.quality.maf.tests.SearchTest" name="modifySearchFromSearchResultsPageInMex" time="49.282"/>
  <testcase classname="com.trgr.quality.maf.tests.SearchTest" name="newSearchFromSearchResultsPage" time="41.531"/>
  <testcase classname="com.trgr.quality.maf.tests.SearchTest" name="newSearchFromSearchResultsPageInMex" time="44.942"/>
  <testcase classname="com.trgr.quality.maf.tests.SearchTest" name="isVerCoincidenciasLinkDisplayedInSearch" time="71.623">
    <failure type="java.lang.AssertionError" message="The following asserts failed:
	Verify whether VerCoincidencias link is displayed(search page):MAFQABANG-723 expected [true] but found [false]">
      <![CDATA[java.lang.AssertionError: The following asserts failed:
	Verify whether VerCoincidencias link is displayed(search page):MAFQABANG-723 expected [true] but found [false]
	at com.trgr.quality.maf.tests.SearchTest.isVerCoincidenciasLinkDisplayedInSearch(SearchTest.java:2897)
... Removed 25 stack frames]]>
    </failure>
  </testcase> <!-- isVerCoincidenciasLinkDisplayedInSearch -->
  <testcase classname="com.trgr.quality.maf.tests.SearchTest" name="correlationsVoicesContextValidation" time="59.608"/>
  <testcase classname="com.trgr.quality.maf.tests.SearchTest" name="creatingShortcutforContentTreeNode" time="307.181">
    <failure type="java.lang.AssertionError" message="The following asserts failed:
	MAFAUTO-226Tocectory - Add icon in Tocectory expected [true] but found [false]">
      <![CDATA[java.lang.AssertionError: The following asserts failed:
	MAFAUTO-226Tocectory - Add icon in Tocectory expected [true] but found [false]
	at com.trgr.quality.maf.tests.SearchTest.creatingShortcutforContentTreeNode(SearchTest.java:1410)
... Removed 25 stack frames]]>
    </failure>
  </testcase> <!-- creatingShortcutforContentTreeNode -->
  <testcase classname="com.trgr.quality.maf.tests.SearchTest" name="SearchByThesaurusSuggestionInSearch" time="85.591">
    <failure type="java.lang.AssertionError" message="The following asserts failed:
	Exception in Test expected [true] but found [false]">
      <![CDATA[java.lang.AssertionError: The following asserts failed:
	Exception in Test expected [true] but found [false]
	at com.trgr.quality.maf.tests.SearchTest.SearchByThesaurusSuggestionInSearch(SearchTest.java:2686)
... Removed 25 stack frames]]>
    </failure>
  </testcase> <!-- SearchByThesaurusSuggestionInSearch -->
  <testcase classname="com.trgr.quality.maf.tests.SearchTest" name="SearchByNonThesaurusSuggestionSearch" time="65.69">
    <failure type="java.lang.AssertionError" message="The following asserts failed:
	Exception in Test expected [true] but found [false]">
      <![CDATA[java.lang.AssertionError: The following asserts failed:
	Exception in Test expected [true] but found [false]
	at com.trgr.quality.maf.tests.SearchTest.SearchByNonThesaurusSuggestionSearch(SearchTest.java:2742)
... Removed 25 stack frames]]>
    </failure>
  </testcase> <!-- SearchByNonThesaurusSuggestionSearch -->
  <testcase classname="com.trgr.quality.maf.tests.SearchTest" name="verifyPlaceHolderValueForAskChpInSearchPage" time="4.812"/>
  <testcase classname="com.trgr.quality.maf.tests.SearchTest" name="verifyNonThesaurusKeywordSearch" time="57.5"/>
  <testcase classname="com.trgr.quality.maf.tests.SearchTest" name="verifyTextInHelpIconInSearchPage" time="4.659"/>
  <testcase classname="com.trgr.quality.maf.tests.SearchTest" name="searchWithoutSuggessionsInsearch" time="65.002">
    <failure type="java.lang.AssertionError" message="The following asserts failed:
	Exception in Test expected [true] but found [false]">
      <![CDATA[java.lang.AssertionError: The following asserts failed:
	Exception in Test expected [true] but found [false]
	at com.trgr.quality.maf.tests.SearchTest.searchWithoutSuggessionsInsearch(SearchTest.java:2846)
... Removed 25 stack frames]]>
    </failure>
  </testcase> <!-- searchWithoutSuggessionsInsearch -->
  <testcase classname="com.trgr.quality.maf.tests.SearchTest" name="verifyCleanButtonInSearchPage" time="12.086"/>
  <testcase classname="com.trgr.quality.maf.tests.SearchTest" name="validatingListaDeDocumentosInSearchPage" time="78.943">
    <failure type="java.lang.AssertionError" message="The following asserts failed:
	Exception in Test expected [true] but found [false]">
      <![CDATA[java.lang.AssertionError: The following asserts failed:
	Exception in Test expected [true] but found [false]
	at com.trgr.quality.maf.tests.SearchTest.validatingListaDeDocumentosInSearchPage(SearchTest.java:2389)
... Removed 25 stack frames]]>
    </failure>
  </testcase> <!-- validatingListaDeDocumentosInSearchPage -->
  <testcase classname="com.trgr.quality.maf.tests.SearchTest" name="validatingListaDeDocumentosLeftPanelInSearchPage" time="84.001">
    <failure type="java.lang.AssertionError" message="The following asserts failed:
	Exception in Test expected [true] but found [false]">
      <![CDATA[java.lang.AssertionError: The following asserts failed:
	Exception in Test expected [true] but found [false]
	at com.trgr.quality.maf.tests.SearchTest.validatingListaDeDocumentosLeftPanelInSearchPage(SearchTest.java:2446)
... Removed 25 stack frames]]>
    </failure>
  </testcase> <!-- validatingListaDeDocumentosLeftPanelInSearchPage -->
  <testcase classname="com.trgr.quality.maf.tests.SearchTest" name="validatingResultsForSearchInSearchPage" time="50.261">
    <failure type="java.lang.AssertionError" message="The following asserts failed:
	MAFQABANG-680:Indicators validated in Home Page : Validated the results for search in the Search Page expected [true] but found [false]">
      <![CDATA[java.lang.AssertionError: The following asserts failed:
	MAFQABANG-680:Indicators validated in Home Page : Validated the results for search in the Search Page expected [true] but found [false]
	at com.trgr.quality.maf.tests.SearchTest.validatingResultsForSearchInSearchPage(SearchTest.java:2149)
... Removed 25 stack frames]]>
    </failure>
  </testcase> <!-- validatingResultsForSearchInSearchPage -->
  <testcase classname="com.trgr.quality.maf.tests.SearchTest" name="validatingActionsInResultPageFromSearch" time="99.626">
    <failure type="java.lang.AssertionError" message="The following asserts failed:
	MAFQABANG-720:Indicators validated in Home Page : Validated the Export button in the result Page expected [true] but found [false],
	MAFQABANG-720:Indicators validated in Home Page : Validated the print button in the result Page expected [true] but found [false],
	MAFQABANG-720:Indicators validated in Home Page : Validated the email button in the result Page expected [true] but found [false]">
      <![CDATA[java.lang.AssertionError: The following asserts failed:
	MAFQABANG-720:Indicators validated in Home Page : Validated the Export button in the result Page expected [true] but found [false],
	MAFQABANG-720:Indicators validated in Home Page : Validated the print button in the result Page expected [true] but found [false],
	MAFQABANG-720:Indicators validated in Home Page : Validated the email button in the result Page expected [true] but found [false]
	at com.trgr.quality.maf.tests.SearchTest.validatingActionsInResultPageFromSearch(SearchTest.java:2217)
... Removed 25 stack frames]]>
    </failure>
  </testcase> <!-- validatingActionsInResultPageFromSearch -->
  <testcase classname="com.trgr.quality.maf.tests.SearchTest" name="verifyThesaurussuggestionsSearch" time="63.651">
    <failure type="java.lang.AssertionError" message="The following asserts failed:
	Thesaurus suggestion in the Búsqueda Global search suggestions  in search page:MAFQABANG-703 expected [true] but found [false]">
      <![CDATA[java.lang.AssertionError: The following asserts failed:
	Thesaurus suggestion in the Búsqueda Global search suggestions  in search page:MAFQABANG-703 expected [true] but found [false]
	at com.trgr.quality.maf.tests.SearchTest.verifyThesaurussuggestionsSearch(SearchTest.java:2631)
... Removed 25 stack frames]]>
    </failure>
  </testcase> <!-- verifyThesaurussuggestionsSearch -->
</testsuite> <!-- SearchTest -->
