<?xml version="1.0" encoding="UTF-8"?>
<!-- Generated by org.testng.reporters.JUnitXMLReporter -->
<testsuite hostname="TR-JDGMXY2" failures="1" tests="2" name="SearchUsingHomePageTest" time="243.5" errors="0" timestamp="7 Oct 2020 23:42:21 GMT">
  <testcase classname="com.trgr.quality.maf.tests.SearchUsingHomePageTest" name="searchUsingFreewordOnHomepage" time="96.412">
    <failure type="java.lang.AssertionError" message="The following asserts failed:
	MAFQABANG-50:Search failed : expected [true] but found [false]">
      <![CDATA[java.lang.AssertionError: The following asserts failed:
	MAFQABANG-50:Search failed : expected [true] but found [false]
	at com.trgr.quality.maf.tests.SearchUsingHomePageTest.searchUsingFreewordOnHomepage(SearchUsingHomePageTest.java:177)
... Removed 25 stack frames]]>
    </failure>
  </testcase> <!-- searchUsingFreewordOnHomepage -->
  <testcase classname="com.trgr.quality.maf.tests.SearchUsingHomePageTest" name="thematicSearchOnHomepage" time="119.044"/>
</testsuite> <!-- SearchUsingHomePageTest -->
