<?xml version="1.0" encoding="UTF-8"?>
<!-- Generated by org.testng.reporters.JUnitReportReporter -->
<testsuite hostname="TR-JDGMXY2" failures="1" tests="5" name="com.trgr.quality.maf.tests.ValuationWheelsTest" time="344.939" errors="0" timestamp="2020-12-16T14:31:27 ART" skipped="0">
  <testcase classname="com.trgr.quality.maf.tests.ValuationWheelsTest" name="displayOfValuationofWheelsPageAndCheckForNoResultsMsg" time="18.441"/>
  <system-out/>
  <testcase classname="com.trgr.quality.maf.tests.ValuationWheelsTest" name="searchUsingAllFieldsAndDeliveryOption" time="121.617">
    <failure message="The following asserts failed:
	MAFQABANG-528:Verify the Search Result page and Email Delivery of Valuation_of_Wheels expected [true] but found [false]" type="java.lang.AssertionError">
      <![CDATA[java.lang.AssertionError: The following asserts failed:
MAFQABANG-528:Verify the Search Result page and Email Delivery of Valuation_of_Wheels expected [true] but found [false]
at org.testng.asserts.SoftAssert.assertAll(SoftAssert.java:47)
at org.testng.asserts.SoftAssert.assertAll(SoftAssert.java:31)
at com.trgr.quality.maf.tests.ValuationWheelsTest.searchUsingAllFieldsAndDeliveryOption(ValuationWheelsTest.java:209)
at java.base/jdk.internal.reflect.NativeMethodAccessorImpl.invoke0(Native Method)
at java.base/jdk.internal.reflect.NativeMethodAccessorImpl.invoke(NativeMethodAccessorImpl.java:62)
at java.base/jdk.internal.reflect.DelegatingMethodAccessorImpl.invoke(DelegatingMethodAccessorImpl.java:43)
at java.base/java.lang.reflect.Method.invoke(Method.java:564)
at org.testng.internal.MethodInvocationHelper.invokeMethod(MethodInvocationHelper.java:132)
at org.testng.internal.TestInvoker.invokeMethod(TestInvoker.java:599)
at org.testng.internal.TestInvoker.invokeTestMethod(TestInvoker.java:174)
at org.testng.internal.MethodRunner.runInSequence(MethodRunner.java:46)
at org.testng.internal.TestInvoker$MethodInvocationAgent.invoke(TestInvoker.java:822)
at org.testng.internal.TestInvoker.invokeTestMethods(TestInvoker.java:147)
at org.testng.internal.TestMethodWorker.invokeTestMethods(TestMethodWorker.java:146)
at org.testng.internal.TestMethodWorker.run(TestMethodWorker.java:128)
at java.base/java.util.ArrayList.forEach(ArrayList.java:1511)
at org.testng.TestRunner.privateRun(TestRunner.java:764)
at org.testng.TestRunner.run(TestRunner.java:585)
at org.testng.SuiteRunner.runTest(SuiteRunner.java:384)
at org.testng.SuiteRunner.runSequentially(SuiteRunner.java:378)
at org.testng.SuiteRunner.privateRun(SuiteRunner.java:337)
at org.testng.SuiteRunner.run(SuiteRunner.java:286)
at org.testng.SuiteRunnerWorker.runSuite(SuiteRunnerWorker.java:53)
at org.testng.SuiteRunnerWorker.run(SuiteRunnerWorker.java:96)
at org.testng.TestNG.runSuitesSequentially(TestNG.java:1218)
at org.testng.TestNG.runSuitesLocally(TestNG.java:1140)
at org.testng.TestNG.runSuites(TestNG.java:1069)
at org.testng.TestNG.run(TestNG.java:1037)
at org.testng.remote.AbstractRemoteTestNG.run(AbstractRemoteTestNG.java:115)
at org.testng.remote.RemoteTestNG.initAndRun(RemoteTestNG.java:251)
at org.testng.remote.RemoteTestNG.main(RemoteTestNG.java:77)
]]>
    </failure>
  </testcase> <!-- searchUsingAllFieldsAndDeliveryOption -->
  <system-out/>
  <testcase classname="com.trgr.quality.maf.tests.ValuationWheelsTest" name="modifySearchandclearDataValidations" time="71.611"/>
  <system-out/>
  <testcase classname="com.trgr.quality.maf.tests.ValuationWheelsTest" name="newSearchLinkOnSearchResultsPage" time="47.510"/>
  <system-out/>
  <testcase classname="com.trgr.quality.maf.tests.ValuationWheelsTest" name="SearchWithInSearchResults" time="85.760"/>
  <system-out/>
</testsuite> <!-- com.trgr.quality.maf.tests.ValuationWheelsTest -->
