<?xml version="1.0" encoding="UTF-8"?>
<!-- Generated by org.testng.reporters.JUnitXMLReporter -->
<testsuite ignored="30" hostname="TR-JDGMXY2" failures="12" tests="12" name="DocumentDisplayTest" time="35.88" errors="0" timestamp="2021-02-26T02:42:53 ART">
  <testcase classname="com.trgr.quality.maf.tests.DocumentDisplayTest" name="fontSizeChangesOnDocument" time="0.126">
    <failure type="java.lang.AssertionError" message="The following asserts failed:
	Exception in Test expected [true] but found [false]">
      <![CDATA[java.lang.AssertionError: The following asserts failed:
Exception in Test expected [true] but found [false]
at com.trgr.quality.maf.tests.DocumentDisplayTest.fontSizeChangesOnDocument(DocumentDisplayTest.java:196)
at java.base/java.util.ArrayList.forEach(ArrayList.java:1511)
at java.base/java.util.concurrent.FutureTask.run(FutureTask.java:264)
at java.base/java.util.concurrent.ThreadPoolExecutor.runWorker(ThreadPoolExecutor.java:1130)
at java.base/java.util.concurrent.ThreadPoolExecutor$Worker.run(ThreadPoolExecutor.java:630)
at java.base/java.lang.Thread.run(Thread.java:832)
... Removed 20 stack frames]]>
    </failure>
  </testcase> <!-- fontSizeChangesOnDocument -->
  <testcase classname="com.trgr.quality.maf.tests.DocumentDisplayTest" name="documentDisplayForDoctrinaAndJurisprudence" time="0.027">
    <failure type="java.lang.AssertionError" message="The following asserts failed:
	Exception in Test expected [true] but found [false]">
      <![CDATA[java.lang.AssertionError: The following asserts failed:
Exception in Test expected [true] but found [false]
at com.trgr.quality.maf.tests.DocumentDisplayTest.documentDisplayForDoctrinaAndJurisprudence(DocumentDisplayTest.java:360)
at java.base/java.util.ArrayList.forEach(ArrayList.java:1511)
at java.base/java.util.concurrent.FutureTask.run(FutureTask.java:264)
at java.base/java.util.concurrent.ThreadPoolExecutor.runWorker(ThreadPoolExecutor.java:1130)
at java.base/java.util.concurrent.ThreadPoolExecutor$Worker.run(ThreadPoolExecutor.java:630)
at java.base/java.lang.Thread.run(Thread.java:832)
... Removed 20 stack frames]]>
    </failure>
  </testcase> <!-- documentDisplayForDoctrinaAndJurisprudence -->
  <testcase classname="com.trgr.quality.maf.tests.DocumentDisplayTest" name="documentDisplayNavigationOptions" time="0.023">
    <failure type="java.lang.AssertionError" message="The following asserts failed:
	Exception in Test expected [true] but found [false]">
      <![CDATA[java.lang.AssertionError: The following asserts failed:
Exception in Test expected [true] but found [false]
at com.trgr.quality.maf.tests.DocumentDisplayTest.documentDisplayNavigationOptions(DocumentDisplayTest.java:477)
at java.base/java.util.ArrayList.forEach(ArrayList.java:1511)
at java.base/java.util.concurrent.FutureTask.run(FutureTask.java:264)
at java.base/java.util.concurrent.ThreadPoolExecutor.runWorker(ThreadPoolExecutor.java:1130)
at java.base/java.util.concurrent.ThreadPoolExecutor$Worker.run(ThreadPoolExecutor.java:630)
at java.base/java.lang.Thread.run(Thread.java:832)
... Removed 20 stack frames]]>
    </failure>
  </testcase> <!-- documentDisplayNavigationOptions -->
  <testcase classname="com.trgr.quality.maf.tests.DocumentDisplayTest" name="resultListTabNaviagtionOptions" time="0.048">
    <failure type="java.lang.AssertionError" message="The following asserts failed:
	Exception in Test expected [true] but found [false]">
      <![CDATA[java.lang.AssertionError: The following asserts failed:
Exception in Test expected [true] but found [false]
at com.trgr.quality.maf.tests.DocumentDisplayTest.resultListTabNaviagtionOptions(DocumentDisplayTest.java:567)
at java.base/java.util.ArrayList.forEach(ArrayList.java:1511)
at java.base/java.util.concurrent.FutureTask.run(FutureTask.java:264)
at java.base/java.util.concurrent.ThreadPoolExecutor.runWorker(ThreadPoolExecutor.java:1130)
at java.base/java.util.concurrent.ThreadPoolExecutor$Worker.run(ThreadPoolExecutor.java:630)
at java.base/java.lang.Thread.run(Thread.java:832)
... Removed 20 stack frames]]>
    </failure>
  </testcase> <!-- resultListTabNaviagtionOptions -->
  <testcase classname="com.trgr.quality.maf.tests.DocumentDisplayTest" name="followTheDocument" time="0.023">
    <failure type="java.lang.AssertionError" message="The following asserts failed:
	Exception in Test expected [true] but found [false]">
      <![CDATA[java.lang.AssertionError: The following asserts failed:
Exception in Test expected [true] but found [false]
at com.trgr.quality.maf.tests.DocumentDisplayTest.followTheDocument(DocumentDisplayTest.java:666)
at java.base/java.util.ArrayList.forEach(ArrayList.java:1511)
at java.base/java.util.concurrent.FutureTask.run(FutureTask.java:264)
at java.base/java.util.concurrent.ThreadPoolExecutor.runWorker(ThreadPoolExecutor.java:1130)
at java.base/java.util.concurrent.ThreadPoolExecutor$Worker.run(ThreadPoolExecutor.java:630)
at java.base/java.lang.Thread.run(Thread.java:832)
... Removed 20 stack frames]]>
    </failure>
  </testcase> <!-- followTheDocument -->
  <testcase classname="com.trgr.quality.maf.tests.DocumentDisplayTest" name="saveAndScheduleResultList" time="0.025">
    <failure type="java.lang.AssertionError" message="The following asserts failed:
	Exception in Test expected [true] but found [false]">
      <![CDATA[java.lang.AssertionError: The following asserts failed:
Exception in Test expected [true] but found [false]
at com.trgr.quality.maf.tests.DocumentDisplayTest.saveAndScheduleResultList(DocumentDisplayTest.java:929)
at java.base/java.util.ArrayList.forEach(ArrayList.java:1511)
at java.base/java.util.concurrent.FutureTask.run(FutureTask.java:264)
at java.base/java.util.concurrent.ThreadPoolExecutor.runWorker(ThreadPoolExecutor.java:1130)
at java.base/java.util.concurrent.ThreadPoolExecutor$Worker.run(ThreadPoolExecutor.java:630)
at java.base/java.lang.Thread.run(Thread.java:832)
... Removed 20 stack frames]]>
    </failure>
  </testcase> <!-- saveAndScheduleResultList -->
  <testcase classname="com.trgr.quality.maf.tests.DocumentDisplayTest" name="saveAndScheduleDocDisplay" time="0.019">
    <failure type="java.lang.AssertionError" message="The following asserts failed:
	Exception in Test expected [true] but found [false]">
      <![CDATA[java.lang.AssertionError: The following asserts failed:
Exception in Test expected [true] but found [false]
at com.trgr.quality.maf.tests.DocumentDisplayTest.saveAndScheduleDocDisplay(DocumentDisplayTest.java:1020)
at java.base/java.util.ArrayList.forEach(ArrayList.java:1511)
at java.base/java.util.concurrent.FutureTask.run(FutureTask.java:264)
at java.base/java.util.concurrent.ThreadPoolExecutor.runWorker(ThreadPoolExecutor.java:1130)
at java.base/java.util.concurrent.ThreadPoolExecutor$Worker.run(ThreadPoolExecutor.java:630)
at java.base/java.lang.Thread.run(Thread.java:832)
... Removed 20 stack frames]]>
    </failure>
  </testcase> <!-- saveAndScheduleDocDisplay -->
  <testcase classname="com.trgr.quality.maf.tests.DocumentDisplayTest" name="highlightOfSearchTermOnDocDisplay" time="0.028">
    <failure type="java.lang.AssertionError" message="The following asserts failed:
	Exception in Test expected [true] but found [false]">
      <![CDATA[java.lang.AssertionError: The following asserts failed:
Exception in Test expected [true] but found [false]
at com.trgr.quality.maf.tests.DocumentDisplayTest.highlightOfSearchTermOnDocDisplay(DocumentDisplayTest.java:1087)
at java.base/java.util.ArrayList.forEach(ArrayList.java:1511)
at java.base/java.util.concurrent.FutureTask.run(FutureTask.java:264)
at java.base/java.util.concurrent.ThreadPoolExecutor.runWorker(ThreadPoolExecutor.java:1130)
at java.base/java.util.concurrent.ThreadPoolExecutor$Worker.run(ThreadPoolExecutor.java:630)
at java.base/java.lang.Thread.run(Thread.java:832)
... Removed 20 stack frames]]>
    </failure>
  </testcase> <!-- highlightOfSearchTermOnDocDisplay -->
  <testcase classname="com.trgr.quality.maf.tests.DocumentDisplayTest" name="navigationUsingcontentTreeOnDocumentDisplay" time="0.023">
    <failure type="java.lang.AssertionError" message="The following asserts failed:
	Exception in Test expected [true] but found [false]">
      <![CDATA[java.lang.AssertionError: The following asserts failed:
Exception in Test expected [true] but found [false]
at com.trgr.quality.maf.tests.DocumentDisplayTest.navigationUsingcontentTreeOnDocumentDisplay(DocumentDisplayTest.java:1497)
at java.base/java.util.ArrayList.forEach(ArrayList.java:1511)
at java.base/java.util.concurrent.FutureTask.run(FutureTask.java:264)
at java.base/java.util.concurrent.ThreadPoolExecutor.runWorker(ThreadPoolExecutor.java:1130)
at java.base/java.util.concurrent.ThreadPoolExecutor$Worker.run(ThreadPoolExecutor.java:630)
at java.base/java.lang.Thread.run(Thread.java:832)
... Removed 20 stack frames]]>
    </failure>
  </testcase> <!-- navigationUsingcontentTreeOnDocumentDisplay -->
  <testcase classname="com.trgr.quality.maf.tests.DocumentDisplayTest" name="searchResultsWidget" time="0.019">
    <failure type="java.lang.AssertionError" message="The following asserts failed:
	Exception in Test expected [true] but found [false]">
      <![CDATA[java.lang.AssertionError: The following asserts failed:
Exception in Test expected [true] but found [false]
at com.trgr.quality.maf.tests.DocumentDisplayTest.searchResultsWidget(DocumentDisplayTest.java:1567)
at java.base/java.util.ArrayList.forEach(ArrayList.java:1511)
at java.base/java.util.concurrent.FutureTask.run(FutureTask.java:264)
at java.base/java.util.concurrent.ThreadPoolExecutor.runWorker(ThreadPoolExecutor.java:1130)
at java.base/java.util.concurrent.ThreadPoolExecutor$Worker.run(ThreadPoolExecutor.java:630)
at java.base/java.lang.Thread.run(Thread.java:832)
... Removed 20 stack frames]]>
    </failure>
  </testcase> <!-- searchResultsWidget -->
  <testcase classname="com.trgr.quality.maf.tests.DocumentDisplayTest" name="keywordsOnDocumentDisplay" time="0.013">
    <failure type="java.lang.AssertionError" message="The following asserts failed:
	Exception in Test expected [true] but found [false]">
      <![CDATA[java.lang.AssertionError: The following asserts failed:
Exception in Test expected [true] but found [false]
at com.trgr.quality.maf.tests.DocumentDisplayTest.keywordsOnDocumentDisplay(DocumentDisplayTest.java:2324)
at java.base/java.util.ArrayList.forEach(ArrayList.java:1511)
at java.base/java.util.concurrent.FutureTask.run(FutureTask.java:264)
at java.base/java.util.concurrent.ThreadPoolExecutor.runWorker(ThreadPoolExecutor.java:1130)
at java.base/java.util.concurrent.ThreadPoolExecutor$Worker.run(ThreadPoolExecutor.java:630)
at java.base/java.lang.Thread.run(Thread.java:832)
... Removed 20 stack frames]]>
    </failure>
  </testcase> <!-- keywordsOnDocumentDisplay -->
  <testcase classname="com.trgr.quality.maf.tests.DocumentDisplayTest" name="facteingOnResultList" time="0.015">
    <failure type="java.lang.AssertionError" message="The following asserts failed:
	Exception in Test expected [true] but found [false]">
      <![CDATA[java.lang.AssertionError: The following asserts failed:
Exception in Test expected [true] but found [false]
at com.trgr.quality.maf.tests.DocumentDisplayTest.facteingOnResultList(DocumentDisplayTest.java:2386)
at java.base/java.util.ArrayList.forEach(ArrayList.java:1511)
at java.base/java.util.concurrent.FutureTask.run(FutureTask.java:264)
at java.base/java.util.concurrent.ThreadPoolExecutor.runWorker(ThreadPoolExecutor.java:1130)
at java.base/java.util.concurrent.ThreadPoolExecutor$Worker.run(ThreadPoolExecutor.java:630)
at java.base/java.lang.Thread.run(Thread.java:832)
... Removed 20 stack frames]]>
    </failure>
  </testcase> <!-- facteingOnResultList -->
  <testcase classname="com.trgr.quality.maf.tests.DocumentDisplayTest" name="secondLevelWidgetsForDoctrineAndLegislation" time="0.0">
    <ignored/>
  </testcase> <!-- secondLevelWidgetsForDoctrineAndLegislation -->
  <testcase classname="com.trgr.quality.maf.tests.DocumentDisplayTest" name="followExistingDocument" time="0.0">
    <ignored/>
  </testcase> <!-- followExistingDocument -->
  <testcase classname="com.trgr.quality.maf.tests.DocumentDisplayTest" name="withScrollValdiateHeaderTitle" time="0.0">
    <ignored/>
  </testcase> <!-- withScrollValdiateHeaderTitle -->
  <testcase classname="com.trgr.quality.maf.tests.DocumentDisplayTest" name="popUpRelationOfCorelation" time="0.0">
    <ignored/>
  </testcase> <!-- popUpRelationOfCorelation -->
  <testcase classname="com.trgr.quality.maf.tests.DocumentDisplayTest" name="navigationWithIndexOnDocDisplay" time="0.0">
    <ignored/>
  </testcase> <!-- navigationWithIndexOnDocDisplay -->
  <testcase classname="com.trgr.quality.maf.tests.DocumentDisplayTest" name="displayOfTabOnFormsSearch" time="0.0">
    <ignored/>
  </testcase> <!-- displayOfTabOnFormsSearch -->
  <testcase classname="com.trgr.quality.maf.tests.DocumentDisplayTest" name="highlightOfSearchTextOnDocDisplay" time="0.0">
    <ignored/>
  </testcase> <!-- highlightOfSearchTextOnDocDisplay -->
  <testcase classname="com.trgr.quality.maf.tests.DocumentDisplayTest" name="toolTipOnDocumentDisplayforWithoutEffect" time="0.0">
    <ignored/>
  </testcase> <!-- toolTipOnDocumentDisplayforWithoutEffect -->
  <testcase classname="com.trgr.quality.maf.tests.DocumentDisplayTest" name="followDocumentWidget" time="0.0">
    <ignored/>
  </testcase> <!-- followDocumentWidget -->
  <testcase classname="com.trgr.quality.maf.tests.DocumentDisplayTest" name="relationshipAtParagraphLevel" time="0.0">
    <ignored/>
  </testcase> <!-- relationshipAtParagraphLevel -->
  <testcase classname="com.trgr.quality.maf.tests.DocumentDisplayTest" name="toolTipsOnDocumentDisplay" time="0.0">
    <ignored/>
  </testcase> <!-- toolTipsOnDocumentDisplay -->
  <testcase classname="com.trgr.quality.maf.tests.DocumentDisplayTest" name="pageNavigationOnResultList" time="0.0">
    <ignored/>
  </testcase> <!-- pageNavigationOnResultList -->
  <testcase classname="com.trgr.quality.maf.tests.DocumentDisplayTest" name="followDocumentAlert" time="0.0">
    <ignored/>
  </testcase> <!-- followDocumentAlert -->
  <testcase classname="com.trgr.quality.maf.tests.DocumentDisplayTest" name="reformsAnalysisForLegislation" time="0.0">
    <ignored/>
  </testcase> <!-- reformsAnalysisForLegislation -->
  <testcase classname="com.trgr.quality.maf.tests.DocumentDisplayTest" name="documentDisplayAndResultListTab" time="0.0">
    <ignored/>
  </testcase> <!-- documentDisplayAndResultListTab -->
  <testcase classname="com.trgr.quality.maf.tests.DocumentDisplayTest" name="headerDisplayOnDocument" time="0.0">
    <ignored/>
  </testcase> <!-- headerDisplayOnDocument -->
  <testcase classname="com.trgr.quality.maf.tests.DocumentDisplayTest" name="corelationVersionPopupComparison" time="0.0">
    <ignored/>
  </testcase> <!-- corelationVersionPopupComparison -->
  <testcase classname="com.trgr.quality.maf.tests.DocumentDisplayTest" name="LegislationReformsAndContentTree" time="0.0">
    <ignored/>
  </testcase> <!-- LegislationReformsAndContentTree -->
  <testcase classname="com.trgr.quality.maf.tests.DocumentDisplayTest" name="enlargeAndReduceFontOnDocument" time="0.0">
    <ignored/>
  </testcase> <!-- enlargeAndReduceFontOnDocument -->
  <testcase classname="com.trgr.quality.maf.tests.DocumentDisplayTest" name="deliveryUsingPrintAndExportOnDocDisplay" time="0.0">
    <ignored/>
  </testcase> <!-- deliveryUsingPrintAndExportOnDocDisplay -->
  <testcase classname="com.trgr.quality.maf.tests.DocumentDisplayTest" name="navigationWithIndexOnDocDisplayforAll" time="0.0">
    <ignored/>
  </testcase> <!-- navigationWithIndexOnDocDisplayforAll -->
  <testcase classname="com.trgr.quality.maf.tests.DocumentDisplayTest" name="footNotesInDocDisplay" time="0.0">
    <ignored/>
  </testcase> <!-- footNotesInDocDisplay -->
  <testcase classname="com.trgr.quality.maf.tests.DocumentDisplayTest" name="secondLevelFilterOnResultList" time="0.0">
    <ignored/>
  </testcase> <!-- secondLevelFilterOnResultList -->
  <testcase classname="com.trgr.quality.maf.tests.DocumentDisplayTest" name="documentValidationForArticleAndVoces" time="0.0">
    <ignored/>
  </testcase> <!-- documentValidationForArticleAndVoces -->
  <testcase classname="com.trgr.quality.maf.tests.DocumentDisplayTest" name="deliveryOfJurisprudenceDocument" time="0.0">
    <ignored/>
  </testcase> <!-- deliveryOfJurisprudenceDocument -->
  <testcase classname="com.trgr.quality.maf.tests.DocumentDisplayTest" name="displayOfDocumentDisplayPage" time="0.0">
    <ignored/>
  </testcase> <!-- displayOfDocumentDisplayPage -->
  <testcase classname="com.trgr.quality.maf.tests.DocumentDisplayTest" name="toolTipOnDocumentDisplay" time="0.0">
    <ignored/>
  </testcase> <!-- toolTipOnDocumentDisplay -->
  <testcase classname="com.trgr.quality.maf.tests.DocumentDisplayTest" name="displayDocumentForDoctrine" time="0.0">
    <ignored/>
  </testcase> <!-- displayDocumentForDoctrine -->
  <testcase classname="com.trgr.quality.maf.tests.DocumentDisplayTest" name="relatedDocsForLegislation" time="0.0">
    <ignored/>
  </testcase> <!-- relatedDocsForLegislation -->
  <testcase classname="com.trgr.quality.maf.tests.DocumentDisplayTest" name="displayOfDocumentFromGlobalSearch" time="0.0">
    <ignored/>
  </testcase> <!-- displayOfDocumentFromGlobalSearch -->
</testsuite> <!-- DocumentDisplayTest -->
