<?xml version="1.0" encoding="UTF-8"?>
<!-- Generated by org.testng.reporters.JUnitXMLReporter -->
<testsuite ignored="52" hostname="TR-JDGMXY2" failures="19" tests="19" name="HomeTest" time="0.225" errors="0" timestamp="2021-02-26T02:38:24 ART">
  <testcase classname="com.trgr.quality.maf.tests.HomeTest" name="ApplicationVerification" time="0.005">
    <failure type="java.lang.AssertionError" message="The following asserts failed:
	Exception in Test expected [true] but found [false]">
      <![CDATA[java.lang.AssertionError: The following asserts failed:
Exception in Test expected [true] but found [false]
at com.trgr.quality.maf.tests.HomeTest.ApplicationVerification(HomeTest.java:1217)
at java.base/java.util.ArrayList.forEach(ArrayList.java:1511)
at java.base/java.util.concurrent.FutureTask.run(FutureTask.java:264)
at java.base/java.util.concurrent.ThreadPoolExecutor.runWorker(ThreadPoolExecutor.java:1130)
at java.base/java.util.concurrent.ThreadPoolExecutor$Worker.run(ThreadPoolExecutor.java:630)
at java.base/java.lang.Thread.run(Thread.java:832)
... Removed 20 stack frames]]>
    </failure>
  </testcase> <!-- ApplicationVerification -->
  <testcase classname="com.trgr.quality.maf.tests.HomeTest" name="WidgetsforTodasThematicArea" time="0.007">
    <failure type="java.lang.AssertionError" message="The following asserts failed:
	Exception in Test expected [true] but found [false]">
      <![CDATA[java.lang.AssertionError: The following asserts failed:
Exception in Test expected [true] but found [false]
at com.trgr.quality.maf.tests.HomeTest.WidgetsforTodasThematicArea(HomeTest.java:1248)
at java.base/java.util.ArrayList.forEach(ArrayList.java:1511)
at java.base/java.util.concurrent.FutureTask.run(FutureTask.java:264)
at java.base/java.util.concurrent.ThreadPoolExecutor.runWorker(ThreadPoolExecutor.java:1130)
at java.base/java.util.concurrent.ThreadPoolExecutor$Worker.run(ThreadPoolExecutor.java:630)
at java.base/java.lang.Thread.run(Thread.java:832)
... Removed 20 stack frames]]>
    </failure>
  </testcase> <!-- WidgetsforTodasThematicArea -->
  <testcase classname="com.trgr.quality.maf.tests.HomeTest" name="WidgetsforFiscalThematicArea" time="0.004">
    <failure type="java.lang.AssertionError" message="The following asserts failed:
	Exception in Test expected [true] but found [false]">
      <![CDATA[java.lang.AssertionError: The following asserts failed:
Exception in Test expected [true] but found [false]
at com.trgr.quality.maf.tests.HomeTest.WidgetsforFiscalThematicArea(HomeTest.java:1278)
at java.base/java.util.ArrayList.forEach(ArrayList.java:1511)
at java.base/java.util.concurrent.FutureTask.run(FutureTask.java:264)
at java.base/java.util.concurrent.ThreadPoolExecutor.runWorker(ThreadPoolExecutor.java:1130)
at java.base/java.util.concurrent.ThreadPoolExecutor$Worker.run(ThreadPoolExecutor.java:630)
at java.base/java.lang.Thread.run(Thread.java:832)
... Removed 20 stack frames]]>
    </failure>
  </testcase> <!-- WidgetsforFiscalThematicArea -->
  <testcase classname="com.trgr.quality.maf.tests.HomeTest" name="textColorChangePostTabSelection" time="0.005">
    <failure type="java.lang.AssertionError" message="The following asserts failed:
	Exception in Test expected [true] but found [false]">
      <![CDATA[java.lang.AssertionError: The following asserts failed:
Exception in Test expected [true] but found [false]
at com.trgr.quality.maf.tests.HomeTest.textColorChangePostTabSelection(HomeTest.java:1317)
at java.base/java.util.ArrayList.forEach(ArrayList.java:1511)
at java.base/java.util.concurrent.FutureTask.run(FutureTask.java:264)
at java.base/java.util.concurrent.ThreadPoolExecutor.runWorker(ThreadPoolExecutor.java:1130)
at java.base/java.util.concurrent.ThreadPoolExecutor$Worker.run(ThreadPoolExecutor.java:630)
at java.base/java.lang.Thread.run(Thread.java:832)
... Removed 20 stack frames]]>
    </failure>
  </testcase> <!-- textColorChangePostTabSelection -->
  <testcase classname="com.trgr.quality.maf.tests.HomeTest" name="SavedSearchWidgetZeroEntryMessage" time="0.009">
    <failure type="java.lang.AssertionError" message="The following asserts failed:
	Exception in Test expected [true] but found [false]">
      <![CDATA[java.lang.AssertionError: The following asserts failed:
Exception in Test expected [true] but found [false]
at com.trgr.quality.maf.tests.HomeTest.SavedSearchWidgetZeroEntryMessage(HomeTest.java:1418)
at java.base/java.util.ArrayList.forEach(ArrayList.java:1511)
at java.base/java.util.concurrent.FutureTask.run(FutureTask.java:264)
at java.base/java.util.concurrent.ThreadPoolExecutor.runWorker(ThreadPoolExecutor.java:1130)
at java.base/java.util.concurrent.ThreadPoolExecutor$Worker.run(ThreadPoolExecutor.java:630)
at java.base/java.lang.Thread.run(Thread.java:832)
... Removed 20 stack frames]]>
    </failure>
  </testcase> <!-- SavedSearchWidgetZeroEntryMessage -->
  <testcase classname="com.trgr.quality.maf.tests.HomeTest" name="SavedSearchWidgetClickHereUrlVerification" time="0.011">
    <failure type="java.lang.AssertionError" message="The following asserts failed:
	Exception in Test expected [true] but found [false]">
      <![CDATA[java.lang.AssertionError: The following asserts failed:
Exception in Test expected [true] but found [false]
at com.trgr.quality.maf.tests.HomeTest.SavedSearchWidgetClickHereUrlVerification(HomeTest.java:1471)
at java.base/java.util.ArrayList.forEach(ArrayList.java:1511)
at java.base/java.util.concurrent.FutureTask.run(FutureTask.java:264)
at java.base/java.util.concurrent.ThreadPoolExecutor.runWorker(ThreadPoolExecutor.java:1130)
at java.base/java.util.concurrent.ThreadPoolExecutor$Worker.run(ThreadPoolExecutor.java:630)
at java.base/java.lang.Thread.run(Thread.java:832)
... Removed 20 stack frames]]>
    </failure>
  </testcase> <!-- SavedSearchWidgetClickHereUrlVerification -->
  <testcase classname="com.trgr.quality.maf.tests.HomeTest" name="FollowDocumentWidgetZeroEntryMessage" time="0.013">
    <failure type="java.lang.AssertionError" message="The following asserts failed:
	Exception in Test expected [true] but found [false]">
      <![CDATA[java.lang.AssertionError: The following asserts failed:
Exception in Test expected [true] but found [false]
at com.trgr.quality.maf.tests.HomeTest.FollowDocumentWidgetZeroEntryMessage(HomeTest.java:1517)
at java.base/java.util.ArrayList.forEach(ArrayList.java:1511)
at java.base/java.util.concurrent.FutureTask.run(FutureTask.java:264)
at java.base/java.util.concurrent.ThreadPoolExecutor.runWorker(ThreadPoolExecutor.java:1130)
at java.base/java.util.concurrent.ThreadPoolExecutor$Worker.run(ThreadPoolExecutor.java:630)
at java.base/java.lang.Thread.run(Thread.java:832)
... Removed 20 stack frames]]>
    </failure>
  </testcase> <!-- FollowDocumentWidgetZeroEntryMessage -->
  <testcase classname="com.trgr.quality.maf.tests.HomeTest" name="FollowDocumentWidgetClickHereUrlVerification" time="0.008">
    <failure type="java.lang.AssertionError" message="The following asserts failed:
	Exception in Test expected [true] but found [false]">
      <![CDATA[java.lang.AssertionError: The following asserts failed:
Exception in Test expected [true] but found [false]
at com.trgr.quality.maf.tests.HomeTest.FollowDocumentWidgetClickHereUrlVerification(HomeTest.java:1572)
at java.base/java.util.ArrayList.forEach(ArrayList.java:1511)
at java.base/java.util.concurrent.FutureTask.run(FutureTask.java:264)
at java.base/java.util.concurrent.ThreadPoolExecutor.runWorker(ThreadPoolExecutor.java:1130)
at java.base/java.util.concurrent.ThreadPoolExecutor$Worker.run(ThreadPoolExecutor.java:630)
at java.base/java.lang.Thread.run(Thread.java:832)
... Removed 20 stack frames]]>
    </failure>
  </testcase> <!-- FollowDocumentWidgetClickHereUrlVerification -->
  <testcase classname="com.trgr.quality.maf.tests.HomeTest" name="ValidateFooterTextAndTermsPage" time="0.005">
    <failure type="java.lang.AssertionError" message="The following asserts failed:
	Exception in Test expected [true] but found [false]">
      <![CDATA[java.lang.AssertionError: The following asserts failed:
Exception in Test expected [true] but found [false]
at com.trgr.quality.maf.tests.HomeTest.ValidateFooterTextAndTermsPage(HomeTest.java:1989)
at java.base/java.util.ArrayList.forEach(ArrayList.java:1511)
at java.base/java.util.concurrent.FutureTask.run(FutureTask.java:264)
at java.base/java.util.concurrent.ThreadPoolExecutor.runWorker(ThreadPoolExecutor.java:1130)
at java.base/java.util.concurrent.ThreadPoolExecutor$Worker.run(ThreadPoolExecutor.java:630)
at java.base/java.lang.Thread.run(Thread.java:832)
... Removed 20 stack frames]]>
    </failure>
  </testcase> <!-- ValidateFooterTextAndTermsPage -->
  <testcase classname="com.trgr.quality.maf.tests.HomeTest" name="validateFeaturedArticlesWidget" time="0.005">
    <failure type="java.lang.AssertionError" message="The following asserts failed:
	Exception in Test expected [true] but found [false]">
      <![CDATA[java.lang.AssertionError: The following asserts failed:
Exception in Test expected [true] but found [false]
at com.trgr.quality.maf.tests.HomeTest.validateFeaturedArticlesWidget(HomeTest.java:1619)
at java.base/java.util.ArrayList.forEach(ArrayList.java:1511)
at java.base/java.util.concurrent.FutureTask.run(FutureTask.java:264)
at java.base/java.util.concurrent.ThreadPoolExecutor.runWorker(ThreadPoolExecutor.java:1130)
at java.base/java.util.concurrent.ThreadPoolExecutor$Worker.run(ThreadPoolExecutor.java:630)
at java.base/java.lang.Thread.run(Thread.java:832)
... Removed 20 stack frames]]>
    </failure>
  </testcase> <!-- validateFeaturedArticlesWidget -->
  <testcase classname="com.trgr.quality.maf.tests.HomeTest" name="FeaturedArticlesWidgetClikonSpecificLink" time="0.011">
    <failure type="java.lang.AssertionError" message="The following asserts failed:
	Exception in Test expected [true] but found [false]">
      <![CDATA[java.lang.AssertionError: The following asserts failed:
Exception in Test expected [true] but found [false]
at com.trgr.quality.maf.tests.HomeTest.FeaturedArticlesWidgetClikonSpecificLink(HomeTest.java:1679)
at java.base/java.util.ArrayList.forEach(ArrayList.java:1511)
at java.base/java.util.concurrent.FutureTask.run(FutureTask.java:264)
at java.base/java.util.concurrent.ThreadPoolExecutor.runWorker(ThreadPoolExecutor.java:1130)
at java.base/java.util.concurrent.ThreadPoolExecutor$Worker.run(ThreadPoolExecutor.java:630)
at java.base/java.lang.Thread.run(Thread.java:832)
... Removed 20 stack frames]]>
    </failure>
  </testcase> <!-- FeaturedArticlesWidgetClikonSpecificLink -->
  <testcase classname="com.trgr.quality.maf.tests.HomeTest" name="AdvanceSearchWidgetForAllThematicAreas" time="0.013">
    <failure type="java.lang.AssertionError" message="The following asserts failed:
	Exception in Test expected [true] but found [false]">
      <![CDATA[java.lang.AssertionError: The following asserts failed:
Exception in Test expected [true] but found [false]
at com.trgr.quality.maf.tests.HomeTest.AdvanceSearchWidgetForAllThematicAreas(HomeTest.java:1370)
at java.base/java.util.ArrayList.forEach(ArrayList.java:1511)
at java.base/java.util.concurrent.FutureTask.run(FutureTask.java:264)
at java.base/java.util.concurrent.ThreadPoolExecutor.runWorker(ThreadPoolExecutor.java:1130)
at java.base/java.util.concurrent.ThreadPoolExecutor$Worker.run(ThreadPoolExecutor.java:630)
at java.base/java.lang.Thread.run(Thread.java:832)
... Removed 20 stack frames]]>
    </failure>
  </testcase> <!-- AdvanceSearchWidgetForAllThematicAreas -->
  <testcase classname="com.trgr.quality.maf.tests.HomeTest" name="AllLinksAvailableUnderFrequentlyAskedQuestions" time="0.007">
    <failure type="java.lang.AssertionError" message="The following asserts failed:
	Exception in Test expected [true] but found [false]">
      <![CDATA[java.lang.AssertionError: The following asserts failed:
Exception in Test expected [true] but found [false]
at com.trgr.quality.maf.tests.HomeTest.AllLinksAvailableUnderFrequentlyAskedQuestions(HomeTest.java:1806)
at java.base/java.util.ArrayList.forEach(ArrayList.java:1511)
at java.base/java.util.concurrent.FutureTask.run(FutureTask.java:264)
at java.base/java.util.concurrent.ThreadPoolExecutor.runWorker(ThreadPoolExecutor.java:1130)
at java.base/java.util.concurrent.ThreadPoolExecutor$Worker.run(ThreadPoolExecutor.java:630)
at java.base/java.lang.Thread.run(Thread.java:832)
... Removed 20 stack frames]]>
    </failure>
  </testcase> <!-- AllLinksAvailableUnderFrequentlyAskedQuestions -->
  <testcase classname="com.trgr.quality.maf.tests.HomeTest" name="WidgetsForSelectedThematicArea" time="0.01">
    <failure type="java.lang.AssertionError" message="The following asserts failed:
	Exception in Test expected [true] but found [false]">
      <![CDATA[java.lang.AssertionError: The following asserts failed:
Exception in Test expected [true] but found [false]
at com.trgr.quality.maf.tests.HomeTest.WidgetsForSelectedThematicArea(HomeTest.java:1732)
at java.base/java.util.ArrayList.forEach(ArrayList.java:1511)
at java.base/java.util.concurrent.FutureTask.run(FutureTask.java:264)
at java.base/java.util.concurrent.ThreadPoolExecutor.runWorker(ThreadPoolExecutor.java:1130)
at java.base/java.util.concurrent.ThreadPoolExecutor$Worker.run(ThreadPoolExecutor.java:630)
at java.base/java.lang.Thread.run(Thread.java:832)
... Removed 20 stack frames]]>
    </failure>
  </testcase> <!-- WidgetsForSelectedThematicArea -->
  <testcase classname="com.trgr.quality.maf.tests.HomeTest" name="GoToChkWorldRedirectedUrlVerification" time="0.01">
    <failure type="java.lang.AssertionError" message="The following asserts failed:
	Exception in Test expected [true] but found [false]">
      <![CDATA[java.lang.AssertionError: The following asserts failed:
Exception in Test expected [true] but found [false]
at com.trgr.quality.maf.tests.HomeTest.GoToChkWorldRedirectedUrlVerification(HomeTest.java:1846)
at java.base/java.util.ArrayList.forEach(ArrayList.java:1511)
at java.base/java.util.concurrent.FutureTask.run(FutureTask.java:264)
at java.base/java.util.concurrent.ThreadPoolExecutor.runWorker(ThreadPoolExecutor.java:1130)
at java.base/java.util.concurrent.ThreadPoolExecutor$Worker.run(ThreadPoolExecutor.java:630)
at java.base/java.lang.Thread.run(Thread.java:832)
... Removed 20 stack frames]]>
    </failure>
  </testcase> <!-- GoToChkWorldRedirectedUrlVerification -->
  <testcase classname="com.trgr.quality.maf.tests.HomeTest" name="GoToLawOnlineRedirectedUrlVerification" time="0.005">
    <failure type="java.lang.AssertionError" message="The following asserts failed:
	Exception in Test expected [true] but found [false]">
      <![CDATA[java.lang.AssertionError: The following asserts failed:
Exception in Test expected [true] but found [false]
at com.trgr.quality.maf.tests.HomeTest.GoToLawOnlineRedirectedUrlVerification(HomeTest.java:1885)
at java.base/java.util.ArrayList.forEach(ArrayList.java:1511)
at java.base/java.util.concurrent.FutureTask.run(FutureTask.java:264)
at java.base/java.util.concurrent.ThreadPoolExecutor.runWorker(ThreadPoolExecutor.java:1130)
at java.base/java.util.concurrent.ThreadPoolExecutor$Worker.run(ThreadPoolExecutor.java:630)
at java.base/java.lang.Thread.run(Thread.java:832)
... Removed 20 stack frames]]>
    </failure>
  </testcase> <!-- GoToLawOnlineRedirectedUrlVerification -->
  <testcase classname="com.trgr.quality.maf.tests.HomeTest" name="AvailableToolsInHomeWidget" time="0.015">
    <failure type="java.lang.AssertionError" message="The following asserts failed:
	Exception in Test expected [true] but found [false]">
      <![CDATA[java.lang.AssertionError: The following asserts failed:
Exception in Test expected [true] but found [false]
at com.trgr.quality.maf.tests.HomeTest.AvailableToolsInHomeWidget(HomeTest.java:1942)
at java.base/java.util.ArrayList.forEach(ArrayList.java:1511)
at java.base/java.util.concurrent.FutureTask.run(FutureTask.java:264)
at java.base/java.util.concurrent.ThreadPoolExecutor.runWorker(ThreadPoolExecutor.java:1130)
at java.base/java.util.concurrent.ThreadPoolExecutor$Worker.run(ThreadPoolExecutor.java:630)
at java.base/java.lang.Thread.run(Thread.java:832)
... Removed 20 stack frames]]>
    </failure>
  </testcase> <!-- AvailableToolsInHomeWidget -->
  <testcase classname="com.trgr.quality.maf.tests.HomeTest" name="RememberWidgetExpandedOrCollapsed" time="0.005">
    <failure type="java.lang.AssertionError" message="The following asserts failed:
	Exception in Test expected [true] but found [false]">
      <![CDATA[java.lang.AssertionError: The following asserts failed:
Exception in Test expected [true] but found [false]
at com.trgr.quality.maf.tests.HomeTest.RememberWidgetExpandedOrCollapsed(HomeTest.java:2196)
at java.base/java.util.ArrayList.forEach(ArrayList.java:1511)
at java.base/java.util.concurrent.FutureTask.run(FutureTask.java:264)
at java.base/java.util.concurrent.ThreadPoolExecutor.runWorker(ThreadPoolExecutor.java:1130)
at java.base/java.util.concurrent.ThreadPoolExecutor$Worker.run(ThreadPoolExecutor.java:630)
at java.base/java.lang.Thread.run(Thread.java:832)
... Removed 20 stack frames]]>
    </failure>
  </testcase> <!-- RememberWidgetExpandedOrCollapsed -->
  <testcase classname="com.trgr.quality.maf.tests.HomeTest" name="DragAndDropFirstWidgetToLastPosition" time="0.01">
    <failure type="java.lang.AssertionError" message="The following asserts failed:
	Exception in Test expected [true] but found [false]">
      <![CDATA[java.lang.AssertionError: The following asserts failed:
Exception in Test expected [true] but found [false]
at com.trgr.quality.maf.tests.HomeTest.DragAndDropFirstWidgetToLastPosition(HomeTest.java:2066)
at java.base/java.util.ArrayList.forEach(ArrayList.java:1511)
at java.base/java.util.concurrent.FutureTask.run(FutureTask.java:264)
at java.base/java.util.concurrent.ThreadPoolExecutor.runWorker(ThreadPoolExecutor.java:1130)
at java.base/java.util.concurrent.ThreadPoolExecutor$Worker.run(ThreadPoolExecutor.java:630)
at java.base/java.lang.Thread.run(Thread.java:832)
... Removed 20 stack frames]]>
    </failure>
  </testcase> <!-- DragAndDropFirstWidgetToLastPosition -->
  <testcase classname="com.trgr.quality.maf.tests.HomeTest" name="verifyUnitandRubricLink" time="0.0">
    <ignored/>
  </testcase> <!-- verifyUnitandRubricLink -->
  <testcase classname="com.trgr.quality.maf.tests.HomeTest" name="verifyCleanButtonInHome" time="0.0">
    <ignored/>
  </testcase> <!-- verifyCleanButtonInHome -->
  <testcase classname="com.trgr.quality.maf.tests.HomeTest" name="verifyCountOfSeeAllLinkInHome" time="0.0">
    <ignored/>
  </testcase> <!-- verifyCountOfSeeAllLinkInHome -->
  <testcase classname="com.trgr.quality.maf.tests.HomeTest" name="FrequentAskedQuestionsWidgetforCivil" time="0.0">
    <ignored/>
  </testcase> <!-- FrequentAskedQuestionsWidgetforCivil -->
  <testcase classname="com.trgr.quality.maf.tests.HomeTest" name="SearchByNonThesaurusSuggestion" time="0.0">
    <ignored/>
  </testcase> <!-- SearchByNonThesaurusSuggestion -->
  <testcase classname="com.trgr.quality.maf.tests.HomeTest" name="validatingListaDeDocumentosInHomePage" time="0.0">
    <ignored/>
  </testcase> <!-- validatingListaDeDocumentosInHomePage -->
  <testcase classname="com.trgr.quality.maf.tests.HomeTest" name="verifyErrorMsgForEmptySearchInHome" time="0.0">
    <ignored/>
  </testcase> <!-- verifyErrorMsgForEmptySearchInHome -->
  <testcase classname="com.trgr.quality.maf.tests.HomeTest" name="ValidationOfGlobalSearchInHome" time="0.0">
    <ignored/>
  </testcase> <!-- ValidationOfGlobalSearchInHome -->
  <testcase classname="com.trgr.quality.maf.tests.HomeTest" name="verifyErrorMsgInHome" time="0.0">
    <ignored/>
  </testcase> <!-- verifyErrorMsgInHome -->
  <testcase classname="com.trgr.quality.maf.tests.HomeTest" name="ValidationofThematicAreaDropdownInHome" time="0.0">
    <ignored/>
  </testcase> <!-- ValidationofThematicAreaDropdownInHome -->
  <testcase classname="com.trgr.quality.maf.tests.HomeTest" name="verifyTextInHelpIconInHome" time="0.0">
    <ignored/>
  </testcase> <!-- verifyTextInHelpIconInHome -->
  <testcase classname="com.trgr.quality.maf.tests.HomeTest" name="verifyPlaceHolderValueForAskChpInHome" time="0.0">
    <ignored/>
  </testcase> <!-- verifyPlaceHolderValueForAskChpInHome -->
  <testcase classname="com.trgr.quality.maf.tests.HomeTest" name="smartSearchAndToolTip" time="0.0">
    <ignored/>
  </testcase> <!-- smartSearchAndToolTip -->
  <testcase classname="com.trgr.quality.maf.tests.HomeTest" name="availableSearchOptionsInHomepage" time="0.0">
    <ignored/>
  </testcase> <!-- availableSearchOptionsInHomepage -->
  <testcase classname="com.trgr.quality.maf.tests.HomeTest" name="FrequentAskedQuestionsWidgetforPenal" time="0.0">
    <ignored/>
  </testcase> <!-- FrequentAskedQuestionsWidgetforPenal -->
  <testcase classname="com.trgr.quality.maf.tests.HomeTest" name="searchLinksFromAdavnceSearchWidget" time="0.0">
    <ignored/>
  </testcase> <!-- searchLinksFromAdavnceSearchWidget -->
  <testcase classname="com.trgr.quality.maf.tests.HomeTest" name="FooterInHomepage" time="0.0">
    <ignored/>
  </testcase> <!-- FooterInHomepage -->
  <testcase classname="com.trgr.quality.maf.tests.HomeTest" name="FrequentAskedQuestionsWidgetforConstitucional" time="0.0">
    <ignored/>
  </testcase> <!-- FrequentAskedQuestionsWidgetforConstitucional -->
  <testcase classname="com.trgr.quality.maf.tests.HomeTest" name="ValidationOfIconsInDocumentDisplayPage" time="0.0">
    <ignored/>
  </testcase> <!-- ValidationOfIconsInDocumentDisplayPage -->
  <testcase classname="com.trgr.quality.maf.tests.HomeTest" name="LatestDocPublished" time="0.0">
    <ignored/>
  </testcase> <!-- LatestDocPublished -->
  <testcase classname="com.trgr.quality.maf.tests.HomeTest" name="FrequentAskedQuestionsWidgetforCorporativo" time="0.0">
    <ignored/>
  </testcase> <!-- FrequentAskedQuestionsWidgetforCorporativo -->
  <testcase classname="com.trgr.quality.maf.tests.HomeTest" name="validatingResultsForSearchInHome" time="0.0">
    <ignored/>
  </testcase> <!-- validatingResultsForSearchInHome -->
  <testcase classname="com.trgr.quality.maf.tests.HomeTest" name="FrequentAskedQuestionsWidgetforAmparo" time="0.0">
    <ignored/>
  </testcase> <!-- FrequentAskedQuestionsWidgetforAmparo -->
  <testcase classname="com.trgr.quality.maf.tests.HomeTest" name="thematicSearchAndCleanInHomepage" time="0.0">
    <ignored/>
  </testcase> <!-- thematicSearchAndCleanInHomepage -->
  <testcase classname="com.trgr.quality.maf.tests.HomeTest" name="SearchByAbbrevation" time="0.0">
    <ignored/>
  </testcase> <!-- SearchByAbbrevation -->
  <testcase classname="com.trgr.quality.maf.tests.HomeTest" name="verifyDocumentSnippetIsDisplayedInHome" time="0.0">
    <ignored/>
  </testcase> <!-- verifyDocumentSnippetIsDisplayedInHome -->
  <testcase classname="com.trgr.quality.maf.tests.HomeTest" name="AvailabilityOfVariousSearchs" time="0.0">
    <ignored/>
  </testcase> <!-- AvailabilityOfVariousSearchs -->
  <testcase classname="com.trgr.quality.maf.tests.HomeTest" name="searchByThesaurusSsuggestion" time="0.0">
    <ignored/>
  </testcase> <!-- searchByThesaurusSsuggestion -->
  <testcase classname="com.trgr.quality.maf.tests.HomeTest" name="ApplicationVerificationpostlogin" time="0.0">
    <ignored/>
  </testcase> <!-- ApplicationVerificationpostlogin -->
  <testcase classname="com.trgr.quality.maf.tests.HomeTest" name="verifyUnitrubricLinkInHome" time="0.0">
    <ignored/>
  </testcase> <!-- verifyUnitrubricLinkInHome -->
  <testcase classname="com.trgr.quality.maf.tests.HomeTest" name="footerTermsAndConditions" time="0.0">
    <ignored/>
  </testcase> <!-- footerTermsAndConditions -->
  <testcase classname="com.trgr.quality.maf.tests.HomeTest" name="ValidationOfIndicatorWidget" time="0.0">
    <ignored/>
  </testcase> <!-- ValidationOfIndicatorWidget -->
  <testcase classname="com.trgr.quality.maf.tests.HomeTest" name="FrequentAskedQuestionsWidgetforFinanciero" time="0.0">
    <ignored/>
  </testcase> <!-- FrequentAskedQuestionsWidgetforFinanciero -->
  <testcase classname="com.trgr.quality.maf.tests.HomeTest" name="FrequentAskedQuestionsWidgetforMercantil" time="0.0">
    <ignored/>
  </testcase> <!-- FrequentAskedQuestionsWidgetforMercantil -->
  <testcase classname="com.trgr.quality.maf.tests.HomeTest" name="verifyResultCountForEachDocTypeInHome" time="0.0">
    <ignored/>
  </testcase> <!-- verifyResultCountForEachDocTypeInHome -->
  <testcase classname="com.trgr.quality.maf.tests.HomeTest" name="verifyCountOfDocumentTypeInHome" time="0.0">
    <ignored/>
  </testcase> <!-- verifyCountOfDocumentTypeInHome -->
  <testcase classname="com.trgr.quality.maf.tests.HomeTest" name="validatingActionsInResultPageFromHome" time="0.0">
    <ignored/>
  </testcase> <!-- validatingActionsInResultPageFromHome -->
  <testcase classname="com.trgr.quality.maf.tests.HomeTest" name="isVerCoincidenciasLinkDisplayedInHome" time="0.0">
    <ignored/>
  </testcase> <!-- isVerCoincidenciasLinkDisplayedInHome -->
  <testcase classname="com.trgr.quality.maf.tests.HomeTest" name="FrequentAskedQuestionsWidget" time="0.0">
    <ignored/>
  </testcase> <!-- FrequentAskedQuestionsWidget -->
  <testcase classname="com.trgr.quality.maf.tests.HomeTest" name="SearchByKeyword" time="0.0">
    <ignored/>
  </testcase> <!-- SearchByKeyword -->
  <testcase classname="com.trgr.quality.maf.tests.HomeTest" name="ValidationOfFilterResultsWidgetInHome" time="0.0">
    <ignored/>
  </testcase> <!-- ValidationOfFilterResultsWidgetInHome -->
  <testcase classname="com.trgr.quality.maf.tests.HomeTest" name="courseAndSeminarExternalLinks" time="0.0">
    <ignored/>
  </testcase> <!-- courseAndSeminarExternalLinks -->
  <testcase classname="com.trgr.quality.maf.tests.HomeTest" name="ThematicDropdownContent" time="0.0">
    <ignored/>
  </testcase> <!-- ThematicDropdownContent -->
  <testcase classname="com.trgr.quality.maf.tests.HomeTest" name="widgetsinhomepage" time="0.0">
    <ignored/>
  </testcase> <!-- widgetsinhomepage -->
  <testcase classname="com.trgr.quality.maf.tests.HomeTest" name="RemovedThematicAreaOptions" time="0.0">
    <ignored/>
  </testcase> <!-- RemovedThematicAreaOptions -->
  <testcase classname="com.trgr.quality.maf.tests.HomeTest" name="FrequentAskedQuestionsWidgetforAdministrativo" time="0.0">
    <ignored/>
  </testcase> <!-- FrequentAskedQuestionsWidgetforAdministrativo -->
  <testcase classname="com.trgr.quality.maf.tests.HomeTest" name="VerifyTheNumberOfResultsInHome" time="0.0">
    <ignored/>
  </testcase> <!-- VerifyTheNumberOfResultsInHome -->
  <testcase classname="com.trgr.quality.maf.tests.HomeTest" name="verifyThesaurussuggestions" time="0.0">
    <ignored/>
  </testcase> <!-- verifyThesaurussuggestions -->
  <testcase classname="com.trgr.quality.maf.tests.HomeTest" name="ClickHelpButontoOpenHelpPage" time="0.0">
    <ignored/>
  </testcase> <!-- ClickHelpButontoOpenHelpPage -->
  <testcase classname="com.trgr.quality.maf.tests.HomeTest" name="ScheduledSearchWidget" time="0.0">
    <ignored/>
  </testcase> <!-- ScheduledSearchWidget -->
  <testcase classname="com.trgr.quality.maf.tests.HomeTest" name="ValidationofSeeAllLinkInHome" time="0.0">
    <ignored/>
  </testcase> <!-- ValidationofSeeAllLinkInHome -->
  <testcase classname="com.trgr.quality.maf.tests.HomeTest" name="validatingListaDeDocumentosLeftPanelInHomePage" time="0.0">
    <ignored/>
  </testcase> <!-- validatingListaDeDocumentosLeftPanelInHomePage -->
</testsuite> <!-- HomeTest -->
