<?xml version="1.0" encoding="UTF-8"?>
<!-- Generated by org.testng.reporters.JUnitXMLReporter -->
<testsuite ignored="5" hostname="TR-JDGMXY2" failures="4" tests="4" name="MyDocumentTest" time="0.146" errors="0" timestamp="2021-02-26T02:42:53 ART">
  <testcase classname="com.trgr.quality.maf.tests.NewsTest" name="@BeforeClass startNewsTest" time="0.06">
    <failure type="java.lang.AssertionError" message="expected [true] but found [false]">
      <![CDATA[java.lang.AssertionError: expected [true] but found [false]
at com.trgr.quality.maf.tests.NewsTest.startNewsTest(NewsTest.java:71)
at java.base/java.util.ArrayList.forEach(ArrayList.java:1511)
at java.base/java.util.concurrent.FutureTask.run(FutureTask.java:264)
at java.base/java.util.concurrent.ThreadPoolExecutor.runWorker(ThreadPoolExecutor.java:1130)
at java.base/java.util.concurrent.ThreadPoolExecutor$Worker.run(ThreadPoolExecutor.java:630)
at java.base/java.lang.Thread.run(Thread.java:832)
... Removed 20 stack frames]]>
    </failure>
  </testcase> <!-- @BeforeClass startNewsTest -->
  <testcase classname="com.trgr.quality.maf.tests.MyDocumentTest" name="MyDocumentBasicFolders" time="0.011">
    <failure type="java.lang.AssertionError" message="The following asserts failed:
	Exception in Test expected [true] but found [false]">
      <![CDATA[java.lang.AssertionError: The following asserts failed:
Exception in Test expected [true] but found [false]
at com.trgr.quality.maf.tests.MyDocumentTest.MyDocumentBasicFolders(MyDocumentTest.java:104)
at java.base/java.util.ArrayList.forEach(ArrayList.java:1511)
at java.base/java.util.concurrent.FutureTask.run(FutureTask.java:264)
at java.base/java.util.concurrent.ThreadPoolExecutor.runWorker(ThreadPoolExecutor.java:1130)
at java.base/java.util.concurrent.ThreadPoolExecutor$Worker.run(ThreadPoolExecutor.java:630)
at java.base/java.lang.Thread.run(Thread.java:832)
... Removed 20 stack frames]]>
    </failure>
  </testcase> <!-- MyDocumentBasicFolders -->
  <testcase classname="com.trgr.quality.maf.tests.MyDocumentTest" name="CreateNewFolderInMydocument" time="0.016">
    <failure type="java.lang.AssertionError" message="The following asserts failed:
	Exception in Test expected [true] but found [false]">
      <![CDATA[java.lang.AssertionError: The following asserts failed:
Exception in Test expected [true] but found [false]
at com.trgr.quality.maf.tests.MyDocumentTest.CreateNewFolderInMydocument(MyDocumentTest.java:227)
at java.base/java.util.ArrayList.forEach(ArrayList.java:1511)
at java.base/java.util.concurrent.FutureTask.run(FutureTask.java:264)
at java.base/java.util.concurrent.ThreadPoolExecutor.runWorker(ThreadPoolExecutor.java:1130)
at java.base/java.util.concurrent.ThreadPoolExecutor$Worker.run(ThreadPoolExecutor.java:630)
at java.base/java.lang.Thread.run(Thread.java:832)
... Removed 20 stack frames]]>
    </failure>
  </testcase> <!-- CreateNewFolderInMydocument -->
  <testcase classname="com.trgr.quality.maf.tests.MyDocumentTest" name="RenameAndDeleteMyDocumentFolder" time="0.01">
    <failure type="java.lang.AssertionError" message="The following asserts failed:
	Exception in Test expected [true] but found [false]">
      <![CDATA[java.lang.AssertionError: The following asserts failed:
Exception in Test expected [true] but found [false]
at com.trgr.quality.maf.tests.MyDocumentTest.RenameAndDeleteMyDocumentFolder(MyDocumentTest.java:422)
at java.base/java.util.ArrayList.forEach(ArrayList.java:1511)
at java.base/java.util.concurrent.FutureTask.run(FutureTask.java:264)
at java.base/java.util.concurrent.ThreadPoolExecutor.runWorker(ThreadPoolExecutor.java:1130)
at java.base/java.util.concurrent.ThreadPoolExecutor$Worker.run(ThreadPoolExecutor.java:630)
at java.base/java.lang.Thread.run(Thread.java:832)
... Removed 20 stack frames]]>
    </failure>
  </testcase> <!-- RenameAndDeleteMyDocumentFolder -->
  <testcase classname="com.trgr.quality.maf.tests.MyDocumentTest" name="ExpandAndCollapseFolders" time="0.031">
    <failure type="java.lang.AssertionError" message="The following asserts failed:
	Exception in Test expected [true] but found [false]">
      <![CDATA[java.lang.AssertionError: The following asserts failed:
Exception in Test expected [true] but found [false]
at com.trgr.quality.maf.tests.MyDocumentTest.ExpandAndCollapseFolders(MyDocumentTest.java:155)
at java.base/java.util.ArrayList.forEach(ArrayList.java:1511)
at java.base/java.util.concurrent.FutureTask.run(FutureTask.java:264)
at java.base/java.util.concurrent.ThreadPoolExecutor.runWorker(ThreadPoolExecutor.java:1130)
at java.base/java.util.concurrent.ThreadPoolExecutor$Worker.run(ThreadPoolExecutor.java:630)
at java.base/java.lang.Thread.run(Thread.java:832)
... Removed 20 stack frames]]>
    </failure>
  </testcase> <!-- ExpandAndCollapseFolders -->
  <testcase classname="com.trgr.quality.maf.tests.MyDocumentTest" name="CreateNewFolder" time="0.0">
    <ignored/>
  </testcase> <!-- CreateNewFolder -->
  <testcase classname="com.trgr.quality.maf.tests.MyDocumentTest" name="createNewFolder" time="0.0">
    <ignored/>
  </testcase> <!-- createNewFolder -->
  <testcase classname="com.trgr.quality.maf.tests.MyDocumentTest" name="displayOfMyDocumentsFolders" time="0.0">
    <ignored/>
  </testcase> <!-- displayOfMyDocumentsFolders -->
  <testcase classname="com.trgr.quality.maf.tests.MyDocumentTest" name="renameAndDeleteNewFolder" time="0.0">
    <ignored/>
  </testcase> <!-- renameAndDeleteNewFolder -->
  <testcase classname="com.trgr.quality.maf.tests.MyDocumentTest" name="expandAndCollapseFolder" time="0.0">
    <ignored/>
  </testcase> <!-- expandAndCollapseFolder -->
</testsuite> <!-- MyDocumentTest -->
