<?xml version="1.0" encoding="UTF-8"?>
<!-- Generated by org.testng.reporters.JUnitXMLReporter -->
<testsuite ignored="2" hostname="TR-JDGMXY2" failures="2" tests="2" name="PreferenceTest" time="0.139" errors="0" timestamp="2021-02-26T02:42:53 ART">
  <testcase classname="com.trgr.quality.maf.tests.PreferenceTest" name="UpdatesToPreferencesPageAllProducts" time="0.015">
    <failure type="java.lang.AssertionError" message="The following asserts failed:
	Exception in Test expected [true] but found [false]">
      <![CDATA[java.lang.AssertionError: The following asserts failed:
Exception in Test expected [true] but found [false]
at com.trgr.quality.maf.tests.PreferenceTest.UpdatesToPreferencesPageAllProducts(PreferenceTest.java:240)
at java.base/java.util.ArrayList.forEach(ArrayList.java:1511)
at java.base/java.util.concurrent.FutureTask.run(FutureTask.java:264)
at java.base/java.util.concurrent.ThreadPoolExecutor.runWorker(ThreadPoolExecutor.java:1130)
at java.base/java.util.concurrent.ThreadPoolExecutor$Worker.run(ThreadPoolExecutor.java:630)
at java.base/java.lang.Thread.run(Thread.java:832)
... Removed 20 stack frames]]>
    </failure>
  </testcase> <!-- UpdatesToPreferencesPageAllProducts -->
  <testcase classname="com.trgr.quality.maf.tests.PreferenceTest" name="MyDocumentsPageValidation" time="0.013">
    <failure type="java.lang.AssertionError" message="The following asserts failed:
	Exception in Test expected [true] but found [false]">
      <![CDATA[java.lang.AssertionError: The following asserts failed:
Exception in Test expected [true] but found [false]
at com.trgr.quality.maf.tests.PreferenceTest.MyDocumentsPageValidation(PreferenceTest.java:493)
at java.base/java.util.ArrayList.forEach(ArrayList.java:1511)
at java.base/java.util.concurrent.FutureTask.run(FutureTask.java:264)
at java.base/java.util.concurrent.ThreadPoolExecutor.runWorker(ThreadPoolExecutor.java:1130)
at java.base/java.util.concurrent.ThreadPoolExecutor$Worker.run(ThreadPoolExecutor.java:630)
at java.base/java.lang.Thread.run(Thread.java:832)
... Removed 20 stack frames]]>
    </failure>
  </testcase> <!-- MyDocumentsPageValidation -->
  <testcase classname="com.trgr.quality.maf.tests.PreferenceTest" name="UpdatesToPreferencesPage" time="0.0">
    <ignored/>
  </testcase> <!-- UpdatesToPreferencesPage -->
  <testcase classname="com.trgr.quality.maf.tests.PreferenceTest" name="updatesSpecificFieldsofPreferencesPage" time="0.0">
    <ignored/>
  </testcase> <!-- updatesSpecificFieldsofPreferencesPage -->
</testsuite> <!-- PreferenceTest -->
