<?xml version="1.0" encoding="UTF-8"?>
<!-- Generated by org.testng.reporters.JUnitXMLReporter -->
<testsuite ignored="2" hostname="TR-JDGMXY2" failures="22" tests="22" name="SearchUsingHomePageTest" time="0.302" errors="0" timestamp="2021-02-26T02:38:24 ART">
  <testcase classname="com.trgr.quality.maf.tests.SearchUsingHomePageTest" name="ThematicSearchUsingFreewordInHome" time="0.007">
    <failure type="java.lang.AssertionError" message="The following asserts failed:
	Exception in Test expected [true] but found [false]">
      <![CDATA[java.lang.AssertionError: The following asserts failed:
Exception in Test expected [true] but found [false]
at com.trgr.quality.maf.tests.SearchUsingHomePageTest.ThematicSearchUsingFreewordInHome(SearchUsingHomePageTest.java:316)
at java.base/java.util.ArrayList.forEach(ArrayList.java:1511)
at java.base/java.util.concurrent.FutureTask.run(FutureTask.java:264)
at java.base/java.util.concurrent.ThreadPoolExecutor.runWorker(ThreadPoolExecutor.java:1130)
at java.base/java.util.concurrent.ThreadPoolExecutor$Worker.run(ThreadPoolExecutor.java:630)
at java.base/java.lang.Thread.run(Thread.java:832)
... Removed 20 stack frames]]>
    </failure>
  </testcase> <!-- ThematicSearchUsingFreewordInHome -->
  <testcase classname="com.trgr.quality.maf.tests.SearchUsingHomePageTest" name="ClickClearWithFreewordAndThematicKey" time="0.008">
    <failure type="java.lang.AssertionError" message="The following asserts failed:
	Exception in Test expected [true] but found [false]">
      <![CDATA[java.lang.AssertionError: The following asserts failed:
Exception in Test expected [true] but found [false]
at com.trgr.quality.maf.tests.SearchUsingHomePageTest.ClickClearWithFreewordAndThematicKey(SearchUsingHomePageTest.java:369)
at java.base/java.util.ArrayList.forEach(ArrayList.java:1511)
at java.base/java.util.concurrent.FutureTask.run(FutureTask.java:264)
at java.base/java.util.concurrent.ThreadPoolExecutor.runWorker(ThreadPoolExecutor.java:1130)
at java.base/java.util.concurrent.ThreadPoolExecutor$Worker.run(ThreadPoolExecutor.java:630)
at java.base/java.lang.Thread.run(Thread.java:832)
... Removed 20 stack frames]]>
    </failure>
  </testcase> <!-- ClickClearWithFreewordAndThematicKey -->
  <testcase classname="com.trgr.quality.maf.tests.SearchUsingHomePageTest" name="searchUsingThematicQuickSearch" time="0.008">
    <failure type="java.lang.AssertionError" message="The following asserts failed:
	Exception in Test expected [true] but found [false]">
      <![CDATA[java.lang.AssertionError: The following asserts failed:
Exception in Test expected [true] but found [false]
at com.trgr.quality.maf.tests.SearchUsingHomePageTest.searchUsingThematicQuickSearch(SearchUsingHomePageTest.java:429)
at java.base/java.util.ArrayList.forEach(ArrayList.java:1511)
at java.base/java.util.concurrent.FutureTask.run(FutureTask.java:264)
at java.base/java.util.concurrent.ThreadPoolExecutor.runWorker(ThreadPoolExecutor.java:1130)
at java.base/java.util.concurrent.ThreadPoolExecutor$Worker.run(ThreadPoolExecutor.java:630)
at java.base/java.lang.Thread.run(Thread.java:832)
... Removed 20 stack frames]]>
    </failure>
  </testcase> <!-- searchUsingThematicQuickSearch -->
  <testcase classname="com.trgr.quality.maf.tests.SearchUsingHomePageTest" name="clearSearchDataSubmittedOnQuickSearch" time="0.013">
    <failure type="java.lang.AssertionError" message="The following asserts failed:
	Exception in Test expected [true] but found [false]">
      <![CDATA[java.lang.AssertionError: The following asserts failed:
Exception in Test expected [true] but found [false]
at com.trgr.quality.maf.tests.SearchUsingHomePageTest.clearSearchDataSubmittedOnQuickSearch(SearchUsingHomePageTest.java:467)
at java.base/java.util.ArrayList.forEach(ArrayList.java:1511)
at java.base/java.util.concurrent.FutureTask.run(FutureTask.java:264)
at java.base/java.util.concurrent.ThreadPoolExecutor.runWorker(ThreadPoolExecutor.java:1130)
at java.base/java.util.concurrent.ThreadPoolExecutor$Worker.run(ThreadPoolExecutor.java:630)
at java.base/java.lang.Thread.run(Thread.java:832)
... Removed 20 stack frames]]>
    </failure>
  </testcase> <!-- clearSearchDataSubmittedOnQuickSearch -->
  <testcase classname="com.trgr.quality.maf.tests.SearchUsingHomePageTest" name="StandardNumberSearchInHome" time="0.014">
    <failure type="java.lang.AssertionError" message="The following asserts failed:
	Exception in Test expected [true] but found [false]">
      <![CDATA[java.lang.AssertionError: The following asserts failed:
Exception in Test expected [true] but found [false]
at com.trgr.quality.maf.tests.SearchUsingHomePageTest.StandardNumberSearchInHome(SearchUsingHomePageTest.java:542)
at java.base/java.util.ArrayList.forEach(ArrayList.java:1511)
at java.base/java.util.concurrent.FutureTask.run(FutureTask.java:264)
at java.base/java.util.concurrent.ThreadPoolExecutor.runWorker(ThreadPoolExecutor.java:1130)
at java.base/java.util.concurrent.ThreadPoolExecutor$Worker.run(ThreadPoolExecutor.java:630)
at java.base/java.lang.Thread.run(Thread.java:832)
... Removed 20 stack frames]]>
    </failure>
  </testcase> <!-- StandardNumberSearchInHome -->
  <testcase classname="com.trgr.quality.maf.tests.SearchUsingHomePageTest" name="ThematicSearchWithThreeLevelIntersection" time="0.011">
    <failure type="java.lang.AssertionError" message="The following asserts failed:
	Exception in Test expected [true] but found [false]">
      <![CDATA[java.lang.AssertionError: The following asserts failed:
Exception in Test expected [true] but found [false]
at com.trgr.quality.maf.tests.SearchUsingHomePageTest.ThematicSearchWithThreeLevelIntersection(SearchUsingHomePageTest.java:661)
at java.base/java.util.ArrayList.forEach(ArrayList.java:1511)
at java.base/java.util.concurrent.FutureTask.run(FutureTask.java:264)
at java.base/java.util.concurrent.ThreadPoolExecutor.runWorker(ThreadPoolExecutor.java:1130)
at java.base/java.util.concurrent.ThreadPoolExecutor$Worker.run(ThreadPoolExecutor.java:630)
at java.base/java.lang.Thread.run(Thread.java:832)
... Removed 20 stack frames]]>
    </failure>
  </testcase> <!-- ThematicSearchWithThreeLevelIntersection -->
  <testcase classname="com.trgr.quality.maf.tests.SearchUsingHomePageTest" name="ThematicSearchWithSecondLevelIntersection" time="0.006">
    <failure type="java.lang.AssertionError" message="The following asserts failed:
	Exception in Test expected [true] but found [false]">
      <![CDATA[java.lang.AssertionError: The following asserts failed:
Exception in Test expected [true] but found [false]
at com.trgr.quality.maf.tests.SearchUsingHomePageTest.ThematicSearchWithSecondLevelIntersection(SearchUsingHomePageTest.java:758)
at java.base/java.util.ArrayList.forEach(ArrayList.java:1511)
at java.base/java.util.concurrent.FutureTask.run(FutureTask.java:264)
at java.base/java.util.concurrent.ThreadPoolExecutor.runWorker(ThreadPoolExecutor.java:1130)
at java.base/java.util.concurrent.ThreadPoolExecutor$Worker.run(ThreadPoolExecutor.java:630)
at java.base/java.lang.Thread.run(Thread.java:832)
... Removed 20 stack frames]]>
    </failure>
  </testcase> <!-- ThematicSearchWithSecondLevelIntersection -->
  <testcase classname="com.trgr.quality.maf.tests.SearchUsingHomePageTest" name="clearStandardNumberSearchInHome" time="0.005">
    <failure type="java.lang.AssertionError" message="The following asserts failed:
	Exception in Test expected [true] but found [false]">
      <![CDATA[java.lang.AssertionError: The following asserts failed:
Exception in Test expected [true] but found [false]
at com.trgr.quality.maf.tests.SearchUsingHomePageTest.clearStandardNumberSearchInHome(SearchUsingHomePageTest.java:793)
at java.base/java.util.ArrayList.forEach(ArrayList.java:1511)
at java.base/java.util.concurrent.FutureTask.run(FutureTask.java:264)
at java.base/java.util.concurrent.ThreadPoolExecutor.runWorker(ThreadPoolExecutor.java:1130)
at java.base/java.util.concurrent.ThreadPoolExecutor$Worker.run(ThreadPoolExecutor.java:630)
at java.base/java.lang.Thread.run(Thread.java:832)
... Removed 20 stack frames]]>
    </failure>
  </testcase> <!-- clearStandardNumberSearchInHome -->
  <testcase classname="com.trgr.quality.maf.tests.SearchUsingHomePageTest" name="EmptyFreewordAndThematicKeySearch" time="0.009">
    <failure type="java.lang.AssertionError" message="The following asserts failed:
	Exception in Test expected [true] but found [false]">
      <![CDATA[java.lang.AssertionError: The following asserts failed:
Exception in Test expected [true] but found [false]
at com.trgr.quality.maf.tests.SearchUsingHomePageTest.EmptyFreewordAndThematicKeySearch(SearchUsingHomePageTest.java:834)
at java.base/java.util.ArrayList.forEach(ArrayList.java:1511)
at java.base/java.util.concurrent.FutureTask.run(FutureTask.java:264)
at java.base/java.util.concurrent.ThreadPoolExecutor.runWorker(ThreadPoolExecutor.java:1130)
at java.base/java.util.concurrent.ThreadPoolExecutor$Worker.run(ThreadPoolExecutor.java:630)
at java.base/java.lang.Thread.run(Thread.java:832)
... Removed 20 stack frames]]>
    </failure>
  </testcase> <!-- EmptyFreewordAndThematicKeySearch -->
  <testcase classname="com.trgr.quality.maf.tests.SearchUsingHomePageTest" name="EmptyStandardNumberErroMessageInHome" time="0.02">
    <failure type="java.lang.AssertionError" message="The following asserts failed:
	Exception in Test expected [true] but found [false]">
      <![CDATA[java.lang.AssertionError: The following asserts failed:
Exception in Test expected [true] but found [false]
at com.trgr.quality.maf.tests.SearchUsingHomePageTest.EmptyStandardNumberErroMessageInHome(SearchUsingHomePageTest.java:876)
at java.base/java.util.ArrayList.forEach(ArrayList.java:1511)
at java.base/java.util.concurrent.FutureTask.run(FutureTask.java:264)
at java.base/java.util.concurrent.ThreadPoolExecutor.runWorker(ThreadPoolExecutor.java:1130)
at java.base/java.util.concurrent.ThreadPoolExecutor$Worker.run(ThreadPoolExecutor.java:630)
at java.base/java.lang.Thread.run(Thread.java:832)
... Removed 20 stack frames]]>
    </failure>
  </testcase> <!-- EmptyStandardNumberErroMessageInHome -->
  <testcase classname="com.trgr.quality.maf.tests.SearchUsingHomePageTest" name="StandardNumberSearchWithLetters" time="0.017">
    <failure type="java.lang.AssertionError" message="The following asserts failed:
	Exception in Test expected [true] but found [false]">
      <![CDATA[java.lang.AssertionError: The following asserts failed:
Exception in Test expected [true] but found [false]
at com.trgr.quality.maf.tests.SearchUsingHomePageTest.StandardNumberSearchWithLetters(SearchUsingHomePageTest.java:922)
at java.base/java.util.ArrayList.forEach(ArrayList.java:1511)
at java.base/java.util.concurrent.FutureTask.run(FutureTask.java:264)
at java.base/java.util.concurrent.ThreadPoolExecutor.runWorker(ThreadPoolExecutor.java:1130)
at java.base/java.util.concurrent.ThreadPoolExecutor$Worker.run(ThreadPoolExecutor.java:630)
at java.base/java.lang.Thread.run(Thread.java:832)
... Removed 20 stack frames]]>
    </failure>
  </testcase> <!-- StandardNumberSearchWithLetters -->
  <testcase classname="com.trgr.quality.maf.tests.SearchUsingHomePageTest" name="ClearThematicSearchWithMultipleFields" time="0.009">
    <failure type="java.lang.AssertionError" message="The following asserts failed:
	Exception in Test expected [true] but found [false]">
      <![CDATA[java.lang.AssertionError: The following asserts failed:
Exception in Test expected [true] but found [false]
at com.trgr.quality.maf.tests.SearchUsingHomePageTest.ClearThematicSearchWithMultipleFields(SearchUsingHomePageTest.java:1019)
at java.base/java.util.ArrayList.forEach(ArrayList.java:1511)
at java.base/java.util.concurrent.FutureTask.run(FutureTask.java:264)
at java.base/java.util.concurrent.ThreadPoolExecutor.runWorker(ThreadPoolExecutor.java:1130)
at java.base/java.util.concurrent.ThreadPoolExecutor$Worker.run(ThreadPoolExecutor.java:630)
at java.base/java.lang.Thread.run(Thread.java:832)
... Removed 20 stack frames]]>
    </failure>
  </testcase> <!-- ClearThematicSearchWithMultipleFields -->
  <testcase classname="com.trgr.quality.maf.tests.SearchUsingHomePageTest" name="ThematicSearchWithNoSuggestionsInHome" time="0.007">
    <failure type="java.lang.AssertionError" message="The following asserts failed:
	Exception in Test expected [true] but found [false]">
      <![CDATA[java.lang.AssertionError: The following asserts failed:
Exception in Test expected [true] but found [false]
at com.trgr.quality.maf.tests.SearchUsingHomePageTest.ThematicSearchWithNoSuggestionsInHome(SearchUsingHomePageTest.java:1071)
at java.base/java.util.ArrayList.forEach(ArrayList.java:1511)
at java.base/java.util.concurrent.FutureTask.run(FutureTask.java:264)
at java.base/java.util.concurrent.ThreadPoolExecutor.runWorker(ThreadPoolExecutor.java:1130)
at java.base/java.util.concurrent.ThreadPoolExecutor$Worker.run(ThreadPoolExecutor.java:630)
at java.base/java.lang.Thread.run(Thread.java:832)
... Removed 20 stack frames]]>
    </failure>
  </testcase> <!-- ThematicSearchWithNoSuggestionsInHome -->
  <testcase classname="com.trgr.quality.maf.tests.SearchUsingHomePageTest" name="StandardNumberSearchWithSpecialCharactersInHome" time="0.009">
    <failure type="java.lang.AssertionError" message="The following asserts failed:
	Exception in Test expected [true] but found [false]">
      <![CDATA[java.lang.AssertionError: The following asserts failed:
Exception in Test expected [true] but found [false]
at com.trgr.quality.maf.tests.SearchUsingHomePageTest.StandardNumberSearchWithSpecialCharactersInHome(SearchUsingHomePageTest.java:1116)
at java.base/java.util.ArrayList.forEach(ArrayList.java:1511)
at java.base/java.util.concurrent.FutureTask.run(FutureTask.java:264)
at java.base/java.util.concurrent.ThreadPoolExecutor.runWorker(ThreadPoolExecutor.java:1130)
at java.base/java.util.concurrent.ThreadPoolExecutor$Worker.run(ThreadPoolExecutor.java:630)
at java.base/java.lang.Thread.run(Thread.java:832)
... Removed 20 stack frames]]>
    </failure>
  </testcase> <!-- StandardNumberSearchWithSpecialCharactersInHome -->
  <testcase classname="com.trgr.quality.maf.tests.SearchUsingHomePageTest" name="FreewordSearchWithNoResultsInHome" time="0.008">
    <failure type="java.lang.AssertionError" message="The following asserts failed:
	Exception in Test expected [true] but found [false]">
      <![CDATA[java.lang.AssertionError: The following asserts failed:
Exception in Test expected [true] but found [false]
at com.trgr.quality.maf.tests.SearchUsingHomePageTest.FreewordSearchWithNoResultsInHome(SearchUsingHomePageTest.java:1158)
at java.base/java.util.ArrayList.forEach(ArrayList.java:1511)
at java.base/java.util.concurrent.FutureTask.run(FutureTask.java:264)
at java.base/java.util.concurrent.ThreadPoolExecutor.runWorker(ThreadPoolExecutor.java:1130)
at java.base/java.util.concurrent.ThreadPoolExecutor$Worker.run(ThreadPoolExecutor.java:630)
at java.base/java.lang.Thread.run(Thread.java:832)
... Removed 20 stack frames]]>
    </failure>
  </testcase> <!-- FreewordSearchWithNoResultsInHome -->
  <testcase classname="com.trgr.quality.maf.tests.SearchUsingHomePageTest" name="SearchWithFreewordAndThematicKeyInHome" time="0.01">
    <failure type="java.lang.AssertionError" message="The following asserts failed:
	Exception in Test expected [true] but found [false]">
      <![CDATA[java.lang.AssertionError: The following asserts failed:
Exception in Test expected [true] but found [false]
at com.trgr.quality.maf.tests.SearchUsingHomePageTest.SearchWithFreewordAndThematicKeyInHome(SearchUsingHomePageTest.java:1234)
at java.base/java.util.ArrayList.forEach(ArrayList.java:1511)
at java.base/java.util.concurrent.FutureTask.run(FutureTask.java:264)
at java.base/java.util.concurrent.ThreadPoolExecutor.runWorker(ThreadPoolExecutor.java:1130)
at java.base/java.util.concurrent.ThreadPoolExecutor$Worker.run(ThreadPoolExecutor.java:630)
at java.base/java.lang.Thread.run(Thread.java:832)
... Removed 20 stack frames]]>
    </failure>
  </testcase> <!-- SearchWithFreewordAndThematicKeyInHome -->
  <testcase classname="com.trgr.quality.maf.tests.SearchUsingHomePageTest" name="FreewordSearchWithSpecialCharactersInHome" time="0.006">
    <failure type="java.lang.AssertionError" message="The following asserts failed:
	Exception in Test expected [true] but found [false]">
      <![CDATA[java.lang.AssertionError: The following asserts failed:
Exception in Test expected [true] but found [false]
at com.trgr.quality.maf.tests.SearchUsingHomePageTest.FreewordSearchWithSpecialCharactersInHome(SearchUsingHomePageTest.java:1277)
at java.base/java.util.ArrayList.forEach(ArrayList.java:1511)
at java.base/java.util.concurrent.FutureTask.run(FutureTask.java:264)
at java.base/java.util.concurrent.ThreadPoolExecutor.runWorker(ThreadPoolExecutor.java:1130)
at java.base/java.util.concurrent.ThreadPoolExecutor$Worker.run(ThreadPoolExecutor.java:630)
at java.base/java.lang.Thread.run(Thread.java:832)
... Removed 20 stack frames]]>
    </failure>
  </testcase> <!-- FreewordSearchWithSpecialCharactersInHome -->
  <testcase classname="com.trgr.quality.maf.tests.SearchUsingHomePageTest" name="ThematicSearchWithSpecialCharactersInHome" time="0.008">
    <failure type="java.lang.AssertionError" message="The following asserts failed:
	Exception in Test expected [true] but found [false]">
      <![CDATA[java.lang.AssertionError: The following asserts failed:
Exception in Test expected [true] but found [false]
at com.trgr.quality.maf.tests.SearchUsingHomePageTest.ThematicSearchWithSpecialCharactersInHome(SearchUsingHomePageTest.java:1319)
at java.base/java.util.ArrayList.forEach(ArrayList.java:1511)
at java.base/java.util.concurrent.FutureTask.run(FutureTask.java:264)
at java.base/java.util.concurrent.ThreadPoolExecutor.runWorker(ThreadPoolExecutor.java:1130)
at java.base/java.util.concurrent.ThreadPoolExecutor$Worker.run(ThreadPoolExecutor.java:630)
at java.base/java.lang.Thread.run(Thread.java:832)
... Removed 20 stack frames]]>
    </failure>
  </testcase> <!-- ThematicSearchWithSpecialCharactersInHome -->
  <testcase classname="com.trgr.quality.maf.tests.SearchUsingHomePageTest" name="ClearSecondThematicSearchWithTwoLevelInputs" time="0.008">
    <failure type="java.lang.AssertionError" message="The following asserts failed:
	Exception in Test expected [true] but found [false]">
      <![CDATA[java.lang.AssertionError: The following asserts failed:
Exception in Test expected [true] but found [false]
at com.trgr.quality.maf.tests.SearchUsingHomePageTest.ClearSecondThematicSearchWithTwoLevelInputs(SearchUsingHomePageTest.java:1396)
at java.base/java.util.ArrayList.forEach(ArrayList.java:1511)
at java.base/java.util.concurrent.FutureTask.run(FutureTask.java:264)
at java.base/java.util.concurrent.ThreadPoolExecutor.runWorker(ThreadPoolExecutor.java:1130)
at java.base/java.util.concurrent.ThreadPoolExecutor$Worker.run(ThreadPoolExecutor.java:630)
at java.base/java.lang.Thread.run(Thread.java:832)
... Removed 20 stack frames]]>
    </failure>
  </testcase> <!-- ClearSecondThematicSearchWithTwoLevelInputs -->
  <testcase classname="com.trgr.quality.maf.tests.SearchUsingHomePageTest" name="ClearThirdThematicSearchWithThreeLevelInputs" time="0.009">
    <failure type="java.lang.AssertionError" message="The following asserts failed:
	Exception in Test expected [true] but found [false]">
      <![CDATA[java.lang.AssertionError: The following asserts failed:
Exception in Test expected [true] but found [false]
at com.trgr.quality.maf.tests.SearchUsingHomePageTest.ClearThirdThematicSearchWithThreeLevelInputs(SearchUsingHomePageTest.java:1490)
at java.base/java.util.ArrayList.forEach(ArrayList.java:1511)
at java.base/java.util.concurrent.FutureTask.run(FutureTask.java:264)
at java.base/java.util.concurrent.ThreadPoolExecutor.runWorker(ThreadPoolExecutor.java:1130)
at java.base/java.util.concurrent.ThreadPoolExecutor$Worker.run(ThreadPoolExecutor.java:630)
at java.base/java.lang.Thread.run(Thread.java:832)
... Removed 20 stack frames]]>
    </failure>
  </testcase> <!-- ClearThirdThematicSearchWithThreeLevelInputs -->
  <testcase classname="com.trgr.quality.maf.tests.SearchUsingHomePageTest" name="ClearSecondThematicSearchWithThreeLevelInputs" time="0.012">
    <failure type="java.lang.AssertionError" message="The following asserts failed:
	Exception in Test expected [true] but found [false]">
      <![CDATA[java.lang.AssertionError: The following asserts failed:
Exception in Test expected [true] but found [false]
at com.trgr.quality.maf.tests.SearchUsingHomePageTest.ClearSecondThematicSearchWithThreeLevelInputs(SearchUsingHomePageTest.java:1583)
at java.base/java.util.ArrayList.forEach(ArrayList.java:1511)
at java.base/java.util.concurrent.FutureTask.run(FutureTask.java:264)
at java.base/java.util.concurrent.ThreadPoolExecutor.runWorker(ThreadPoolExecutor.java:1130)
at java.base/java.util.concurrent.ThreadPoolExecutor$Worker.run(ThreadPoolExecutor.java:630)
at java.base/java.lang.Thread.run(Thread.java:832)
... Removed 20 stack frames]]>
    </failure>
  </testcase> <!-- ClearSecondThematicSearchWithThreeLevelInputs -->
  <testcase classname="com.trgr.quality.maf.tests.SearchUsingHomePageTest" name="ClearFirstThematicSearchWithThreeLevelInputs" time="0.012">
    <failure type="java.lang.AssertionError" message="The following asserts failed:
	Exception in Test expected [true] but found [false]">
      <![CDATA[java.lang.AssertionError: The following asserts failed:
Exception in Test expected [true] but found [false]
at com.trgr.quality.maf.tests.SearchUsingHomePageTest.ClearFirstThematicSearchWithThreeLevelInputs(SearchUsingHomePageTest.java:1677)
at java.base/java.util.ArrayList.forEach(ArrayList.java:1511)
at java.base/java.util.concurrent.FutureTask.run(FutureTask.java:264)
at java.base/java.util.concurrent.ThreadPoolExecutor.runWorker(ThreadPoolExecutor.java:1130)
at java.base/java.util.concurrent.ThreadPoolExecutor$Worker.run(ThreadPoolExecutor.java:630)
at java.base/java.lang.Thread.run(Thread.java:832)
... Removed 20 stack frames]]>
    </failure>
  </testcase> <!-- ClearFirstThematicSearchWithThreeLevelInputs -->
  <testcase classname="com.trgr.quality.maf.tests.SearchUsingHomePageTest" name="searchUsingFreewordOnHomepage" time="0.0">
    <ignored/>
  </testcase> <!-- searchUsingFreewordOnHomepage -->
  <testcase classname="com.trgr.quality.maf.tests.SearchUsingHomePageTest" name="thematicSearchOnHomepage" time="0.0">
    <ignored/>
  </testcase> <!-- thematicSearchOnHomepage -->
</testsuite> <!-- SearchUsingHomePageTest -->
