<?xml version="1.0" encoding="UTF-8"?>
<!-- Generated by org.testng.reporters.JUnitXMLReporter -->
<testsuite ignored="7" hostname="TR-JDGMXY2" failures="1" tests="12" name="DeliveryTest" time="555.844" errors="0" timestamp="2020-12-17T18:51:40 ART">
  <testcase classname="com.trgr.quality.maf.tests.DeliveryTest" name="deliveryOfResultListUsingEmailWithWordAndPDF" time="58.228"/>
  <testcase classname="com.trgr.quality.maf.tests.DeliveryTest" name="ResultListcancelDeliveryByEmail" time="19.62"/>
  <testcase classname="com.trgr.quality.maf.tests.DeliveryTest" name="DeliveryWithInvalidEmailFormat" time="39.55"/>
  <testcase classname="com.trgr.quality.maf.tests.DeliveryTest" name="exportSingleDocumentFromDocumentDisplay" time="53.356"/>
  <testcase classname="com.trgr.quality.maf.tests.DeliveryTest" name="docDisplayPageEmailDeliveryWithRTFFormat" time="49.045"/>
  <testcase classname="com.trgr.quality.maf.tests.DeliveryTest" name="docDisplayEmailDeliveryWithPDFFormat" time="36.8"/>
  <testcase classname="com.trgr.quality.maf.tests.DeliveryTest" name="documentDisplayDeliveryWithInvalidEmail" time="33.946"/>
  <testcase classname="com.trgr.quality.maf.tests.DeliveryTest" name="resultListDocDeliveryByPrint" time="26.508"/>
  <testcase classname="com.trgr.quality.maf.tests.DeliveryTest" name="documentDislplayDeliveryByPrint" time="34.175"/>
  <testcase classname="com.trgr.quality.maf.tests.DeliveryTest" name="deliverDocumentFromDocumentDisplayUsingPrint" time="33.403"/>
  <testcase classname="com.trgr.quality.maf.tests.DeliveryTest" name="SingleDocumentDelivery" time="56.653"/>
  <testcase classname="com.trgr.quality.maf.tests.DeliveryTest" name="exportDocumentsFromResultList" time="88.733">
    <failure type="java.lang.AssertionError" message="The following asserts failed:
	Verify Export Document from result list page:MAFQABANG-143 expected [true] but found [false]">
      <![CDATA[java.lang.AssertionError: The following asserts failed:
Verify Export Document from result list page:MAFQABANG-143 expected [true] but found [false]
at com.trgr.quality.maf.tests.DeliveryTest.exportDocumentsFromResultList(DeliveryTest.java:619)
at java.base/java.util.ArrayList.forEach(ArrayList.java:1511)
... Removed 29 stack frames]]>
    </failure>
  </testcase> <!-- exportDocumentsFromResultList -->
  <testcase classname="com.trgr.quality.maf.tests.DeliveryTest" name="LegislationDeliveryByPrint" time="0.0">
    <ignored/>
  </testcase> <!-- LegislationDeliveryByPrint -->
  <testcase classname="com.trgr.quality.maf.tests.DeliveryTest" name="deliverQuickSearchReportUsingPrint" time="0.0">
    <ignored/>
  </testcase> <!-- deliverQuickSearchReportUsingPrint -->
  <testcase classname="com.trgr.quality.maf.tests.DeliveryTest" name="JurisprudencePageDelivery" time="0.0">
    <ignored/>
  </testcase> <!-- JurisprudencePageDelivery -->
  <testcase classname="com.trgr.quality.maf.tests.DeliveryTest" name="deliverGlobalSearchReportUsingPrint" time="0.0">
    <ignored/>
  </testcase> <!-- deliverGlobalSearchReportUsingPrint -->
  <testcase classname="com.trgr.quality.maf.tests.DeliveryTest" name="resultListDeliveryOptions" time="0.0">
    <ignored/>
  </testcase> <!-- resultListDeliveryOptions -->
  <testcase classname="com.trgr.quality.maf.tests.DeliveryTest" name="ExportSelectedWord" time="0.0">
    <ignored/>
  </testcase> <!-- ExportSelectedWord -->
  <testcase classname="com.trgr.quality.maf.tests.DeliveryTest" name="exportEmailandPrintforSingleDocument" time="0.0">
    <ignored/>
  </testcase> <!-- exportEmailandPrintforSingleDocument -->
</testsuite> <!-- DeliveryTest -->
