<?xml version="1.0" encoding="UTF-8"?>
<!-- Generated by org.testng.reporters.JUnitXMLReporter -->
<testsuite ignored="8" hostname="TR-JDGMXY2" failures="3" tests="9" name="LoginTest" time="944.977" errors="0" timestamp="2020-12-17T17:37:27 ART">
  <testcase classname="com.trgr.quality.maf.tests.LoginTest" name="loginWithClientID" time="129.725"/>
  <testcase classname="com.trgr.quality.maf.tests.LoginTest" name="loginWithValidAndInvalidCredentials" time="131.282"/>
  <testcase classname="com.trgr.quality.maf.tests.LoginTest" name="loginUsingSaveUserNameAndPwd" time="127.056"/>
  <testcase classname="com.trgr.quality.maf.tests.LoginTest" name="KnowtheServiceLink" time="61.256"/>
  <testcase classname="com.trgr.quality.maf.tests.LoginTest" name="InteractiveDemoLink" time="122.707">
    <failure type="java.lang.AssertionError" message="The following asserts failed:
	MAFQABANG-38:Verification of Interactive Demo Link expected [true] but found [false]">
      <![CDATA[java.lang.AssertionError: The following asserts failed:
MAFQABANG-38:Verification of Interactive Demo Link expected [true] but found [false]
at com.trgr.quality.maf.tests.LoginTest.InteractiveDemoLink(LoginTest.java:280)
at java.base/java.util.ArrayList.forEach(ArrayList.java:1511)
... Removed 29 stack frames]]>
    </failure>
  </testcase> <!-- InteractiveDemoLink -->
  <testcase classname="com.trgr.quality.maf.tests.LoginTest" name="FrequentQuestionsLink" time="64.651">
    <failure type="java.lang.AssertionError" message="The following asserts failed:
	Verification of Frequent question Link expected [true] but found [false]">
      <![CDATA[java.lang.AssertionError: The following asserts failed:
Verification of Frequent question Link expected [true] but found [false]
at com.trgr.quality.maf.tests.LoginTest.FrequentQuestionsLink(LoginTest.java:316)
at java.base/java.util.ArrayList.forEach(ArrayList.java:1511)
... Removed 29 stack frames]]>
    </failure>
  </testcase> <!-- FrequentQuestionsLink -->
  <testcase classname="com.trgr.quality.maf.tests.LoginTest" name="onepassSignInlinks" time="63.316"/>
  <testcase classname="com.trgr.quality.maf.tests.LoginTest" name="CustomerServicePortlet" time="61.643">
    <failure type="java.lang.AssertionError" message="The following asserts failed:
	MAFQABANG-542:Customer Service Portlet in Login page expected [true] but found [false]">
      <![CDATA[java.lang.AssertionError: The following asserts failed:
MAFQABANG-542:Customer Service Portlet in Login page expected [true] but found [false]
at com.trgr.quality.maf.tests.LoginTest.CustomerServicePortlet(LoginTest.java:782)
at java.base/java.util.ArrayList.forEach(ArrayList.java:1511)
... Removed 29 stack frames]]>
    </failure>
  </testcase> <!-- CustomerServicePortlet -->
  <testcase classname="com.trgr.quality.maf.tests.LoginTest" name="ForgotPasswordLinks" time="63.244"/>
  <testcase classname="com.trgr.quality.maf.tests.LoginTest" name="GoToHomeFromServicesPage" time="0.0">
    <ignored/>
  </testcase> <!-- GoToHomeFromServicesPage -->
  <testcase classname="com.trgr.quality.maf.tests.LoginTest" name="onepasspageprofilelinks" time="0.0">
    <ignored/>
  </testcase> <!-- onepasspageprofilelinks -->
  <testcase classname="com.trgr.quality.maf.tests.LoginTest" name="LoginwithSaveUnamePwdUnchecked" time="0.0">
    <ignored/>
  </testcase> <!-- LoginwithSaveUnamePwdUnchecked -->
  <testcase classname="com.trgr.quality.maf.tests.LoginTest" name="ForgotUsernamePasswordLinks" time="0.0">
    <ignored/>
  </testcase> <!-- ForgotUsernamePasswordLinks -->
  <testcase classname="com.trgr.quality.maf.tests.LoginTest" name="loginUsingSaveUserName" time="0.0">
    <ignored/>
  </testcase> <!-- loginUsingSaveUserName -->
  <testcase classname="com.trgr.quality.maf.tests.LoginTest" name="LoginScreenDesignForAnyUser" time="0.0">
    <ignored/>
  </testcase> <!-- LoginScreenDesignForAnyUser -->
  <testcase classname="com.trgr.quality.maf.tests.LoginTest" name="LoginScreenDesignForFirstTimeUser" time="0.0">
    <ignored/>
  </testcase> <!-- LoginScreenDesignForFirstTimeUser -->
  <testcase classname="com.trgr.quality.maf.tests.LoginTest" name="LoginBranding" time="0.0">
    <ignored/>
  </testcase> <!-- LoginBranding -->
</testsuite> <!-- LoginTest -->
