<?xml version="1.0" encoding="UTF-8"?>
<!-- Generated by org.testng.reporters.JUnitXMLReporter -->
<testsuite hostname="TR-JDGMXY2" failures="15" tests="18" name="DeliveryTest" time="587.17" errors="0" timestamp="6 Nov 2020 18:06:31 GMT">
  <testcase classname="com.trgr.quality.maf.tests.DeliveryTest" name="deliveryOfResultListUsingEmailWithWordAndPDF" time="62.381"/>
  <testcase classname="com.trgr.quality.maf.tests.DeliveryTest" name="ResultListcancelDeliveryByEmail" time="21.295"/>
  <testcase classname="com.trgr.quality.maf.tests.DeliveryTest" name="DeliveryWithInvalidEmailFormat" time="47.362"/>
  <testcase classname="com.trgr.quality.maf.tests.DeliveryTest" name="resultListDeliveryOptions" time="85.761">
    <failure type="java.lang.AssertionError" message="The following asserts failed:
	 Verify Result List is displayedMAFAUTO-183 expected [true] but found [false],
	Exception in Test expected [true] but found [false]">
      <![CDATA[java.lang.AssertionError: The following asserts failed:
	 Verify Result List is displayedMAFAUTO-183 expected [true] but found [false],
	Exception in Test expected [true] but found [false]
	at com.trgr.quality.maf.tests.DeliveryTest.resultListDeliveryOptions(DeliveryTest.java:1771)
... Removed 25 stack frames]]>
    </failure>
  </testcase> <!-- resultListDeliveryOptions -->
  <testcase classname="com.trgr.quality.maf.tests.DeliveryTest" name="exportSingleDocumentFromDocumentDisplay" time="144.595">
    <failure type="java.lang.AssertionError" message="The following asserts failed:
	Delivery_Document Display__Verify the export document in Document Display:MAFQABANG-144 expected [true] but found [false],
	Delivery_Document Display__Verify the export document in Document Display:MAFQABANG-144 expected [true] but found [false],
	Delivery_Document Display__Verify the export document in Document Display:MAFQABANG-144 expected [true] but found [false],
	Delivery_Document Display__Verify the export document in Document Display:MAFQABANG-144 expected [true] but found [false],
	Delivery_Document Display__Verify the export document in Document Display:MAFQABANG-144 expected [true] but found [false]">
      <![CDATA[java.lang.AssertionError: The following asserts failed:
	Delivery_Document Display__Verify the export document in Document Display:MAFQABANG-144 expected [true] but found [false],
	Delivery_Document Display__Verify the export document in Document Display:MAFQABANG-144 expected [true] but found [false],
	Delivery_Document Display__Verify the export document in Document Display:MAFQABANG-144 expected [true] but found [false],
	Delivery_Document Display__Verify the export document in Document Display:MAFQABANG-144 expected [true] but found [false],
	Delivery_Document Display__Verify the export document in Document Display:MAFQABANG-144 expected [true] but found [false]
	at com.trgr.quality.maf.tests.DeliveryTest.exportSingleDocumentFromDocumentDisplay(DeliveryTest.java:707)
... Removed 25 stack frames]]>
    </failure>
  </testcase> <!-- exportSingleDocumentFromDocumentDisplay -->
  <testcase classname="com.trgr.quality.maf.tests.DeliveryTest" name="docDisplayPageEmailDeliveryWithRTFFormat" time="107.779">
    <failure type="java.lang.AssertionError" message="The following asserts failed:
	Verify the Document sent to intended Email address with word document attachment:MAFQABANG-137 expected [true] but found [false]">
      <![CDATA[java.lang.AssertionError: The following asserts failed:
	Verify the Document sent to intended Email address with word document attachment:MAFQABANG-137 expected [true] but found [false]
	at com.trgr.quality.maf.tests.DeliveryTest.docDisplayPageEmailDeliveryWithRTFFormat(DeliveryTest.java:1004)
... Removed 25 stack frames]]>
    </failure>
  </testcase> <!-- docDisplayPageEmailDeliveryWithRTFFormat -->
  <testcase classname="com.trgr.quality.maf.tests.DeliveryTest" name="exportEmailandPrintforSingleDocument" time="20.355">
    <failure type="java.lang.AssertionError" message="The following asserts failed:
	Exception in Test expected [true] but found [false]">
      <![CDATA[java.lang.AssertionError: The following asserts failed:
	Exception in Test expected [true] but found [false]
	at com.trgr.quality.maf.tests.DeliveryTest.exportEmailandPrintforSingleDocument(DeliveryTest.java:823)
... Removed 25 stack frames]]>
    </failure>
  </testcase> <!-- exportEmailandPrintforSingleDocument -->
  <testcase classname="com.trgr.quality.maf.tests.DeliveryTest" name="docDisplayEmailDeliveryWithPDFFormat" time="0.284">
    <failure type="java.lang.AssertionError" message="The following asserts failed:
	Exception in Test expected [true] but found [false]">
      <![CDATA[java.lang.AssertionError: The following asserts failed:
	Exception in Test expected [true] but found [false]
	at com.trgr.quality.maf.tests.DeliveryTest.docDisplayEmailDeliveryWithPDFFormat(DeliveryTest.java:1067)
... Removed 25 stack frames]]>
    </failure>
  </testcase> <!-- docDisplayEmailDeliveryWithPDFFormat -->
  <testcase classname="com.trgr.quality.maf.tests.DeliveryTest" name="documentDisplayDeliveryWithInvalidEmail" time="0.286">
    <failure type="java.lang.AssertionError" message="The following asserts failed:
	Exception in Test expected [true] but found [false]">
      <![CDATA[java.lang.AssertionError: The following asserts failed:
	Exception in Test expected [true] but found [false]
	at com.trgr.quality.maf.tests.DeliveryTest.documentDisplayDeliveryWithInvalidEmail(DeliveryTest.java:1130)
... Removed 25 stack frames]]>
    </failure>
  </testcase> <!-- documentDisplayDeliveryWithInvalidEmail -->
  <testcase classname="com.trgr.quality.maf.tests.DeliveryTest" name="documentDislplayDeliveryByPrint" time="0.278">
    <failure type="java.lang.AssertionError" message="The following asserts failed:
	Exception in Test expected [true] but found [false]">
      <![CDATA[java.lang.AssertionError: The following asserts failed:
	Exception in Test expected [true] but found [false]
	at com.trgr.quality.maf.tests.DeliveryTest.documentDislplayDeliveryByPrint(DeliveryTest.java:1242)
... Removed 25 stack frames]]>
    </failure>
  </testcase> <!-- documentDislplayDeliveryByPrint -->
  <testcase classname="com.trgr.quality.maf.tests.DeliveryTest" name="deliverDocumentFromDocumentDisplayUsingPrint" time="0.288">
    <failure type="java.lang.AssertionError" message="The following asserts failed:
	Exception in Test expected [true] but found [false]">
      <![CDATA[java.lang.AssertionError: The following asserts failed:
	Exception in Test expected [true] but found [false]
	at com.trgr.quality.maf.tests.DeliveryTest.deliverDocumentFromDocumentDisplayUsingPrint(DeliveryTest.java:1321)
... Removed 25 stack frames]]>
    </failure>
  </testcase> <!-- deliverDocumentFromDocumentDisplayUsingPrint -->
  <testcase classname="com.trgr.quality.maf.tests.DeliveryTest" name="JurisprudencePageDelivery" time="0.283">
    <failure type="java.lang.AssertionError" message="The following asserts failed:
	Exception in Test expected [true] but found [false]">
      <![CDATA[java.lang.AssertionError: The following asserts failed:
	Exception in Test expected [true] but found [false]
	at com.trgr.quality.maf.tests.DeliveryTest.JurisprudencePageDelivery(DeliveryTest.java:1380)
... Removed 25 stack frames]]>
    </failure>
  </testcase> <!-- JurisprudencePageDelivery -->
  <testcase classname="com.trgr.quality.maf.tests.DeliveryTest" name="LegislationDeliveryByPrint" time="0.286">
    <failure type="java.lang.AssertionError" message="The following asserts failed:
	Exception in Test expected [true] but found [false]">
      <![CDATA[java.lang.AssertionError: The following asserts failed:
	Exception in Test expected [true] but found [false]
	at com.trgr.quality.maf.tests.DeliveryTest.LegislationDeliveryByPrint(DeliveryTest.java:1469)
... Removed 25 stack frames]]>
    </failure>
  </testcase> <!-- LegislationDeliveryByPrint -->
  <testcase classname="com.trgr.quality.maf.tests.DeliveryTest" name="deliverGlobalSearchReportUsingPrint" time="0.316">
    <failure type="java.lang.AssertionError" message="The following asserts failed:
	Exception in Test expected [true] but found [false]">
      <![CDATA[java.lang.AssertionError: The following asserts failed:
	Exception in Test expected [true] but found [false]
	at com.trgr.quality.maf.tests.DeliveryTest.deliverGlobalSearchReportUsingPrint(DeliveryTest.java:1556)
... Removed 25 stack frames]]>
    </failure>
  </testcase> <!-- deliverGlobalSearchReportUsingPrint -->
  <testcase classname="com.trgr.quality.maf.tests.DeliveryTest" name="deliverQuickSearchReportUsingPrint" time="0.269">
    <failure type="java.lang.AssertionError" message="The following asserts failed:
	Exception in Test expected [true] but found [false]">
      <![CDATA[java.lang.AssertionError: The following asserts failed:
	Exception in Test expected [true] but found [false]
	at com.trgr.quality.maf.tests.DeliveryTest.deliverQuickSearchReportUsingPrint(DeliveryTest.java:1621)
... Removed 25 stack frames]]>
    </failure>
  </testcase> <!-- deliverQuickSearchReportUsingPrint -->
  <testcase classname="com.trgr.quality.maf.tests.DeliveryTest" name="ExportSelectedWord" time="0.283">
    <failure type="java.lang.AssertionError" message="The following asserts failed:
	Exception in Test expected [true] but found [false]">
      <![CDATA[java.lang.AssertionError: The following asserts failed:
	Exception in Test expected [true] but found [false]
	at com.trgr.quality.maf.tests.DeliveryTest.ExportSelectedWord(DeliveryTest.java:938)
... Removed 25 stack frames]]>
    </failure>
  </testcase> <!-- ExportSelectedWord -->
  <testcase classname="com.trgr.quality.maf.tests.DeliveryTest" name="SingleDocumentDelivery" time="0.285">
    <failure type="java.lang.AssertionError" message="The following asserts failed:
	Exception in Test expected [true] but found [false]">
      <![CDATA[java.lang.AssertionError: The following asserts failed:
	Exception in Test expected [true] but found [false]
	at com.trgr.quality.maf.tests.DeliveryTest.SingleDocumentDelivery(DeliveryTest.java:522)
... Removed 25 stack frames]]>
    </failure>
  </testcase> <!-- SingleDocumentDelivery -->
  <testcase classname="com.trgr.quality.maf.tests.DeliveryTest" name="exportDocumentsFromResultList" time="0.312">
    <failure type="java.lang.AssertionError" message="The following asserts failed:
	Exception in Test expected [true] but found [false]">
      <![CDATA[java.lang.AssertionError: The following asserts failed:
	Exception in Test expected [true] but found [false]
	at com.trgr.quality.maf.tests.DeliveryTest.exportDocumentsFromResultList(DeliveryTest.java:619)
... Removed 25 stack frames]]>
    </failure>
  </testcase> <!-- exportDocumentsFromResultList -->
</testsuite> <!-- DeliveryTest -->
