<?xml version="1.0" encoding="UTF-8"?>
<!-- Generated by org.testng.reporters.JUnitXMLReporter -->
<testsuite hostname="TR-JDGMXY2" failures="28" tests="37" name="DocumentDisplayTest" time="1796.072" errors="0" timestamp="30 Oct 2020 10:34:16 GMT">
  <testcase classname="com.trgr.quality.maf.tests.DocumentDisplayTest" name="documentValidationForArticleAndVoces" time="376.901"/>
  <testcase classname="com.trgr.quality.maf.tests.DocumentDisplayTest" name="enlargeAndReduceFontOnDocument" time="248.856"/>
  <testcase classname="com.trgr.quality.maf.tests.DocumentDisplayTest" name="relationshipAtParagraphLevel" time="11.485"/>
  <testcase classname="com.trgr.quality.maf.tests.DocumentDisplayTest" name="documentDisplayForDoctrinaAndJurisprudence" time="130.777"/>
  <testcase classname="com.trgr.quality.maf.tests.DocumentDisplayTest" name="documentDisplayNavigationOptions" time="72.676"/>
  <testcase classname="com.trgr.quality.maf.tests.DocumentDisplayTest" name="resultListTabNaviagtionOptions" time="67.092"/>
  <testcase classname="com.trgr.quality.maf.tests.DocumentDisplayTest" name="followExistingDocument" time="43.01"/>
  <testcase classname="com.trgr.quality.maf.tests.DocumentDisplayTest" name="followTheDocument" time="60.879"/>
  <testcase classname="com.trgr.quality.maf.tests.DocumentDisplayTest" name="followDocumentAlert" time="135.925"/>
  <testcase classname="com.trgr.quality.maf.tests.DocumentDisplayTest" name="saveAndScheduleResultList" time="67.798">
    <failure type="java.lang.AssertionError" message="The following asserts failed:
	Exception in Test expected [true] but found [false]">
      <![CDATA[java.lang.AssertionError: The following asserts failed:
	Exception in Test expected [true] but found [false]
	at com.trgr.quality.maf.tests.DocumentDisplayTest.saveAndScheduleResultList(DocumentDisplayTest.java:929)
... Removed 25 stack frames]]>
    </failure>
  </testcase> <!-- saveAndScheduleResultList -->
  <testcase classname="com.trgr.quality.maf.tests.DocumentDisplayTest" name="saveAndScheduleDocDisplay" time="20.34">
    <failure type="java.lang.AssertionError" message="The following asserts failed:
	Exception in Test expected [true] but found [false]">
      <![CDATA[java.lang.AssertionError: The following asserts failed:
	Exception in Test expected [true] but found [false]
	at com.trgr.quality.maf.tests.DocumentDisplayTest.saveAndScheduleDocDisplay(DocumentDisplayTest.java:1020)
... Removed 25 stack frames]]>
    </failure>
  </testcase> <!-- saveAndScheduleDocDisplay -->
  <testcase classname="com.trgr.quality.maf.tests.DocumentDisplayTest" name="highlightOfSearchTextOnDocDisplay" time="147.614">
    <failure type="java.lang.AssertionError" message="The following asserts failed:
	MAFAUTO-182:Search failed : expected [true] but found [false]">
      <![CDATA[java.lang.AssertionError: The following asserts failed:
	MAFAUTO-182:Search failed : expected [true] but found [false]
	at com.trgr.quality.maf.tests.DocumentDisplayTest.highlightOfSearchTextOnDocDisplay(DocumentDisplayTest.java:1146)
... Removed 25 stack frames]]>
    </failure>
  </testcase> <!-- highlightOfSearchTextOnDocDisplay -->
  <testcase classname="com.trgr.quality.maf.tests.DocumentDisplayTest" name="navigationWithIndexOnDocDisplayforAll" time="147.595">
    <failure type="java.lang.AssertionError" message="The following asserts failed:
	MAFQABANG-105:Search failed  expected [true] but found [false]">
      <![CDATA[java.lang.AssertionError: The following asserts failed:
	MAFQABANG-105:Search failed  expected [true] but found [false]
	at com.trgr.quality.maf.tests.DocumentDisplayTest.navigationWithIndexOnDocDisplayforAll(DocumentDisplayTest.java:1238)
... Removed 25 stack frames]]>
    </failure>
  </testcase> <!-- navigationWithIndexOnDocDisplayforAll -->
  <testcase classname="com.trgr.quality.maf.tests.DocumentDisplayTest" name="navigationWithIndexOnDocDisplay" time="146.672">
    <failure type="java.lang.AssertionError" message="The following asserts failed:
	MAFQABANG-105:Search failed : expected [true] but found [false]">
      <![CDATA[java.lang.AssertionError: The following asserts failed:
	MAFQABANG-105:Search failed : expected [true] but found [false]
	at com.trgr.quality.maf.tests.DocumentDisplayTest.navigationWithIndexOnDocDisplay(DocumentDisplayTest.java:1314)
... Removed 25 stack frames]]>
    </failure>
  </testcase> <!-- navigationWithIndexOnDocDisplay -->
  <testcase classname="com.trgr.quality.maf.tests.DocumentDisplayTest" name="popUpRelationOfCorelation" time="22.378">
    <failure type="java.lang.AssertionError" message="The following asserts failed:
	Exception in Test expected [true] but found [false]">
      <![CDATA[java.lang.AssertionError: The following asserts failed:
	Exception in Test expected [true] but found [false]
	at com.trgr.quality.maf.tests.DocumentDisplayTest.popUpRelationOfCorelation(DocumentDisplayTest.java:3752)
... Removed 25 stack frames]]>
    </failure>
  </testcase> <!-- popUpRelationOfCorelation -->
  <testcase classname="com.trgr.quality.maf.tests.DocumentDisplayTest" name="corelationVersionPopupComparison" time="0.3">
    <failure type="java.lang.AssertionError" message="The following asserts failed:
	Exception in Test expected [true] but found [false]">
      <![CDATA[java.lang.AssertionError: The following asserts failed:
	Exception in Test expected [true] but found [false]
	at com.trgr.quality.maf.tests.DocumentDisplayTest.corelationVersionPopupComparison(DocumentDisplayTest.java:3837)
... Removed 25 stack frames]]>
    </failure>
  </testcase> <!-- corelationVersionPopupComparison -->
  <testcase classname="com.trgr.quality.maf.tests.DocumentDisplayTest" name="navigationUsingcontentTreeOnDocumentDisplay" time="0.295">
    <failure type="java.lang.AssertionError" message="The following asserts failed:
	Exception in Test expected [true] but found [false]">
      <![CDATA[java.lang.AssertionError: The following asserts failed:
	Exception in Test expected [true] but found [false]
	at com.trgr.quality.maf.tests.DocumentDisplayTest.navigationUsingcontentTreeOnDocumentDisplay(DocumentDisplayTest.java:1497)
... Removed 25 stack frames]]>
    </failure>
  </testcase> <!-- navigationUsingcontentTreeOnDocumentDisplay -->
  <testcase classname="com.trgr.quality.maf.tests.DocumentDisplayTest" name="withScrollValdiateHeaderTitle" time="0.298">
    <failure type="java.lang.AssertionError" message="The following asserts failed:
	Exception in Test expected [true] but found [false]">
      <![CDATA[java.lang.AssertionError: The following asserts failed:
	Exception in Test expected [true] but found [false]
	at com.trgr.quality.maf.tests.DocumentDisplayTest.withScrollValdiateHeaderTitle(DocumentDisplayTest.java:4018)
... Removed 25 stack frames]]>
    </failure>
  </testcase> <!-- withScrollValdiateHeaderTitle -->
  <testcase classname="com.trgr.quality.maf.tests.DocumentDisplayTest" name="searchResultsWidget" time="0.312">
    <failure type="java.lang.AssertionError" message="The following asserts failed:
	Exception in Test expected [true] but found [false]">
      <![CDATA[java.lang.AssertionError: The following asserts failed:
	Exception in Test expected [true] but found [false]
	at com.trgr.quality.maf.tests.DocumentDisplayTest.searchResultsWidget(DocumentDisplayTest.java:1567)
... Removed 25 stack frames]]>
    </failure>
  </testcase> <!-- searchResultsWidget -->
  <testcase classname="com.trgr.quality.maf.tests.DocumentDisplayTest" name="pageNavigationOnResultList" time="0.371">
    <failure type="java.lang.AssertionError" message="The following asserts failed:
	Exception in Test expected [true] but found [false]">
      <![CDATA[java.lang.AssertionError: The following asserts failed:
	Exception in Test expected [true] but found [false]
	at com.trgr.quality.maf.tests.DocumentDisplayTest.pageNavigationOnResultList(DocumentDisplayTest.java:1840)
... Removed 25 stack frames]]>
    </failure>
  </testcase> <!-- pageNavigationOnResultList -->
  <testcase classname="com.trgr.quality.maf.tests.DocumentDisplayTest" name="headerDisplayOnDocument" time="0.292">
    <failure type="java.lang.AssertionError" message="The following asserts failed:
	Exception in Test expected [true] but found [false]">
      <![CDATA[java.lang.AssertionError: The following asserts failed:
	Exception in Test expected [true] but found [false]
	at com.trgr.quality.maf.tests.DocumentDisplayTest.headerDisplayOnDocument(DocumentDisplayTest.java:1896)
... Removed 25 stack frames]]>
    </failure>
  </testcase> <!-- headerDisplayOnDocument -->
  <testcase classname="com.trgr.quality.maf.tests.DocumentDisplayTest" name="displayOfDocumentDisplayPage" time="0.292">
    <failure type="java.lang.AssertionError" message="The following asserts failed:
	Exception in Test expected [true] but found [false]">
      <![CDATA[java.lang.AssertionError: The following asserts failed:
	Exception in Test expected [true] but found [false]
	at com.trgr.quality.maf.tests.DocumentDisplayTest.displayOfDocumentDisplayPage(DocumentDisplayTest.java:1963)
... Removed 25 stack frames]]>
    </failure>
  </testcase> <!-- displayOfDocumentDisplayPage -->
  <testcase classname="com.trgr.quality.maf.tests.DocumentDisplayTest" name="followDocumentWidget" time="0.301">
    <failure type="java.lang.AssertionError" message="The following asserts failed:
	Exception in Test expected [true] but found [false]">
      <![CDATA[java.lang.AssertionError: The following asserts failed:
	Exception in Test expected [true] but found [false]
	at com.trgr.quality.maf.tests.DocumentDisplayTest.followDocumentWidget(DocumentDisplayTest.java:2081)
... Removed 25 stack frames]]>
    </failure>
  </testcase> <!-- followDocumentWidget -->
  <testcase classname="com.trgr.quality.maf.tests.DocumentDisplayTest" name="toolTipsOnDocumentDisplay" time="0.287">
    <failure type="java.lang.AssertionError" message="The following asserts failed:
	Exception in Test expected [true] but found [false]">
      <![CDATA[java.lang.AssertionError: The following asserts failed:
	Exception in Test expected [true] but found [false]
	at com.trgr.quality.maf.tests.DocumentDisplayTest.toolTipsOnDocumentDisplay(DocumentDisplayTest.java:2249)
... Removed 25 stack frames]]>
    </failure>
  </testcase> <!-- toolTipsOnDocumentDisplay -->
  <testcase classname="com.trgr.quality.maf.tests.DocumentDisplayTest" name="keywordsOnDocumentDisplay" time="0.297">
    <failure type="java.lang.AssertionError" message="The following asserts failed:
	Exception in Test expected [true] but found [false]">
      <![CDATA[java.lang.AssertionError: The following asserts failed:
	Exception in Test expected [true] but found [false]
	at com.trgr.quality.maf.tests.DocumentDisplayTest.keywordsOnDocumentDisplay(DocumentDisplayTest.java:2324)
... Removed 25 stack frames]]>
    </failure>
  </testcase> <!-- keywordsOnDocumentDisplay -->
  <testcase classname="com.trgr.quality.maf.tests.DocumentDisplayTest" name="LegislationReformsAndContentTree" time="0.295">
    <failure type="java.lang.AssertionError" message="The following asserts failed:
	MAFAUTO-126: Exception in Test expected [true] but found [false]">
      <![CDATA[java.lang.AssertionError: The following asserts failed:
	MAFAUTO-126: Exception in Test expected [true] but found [false]
	at com.trgr.quality.maf.tests.DocumentDisplayTest.LegislationReformsAndContentTree(DocumentDisplayTest.java:2843)
... Removed 25 stack frames]]>
    </failure>
  </testcase> <!-- LegislationReformsAndContentTree -->
  <testcase classname="com.trgr.quality.maf.tests.DocumentDisplayTest" name="facteingOnResultList" time="0.295">
    <failure type="java.lang.AssertionError" message="The following asserts failed:
	Exception in Test expected [true] but found [false]">
      <![CDATA[java.lang.AssertionError: The following asserts failed:
	Exception in Test expected [true] but found [false]
	at com.trgr.quality.maf.tests.DocumentDisplayTest.facteingOnResultList(DocumentDisplayTest.java:2386)
... Removed 25 stack frames]]>
    </failure>
  </testcase> <!-- facteingOnResultList -->
  <testcase classname="com.trgr.quality.maf.tests.DocumentDisplayTest" name="displayDocumentForDoctrine" time="0.307">
    <failure type="java.lang.AssertionError" message="The following asserts failed:
	Exception in Test expected [true] but found [false]">
      <![CDATA[java.lang.AssertionError: The following asserts failed:
	Exception in Test expected [true] but found [false]
	at com.trgr.quality.maf.tests.DocumentDisplayTest.displayDocumentForDoctrine(DocumentDisplayTest.java:2444)
... Removed 25 stack frames]]>
    </failure>
  </testcase> <!-- displayDocumentForDoctrine -->
  <testcase classname="com.trgr.quality.maf.tests.DocumentDisplayTest" name="deliveryUsingPrintAndExportOnDocDisplay" time="0.282">
    <failure type="java.lang.AssertionError" message="The following asserts failed:
	Exception in Test expected [true] but found [false]">
      <![CDATA[java.lang.AssertionError: The following asserts failed:
	Exception in Test expected [true] but found [false]
	at com.trgr.quality.maf.tests.DocumentDisplayTest.deliveryUsingPrintAndExportOnDocDisplay(DocumentDisplayTest.java:2522)
... Removed 25 stack frames]]>
    </failure>
  </testcase> <!-- deliveryUsingPrintAndExportOnDocDisplay -->
  <testcase classname="com.trgr.quality.maf.tests.DocumentDisplayTest" name="deliveryOfJurisprudenceDocument" time="0.301">
    <failure type="java.lang.AssertionError" message="The following asserts failed:
	Exception in Test expected [true] but found [false]">
      <![CDATA[java.lang.AssertionError: The following asserts failed:
	Exception in Test expected [true] but found [false]
	at com.trgr.quality.maf.tests.DocumentDisplayTest.deliveryOfJurisprudenceDocument(DocumentDisplayTest.java:2642)
... Removed 25 stack frames]]>
    </failure>
  </testcase> <!-- deliveryOfJurisprudenceDocument -->
  <testcase classname="com.trgr.quality.maf.tests.DocumentDisplayTest" name="displayOfDocumentFromGlobalSearch" time="0.294">
    <failure type="java.lang.AssertionError" message="The following asserts failed:
	Exception in Test expected [true] but found [false]">
      <![CDATA[java.lang.AssertionError: The following asserts failed:
	Exception in Test expected [true] but found [false]
	at com.trgr.quality.maf.tests.DocumentDisplayTest.displayOfDocumentFromGlobalSearch(DocumentDisplayTest.java:2725)
... Removed 25 stack frames]]>
    </failure>
  </testcase> <!-- displayOfDocumentFromGlobalSearch -->
  <testcase classname="com.trgr.quality.maf.tests.DocumentDisplayTest" name="footNotesInDocDisplay" time="0.292">
    <failure type="java.lang.AssertionError" message="The following asserts failed:
	Exception in Test expected [true] but found [false]">
      <![CDATA[java.lang.AssertionError: The following asserts failed:
	Exception in Test expected [true] but found [false]
	at com.trgr.quality.maf.tests.DocumentDisplayTest.footNotesInDocDisplay(DocumentDisplayTest.java:3924)
... Removed 25 stack frames]]>
    </failure>
  </testcase> <!-- footNotesInDocDisplay -->
  <testcase classname="com.trgr.quality.maf.tests.DocumentDisplayTest" name="toolTipOnDocumentDisplay" time="0.303">
    <failure type="java.lang.AssertionError" message="The following asserts failed:
	Exception in Test expected [true] but found [false]">
      <![CDATA[java.lang.AssertionError: The following asserts failed:
	Exception in Test expected [true] but found [false]
	at com.trgr.quality.maf.tests.DocumentDisplayTest.toolTipOnDocumentDisplay(DocumentDisplayTest.java:3023)
... Removed 25 stack frames]]>
    </failure>
  </testcase> <!-- toolTipOnDocumentDisplay -->
  <testcase classname="com.trgr.quality.maf.tests.DocumentDisplayTest" name="toolTipOnDocumentDisplayforWithoutEffect" time="0.293">
    <failure type="java.lang.AssertionError" message="The following asserts failed:
	Exception in Test expected [true] but found [false]">
      <![CDATA[java.lang.AssertionError: The following asserts failed:
	Exception in Test expected [true] but found [false]
	at com.trgr.quality.maf.tests.DocumentDisplayTest.toolTipOnDocumentDisplayforWithoutEffect(DocumentDisplayTest.java:3665)
... Removed 25 stack frames]]>
    </failure>
  </testcase> <!-- toolTipOnDocumentDisplayforWithoutEffect -->
  <testcase classname="com.trgr.quality.maf.tests.DocumentDisplayTest" name="displayOfTabOnFormsSearch" time="0.323">
    <failure type="java.lang.AssertionError" message="Exception in Test expected [true] but found [false]">
      <![CDATA[java.lang.AssertionError: Exception in Test expected [true] but found [false]
	at com.trgr.quality.maf.tests.DocumentDisplayTest.displayOfTabOnFormsSearch(DocumentDisplayTest.java:3093)
... Removed 27 stack frames]]>
    </failure>
  </testcase> <!-- displayOfTabOnFormsSearch -->
  <testcase classname="com.trgr.quality.maf.tests.DocumentDisplayTest" name="reformsAnalysisForLegislation" time="0.305">
    <failure type="java.lang.AssertionError" message="The following asserts failed:
	Exception in Test expected [true] but found [false]">
      <![CDATA[java.lang.AssertionError: The following asserts failed:
	Exception in Test expected [true] but found [false]
	at com.trgr.quality.maf.tests.DocumentDisplayTest.reformsAnalysisForLegislation(DocumentDisplayTest.java:3181)
... Removed 25 stack frames]]>
    </failure>
  </testcase> <!-- reformsAnalysisForLegislation -->
  <testcase classname="com.trgr.quality.maf.tests.DocumentDisplayTest" name="relatedDocsForLegislation" time="0.306">
    <failure type="java.lang.AssertionError" message="The following asserts failed:
	Exception in Test expected [true] but found [false]">
      <![CDATA[java.lang.AssertionError: The following asserts failed:
	Exception in Test expected [true] but found [false]
	at com.trgr.quality.maf.tests.DocumentDisplayTest.relatedDocsForLegislation(DocumentDisplayTest.java:3319)
... Removed 25 stack frames]]>
    </failure>
  </testcase> <!-- relatedDocsForLegislation -->
</testsuite> <!-- DocumentDisplayTest -->
