<?xml version="1.0" encoding="UTF-8"?>
<!-- Generated by org.testng.reporters.JUnitXMLReporter -->
<testsuite hostname="TR-JDGMXY2" failures="6" tests="47" name="HomeTest" time="2300.253" errors="0" timestamp="30 Oct 2020 11:46:19 GMT">
  <testcase classname="com.trgr.quality.maf.tests.HomeTest" name="ApplicationVerificationpostlogin" time="14.717"/>
  <testcase classname="com.trgr.quality.maf.tests.HomeTest" name="RemovedThematicAreaOptions" time="15.015"/>
  <testcase classname="com.trgr.quality.maf.tests.HomeTest" name="searchLinksFromAdavnceSearchWidget" time="296.16"/>
  <testcase classname="com.trgr.quality.maf.tests.HomeTest" name="verifyThesaurussuggestions" time="34.196"/>
  <testcase classname="com.trgr.quality.maf.tests.HomeTest" name="widgetsinhomepage" time="16.557"/>
  <testcase classname="com.trgr.quality.maf.tests.HomeTest" name="SearchByKeyword" time="42.623"/>
  <testcase classname="com.trgr.quality.maf.tests.HomeTest" name="SearchByNonThesaurusSuggestion" time="46.132"/>
  <testcase classname="com.trgr.quality.maf.tests.HomeTest" name="VerifyTheNumberOfResultsInHome" time="46.283">
    <failure type="java.lang.AssertionError" message="The following asserts failed:
	Verify the number of results displayed for the Ver coincidencias link:MAFQABANG-729 expected [true] but found [false]">
      <![CDATA[java.lang.AssertionError: The following asserts failed:
	Verify the number of results displayed for the Ver coincidencias link:MAFQABANG-729 expected [true] but found [false]
	at com.trgr.quality.maf.tests.HomeTest.VerifyTheNumberOfResultsInHome(HomeTest.java:4633)
... Removed 25 stack frames]]>
    </failure>
  </testcase> <!-- VerifyTheNumberOfResultsInHome -->
  <testcase classname="com.trgr.quality.maf.tests.HomeTest" name="isVerCoincidenciasLinkDisplayedInHome" time="41.42"/>
  <testcase classname="com.trgr.quality.maf.tests.HomeTest" name="searchByThesaurusSsuggestion" time="48.819"/>
  <testcase classname="com.trgr.quality.maf.tests.HomeTest" name="thematicSearchAndCleanInHomepage" time="32.363"/>
  <testcase classname="com.trgr.quality.maf.tests.HomeTest" name="verifyCountOfDocumentTypeInHome" time="38.721"/>
  <testcase classname="com.trgr.quality.maf.tests.HomeTest" name="verifyCountOfSeeAllLinkInHome" time="35.16"/>
  <testcase classname="com.trgr.quality.maf.tests.HomeTest" name="verifyDocumentSnippetIsDisplayedInHome" time="23.121"/>
  <testcase classname="com.trgr.quality.maf.tests.HomeTest" name="verifyErrorMsgForEmptySearchInHome" time="20.935"/>
  <testcase classname="com.trgr.quality.maf.tests.HomeTest" name="verifyErrorMsgInHome" time="16.929"/>
  <testcase classname="com.trgr.quality.maf.tests.HomeTest" name="verifyResultCountForEachDocTypeInHome" time="23.943"/>
  <testcase classname="com.trgr.quality.maf.tests.HomeTest" name="verifyUnitandRubricLink" time="70.723"/>
  <testcase classname="com.trgr.quality.maf.tests.HomeTest" name="verifyUnitrubricLinkInHome" time="52.447"/>
  <testcase classname="com.trgr.quality.maf.tests.HomeTest" name="ValidationOfFilterResultsWidgetInHome" time="45.988"/>
  <testcase classname="com.trgr.quality.maf.tests.HomeTest" name="ValidationOfGlobalSearchInHome" time="14.339"/>
  <testcase classname="com.trgr.quality.maf.tests.HomeTest" name="ValidationofSeeAllLinkInHome" time="61.888"/>
  <testcase classname="com.trgr.quality.maf.tests.HomeTest" name="ValidationofThematicAreaDropdownInHome" time="27.396"/>
  <testcase classname="com.trgr.quality.maf.tests.HomeTest" name="smartSearchAndToolTip" time="35.415"/>
  <testcase classname="com.trgr.quality.maf.tests.HomeTest" name="ScheduledSearchWidget" time="35.654"/>
  <testcase classname="com.trgr.quality.maf.tests.HomeTest" name="LatestDocPublished" time="35.485"/>
  <testcase classname="com.trgr.quality.maf.tests.HomeTest" name="SearchByAbbrevation" time="158.455">
    <failure type="java.lang.AssertionError" message="The following asserts failed:
	MAFAUTO-99:Home Page - Widget - One Click - Search by Abbrevation expected [true] but found [false]">
      <![CDATA[java.lang.AssertionError: The following asserts failed:
	MAFAUTO-99:Home Page - Widget - One Click - Search by Abbrevation expected [true] but found [false]
	at com.trgr.quality.maf.tests.HomeTest.SearchByAbbrevation(HomeTest.java:868)
... Removed 25 stack frames]]>
    </failure>
  </testcase> <!-- SearchByAbbrevation -->
  <testcase classname="com.trgr.quality.maf.tests.HomeTest" name="FrequentAskedQuestionsWidget" time="387.941">
    <failure type="java.lang.AssertionError" message="The following asserts failed:
	MAFAUTO-140:Home Page - Widget - Usual Laws (Frequently Asked Questions) expected [true] but found [false],
	MAFAUTO-140:Home Page - Widget - Usual Laws (Frequently Asked Questions) expected [true] but found [false],
	MAFAUTO-140:Home Page - Widget - Usual Laws (Frequently Asked Questions) expected [true] but found [false],
	MAFAUTO-140:Home Page - Widget - Usual Laws (Frequently Asked Questions) expected [true] but found [false],
	MAFAUTO-140:Home Page - Widget - Usual Laws (Frequently Asked Questions) expected [true] but found [false],
	MAFAUTO-140:Home Page - Widget - Usual Laws (Frequently Asked Questions) expected [true] but found [false],
	MAFAUTO-140:Home Page - Widget - Usual Laws (Frequently Asked Questions) expected [true] but found [false],
	MAFAUTO-140:Home Page - Widget - Usual Laws (Frequently Asked Questions) expected [true] but found [false]">
      <![CDATA[java.lang.AssertionError: The following asserts failed:
	MAFAUTO-140:Home Page - Widget - Usual Laws (Frequently Asked Questions) expected [true] but found [false],
	MAFAUTO-140:Home Page - Widget - Usual Laws (Frequently Asked Questions) expected [true] but found [false],
	MAFAUTO-140:Home Page - Widget - Usual Laws (Frequently Asked Questions) expected [true] but found [false],
	MAFAUTO-140:Home Page - Widget - Usual Laws (Frequently Asked Questions) expected [true] but found [false],
	MAFAUTO-140:Home Page - Widget - Usual Laws (Frequently Asked Questions) expected [true] but found [false],
	MAFAUTO-140:Home Page - Widget - Usual Laws (Frequently Asked Questions) expected [true] but found [false],
	MAFAUTO-140:Home Page - Widget - Usual Laws (Frequently Asked Questions) expected [true] but found [false],
	MAFAUTO-140:Home Page - Widget - Usual Laws (Frequently Asked Questions) expected [true] but found [false]
	at com.trgr.quality.maf.tests.HomeTest.FrequentAskedQuestionsWidget(HomeTest.java:1113)
... Removed 25 stack frames]]>
    </failure>
  </testcase> <!-- FrequentAskedQuestionsWidget -->
  <testcase classname="com.trgr.quality.maf.tests.HomeTest" name="FrequentAskedQuestionsWidgetforAdministrativo" time="24.617">
    <failure type="java.lang.AssertionError" message="The following asserts failed:
	MAFAUTO-192:Home Page Validate Frequently Asked Questions widget for Thematic Area Administrativo expected [true] but found [false]">
      <![CDATA[java.lang.AssertionError: The following asserts failed:
	MAFAUTO-192:Home Page Validate Frequently Asked Questions widget for Thematic Area Administrativo expected [true] but found [false]
	at com.trgr.quality.maf.tests.HomeTest.FrequentAskedQuestionsWidgetforAdministrativo(HomeTest.java:2942)
... Removed 25 stack frames]]>
    </failure>
  </testcase> <!-- FrequentAskedQuestionsWidgetforAdministrativo -->
  <testcase classname="com.trgr.quality.maf.tests.HomeTest" name="FrequentAskedQuestionsWidgetforAmparo" time="23.607"/>
  <testcase classname="com.trgr.quality.maf.tests.HomeTest" name="FrequentAskedQuestionsWidgetforCivil" time="23.15"/>
  <testcase classname="com.trgr.quality.maf.tests.HomeTest" name="FrequentAskedQuestionsWidgetforConstitucional" time="23.32"/>
  <testcase classname="com.trgr.quality.maf.tests.HomeTest" name="FrequentAskedQuestionsWidgetforCorporativo" time="63.832">
    <failure type="java.lang.AssertionError" message="The following asserts failed:
	MAFAUTO-196:Home Page Validate Frequently Asked Questions widget for Thematic Area Corporativo expected [true] but found [false]">
      <![CDATA[java.lang.AssertionError: The following asserts failed:
	MAFAUTO-196:Home Page Validate Frequently Asked Questions widget for Thematic Area Corporativo expected [true] but found [false]
	at com.trgr.quality.maf.tests.HomeTest.FrequentAskedQuestionsWidgetforCorporativo(HomeTest.java:3171)
... Removed 25 stack frames]]>
    </failure>
  </testcase> <!-- FrequentAskedQuestionsWidgetforCorporativo -->
  <testcase classname="com.trgr.quality.maf.tests.HomeTest" name="FrequentAskedQuestionsWidgetforFinanciero" time="22.803"/>
  <testcase classname="com.trgr.quality.maf.tests.HomeTest" name="FrequentAskedQuestionsWidgetforMercantil" time="23.213"/>
  <testcase classname="com.trgr.quality.maf.tests.HomeTest" name="FrequentAskedQuestionsWidgetforPenal" time="23.692"/>
  <testcase classname="com.trgr.quality.maf.tests.HomeTest" name="footerTermsAndConditions" time="21.221"/>
  <testcase classname="com.trgr.quality.maf.tests.HomeTest" name="ValidationOfIconsInDocumentDisplayPage" time="63.483"/>
  <testcase classname="com.trgr.quality.maf.tests.HomeTest" name="ValidationOfIndicatorWidget" time="16.279">
    <failure type="java.lang.AssertionError" message="The following asserts failed:
	Exception in Test expected [true] but found [false]">
      <![CDATA[java.lang.AssertionError: The following asserts failed:
	Exception in Test expected [true] but found [false]
	at com.trgr.quality.maf.tests.HomeTest.ValidationOfIndicatorWidget(HomeTest.java:3687)
... Removed 25 stack frames]]>
    </failure>
  </testcase> <!-- ValidationOfIndicatorWidget -->
  <testcase classname="com.trgr.quality.maf.tests.HomeTest" name="verifyPlaceHolderValueForAskChpInHome" time="14.054"/>
  <testcase classname="com.trgr.quality.maf.tests.HomeTest" name="validatingResultsForSearchInHome" time="21.867"/>
  <testcase classname="com.trgr.quality.maf.tests.HomeTest" name="verifyTextInHelpIconInHome" time="14.72"/>
  <testcase classname="com.trgr.quality.maf.tests.HomeTest" name="validatingListaDeDocumentosInHomePage" time="46.772"/>
  <testcase classname="com.trgr.quality.maf.tests.HomeTest" name="validatingListaDeDocumentosLeftPanelInHomePage" time="45.543"/>
  <testcase classname="com.trgr.quality.maf.tests.HomeTest" name="verifyCleanButtonInHome" time="21.692"/>
  <testcase classname="com.trgr.quality.maf.tests.HomeTest" name="validatingActionsInResultPageFromHome" time="30.217"/>
  <testcase classname="com.trgr.quality.maf.tests.HomeTest" name="ClickHelpButontoOpenHelpPage" time="28.328"/>
</testsuite> <!-- HomeTest -->
