<html>
<head>
<title>TestNG:  HomeTest</title>
<link href="../testng.css" rel="stylesheet" type="text/css" />
<link href="../my-testng.css" rel="stylesheet" type="text/css" />

<style type="text/css">
.log { display: none;} 
.stack-trace { display: none;} 
</style>
<script type="text/javascript">
<!--
function flip(e) {
  current = e.style.display;
  if (current == 'block') {
    e.style.display = 'none';
    return 0;
  }
  else {
    e.style.display = 'block';
    return 1;
  }
}

function toggleBox(szDivId, elem, msg1, msg2)
{
  var res = -1;  if (document.getElementById) {
    res = flip(document.getElementById(szDivId));
  }
  else if (document.all) {
    // this is the way old msie versions work
    res = flip(document.all[szDivId]);
  }
  if(elem) {
    if(res == 0) elem.innerHTML = msg1; else elem.innerHTML = msg2;
  }

}

function toggleAllBoxes() {
  if (document.getElementsByTagName) {
    d = document.getElementsByTagName('div');
    for (i = 0; i < d.length; i++) {
      if (d[i].className == 'log') {
        flip(d[i]);
      }
    }
  }
}

// -->
</script>

</head>
<body>
<h2 align='center'>HomeTest</h2><table border='1' align="center">
<tr>
<td>Tests passed/Failed/Skipped:</td><td>41/6/0</td>
</tr><tr>
<td>Started on:</td><td>Fri Oct 30 08:07:58 ART 2020</td>
</tr>
<tr><td>Total time:</td><td>2300 seconds (2300253 ms)</td>
</tr><tr>
<td>Included groups:</td><td>chpmex </td>
</tr><tr>
<td>Excluded groups:</td><td></td>
</tr>
</table><p/>
<small><i>(Hover the method name to see the test class name)</i></small><p/>
<table width='100%' border='1' class='invocation-failed'>
<tr><td colspan='4' align='center'><b>FAILED TESTS</b></td></tr>
<tr><td><b>Test method</b></td>
<td width="30%"><b>Exception</b></td>
<td width="10%"><b>Time (seconds)</b></td>
<td><b>Instance</b></td>
</tr>
<tr>
<td title='com.trgr.quality.maf.tests.HomeTest.FrequentAskedQuestionsWidget()'><b>FrequentAskedQuestionsWidget</b><br>Test class: com.trgr.quality.maf.tests.HomeTest<br>Test method: MAFAUTO-140</td>
<td><div><pre>java.lang.AssertionError: The following asserts failed:
	MAFAUTO-140:Home Page - Widget - Usual Laws (Frequently Asked Questions) expected [true] but found [false],
	MAFAUTO-140:Home Page - Widget - Usual Laws (Frequently Asked Questions) expected [true] but found [false],
	MAFAUTO-140:Home Page - Widget - Usual Laws (Frequently Asked Questions) expected [true] but found [false],
	MAFAUTO-140:Home Page - Widget - Usual Laws (Frequently Asked Questions) expected [true] but found [false],
	MAFAUTO-140:Home Page - Widget - Usual Laws (Frequently Asked Questions) expected [true] but found [false],
	MAFAUTO-140:Home Page - Widget - Usual Laws (Frequently Asked Questions) expected [true] but found [false],
	MAFAUTO-140:Home Page - Widget - Usual Laws (Frequently Asked Questions) expected [true] but found [false],
	MAFAUTO-140:Home Page - Widget - Usual Laws (Frequently Asked Questions) expected [true] but found [false]
	at com.trgr.quality.maf.tests.HomeTest.FrequentAskedQuestionsWidget(HomeTest.java:1113)
... Removed 25 stack frames</pre></div><a href='#' onClick='toggleBox("stack-trace1929969663", this, "Click to show all stack frames", "Click to hide stack frames")'>Click to show all stack frames</a>
<div class='stack-trace' id='stack-trace1929969663'><pre>java.lang.AssertionError: The following asserts failed:
	MAFAUTO-140:Home Page - Widget - Usual Laws (Frequently Asked Questions) expected [true] but found [false],
	MAFAUTO-140:Home Page - Widget - Usual Laws (Frequently Asked Questions) expected [true] but found [false],
	MAFAUTO-140:Home Page - Widget - Usual Laws (Frequently Asked Questions) expected [true] but found [false],
	MAFAUTO-140:Home Page - Widget - Usual Laws (Frequently Asked Questions) expected [true] but found [false],
	MAFAUTO-140:Home Page - Widget - Usual Laws (Frequently Asked Questions) expected [true] but found [false],
	MAFAUTO-140:Home Page - Widget - Usual Laws (Frequently Asked Questions) expected [true] but found [false],
	MAFAUTO-140:Home Page - Widget - Usual Laws (Frequently Asked Questions) expected [true] but found [false],
	MAFAUTO-140:Home Page - Widget - Usual Laws (Frequently Asked Questions) expected [true] but found [false]
	at org.testng.asserts.SoftAssert.assertAll(SoftAssert.java:43)
	at com.trgr.quality.maf.tests.HomeTest.FrequentAskedQuestionsWidget(HomeTest.java:1113)
	at java.base/jdk.internal.reflect.NativeMethodAccessorImpl.invoke0(Native Method)
	at java.base/jdk.internal.reflect.NativeMethodAccessorImpl.invoke(NativeMethodAccessorImpl.java:62)
	at java.base/jdk.internal.reflect.DelegatingMethodAccessorImpl.invoke(DelegatingMethodAccessorImpl.java:43)
	at java.base/java.lang.reflect.Method.invoke(Method.java:564)
	at org.testng.internal.MethodInvocationHelper.invokeMethod(MethodInvocationHelper.java:86)
	at org.testng.internal.Invoker.invokeMethod(Invoker.java:643)
	at org.testng.internal.Invoker.invokeTestMethod(Invoker.java:820)
	at org.testng.internal.Invoker.invokeTestMethods(Invoker.java:1128)
	at org.testng.internal.TestMethodWorker.invokeTestMethods(TestMethodWorker.java:129)
	at org.testng.internal.TestMethodWorker.run(TestMethodWorker.java:112)
	at org.testng.TestRunner.privateRun(TestRunner.java:782)
	at org.testng.TestRunner.run(TestRunner.java:632)
	at org.testng.SuiteRunner.runTest(SuiteRunner.java:366)
	at org.testng.SuiteRunner.runSequentially(SuiteRunner.java:361)
	at org.testng.SuiteRunner.privateRun(SuiteRunner.java:319)
	at org.testng.SuiteRunner.run(SuiteRunner.java:268)
	at org.testng.SuiteRunnerWorker.runSuite(SuiteRunnerWorker.java:52)
	at org.testng.SuiteRunnerWorker.run(SuiteRunnerWorker.java:86)
	at org.testng.TestNG.runSuitesSequentially(TestNG.java:1244)
	at org.testng.TestNG.runSuitesLocally(TestNG.java:1169)
	at org.testng.TestNG.run(TestNG.java:1064)
	at org.testng.remote.AbstractRemoteTestNG.run(AbstractRemoteTestNG.java:115)
	at org.testng.remote.RemoteTestNG.initAndRun(RemoteTestNG.java:251)
	at org.testng.remote.RemoteTestNG.main(RemoteTestNG.java:77)
</pre></div></td>
<td>387</td>
<td>com.trgr.quality.maf.tests.HomeTest@47caedad</td></tr>
<tr>
<td title='com.trgr.quality.maf.tests.HomeTest.FrequentAskedQuestionsWidgetforAdministrativo()'><b>FrequentAskedQuestionsWidgetforAdministrativo</b><br>Test class: com.trgr.quality.maf.tests.HomeTest<br>Test method: MAFAUTO-192</td>
<td><div><pre>java.lang.AssertionError: The following asserts failed:
	MAFAUTO-192:Home Page Validate Frequently Asked Questions widget for Thematic Area Administrativo expected [true] but found [false]
	at com.trgr.quality.maf.tests.HomeTest.FrequentAskedQuestionsWidgetforAdministrativo(HomeTest.java:2942)
... Removed 25 stack frames</pre></div><a href='#' onClick='toggleBox("stack-trace1668376627", this, "Click to show all stack frames", "Click to hide stack frames")'>Click to show all stack frames</a>
<div class='stack-trace' id='stack-trace1668376627'><pre>java.lang.AssertionError: The following asserts failed:
	MAFAUTO-192:Home Page Validate Frequently Asked Questions widget for Thematic Area Administrativo expected [true] but found [false]
	at org.testng.asserts.SoftAssert.assertAll(SoftAssert.java:43)
	at com.trgr.quality.maf.tests.HomeTest.FrequentAskedQuestionsWidgetforAdministrativo(HomeTest.java:2942)
	at java.base/jdk.internal.reflect.NativeMethodAccessorImpl.invoke0(Native Method)
	at java.base/jdk.internal.reflect.NativeMethodAccessorImpl.invoke(NativeMethodAccessorImpl.java:62)
	at java.base/jdk.internal.reflect.DelegatingMethodAccessorImpl.invoke(DelegatingMethodAccessorImpl.java:43)
	at java.base/java.lang.reflect.Method.invoke(Method.java:564)
	at org.testng.internal.MethodInvocationHelper.invokeMethod(MethodInvocationHelper.java:86)
	at org.testng.internal.Invoker.invokeMethod(Invoker.java:643)
	at org.testng.internal.Invoker.invokeTestMethod(Invoker.java:820)
	at org.testng.internal.Invoker.invokeTestMethods(Invoker.java:1128)
	at org.testng.internal.TestMethodWorker.invokeTestMethods(TestMethodWorker.java:129)
	at org.testng.internal.TestMethodWorker.run(TestMethodWorker.java:112)
	at org.testng.TestRunner.privateRun(TestRunner.java:782)
	at org.testng.TestRunner.run(TestRunner.java:632)
	at org.testng.SuiteRunner.runTest(SuiteRunner.java:366)
	at org.testng.SuiteRunner.runSequentially(SuiteRunner.java:361)
	at org.testng.SuiteRunner.privateRun(SuiteRunner.java:319)
	at org.testng.SuiteRunner.run(SuiteRunner.java:268)
	at org.testng.SuiteRunnerWorker.runSuite(SuiteRunnerWorker.java:52)
	at org.testng.SuiteRunnerWorker.run(SuiteRunnerWorker.java:86)
	at org.testng.TestNG.runSuitesSequentially(TestNG.java:1244)
	at org.testng.TestNG.runSuitesLocally(TestNG.java:1169)
	at org.testng.TestNG.run(TestNG.java:1064)
	at org.testng.remote.AbstractRemoteTestNG.run(AbstractRemoteTestNG.java:115)
	at org.testng.remote.RemoteTestNG.initAndRun(RemoteTestNG.java:251)
	at org.testng.remote.RemoteTestNG.main(RemoteTestNG.java:77)
</pre></div></td>
<td>24</td>
<td>com.trgr.quality.maf.tests.HomeTest@47caedad</td></tr>
<tr>
<td title='com.trgr.quality.maf.tests.HomeTest.FrequentAskedQuestionsWidgetforCorporativo()'><b>FrequentAskedQuestionsWidgetforCorporativo</b><br>Test class: com.trgr.quality.maf.tests.HomeTest<br>Test method: MAFAUTO-196</td>
<td><div><pre>java.lang.AssertionError: The following asserts failed:
	MAFAUTO-196:Home Page Validate Frequently Asked Questions widget for Thematic Area Corporativo expected [true] but found [false]
	at com.trgr.quality.maf.tests.HomeTest.FrequentAskedQuestionsWidgetforCorporativo(HomeTest.java:3171)
... Removed 25 stack frames</pre></div><a href='#' onClick='toggleBox("stack-trace1249547869", this, "Click to show all stack frames", "Click to hide stack frames")'>Click to show all stack frames</a>
<div class='stack-trace' id='stack-trace1249547869'><pre>java.lang.AssertionError: The following asserts failed:
	MAFAUTO-196:Home Page Validate Frequently Asked Questions widget for Thematic Area Corporativo expected [true] but found [false]
	at org.testng.asserts.SoftAssert.assertAll(SoftAssert.java:43)
	at com.trgr.quality.maf.tests.HomeTest.FrequentAskedQuestionsWidgetforCorporativo(HomeTest.java:3171)
	at java.base/jdk.internal.reflect.NativeMethodAccessorImpl.invoke0(Native Method)
	at java.base/jdk.internal.reflect.NativeMethodAccessorImpl.invoke(NativeMethodAccessorImpl.java:62)
	at java.base/jdk.internal.reflect.DelegatingMethodAccessorImpl.invoke(DelegatingMethodAccessorImpl.java:43)
	at java.base/java.lang.reflect.Method.invoke(Method.java:564)
	at org.testng.internal.MethodInvocationHelper.invokeMethod(MethodInvocationHelper.java:86)
	at org.testng.internal.Invoker.invokeMethod(Invoker.java:643)
	at org.testng.internal.Invoker.invokeTestMethod(Invoker.java:820)
	at org.testng.internal.Invoker.invokeTestMethods(Invoker.java:1128)
	at org.testng.internal.TestMethodWorker.invokeTestMethods(TestMethodWorker.java:129)
	at org.testng.internal.TestMethodWorker.run(TestMethodWorker.java:112)
	at org.testng.TestRunner.privateRun(TestRunner.java:782)
	at org.testng.TestRunner.run(TestRunner.java:632)
	at org.testng.SuiteRunner.runTest(SuiteRunner.java:366)
	at org.testng.SuiteRunner.runSequentially(SuiteRunner.java:361)
	at org.testng.SuiteRunner.privateRun(SuiteRunner.java:319)
	at org.testng.SuiteRunner.run(SuiteRunner.java:268)
	at org.testng.SuiteRunnerWorker.runSuite(SuiteRunnerWorker.java:52)
	at org.testng.SuiteRunnerWorker.run(SuiteRunnerWorker.java:86)
	at org.testng.TestNG.runSuitesSequentially(TestNG.java:1244)
	at org.testng.TestNG.runSuitesLocally(TestNG.java:1169)
	at org.testng.TestNG.run(TestNG.java:1064)
	at org.testng.remote.AbstractRemoteTestNG.run(AbstractRemoteTestNG.java:115)
	at org.testng.remote.RemoteTestNG.initAndRun(RemoteTestNG.java:251)
	at org.testng.remote.RemoteTestNG.main(RemoteTestNG.java:77)
</pre></div></td>
<td>63</td>
<td>com.trgr.quality.maf.tests.HomeTest@47caedad</td></tr>
<tr>
<td title='com.trgr.quality.maf.tests.HomeTest.SearchByAbbrevation()'><b>SearchByAbbrevation</b><br>Test class: com.trgr.quality.maf.tests.HomeTest<br>Test method: MAFAUTO-99</td>
<td><div><pre>java.lang.AssertionError: The following asserts failed:
	MAFAUTO-99:Home Page - Widget - One Click - Search by Abbrevation expected [true] but found [false]
	at com.trgr.quality.maf.tests.HomeTest.SearchByAbbrevation(HomeTest.java:868)
... Removed 25 stack frames</pre></div><a href='#' onClick='toggleBox("stack-trace236858974", this, "Click to show all stack frames", "Click to hide stack frames")'>Click to show all stack frames</a>
<div class='stack-trace' id='stack-trace236858974'><pre>java.lang.AssertionError: The following asserts failed:
	MAFAUTO-99:Home Page - Widget - One Click - Search by Abbrevation expected [true] but found [false]
	at org.testng.asserts.SoftAssert.assertAll(SoftAssert.java:43)
	at com.trgr.quality.maf.tests.HomeTest.SearchByAbbrevation(HomeTest.java:868)
	at java.base/jdk.internal.reflect.NativeMethodAccessorImpl.invoke0(Native Method)
	at java.base/jdk.internal.reflect.NativeMethodAccessorImpl.invoke(NativeMethodAccessorImpl.java:62)
	at java.base/jdk.internal.reflect.DelegatingMethodAccessorImpl.invoke(DelegatingMethodAccessorImpl.java:43)
	at java.base/java.lang.reflect.Method.invoke(Method.java:564)
	at org.testng.internal.MethodInvocationHelper.invokeMethod(MethodInvocationHelper.java:86)
	at org.testng.internal.Invoker.invokeMethod(Invoker.java:643)
	at org.testng.internal.Invoker.invokeTestMethod(Invoker.java:820)
	at org.testng.internal.Invoker.invokeTestMethods(Invoker.java:1128)
	at org.testng.internal.TestMethodWorker.invokeTestMethods(TestMethodWorker.java:129)
	at org.testng.internal.TestMethodWorker.run(TestMethodWorker.java:112)
	at org.testng.TestRunner.privateRun(TestRunner.java:782)
	at org.testng.TestRunner.run(TestRunner.java:632)
	at org.testng.SuiteRunner.runTest(SuiteRunner.java:366)
	at org.testng.SuiteRunner.runSequentially(SuiteRunner.java:361)
	at org.testng.SuiteRunner.privateRun(SuiteRunner.java:319)
	at org.testng.SuiteRunner.run(SuiteRunner.java:268)
	at org.testng.SuiteRunnerWorker.runSuite(SuiteRunnerWorker.java:52)
	at org.testng.SuiteRunnerWorker.run(SuiteRunnerWorker.java:86)
	at org.testng.TestNG.runSuitesSequentially(TestNG.java:1244)
	at org.testng.TestNG.runSuitesLocally(TestNG.java:1169)
	at org.testng.TestNG.run(TestNG.java:1064)
	at org.testng.remote.AbstractRemoteTestNG.run(AbstractRemoteTestNG.java:115)
	at org.testng.remote.RemoteTestNG.initAndRun(RemoteTestNG.java:251)
	at org.testng.remote.RemoteTestNG.main(RemoteTestNG.java:77)
</pre></div></td>
<td>158</td>
<td>com.trgr.quality.maf.tests.HomeTest@47caedad</td></tr>
<tr>
<td title='com.trgr.quality.maf.tests.HomeTest.ValidationOfIndicatorWidget()'><b>ValidationOfIndicatorWidget</b><br>Test class: com.trgr.quality.maf.tests.HomeTest<br>Test method: MAFQABANG-649</td>
<td><div><pre>java.lang.AssertionError: The following asserts failed:
	Exception in Test expected [true] but found [false]
	at com.trgr.quality.maf.tests.HomeTest.ValidationOfIndicatorWidget(HomeTest.java:3687)
... Removed 25 stack frames</pre></div><a href='#' onClick='toggleBox("stack-trace481792876", this, "Click to show all stack frames", "Click to hide stack frames")'>Click to show all stack frames</a>
<div class='stack-trace' id='stack-trace481792876'><pre>java.lang.AssertionError: The following asserts failed:
	Exception in Test expected [true] but found [false]
	at org.testng.asserts.SoftAssert.assertAll(SoftAssert.java:43)
	at com.trgr.quality.maf.tests.HomeTest.ValidationOfIndicatorWidget(HomeTest.java:3687)
	at java.base/jdk.internal.reflect.NativeMethodAccessorImpl.invoke0(Native Method)
	at java.base/jdk.internal.reflect.NativeMethodAccessorImpl.invoke(NativeMethodAccessorImpl.java:62)
	at java.base/jdk.internal.reflect.DelegatingMethodAccessorImpl.invoke(DelegatingMethodAccessorImpl.java:43)
	at java.base/java.lang.reflect.Method.invoke(Method.java:564)
	at org.testng.internal.MethodInvocationHelper.invokeMethod(MethodInvocationHelper.java:86)
	at org.testng.internal.Invoker.invokeMethod(Invoker.java:643)
	at org.testng.internal.Invoker.invokeTestMethod(Invoker.java:820)
	at org.testng.internal.Invoker.invokeTestMethods(Invoker.java:1128)
	at org.testng.internal.TestMethodWorker.invokeTestMethods(TestMethodWorker.java:129)
	at org.testng.internal.TestMethodWorker.run(TestMethodWorker.java:112)
	at org.testng.TestRunner.privateRun(TestRunner.java:782)
	at org.testng.TestRunner.run(TestRunner.java:632)
	at org.testng.SuiteRunner.runTest(SuiteRunner.java:366)
	at org.testng.SuiteRunner.runSequentially(SuiteRunner.java:361)
	at org.testng.SuiteRunner.privateRun(SuiteRunner.java:319)
	at org.testng.SuiteRunner.run(SuiteRunner.java:268)
	at org.testng.SuiteRunnerWorker.runSuite(SuiteRunnerWorker.java:52)
	at org.testng.SuiteRunnerWorker.run(SuiteRunnerWorker.java:86)
	at org.testng.TestNG.runSuitesSequentially(TestNG.java:1244)
	at org.testng.TestNG.runSuitesLocally(TestNG.java:1169)
	at org.testng.TestNG.run(TestNG.java:1064)
	at org.testng.remote.AbstractRemoteTestNG.run(AbstractRemoteTestNG.java:115)
	at org.testng.remote.RemoteTestNG.initAndRun(RemoteTestNG.java:251)
	at org.testng.remote.RemoteTestNG.main(RemoteTestNG.java:77)
</pre></div></td>
<td>16</td>
<td>com.trgr.quality.maf.tests.HomeTest@47caedad</td></tr>
<tr>
<td title='com.trgr.quality.maf.tests.HomeTest.VerifyTheNumberOfResultsInHome()'><b>VerifyTheNumberOfResultsInHome</b><br>Test class: com.trgr.quality.maf.tests.HomeTest<br>Test method: MAFQABANG-729</td>
<td><div><pre>java.lang.AssertionError: The following asserts failed:
	Verify the number of results displayed for the Ver coincidencias link:MAFQABANG-729 expected [true] but found [false]
	at com.trgr.quality.maf.tests.HomeTest.VerifyTheNumberOfResultsInHome(HomeTest.java:4633)
... Removed 25 stack frames</pre></div><a href='#' onClick='toggleBox("stack-trace198250778", this, "Click to show all stack frames", "Click to hide stack frames")'>Click to show all stack frames</a>
<div class='stack-trace' id='stack-trace198250778'><pre>java.lang.AssertionError: The following asserts failed:
	Verify the number of results displayed for the Ver coincidencias link:MAFQABANG-729 expected [true] but found [false]
	at org.testng.asserts.SoftAssert.assertAll(SoftAssert.java:43)
	at com.trgr.quality.maf.tests.HomeTest.VerifyTheNumberOfResultsInHome(HomeTest.java:4633)
	at java.base/jdk.internal.reflect.NativeMethodAccessorImpl.invoke0(Native Method)
	at java.base/jdk.internal.reflect.NativeMethodAccessorImpl.invoke(NativeMethodAccessorImpl.java:62)
	at java.base/jdk.internal.reflect.DelegatingMethodAccessorImpl.invoke(DelegatingMethodAccessorImpl.java:43)
	at java.base/java.lang.reflect.Method.invoke(Method.java:564)
	at org.testng.internal.MethodInvocationHelper.invokeMethod(MethodInvocationHelper.java:86)
	at org.testng.internal.Invoker.invokeMethod(Invoker.java:643)
	at org.testng.internal.Invoker.invokeTestMethod(Invoker.java:820)
	at org.testng.internal.Invoker.invokeTestMethods(Invoker.java:1128)
	at org.testng.internal.TestMethodWorker.invokeTestMethods(TestMethodWorker.java:129)
	at org.testng.internal.TestMethodWorker.run(TestMethodWorker.java:112)
	at org.testng.TestRunner.privateRun(TestRunner.java:782)
	at org.testng.TestRunner.run(TestRunner.java:632)
	at org.testng.SuiteRunner.runTest(SuiteRunner.java:366)
	at org.testng.SuiteRunner.runSequentially(SuiteRunner.java:361)
	at org.testng.SuiteRunner.privateRun(SuiteRunner.java:319)
	at org.testng.SuiteRunner.run(SuiteRunner.java:268)
	at org.testng.SuiteRunnerWorker.runSuite(SuiteRunnerWorker.java:52)
	at org.testng.SuiteRunnerWorker.run(SuiteRunnerWorker.java:86)
	at org.testng.TestNG.runSuitesSequentially(TestNG.java:1244)
	at org.testng.TestNG.runSuitesLocally(TestNG.java:1169)
	at org.testng.TestNG.run(TestNG.java:1064)
	at org.testng.remote.AbstractRemoteTestNG.run(AbstractRemoteTestNG.java:115)
	at org.testng.remote.RemoteTestNG.initAndRun(RemoteTestNG.java:251)
	at org.testng.remote.RemoteTestNG.main(RemoteTestNG.java:77)
</pre></div></td>
<td>46</td>
<td>com.trgr.quality.maf.tests.HomeTest@47caedad</td></tr>
</table><p>
<table width='100%' border='1' class='invocation-passed'>
<tr><td colspan='4' align='center'><b>PASSED TESTS</b></td></tr>
<tr><td><b>Test method</b></td>
<td width="30%"><b>Exception</b></td>
<td width="10%"><b>Time (seconds)</b></td>
<td><b>Instance</b></td>
</tr>
<tr>
<td title='com.trgr.quality.maf.tests.HomeTest.ApplicationVerificationpostlogin()'><b>ApplicationVerificationpostlogin</b><br>Test class: com.trgr.quality.maf.tests.HomeTest<br>Test method: MAFQABANG-73</td>
<td></td>
<td>14</td>
<td>com.trgr.quality.maf.tests.HomeTest@47caedad</td></tr>
<tr>
<td title='com.trgr.quality.maf.tests.HomeTest.ClickHelpButontoOpenHelpPage()'><b>ClickHelpButontoOpenHelpPage</b><br>Test class: com.trgr.quality.maf.tests.HomeTest<br>Test method: MAFQABANG-638</td>
<td></td>
<td>28</td>
<td>com.trgr.quality.maf.tests.HomeTest@47caedad</td></tr>
<tr>
<td title='com.trgr.quality.maf.tests.HomeTest.FrequentAskedQuestionsWidgetforAmparo()'><b>FrequentAskedQuestionsWidgetforAmparo</b><br>Test class: com.trgr.quality.maf.tests.HomeTest<br>Test method: MAFAUTO-193</td>
<td></td>
<td>23</td>
<td>com.trgr.quality.maf.tests.HomeTest@47caedad</td></tr>
<tr>
<td title='com.trgr.quality.maf.tests.HomeTest.FrequentAskedQuestionsWidgetforCivil()'><b>FrequentAskedQuestionsWidgetforCivil</b><br>Test class: com.trgr.quality.maf.tests.HomeTest<br>Test method: MAFAUTO-194</td>
<td></td>
<td>23</td>
<td>com.trgr.quality.maf.tests.HomeTest@47caedad</td></tr>
<tr>
<td title='com.trgr.quality.maf.tests.HomeTest.FrequentAskedQuestionsWidgetforConstitucional()'><b>FrequentAskedQuestionsWidgetforConstitucional</b><br>Test class: com.trgr.quality.maf.tests.HomeTest<br>Test method: MAFAUTO-195</td>
<td></td>
<td>23</td>
<td>com.trgr.quality.maf.tests.HomeTest@47caedad</td></tr>
<tr>
<td title='com.trgr.quality.maf.tests.HomeTest.FrequentAskedQuestionsWidgetforFinanciero()'><b>FrequentAskedQuestionsWidgetforFinanciero</b><br>Test class: com.trgr.quality.maf.tests.HomeTest<br>Test method: MAFAUTO-197</td>
<td></td>
<td>22</td>
<td>com.trgr.quality.maf.tests.HomeTest@47caedad</td></tr>
<tr>
<td title='com.trgr.quality.maf.tests.HomeTest.FrequentAskedQuestionsWidgetforMercantil()'><b>FrequentAskedQuestionsWidgetforMercantil</b><br>Test class: com.trgr.quality.maf.tests.HomeTest<br>Test method: MAFAUTO-198</td>
<td></td>
<td>23</td>
<td>com.trgr.quality.maf.tests.HomeTest@47caedad</td></tr>
<tr>
<td title='com.trgr.quality.maf.tests.HomeTest.FrequentAskedQuestionsWidgetforPenal()'><b>FrequentAskedQuestionsWidgetforPenal</b><br>Test class: com.trgr.quality.maf.tests.HomeTest<br>Test method: MAFAUTO-199</td>
<td></td>
<td>23</td>
<td>com.trgr.quality.maf.tests.HomeTest@47caedad</td></tr>
<tr>
<td title='com.trgr.quality.maf.tests.HomeTest.LatestDocPublished()'><b>LatestDocPublished</b><br>Test class: com.trgr.quality.maf.tests.HomeTest<br>Test method: MAFAUTO-159</td>
<td></td>
<td>35</td>
<td>com.trgr.quality.maf.tests.HomeTest@47caedad</td></tr>
<tr>
<td title='com.trgr.quality.maf.tests.HomeTest.RemovedThematicAreaOptions()'><b>RemovedThematicAreaOptions</b><br>Test class: com.trgr.quality.maf.tests.HomeTest<br>Test method: MAFAUTO-227</td>
<td></td>
<td>15</td>
<td>com.trgr.quality.maf.tests.HomeTest@47caedad</td></tr>
<tr>
<td title='com.trgr.quality.maf.tests.HomeTest.ScheduledSearchWidget()'><b>ScheduledSearchWidget</b><br>Test class: com.trgr.quality.maf.tests.HomeTest<br>Test method: MAFAUTO-134</td>
<td></td>
<td>35</td>
<td>com.trgr.quality.maf.tests.HomeTest@47caedad</td></tr>
<tr>
<td title='com.trgr.quality.maf.tests.HomeTest.SearchByKeyword()'><b>SearchByKeyword</b><br>Test class: com.trgr.quality.maf.tests.HomeTest<br>Test method: MAFQABANG-672</td>
<td></td>
<td>42</td>
<td>com.trgr.quality.maf.tests.HomeTest@47caedad</td></tr>
<tr>
<td title='com.trgr.quality.maf.tests.HomeTest.SearchByNonThesaurusSuggestion()'><b>SearchByNonThesaurusSuggestion</b><br>Test class: com.trgr.quality.maf.tests.HomeTest<br>Test method: MAFQABANG-671</td>
<td></td>
<td>46</td>
<td>com.trgr.quality.maf.tests.HomeTest@47caedad</td></tr>
<tr>
<td title='com.trgr.quality.maf.tests.HomeTest.ValidationOfFilterResultsWidgetInHome()'><b>ValidationOfFilterResultsWidgetInHome</b><br>Test class: com.trgr.quality.maf.tests.HomeTest<br>Test method: MAFQABANG-690</td>
<td></td>
<td>45</td>
<td>com.trgr.quality.maf.tests.HomeTest@47caedad</td></tr>
<tr>
<td title='com.trgr.quality.maf.tests.HomeTest.ValidationOfGlobalSearchInHome()'><b>ValidationOfGlobalSearchInHome</b><br>Test class: com.trgr.quality.maf.tests.HomeTest<br>Test method: MAFQABANG-662</td>
<td></td>
<td>14</td>
<td>com.trgr.quality.maf.tests.HomeTest@47caedad</td></tr>
<tr>
<td title='com.trgr.quality.maf.tests.HomeTest.ValidationOfIconsInDocumentDisplayPage()'><b>ValidationOfIconsInDocumentDisplayPage</b><br>Test class: com.trgr.quality.maf.tests.HomeTest<br>Test method: MAFQABANG-639</td>
<td></td>
<td>63</td>
<td>com.trgr.quality.maf.tests.HomeTest@47caedad</td></tr>
<tr>
<td title='com.trgr.quality.maf.tests.HomeTest.ValidationofSeeAllLinkInHome()'><b>ValidationofSeeAllLinkInHome</b><br>Test class: com.trgr.quality.maf.tests.HomeTest<br>Test method: MAFQABANG-686</td>
<td></td>
<td>61</td>
<td>com.trgr.quality.maf.tests.HomeTest@47caedad</td></tr>
<tr>
<td title='com.trgr.quality.maf.tests.HomeTest.ValidationofThematicAreaDropdownInHome()'><b>ValidationofThematicAreaDropdownInHome</b><br>Test class: com.trgr.quality.maf.tests.HomeTest<br>Test method: MAFQABANG-666</td>
<td></td>
<td>27</td>
<td>com.trgr.quality.maf.tests.HomeTest@47caedad</td></tr>
<tr>
<td title='com.trgr.quality.maf.tests.HomeTest.footerTermsAndConditions()'><b>footerTermsAndConditions</b><br>Test class: com.trgr.quality.maf.tests.HomeTest<br>Test method: MAFAUTO-191</td>
<td></td>
<td>21</td>
<td>com.trgr.quality.maf.tests.HomeTest@47caedad</td></tr>
<tr>
<td title='com.trgr.quality.maf.tests.HomeTest.isVerCoincidenciasLinkDisplayedInHome()'><b>isVerCoincidenciasLinkDisplayedInHome</b><br>Test class: com.trgr.quality.maf.tests.HomeTest<br>Test method: MAFQABANG-722</td>
<td></td>
<td>41</td>
<td>com.trgr.quality.maf.tests.HomeTest@47caedad</td></tr>
<tr>
<td title='com.trgr.quality.maf.tests.HomeTest.searchByThesaurusSsuggestion()'><b>searchByThesaurusSsuggestion</b><br>Test class: com.trgr.quality.maf.tests.HomeTest<br>Test method: MAFQABANG-670</td>
<td></td>
<td>48</td>
<td>com.trgr.quality.maf.tests.HomeTest@47caedad</td></tr>
<tr>
<td title='com.trgr.quality.maf.tests.HomeTest.searchLinksFromAdavnceSearchWidget()'><b>searchLinksFromAdavnceSearchWidget</b><br>Test class: com.trgr.quality.maf.tests.HomeTest<br>Test method: MAFAUTO-138</td>
<td></td>
<td>296</td>
<td>com.trgr.quality.maf.tests.HomeTest@47caedad</td></tr>
<tr>
<td title='com.trgr.quality.maf.tests.HomeTest.smartSearchAndToolTip()'><b>smartSearchAndToolTip</b><br>Test class: com.trgr.quality.maf.tests.HomeTest<br>Test method: MAFAUTO-200</td>
<td></td>
<td>35</td>
<td>com.trgr.quality.maf.tests.HomeTest@47caedad</td></tr>
<tr>
<td title='com.trgr.quality.maf.tests.HomeTest.thematicSearchAndCleanInHomepage()'><b>thematicSearchAndCleanInHomepage</b><br>Test class: com.trgr.quality.maf.tests.HomeTest<br>Test method: MAFAUTO-98</td>
<td></td>
<td>32</td>
<td>com.trgr.quality.maf.tests.HomeTest@47caedad</td></tr>
<tr>
<td title='com.trgr.quality.maf.tests.HomeTest.validatingActionsInResultPageFromHome()'><b>validatingActionsInResultPageFromHome</b><br>Test class: com.trgr.quality.maf.tests.HomeTest<br>Test method: MAFQABANG-721</td>
<td></td>
<td>30</td>
<td>com.trgr.quality.maf.tests.HomeTest@47caedad</td></tr>
<tr>
<td title='com.trgr.quality.maf.tests.HomeTest.validatingListaDeDocumentosInHomePage()'><b>validatingListaDeDocumentosInHomePage</b><br>Test class: com.trgr.quality.maf.tests.HomeTest<br>Test method: MAFQABANG-696</td>
<td></td>
<td>46</td>
<td>com.trgr.quality.maf.tests.HomeTest@47caedad</td></tr>
<tr>
<td title='com.trgr.quality.maf.tests.HomeTest.validatingListaDeDocumentosLeftPanelInHomePage()'><b>validatingListaDeDocumentosLeftPanelInHomePage</b><br>Test class: com.trgr.quality.maf.tests.HomeTest<br>Test method: MAFQABANG-697</td>
<td></td>
<td>45</td>
<td>com.trgr.quality.maf.tests.HomeTest@47caedad</td></tr>
<tr>
<td title='com.trgr.quality.maf.tests.HomeTest.validatingResultsForSearchInHome()'><b>validatingResultsForSearchInHome</b><br>Test class: com.trgr.quality.maf.tests.HomeTest<br>Test method: MAFQABANG-679</td>
<td></td>
<td>21</td>
<td>com.trgr.quality.maf.tests.HomeTest@47caedad</td></tr>
<tr>
<td title='com.trgr.quality.maf.tests.HomeTest.verifyCleanButtonInHome()'><b>verifyCleanButtonInHome</b><br>Test class: com.trgr.quality.maf.tests.HomeTest<br>Test method: MAFQABANG-678</td>
<td></td>
<td>21</td>
<td>com.trgr.quality.maf.tests.HomeTest@47caedad</td></tr>
<tr>
<td title='com.trgr.quality.maf.tests.HomeTest.verifyCountOfDocumentTypeInHome()'><b>verifyCountOfDocumentTypeInHome</b><br>Test class: com.trgr.quality.maf.tests.HomeTest<br>Test method: MAFQABANG-689</td>
<td></td>
<td>38</td>
<td>com.trgr.quality.maf.tests.HomeTest@47caedad</td></tr>
<tr>
<td title='com.trgr.quality.maf.tests.HomeTest.verifyCountOfSeeAllLinkInHome()'><b>verifyCountOfSeeAllLinkInHome</b><br>Test class: com.trgr.quality.maf.tests.HomeTest<br>Test method: MAFQABANG-713</td>
<td></td>
<td>35</td>
<td>com.trgr.quality.maf.tests.HomeTest@47caedad</td></tr>
<tr>
<td title='com.trgr.quality.maf.tests.HomeTest.verifyDocumentSnippetIsDisplayedInHome()'><b>verifyDocumentSnippetIsDisplayedInHome</b><br>Test class: com.trgr.quality.maf.tests.HomeTest<br>Test method: MAFQABANG-725</td>
<td></td>
<td>23</td>
<td>com.trgr.quality.maf.tests.HomeTest@47caedad</td></tr>
<tr>
<td title='com.trgr.quality.maf.tests.HomeTest.verifyErrorMsgForEmptySearchInHome()'><b>verifyErrorMsgForEmptySearchInHome</b><br>Test class: com.trgr.quality.maf.tests.HomeTest<br>Test method: MAFQABANG-676</td>
<td></td>
<td>20</td>
<td>com.trgr.quality.maf.tests.HomeTest@47caedad</td></tr>
<tr>
<td title='com.trgr.quality.maf.tests.HomeTest.verifyErrorMsgInHome()'><b>verifyErrorMsgInHome</b><br>Test class: com.trgr.quality.maf.tests.HomeTest<br>Test method: MAFQABANG-676</td>
<td></td>
<td>16</td>
<td>com.trgr.quality.maf.tests.HomeTest@47caedad</td></tr>
<tr>
<td title='com.trgr.quality.maf.tests.HomeTest.verifyPlaceHolderValueForAskChpInHome()'><b>verifyPlaceHolderValueForAskChpInHome</b><br>Test class: com.trgr.quality.maf.tests.HomeTest<br>Test method: MAFQABANG-701</td>
<td></td>
<td>14</td>
<td>com.trgr.quality.maf.tests.HomeTest@47caedad</td></tr>
<tr>
<td title='com.trgr.quality.maf.tests.HomeTest.verifyResultCountForEachDocTypeInHome()'><b>verifyResultCountForEachDocTypeInHome</b><br>Test class: com.trgr.quality.maf.tests.HomeTest<br>Test method: MAFQABANG</td>
<td></td>
<td>23</td>
<td>com.trgr.quality.maf.tests.HomeTest@47caedad</td></tr>
<tr>
<td title='com.trgr.quality.maf.tests.HomeTest.verifyTextInHelpIconInHome()'><b>verifyTextInHelpIconInHome</b><br>Test class: com.trgr.quality.maf.tests.HomeTest<br>Test method: MAFQABANG-668</td>
<td></td>
<td>14</td>
<td>com.trgr.quality.maf.tests.HomeTest@47caedad</td></tr>
<tr>
<td title='com.trgr.quality.maf.tests.HomeTest.verifyThesaurussuggestions()'><b>verifyThesaurussuggestions</b><br>Test class: com.trgr.quality.maf.tests.HomeTest<br>Test method: MAFQABANG-669</td>
<td></td>
<td>34</td>
<td>com.trgr.quality.maf.tests.HomeTest@47caedad</td></tr>
<tr>
<td title='com.trgr.quality.maf.tests.HomeTest.verifyUnitandRubricLink()'><b>verifyUnitandRubricLink</b><br>Test class: com.trgr.quality.maf.tests.HomeTest<br>Test method: MAFQABANG-732</td>
<td></td>
<td>70</td>
<td>com.trgr.quality.maf.tests.HomeTest@47caedad</td></tr>
<tr>
<td title='com.trgr.quality.maf.tests.HomeTest.verifyUnitrubricLinkInHome()'><b>verifyUnitrubricLinkInHome</b><br>Test class: com.trgr.quality.maf.tests.HomeTest<br>Test method: MAFQABANG-726</td>
<td></td>
<td>52</td>
<td>com.trgr.quality.maf.tests.HomeTest@47caedad</td></tr>
<tr>
<td title='com.trgr.quality.maf.tests.HomeTest.widgetsinhomepage()'><b>widgetsinhomepage</b><br>Test class: com.trgr.quality.maf.tests.HomeTest<br>Test method: MAFQABANG-76</td>
<td></td>
<td>16</td>
<td>com.trgr.quality.maf.tests.HomeTest@47caedad</td></tr>
</table><p>
</body>
</html>