<?xml version="1.0" encoding="UTF-8"?>
<!-- Generated by org.testng.reporters.JUnitXMLReporter -->
<testsuite hostname="TR-JDGMXY2" failures="6" tests="38" name="SearchTest" time="2022.519" errors="0" timestamp="30 Oct 2020 11:07:58 GMT">
  <testcase classname="com.trgr.quality.maf.tests.SearchTest" name="displayOfSearchResultsBasedOnContentType" time="31.005"/>
  <testcase classname="com.trgr.quality.maf.tests.SearchTest" name="VerifyTheNumberOfResultsInSearch" time="48.766">
    <failure type="java.lang.AssertionError" message="The following asserts failed:
	Verify the number of results displayed for the Ver coincidencias link(search page):MAFQABANG-692 expected [true] but found [false]">
      <![CDATA[java.lang.AssertionError: The following asserts failed:
	Verify the number of results displayed for the Ver coincidencias link(search page):MAFQABANG-692 expected [true] but found [false]
	at com.trgr.quality.maf.tests.SearchTest.VerifyTheNumberOfResultsInSearch(SearchTest.java:2956)
... Removed 25 stack frames]]>
    </failure>
  </testcase> <!-- VerifyTheNumberOfResultsInSearch -->
  <testcase classname="com.trgr.quality.maf.tests.SearchTest" name="verifyCountOfDocumentTypeInSearch" time="51.992"/>
  <testcase classname="com.trgr.quality.maf.tests.SearchTest" name="verifyCountOfSeeAllLinkInSearch" time="30.973"/>
  <testcase classname="com.trgr.quality.maf.tests.SearchTest" name="verifyDocumentSnippetIsDisplayed" time="15.838"/>
  <testcase classname="com.trgr.quality.maf.tests.SearchTest" name="verifyErrorMsgForEmptySearch" time="9.418"/>
  <testcase classname="com.trgr.quality.maf.tests.SearchTest" name="verifyErrorMsgInSearch" time="14.372"/>
  <testcase classname="com.trgr.quality.maf.tests.SearchTest" name="verifyNoDocumentsErrorMsg" time="16.546"/>
  <testcase classname="com.trgr.quality.maf.tests.SearchTest" name="verifyResultCountForEachDocType" time="29.892"/>
  <testcase classname="com.trgr.quality.maf.tests.SearchTest" name="verifyUnitrubricLinkInSearchPage" time="74.053"/>
  <testcase classname="com.trgr.quality.maf.tests.SearchTest" name="ValidationOfFilterResultsWidgetInSearch" time="54.075"/>
  <testcase classname="com.trgr.quality.maf.tests.SearchTest" name="ValidationOfGlobalSearchInSearch" time="15.823"/>
  <testcase classname="com.trgr.quality.maf.tests.SearchTest" name="ValidationofSeeAllLinkInSearch" time="74.177"/>
  <testcase classname="com.trgr.quality.maf.tests.SearchTest" name="ValidationofThematicAreaDropdownInSearch" time="19.13"/>
  <testcase classname="com.trgr.quality.maf.tests.SearchTest" name="displayOfSearchPage" time="36.44"/>
  <testcase classname="com.trgr.quality.maf.tests.SearchTest" name="verifyNIFMappingOnResultsAndDocDisplay" time="48.938">
    <failure type="java.lang.AssertionError" message="The following asserts failed:
	Jurisprudence - Result List - Improve ranking feature:MAFAUTO-233 expected [true] but found [false]">
      <![CDATA[java.lang.AssertionError: The following asserts failed:
	Jurisprudence - Result List - Improve ranking feature:MAFAUTO-233 expected [true] but found [false]
	at com.trgr.quality.maf.tests.SearchTest.verifyNIFMappingOnResultsAndDocDisplay(SearchTest.java:442)
... Removed 25 stack frames]]>
    </failure>
  </testcase> <!-- verifyNIFMappingOnResultsAndDocDisplay -->
  <testcase classname="com.trgr.quality.maf.tests.SearchTest" name="NIFParagraphNumber" time="80.212"/>
  <testcase classname="com.trgr.quality.maf.tests.SearchTest" name="suggestionsDisplayedForAllSearchPages" time="48.062"/>
  <testcase classname="com.trgr.quality.maf.tests.SearchTest" name="suggestionsDisplayedTillThirdLevelOnAllSearchPages" time="355.005"/>
  <testcase classname="com.trgr.quality.maf.tests.SearchTest" name="validateThesaurusRelatedTerms" time="18.837"/>
  <testcase classname="com.trgr.quality.maf.tests.SearchTest" name="modifySearchFromSearchResultsPageInMex" time="39.901"/>
  <testcase classname="com.trgr.quality.maf.tests.SearchTest" name="newSearchFromSearchResultsPage" time="31.934"/>
  <testcase classname="com.trgr.quality.maf.tests.SearchTest" name="newSearchFromSearchResultsPageInMex" time="35.599"/>
  <testcase classname="com.trgr.quality.maf.tests.SearchTest" name="isVerCoincidenciasLinkDisplayedInSearch" time="51.357"/>
  <testcase classname="com.trgr.quality.maf.tests.SearchTest" name="correlationsVoicesContextValidation" time="46.64">
    <failure type="java.lang.AssertionError" message="The following asserts failed:
	MAFAUTO-237:Legislation - En las unidades RB no se incluye el icono correlaciones ni despliega las voces que tiene indizadas expected [true] but found [false]">
      <![CDATA[java.lang.AssertionError: The following asserts failed:
	MAFAUTO-237:Legislation - En las unidades RB no se incluye el icono correlaciones ni despliega las voces que tiene indizadas expected [true] but found [false]
	at com.trgr.quality.maf.tests.SearchTest.correlationsVoicesContextValidation(SearchTest.java:1341)
... Removed 25 stack frames]]>
    </failure>
  </testcase> <!-- correlationsVoicesContextValidation -->
  <testcase classname="com.trgr.quality.maf.tests.SearchTest" name="creatingShortcutforContentTreeNode" time="284.549">
    <failure type="java.lang.AssertionError" message="The following asserts failed:
	MAFAUTO-226Tocectory - Add icon in Tocectory expected [true] but found [false]">
      <![CDATA[java.lang.AssertionError: The following asserts failed:
	MAFAUTO-226Tocectory - Add icon in Tocectory expected [true] but found [false]
	at com.trgr.quality.maf.tests.SearchTest.creatingShortcutforContentTreeNode(SearchTest.java:1410)
... Removed 25 stack frames]]>
    </failure>
  </testcase> <!-- creatingShortcutforContentTreeNode -->
  <testcase classname="com.trgr.quality.maf.tests.SearchTest" name="SearchByThesaurusSuggestionInSearch" time="56.161"/>
  <testcase classname="com.trgr.quality.maf.tests.SearchTest" name="SearchByNonThesaurusSuggestionSearch" time="54.023"/>
  <testcase classname="com.trgr.quality.maf.tests.SearchTest" name="verifyPlaceHolderValueForAskChpInSearchPage" time="5.088"/>
  <testcase classname="com.trgr.quality.maf.tests.SearchTest" name="verifyNonThesaurusKeywordSearch" time="56.147"/>
  <testcase classname="com.trgr.quality.maf.tests.SearchTest" name="verifyTextInHelpIconInSearchPage" time="5.281"/>
  <testcase classname="com.trgr.quality.maf.tests.SearchTest" name="searchWithoutSuggessionsInsearch" time="49.178"/>
  <testcase classname="com.trgr.quality.maf.tests.SearchTest" name="verifyCleanButtonInSearchPage" time="12.691"/>
  <testcase classname="com.trgr.quality.maf.tests.SearchTest" name="validatingListaDeDocumentosInSearchPage" time="63.7">
    <failure type="java.lang.AssertionError" message="The following asserts failed:
	Exception in Test expected [true] but found [false]">
      <![CDATA[java.lang.AssertionError: The following asserts failed:
	Exception in Test expected [true] but found [false]
	at com.trgr.quality.maf.tests.SearchTest.validatingListaDeDocumentosInSearchPage(SearchTest.java:2389)
... Removed 25 stack frames]]>
    </failure>
  </testcase> <!-- validatingListaDeDocumentosInSearchPage -->
  <testcase classname="com.trgr.quality.maf.tests.SearchTest" name="validatingListaDeDocumentosLeftPanelInSearchPage" time="31.615"/>
  <testcase classname="com.trgr.quality.maf.tests.SearchTest" name="validatingResultsForSearchInSearchPage" time="33.184">
    <failure type="java.lang.AssertionError" message="The following asserts failed:
	MAFQABANG-680:Indicators validated in Home Page : Validated the results for search in the Search Page expected [true] but found [false]">
      <![CDATA[java.lang.AssertionError: The following asserts failed:
	MAFQABANG-680:Indicators validated in Home Page : Validated the results for search in the Search Page expected [true] but found [false]
	at com.trgr.quality.maf.tests.SearchTest.validatingResultsForSearchInSearchPage(SearchTest.java:2149)
... Removed 25 stack frames]]>
    </failure>
  </testcase> <!-- validatingResultsForSearchInSearchPage -->
  <testcase classname="com.trgr.quality.maf.tests.SearchTest" name="validatingActionsInResultPageFromSearch" time="22.305"/>
  <testcase classname="com.trgr.quality.maf.tests.SearchTest" name="verifyThesaurussuggestionsSearch" time="38.494"/>
</testsuite> <!-- SearchTest -->
