<?xml version="1.0" encoding="UTF-8"?>
<!-- Generated by org.testng.reporters.JUnitXMLReporter -->
<testsuite hostname="TR-JDGMXY2" failures="0" tests="19" name="Default test" time="0.09" errors="0" timestamp="6 Nov 2020 17:11:21 GMT">
  <testcase classname="com.trgr.quality.maf.tests.DeliveryTest" name="@BeforeSuite setup" time="0.0">
    <failure type="java.lang.Exception" message="Unable to load properties">
      <![CDATA[java.lang.Exception: Unable to load properties
	at com.trgr.quality.maf.fileconfiger.PropertiesRepository.appendProperties(PropertiesRepository.java:23)
	at com.trgr.quality.maf.basetest.BaseTest.setup(BaseTest.java:200)
	at java.base/jdk.internal.reflect.NativeMethodAccessorImpl.invoke0(Native Method)
	at java.base/jdk.internal.reflect.NativeMethodAccessorImpl.invoke(NativeMethodAccessorImpl.java:62)
	at java.base/jdk.internal.reflect.DelegatingMethodAccessorImpl.invoke(DelegatingMethodAccessorImpl.java:43)
	at java.base/java.lang.reflect.Method.invoke(Method.java:564)
	at org.testng.internal.MethodInvocationHelper.invokeMethod(MethodInvocationHelper.java:86)
	at org.testng.internal.Invoker.invokeConfigurationMethod(Invoker.java:514)
	at org.testng.internal.Invoker.invokeConfigurations(Invoker.java:215)
	at org.testng.internal.Invoker.invokeConfigurations(Invoker.java:142)
	at org.testng.SuiteRunner.privateRun(SuiteRunner.java:305)
	at org.testng.SuiteRunner.run(SuiteRunner.java:268)
	at org.testng.SuiteRunnerWorker.runSuite(SuiteRunnerWorker.java:52)
	at org.testng.SuiteRunnerWorker.run(SuiteRunnerWorker.java:86)
	at org.testng.TestNG.runSuitesSequentially(TestNG.java:1244)
	at org.testng.TestNG.runSuitesLocally(TestNG.java:1169)
	at org.testng.TestNG.run(TestNG.java:1064)
	at org.testng.remote.AbstractRemoteTestNG.run(AbstractRemoteTestNG.java:115)
	at org.testng.remote.RemoteTestNG.initAndRun(RemoteTestNG.java:251)
	at org.testng.remote.RemoteTestNG.main(RemoteTestNG.java:77)
Caused by: org.apache.commons.configuration.ConfigurationException: Cannot locate configuration source llofourarg.properties
	at org.apache.commons.configuration.AbstractFileConfiguration.load(AbstractFileConfiguration.java:217)
	at org.apache.commons.configuration.AbstractFileConfiguration.load(AbstractFileConfiguration.java:197)
	at org.apache.commons.configuration.AbstractFileConfiguration.<init>(AbstractFileConfiguration.java:142)
	at org.apache.commons.configuration.PropertiesConfiguration.<init>(PropertiesConfiguration.java:237)
	at com.trgr.quality.maf.fileconfiger.PropertiesRepository.appendProperties(PropertiesRepository.java:20)
	... 19 more
]]>
    </failure>
  </testcase> <!-- @BeforeSuite setup -->
  <testcase classname="com.trgr.quality.maf.tests.DeliveryTest" name="@BeforeClass startDeliveryTest" time="0.0">
    <failure type="java.lang.NullPointerException" message="Cannot invoke &amp;quot;com.relevantcodes.extentreports.ExtentReports.startTest(String)&amp;quot; because &amp;quot;com.trgr.quality.maf.basetest.BaseTest.extentReports&amp;quot; is null">
      <![CDATA[java.lang.NullPointerException: Cannot invoke "com.relevantcodes.extentreports.ExtentReports.startTest(String)" because "com.trgr.quality.maf.basetest.BaseTest.extentReports" is null
	at com.trgr.quality.maf.basetest.BaseTest.setUpExtentTest(BaseTest.java:387)
	at com.trgr.quality.maf.tests.DeliveryTest.startDeliveryTest(DeliveryTest.java:86)
	at java.base/jdk.internal.reflect.NativeMethodAccessorImpl.invoke0(Native Method)
	at java.base/jdk.internal.reflect.NativeMethodAccessorImpl.invoke(NativeMethodAccessorImpl.java:62)
	at java.base/jdk.internal.reflect.DelegatingMethodAccessorImpl.invoke(DelegatingMethodAccessorImpl.java:43)
	at java.base/java.lang.reflect.Method.invoke(Method.java:564)
	at org.testng.internal.MethodInvocationHelper.invokeMethod(MethodInvocationHelper.java:86)
	at org.testng.internal.Invoker.invokeConfigurationMethod(Invoker.java:514)
	at org.testng.internal.Invoker.invokeConfigurations(Invoker.java:215)
	at org.testng.internal.Invoker.invokeConfigurations(Invoker.java:142)
	at org.testng.internal.TestMethodWorker.invokeBeforeClassMethods(TestMethodWorker.java:178)
	at org.testng.internal.TestMethodWorker.run(TestMethodWorker.java:108)
	at org.testng.TestRunner.privateRun(TestRunner.java:782)
	at org.testng.TestRunner.run(TestRunner.java:632)
	at org.testng.SuiteRunner.runTest(SuiteRunner.java:366)
	at org.testng.SuiteRunner.runSequentially(SuiteRunner.java:361)
	at org.testng.SuiteRunner.privateRun(SuiteRunner.java:319)
	at org.testng.SuiteRunner.run(SuiteRunner.java:268)
	at org.testng.SuiteRunnerWorker.runSuite(SuiteRunnerWorker.java:52)
	at org.testng.SuiteRunnerWorker.run(SuiteRunnerWorker.java:86)
	at org.testng.TestNG.runSuitesSequentially(TestNG.java:1244)
	at org.testng.TestNG.runSuitesLocally(TestNG.java:1169)
	at org.testng.TestNG.run(TestNG.java:1064)
	at org.testng.remote.AbstractRemoteTestNG.run(AbstractRemoteTestNG.java:115)
	at org.testng.remote.RemoteTestNG.initAndRun(RemoteTestNG.java:251)
	at org.testng.remote.RemoteTestNG.main(RemoteTestNG.java:77)
]]>
    </failure>
  </testcase> <!-- @BeforeClass startDeliveryTest -->
  <testcase classname="com.trgr.quality.maf.tests.DeliveryTest" name="deliveryOfResultListUsingEmailWithWordAndPDF" time="0.001">
    <skipped/>
  </testcase> <!-- deliveryOfResultListUsingEmailWithWordAndPDF -->
  <testcase classname="com.trgr.quality.maf.tests.DeliveryTest" name="ResultListcancelDeliveryByEmail" time="0.001">
    <skipped/>
  </testcase> <!-- ResultListcancelDeliveryByEmail -->
  <testcase classname="com.trgr.quality.maf.tests.DeliveryTest" name="DeliveryWithInvalidEmailFormat" time="0.001">
    <skipped/>
  </testcase> <!-- DeliveryWithInvalidEmailFormat -->
  <testcase classname="com.trgr.quality.maf.tests.DeliveryTest" name="resultListDeliveryOptions" time="0.001">
    <skipped/>
  </testcase> <!-- resultListDeliveryOptions -->
  <testcase classname="com.trgr.quality.maf.tests.DeliveryTest" name="exportSingleDocumentFromDocumentDisplay" time="0.0">
    <skipped/>
  </testcase> <!-- exportSingleDocumentFromDocumentDisplay -->
  <testcase classname="com.trgr.quality.maf.tests.DeliveryTest" name="docDisplayPageEmailDeliveryWithRTFFormat" time="0.001">
    <skipped/>
  </testcase> <!-- docDisplayPageEmailDeliveryWithRTFFormat -->
  <testcase classname="com.trgr.quality.maf.tests.DeliveryTest" name="exportEmailandPrintforSingleDocument" time="0.001">
    <skipped/>
  </testcase> <!-- exportEmailandPrintforSingleDocument -->
  <testcase classname="com.trgr.quality.maf.tests.DeliveryTest" name="docDisplayEmailDeliveryWithPDFFormat" time="0.0">
    <skipped/>
  </testcase> <!-- docDisplayEmailDeliveryWithPDFFormat -->
  <testcase classname="com.trgr.quality.maf.tests.DeliveryTest" name="documentDisplayDeliveryWithInvalidEmail" time="0.001">
    <skipped/>
  </testcase> <!-- documentDisplayDeliveryWithInvalidEmail -->
  <testcase classname="com.trgr.quality.maf.tests.DeliveryTest" name="resultListDocDeliveryByPrint" time="0.001">
    <skipped/>
  </testcase> <!-- resultListDocDeliveryByPrint -->
  <testcase classname="com.trgr.quality.maf.tests.DeliveryTest" name="documentDislplayDeliveryByPrint" time="0.0">
    <skipped/>
  </testcase> <!-- documentDislplayDeliveryByPrint -->
  <testcase classname="com.trgr.quality.maf.tests.DeliveryTest" name="deliverDocumentFromDocumentDisplayUsingPrint" time="0.001">
    <skipped/>
  </testcase> <!-- deliverDocumentFromDocumentDisplayUsingPrint -->
  <testcase classname="com.trgr.quality.maf.tests.DeliveryTest" name="JurisprudencePageDelivery" time="0.001">
    <skipped/>
  </testcase> <!-- JurisprudencePageDelivery -->
  <testcase classname="com.trgr.quality.maf.tests.DeliveryTest" name="LegislationDeliveryByPrint" time="0.0">
    <skipped/>
  </testcase> <!-- LegislationDeliveryByPrint -->
  <testcase classname="com.trgr.quality.maf.tests.DeliveryTest" name="deliverGlobalSearchReportUsingPrint" time="0.001">
    <skipped/>
  </testcase> <!-- deliverGlobalSearchReportUsingPrint -->
  <testcase classname="com.trgr.quality.maf.tests.DeliveryTest" name="deliverQuickSearchReportUsingPrint" time="0.001">
    <skipped/>
  </testcase> <!-- deliverQuickSearchReportUsingPrint -->
  <testcase classname="com.trgr.quality.maf.tests.DeliveryTest" name="ExportSelectedWord" time="0.001">
    <skipped/>
  </testcase> <!-- ExportSelectedWord -->
  <testcase classname="com.trgr.quality.maf.tests.DeliveryTest" name="SingleDocumentDelivery" time="0.001">
    <skipped/>
  </testcase> <!-- SingleDocumentDelivery -->
  <testcase classname="com.trgr.quality.maf.tests.DeliveryTest" name="exportDocumentsFromResultList" time="0.0">
    <skipped/>
  </testcase> <!-- exportDocumentsFromResultList -->
</testsuite> <!-- Default test -->
